[0.009s] Invoking command in '/home/pablo_kevin/ProyectoTecnologo_RoboticHandDRL/Desarrollo/simulation/ros2_robotic_hand_ws/build/robotic_hand': CMAKE_PREFIX_PATH=${CMAKE_PREFIX_PATH}:/opt/ros/jazzy CONDA_PROMPT_MODIFIER=(base) DEBUGINFOD_URLS=https://debuginfod.ubuntu.com /usr/bin/cmake --build /home/pablo_kevin/ProyectoTecnologo_RoboticHandDRL/Desarrollo/simulation/ros2_robotic_hand_ws/build/robotic_hand -- -j20 -l20
[0.248s] -- Found ament_cmake: 2.5.3 (/opt/ros/jazzy/share/ament_cmake/cmake)
[0.321s] -- Override CMake install command with custom implementation using symlinks instead of copying resources
[0.332s] -- Found rclpy: 7.1.3 (/opt/ros/jazzy/share/rclpy/cmake)
[0.333s] -- Found std_msgs: 5.3.5 (/opt/ros/jazzy/share/std_msgs/cmake)
[0.359s] -- Found rosidl_generator_c: 4.6.5 (/opt/ros/jazzy/share/rosidl_generator_c/cmake)
[0.367s] -- Found rosidl_generator_cpp: 4.6.5 (/opt/ros/jazzy/share/rosidl_generator_cpp/cmake)
[0.377s] -- Using all available rosidl_typesupport_c: rosidl_typesupport_fastrtps_c;rosidl_typesupport_introspection_c
[0.390s] -- Using all available rosidl_typesupport_cpp: rosidl_typesupport_fastrtps_cpp;rosidl_typesupport_introspection_cpp
[0.414s] -- Found sensor_msgs: 5.3.5 (/opt/ros/jazzy/share/sensor_msgs/cmake)
[0.455s] -- Found urdf: 2.10.0 (/opt/ros/jazzy/share/urdf/cmake)
[0.464s] -- Found TinyXML2 via Config file: /usr/lib/x86_64-linux-gnu/cmake/tinyxml2
[0.468s] -- Looking for gz-sim8 -- found version 8.7.0
[0.477s] -- Searching for dependencies of gz-sim8
[0.478s] -- Looking for sdformat14 -- found version 14.6.0
[0.478s] -- Searching for dependencies of sdformat14
[0.483s] -- Checking for module 'tinyxml2'
[0.499s] --   Found tinyxml2, version 10.0.0
[0.545s] -- Looking for gz-math7 -- found version 7.5.1
[0.546s] -- Searching for dependencies of gz-math7
[0.546s] -- Looking for gz-utils2 -- found version 2.2.0
[0.547s] -- Searching for dependencies of gz-utils2
[0.550s] -- Looking for gz-utils2 -- found version 2.2.0
[0.550s] -- Searching for dependencies of gz-utils2
[0.551s] -- Searching for <gz-utils2> component [cli]
[0.552s] -- Looking for gz-utils2-cli -- found version 2.2.0
[0.552s] -- Searching for dependencies of gz-utils2-cli
[0.557s] -- Looking for gz-plugin2 -- found version 2.0.3
[0.558s] -- Searching for dependencies of gz-plugin2
[0.559s] -- Looking for gz-utils2 -- found version 2.2.0
[0.560s] -- Searching for <gz-plugin2> component [loader]
[0.562s] -- Looking for gz-plugin2-loader -- found version 2.0.3
[0.562s] -- Searching for dependencies of gz-plugin2-loader
[0.564s] -- Searching for <gz-plugin2> component [register]
[0.565s] -- Looking for gz-plugin2-register -- found version 2.0.3
[0.565s] -- Searching for dependencies of gz-plugin2-register
[0.568s] -- Looking for gz-transport13 -- found version 13.4.0
[0.568s] -- Searching for dependencies of gz-transport13
[0.614s] -- Config-file not installed for ZeroMQ -- checking for pkg-config
[0.619s] -- Checking for module 'libzmq >= 4'
[0.643s] --   Found libzmq, version 4.3.5
[0.731s] -- Checking for module 'uuid'
[0.755s] --   Found uuid, version 2.39.3
[0.816s] -- Looking for gz-utils2 -- found version 2.2.0
[0.817s] -- Looking for gz-msgs10 -- found version 10.3.1
[0.817s] -- Searching for dependencies of gz-msgs10
[0.846s] -- Looking for gz-utils2 -- found version 2.2.0
[0.846s] -- Looking for gz-math7 -- found version 7.5.1
[0.976s] -- Searching for <gz-transport13> component [log]
[0.976s] -- Looking for gz-transport13-log -- found version 13.4.0
[0.976s] -- Searching for dependencies of gz-transport13-log
[0.977s] -- Searching for <gz-transport13> component [parameters]
[0.977s] -- Looking for gz-transport13-parameters -- found version 13.4.0
[0.977s] -- Searching for dependencies of gz-transport13-parameters
[0.978s] -- Looking for gz-msgs10 -- found version 10.3.1
[0.979s] -- Looking for gz-common5 -- found version 5.7.0
[0.979s] -- Searching for dependencies of gz-common5
[0.979s] -- Looking for gz-utils2 -- found version 2.2.0
[0.979s] -- Looking for dlfcn.h - found
[0.979s] -- Looking for libdl - found
[0.987s] -- Searching for <gz-common5> component [av]
[0.988s] -- Looking for gz-common5-av -- found version 5.7.0
[0.988s] -- Searching for dependencies of gz-common5-av
[0.996s] -- Checking for module 'libswscale'
[1.026s] --   Found libswscale, version 7.5.100
[1.098s] -- Checking for module 'libavdevice >= 56.4.100'
[1.122s] --   Found libavdevice, version 60.3.100
[1.250s] -- Checking for module 'libavformat'
[1.292s] --   Found libavformat, version 60.16.100
[1.366s] -- Checking for module 'libavcodec'
[1.391s] --   Found libavcodec, version 60.31.102
[1.478s] -- Checking for module 'libavutil'
[1.511s] --   Found libavutil, version 58.29.100
[1.593s] -- Searching for <gz-common5> component [events]
[1.595s] -- Looking for gz-common5-events -- found version 5.7.0
[1.595s] -- Searching for dependencies of gz-common5-events
[1.596s] -- Looking for gz-math7 -- found version 7.5.1
[1.599s] -- Searching for <gz-common5> component [graphics]
[1.601s] -- Looking for gz-common5-graphics -- found version 5.7.0
[1.601s] -- Searching for dependencies of gz-common5-graphics
[1.602s] -- Looking for gz-math7 -- found version 7.5.1
[1.607s] -- Searching for <gz-common5> component [io]
[1.608s] -- Looking for gz-common5-io -- found version 5.7.0
[1.609s] -- Searching for dependencies of gz-common5-io
[1.610s] -- Searching for <gz-common5> component [profiler]
[1.610s] -- Looking for gz-common5-profiler -- found version 5.7.0
[1.611s] -- Searching for dependencies of gz-common5-profiler
[1.613s] -- Looking for gz-fuel_tools9 -- found version 9.1.0
[1.613s] -- Searching for dependencies of gz-fuel_tools9
[1.697s] -- Checking for module 'jsoncpp'
[1.738s] --   Found jsoncpp, version 1.9.5
[1.856s] -- Checking for module 'yaml-0.1'
[1.879s] --   Found yaml-0.1, version 0.2.5
[1.954s] -- Checking for module 'libzip'
[1.980s] --   Found libzip, version 1.7.3
[2.045s] -- Looking for gz-utils2 -- found version 2.2.0
[2.046s] -- Looking for gz-common5 -- found version 5.7.0
[2.047s] -- Searching for dependencies of gz-common5
[2.048s] -- Looking for gz-utils2 -- found version 2.2.0
[2.048s] -- Looking for dlfcn.h - found
[2.049s] -- Looking for libdl - found
[2.065s] -- Searching for <gz-common5> component [testing]
[2.066s] -- Looking for gz-common5-testing -- found version 5.7.0
[2.066s] -- Searching for dependencies of gz-common5-testing
[2.068s] -- Looking for gz-math7 -- found version 7.5.1
[2.068s] -- Looking for gz-msgs10 -- found version 10.3.1
[2.071s] -- Looking for gz-gui8 -- found version 8.3.0
[2.071s] -- Searching for dependencies of gz-gui8
[2.091s] -- Looking for gz-utils2 -- found version 2.2.0
[2.091s] -- Looking for gz-math7 -- found version 7.5.1
[2.091s] -- Looking for gz-common5 -- found version 5.7.0
[2.092s] -- Looking for gz-plugin2 -- found version 2.0.3
[2.092s] -- Looking for gz-transport13 -- found version 13.4.0
[2.093s] -- Looking for gz-rendering8 -- found version 8.2.1
[2.093s] -- Searching for dependencies of gz-rendering8
[2.093s] -- Looking for gz-math7 -- found version 7.5.1
[2.093s] -- Searching for dependencies of gz-math7
[2.093s] -- Looking for gz-utils2 -- found version 2.2.0
[2.093s] -- Searching for <gz-math7> component [eigen3]
[2.094s] -- Looking for gz-math7-eigen3 -- found version 7.5.1
[2.094s] -- Searching for dependencies of gz-math7-eigen3
[2.097s] -- Looking for gz-common5 -- found version 5.7.0
[2.098s] -- Searching for dependencies of gz-common5
[2.098s] -- Looking for gz-utils2 -- found version 2.2.0
[2.098s] -- Looking for dlfcn.h - found
[2.098s] -- Looking for libdl - found
[2.108s] -- Searching for <gz-common5> component [graphics]
[2.108s] -- Searching for <gz-common5> component [events]
[2.108s] -- Searching for <gz-common5> component [geospatial]
[2.109s] -- Looking for gz-common5-geospatial -- found version 5.7.0
[2.109s] -- Searching for dependencies of gz-common5-geospatial
[2.110s] -- Looking for gz-math7 -- found version 7.5.1
[2.110s] -- Looking for gz-common5 -- found version 5.7.0
[2.112s] -- Looking for gz-plugin2 -- found version 2.0.3
[2.112s] -- Searching for dependencies of gz-plugin2
[2.112s] -- Looking for gz-utils2 -- found version 2.2.0
[2.112s] -- Searching for <gz-plugin2> component [all]
[2.113s] -- Looking for all libraries of gz-plugin2 -- found version 2.0.3
[2.114s] -- Looking for gz-plugin2 -- found version 2.0.3
[2.115s] -- Looking for gz-utils2 -- found version 2.2.0
[2.118s] -- Looking for gz-msgs10 -- found version 10.3.1
[2.150s] -- Looking for gz-physics7 -- found version 7.4.0
[2.150s] -- Searching for dependencies of gz-physics7
[2.151s] -- Looking for gz-common5 -- found version 5.7.0
[2.151s] -- Looking for gz-math7 -- found version 7.5.1
[2.151s] -- Looking for gz-plugin2 -- found version 2.0.3
[2.152s] -- Looking for gz-utils2 -- found version 2.2.0
[2.153s] -- Searching for <gz-physics7> component [heightmap]
[2.153s] -- Looking for gz-physics7-heightmap -- found version 7.4.0
[2.154s] -- Searching for dependencies of gz-physics7-heightmap
[2.154s] -- Looking for gz-common5 -- found version 5.7.0
[2.154s] -- Searching for <gz-physics7> component [mesh]
[2.155s] -- Looking for gz-physics7-mesh -- found version 7.4.0
[2.155s] -- Searching for dependencies of gz-physics7-mesh
[2.156s] -- Looking for gz-common5 -- found version 5.7.0
[2.156s] -- Searching for <gz-physics7> component [sdf]
[2.157s] -- Looking for gz-physics7-sdf -- found version 7.4.0
[2.157s] -- Searching for dependencies of gz-physics7-sdf
[2.157s] -- Looking for sdformat14 -- found version 14.6.0
[2.159s] -- Looking for gz-sensors8 -- found version 8.2.1
[2.159s] -- Searching for dependencies of gz-sensors8
[2.181s] -- Looking for gz-math7 -- found version 7.5.1
[2.181s] -- Looking for gz-common5 -- found version 5.7.0
[2.181s] -- Looking for gz-transport13 -- found version 13.4.0
[2.181s] -- Looking for gz-rendering8 -- found version 8.2.1
[2.182s] -- Looking for gz-msgs10 -- found version 10.3.1
[2.182s] -- Looking for sdformat14 -- found version 14.6.0
[2.183s] -- Searching for <gz-sensors8> component [air_pressure]
[2.183s] -- Looking for gz-sensors8-air_pressure -- found version 8.2.1
[2.183s] -- Searching for dependencies of gz-sensors8-air_pressure
[2.184s] -- Searching for <gz-sensors8> component [air_speed]
[2.185s] -- Looking for gz-sensors8-air_speed -- found version 8.2.1
[2.185s] -- Searching for dependencies of gz-sensors8-air_speed
[2.185s] -- Searching for <gz-sensors8> component [altimeter]
[2.186s] -- Looking for gz-sensors8-altimeter -- found version 8.2.1
[2.186s] -- Searching for dependencies of gz-sensors8-altimeter
[2.187s] -- Searching for <gz-sensors8> component [imu]
[2.187s] -- Looking for gz-sensors8-imu -- found version 8.2.1
[2.187s] -- Searching for dependencies of gz-sensors8-imu
[2.188s] -- Searching for <gz-sensors8> component [force_torque]
[2.189s] -- Looking for gz-sensors8-force_torque -- found version 8.2.1
[2.189s] -- Searching for dependencies of gz-sensors8-force_torque
[2.189s] -- Searching for <gz-sensors8> component [logical_camera]
[2.190s] -- Looking for gz-sensors8-logical_camera -- found version 8.2.1
[2.190s] -- Searching for dependencies of gz-sensors8-logical_camera
[2.191s] -- Searching for <gz-sensors8> component [magnetometer]
[2.192s] -- Looking for gz-sensors8-magnetometer -- found version 8.2.1
[2.192s] -- Searching for dependencies of gz-sensors8-magnetometer
[2.192s] -- Searching for <gz-sensors8> component [navsat]
[2.193s] -- Looking for gz-sensors8-navsat -- found version 8.2.1
[2.193s] -- Searching for dependencies of gz-sensors8-navsat
[2.194s] -- Searching for <gz-sensors8> component [dvl]
[2.195s] -- Looking for gz-sensors8-dvl -- found version 8.2.1
[2.195s] -- Searching for dependencies of gz-sensors8-dvl
[2.195s] -- Looking for gz-sensors8 -- found version 8.2.1
[2.195s] -- Searching for dependencies of gz-sensors8
[2.211s] -- Looking for gz-math7 -- found version 7.5.1
[2.211s] -- Looking for gz-common5 -- found version 5.7.0
[2.212s] -- Looking for gz-transport13 -- found version 13.4.0
[2.212s] -- Looking for gz-rendering8 -- found version 8.2.1
[2.212s] -- Looking for gz-msgs10 -- found version 10.3.1
[2.213s] -- Looking for sdformat14 -- found version 14.6.0
[2.213s] -- Searching for <gz-sensors8> component [rendering]
[2.213s] -- Looking for gz-sensors8-rendering -- found version 8.2.1
[2.213s] -- Searching for dependencies of gz-sensors8-rendering
[2.214s] -- Searching for <gz-sensors8> component [rendering]
[2.214s] -- Searching for <gz-sensors8> component [lidar]
[2.215s] -- Looking for gz-sensors8-lidar -- found version 8.2.1
[2.215s] -- Searching for dependencies of gz-sensors8-lidar
[2.215s] -- Looking for gz-sensors8 -- found version 8.2.1
[2.216s] -- Searching for <gz-sensors8> component [gpu_lidar]
[2.216s] -- Looking for gz-sensors8-gpu_lidar -- found version 8.2.1
[2.216s] -- Searching for dependencies of gz-sensors8-gpu_lidar
[2.217s] -- Looking for gz-sensors8 -- found version 8.2.1
[2.217s] -- Searching for <gz-sensors8> component [camera]
[2.217s] -- Looking for gz-sensors8-camera -- found version 8.2.1
[2.217s] -- Searching for dependencies of gz-sensors8-camera
[2.218s] -- Looking for gz-sensors8 -- found version 8.2.1
[2.218s] -- Searching for <gz-sensors8> component [boundingbox_camera]
[2.219s] -- Looking for gz-sensors8-boundingbox_camera -- found version 8.2.1
[2.219s] -- Searching for dependencies of gz-sensors8-boundingbox_camera
[2.219s] -- Searching for <gz-sensors8> component [segmentation_camera]
[2.220s] -- Looking for gz-sensors8-segmentation_camera -- found version 8.2.1
[2.220s] -- Searching for dependencies of gz-sensors8-segmentation_camera
[2.220s] -- Searching for <gz-sensors8> component [depth_camera]
[2.221s] -- Looking for gz-sensors8-depth_camera -- found version 8.2.1
[2.221s] -- Searching for dependencies of gz-sensors8-depth_camera
[2.221s] -- Looking for gz-sensors8 -- found version 8.2.1
[2.222s] -- Searching for <gz-sensors8> component [rgbd_camera]
[2.222s] -- Looking for gz-sensors8-rgbd_camera -- found version 8.2.1
[2.222s] -- Searching for dependencies of gz-sensors8-rgbd_camera
[2.222s] -- Looking for gz-sensors8 -- found version 8.2.1
[2.223s] -- Searching for <gz-sensors8> component [thermal_camera]
[2.223s] -- Looking for gz-sensors8-thermal_camera -- found version 8.2.1
[2.223s] -- Searching for dependencies of gz-sensors8-thermal_camera
[2.223s] -- Looking for gz-sensors8 -- found version 8.2.1
[2.224s] -- Searching for <gz-sensors8> component [wide_angle_camera]
[2.225s] -- Looking for gz-sensors8-wide_angle_camera -- found version 8.2.1
[2.225s] -- Searching for dependencies of gz-sensors8-wide_angle_camera
[2.225s] -- Looking for gz-rendering8 -- found version 8.2.1
[2.226s] -- Looking for gz-math7 -- found version 7.5.1
[2.226s] -- Looking for gz-utils2 -- found version 2.2.0
[2.242s] -- Found trajectory_msgs: 5.3.5 (/opt/ros/jazzy/share/trajectory_msgs/cmake)
[2.336s] -- Configuring done (2.2s)
[2.344s] -- Generating done (0.0s)
[2.346s] -- Build files have been written to: /home/pablo_kevin/ProyectoTecnologo_RoboticHandDRL/Desarrollo/simulation/ros2_robotic_hand_ws/build/robotic_hand
[2.375s] Invoked command in '/home/pablo_kevin/ProyectoTecnologo_RoboticHandDRL/Desarrollo/simulation/ros2_robotic_hand_ws/build/robotic_hand' returned '0': CMAKE_PREFIX_PATH=${CMAKE_PREFIX_PATH}:/opt/ros/jazzy CONDA_PROMPT_MODIFIER=(base) DEBUGINFOD_URLS=https://debuginfod.ubuntu.com /usr/bin/cmake --build /home/pablo_kevin/ProyectoTecnologo_RoboticHandDRL/Desarrollo/simulation/ros2_robotic_hand_ws/build/robotic_hand -- -j20 -l20
[2.386s] Invoking command in '/home/pablo_kevin/ProyectoTecnologo_RoboticHandDRL/Desarrollo/simulation/ros2_robotic_hand_ws/build/robotic_hand': CMAKE_PREFIX_PATH=${CMAKE_PREFIX_PATH}:/opt/ros/jazzy CONDA_PROMPT_MODIFIER=(base) DEBUGINFOD_URLS=https://debuginfod.ubuntu.com /usr/bin/cmake --install /home/pablo_kevin/ProyectoTecnologo_RoboticHandDRL/Desarrollo/simulation/ros2_robotic_hand_ws/build/robotic_hand
[2.401s] -- Install configuration: ""
[2.402s] -- Execute custom install script
[2.402s] -- Up-to-date symlink: /home/pablo_kevin/ProyectoTecnologo_RoboticHandDRL/Desarrollo/simulation/ros2_robotic_hand_ws/install/robotic_hand/share/robotic_hand//meshes/anular_link0.STL
[2.403s] -- Up-to-date symlink: /home/pablo_kevin/ProyectoTecnologo_RoboticHandDRL/Desarrollo/simulation/ros2_robotic_hand_ws/install/robotic_hand/share/robotic_hand//meshes/anular_link1.STL
[2.403s] -- Up-to-date symlink: /home/pablo_kevin/ProyectoTecnologo_RoboticHandDRL/Desarrollo/simulation/ros2_robotic_hand_ws/install/robotic_hand/share/robotic_hand//meshes/anular_link2.STL
[2.403s] -- Up-to-date symlink: /home/pablo_kevin/ProyectoTecnologo_RoboticHandDRL/Desarrollo/simulation/ros2_robotic_hand_ws/install/robotic_hand/share/robotic_hand//meshes/conectores_links.STL
[2.403s] -- Up-to-date symlink: /home/pablo_kevin/ProyectoTecnologo_RoboticHandDRL/Desarrollo/simulation/ros2_robotic_hand_ws/install/robotic_hand/share/robotic_hand//meshes/indice_link0.STL
[2.404s] -- Up-to-date symlink: /home/pablo_kevin/ProyectoTecnologo_RoboticHandDRL/Desarrollo/simulation/ros2_robotic_hand_ws/install/robotic_hand/share/robotic_hand//meshes/indice_link1.STL
[2.404s] -- Up-to-date symlink: /home/pablo_kevin/ProyectoTecnologo_RoboticHandDRL/Desarrollo/simulation/ros2_robotic_hand_ws/install/robotic_hand/share/robotic_hand//meshes/indice_link2.STL
[2.404s] -- Up-to-date symlink: /home/pablo_kevin/ProyectoTecnologo_RoboticHandDRL/Desarrollo/simulation/ros2_robotic_hand_ws/install/robotic_hand/share/robotic_hand//meshes/medio_link0.STL
[2.404s] -- Up-to-date symlink: /home/pablo_kevin/ProyectoTecnologo_RoboticHandDRL/Desarrollo/simulation/ros2_robotic_hand_ws/install/robotic_hand/share/robotic_hand//meshes/medio_link1.STL
[2.404s] -- Up-to-date symlink: /home/pablo_kevin/ProyectoTecnologo_RoboticHandDRL/Desarrollo/simulation/ros2_robotic_hand_ws/install/robotic_hand/share/robotic_hand//meshes/medio_link2.STL
[2.405s] -- Up-to-date symlink: /home/pablo_kevin/ProyectoTecnologo_RoboticHandDRL/Desarrollo/simulation/ros2_robotic_hand_ws/install/robotic_hand/share/robotic_hand//meshes/menique_link0.STL
[2.405s] -- Up-to-date symlink: /home/pablo_kevin/ProyectoTecnologo_RoboticHandDRL/Desarrollo/simulation/ros2_robotic_hand_ws/install/robotic_hand/share/robotic_hand//meshes/menique_link1.STL
[2.405s] -- Up-to-date symlink: /home/pablo_kevin/ProyectoTecnologo_RoboticHandDRL/Desarrollo/simulation/ros2_robotic_hand_ws/install/robotic_hand/share/robotic_hand//meshes/menique_link2.STL
[2.405s] -- Up-to-date symlink: /home/pablo_kevin/ProyectoTecnologo_RoboticHandDRL/Desarrollo/simulation/ros2_robotic_hand_ws/install/robotic_hand/share/robotic_hand//meshes/palma_dorso_link.STL
[2.405s] -- Up-to-date symlink: /home/pablo_kevin/ProyectoTecnologo_RoboticHandDRL/Desarrollo/simulation/ros2_robotic_hand_ws/install/robotic_hand/share/robotic_hand//meshes/pulgar_link0.STL
[2.405s] -- Up-to-date symlink: /home/pablo_kevin/ProyectoTecnologo_RoboticHandDRL/Desarrollo/simulation/ros2_robotic_hand_ws/install/robotic_hand/share/robotic_hand//meshes/pulgar_link1.STL
[2.406s] -- Up-to-date symlink: /home/pablo_kevin/ProyectoTecnologo_RoboticHandDRL/Desarrollo/simulation/ros2_robotic_hand_ws/install/robotic_hand/share/robotic_hand//launch/robotic_hand_gazebo.launch.py
[2.406s] -- Up-to-date symlink: /home/pablo_kevin/ProyectoTecnologo_RoboticHandDRL/Desarrollo/simulation/ros2_robotic_hand_ws/install/robotic_hand/share/robotic_hand//launch/ros_gazebo.launch.py
[2.406s] -- Up-to-date symlink: /home/pablo_kevin/ProyectoTecnologo_RoboticHandDRL/Desarrollo/simulation/ros2_robotic_hand_ws/install/robotic_hand/share/robotic_hand//launch/ros_rviz.launch.py
[2.406s] -- Up-to-date symlink: /home/pablo_kevin/ProyectoTecnologo_RoboticHandDRL/Desarrollo/simulation/ros2_robotic_hand_ws/install/robotic_hand/lib/robotic_hand/test_control01.py
[2.406s] -- Symlinking: /home/pablo_kevin/ProyectoTecnologo_RoboticHandDRL/Desarrollo/simulation/ros2_robotic_hand_ws/install/robotic_hand/lib/robotic_hand/agent_controller.py
[2.414s] -- Up-to-date symlink: /home/pablo_kevin/ProyectoTecnologo_RoboticHandDRL/Desarrollo/simulation/ros2_robotic_hand_ws/install/robotic_hand/share/robotic_hand/config/config/hand_controllers.yaml
[2.414s] -- Up-to-date symlink: /home/pablo_kevin/ProyectoTecnologo_RoboticHandDRL/Desarrollo/simulation/ros2_robotic_hand_ws/install/robotic_hand/share/robotic_hand/config/config/robotic_hand_v1.rviz
[2.414s] -- Up-to-date symlink: /home/pablo_kevin/ProyectoTecnologo_RoboticHandDRL/Desarrollo/simulation/ros2_robotic_hand_ws/install/robotic_hand/share/robotic_hand/worlds/empty.sdf
[2.414s] -- Up-to-date symlink: /home/pablo_kevin/ProyectoTecnologo_RoboticHandDRL/Desarrollo/simulation/ros2_robotic_hand_ws/install/robotic_hand/share/robotic_hand/worlds/test_world.world
[2.414s] -- Up-to-date symlink: /home/pablo_kevin/ProyectoTecnologo_RoboticHandDRL/Desarrollo/simulation/ros2_robotic_hand_ws/install/robotic_hand/share/robotic_hand/description/robotic_hand.urdf.xacro
[2.414s] -- Up-to-date symlink: /home/pablo_kevin/ProyectoTecnologo_RoboticHandDRL/Desarrollo/simulation/ros2_robotic_hand_ws/install/robotic_hand/share/ament_index/resource_index/package_run_dependencies/robotic_hand
[2.414s] -- Up-to-date symlink: /home/pablo_kevin/ProyectoTecnologo_RoboticHandDRL/Desarrollo/simulation/ros2_robotic_hand_ws/install/robotic_hand/share/ament_index/resource_index/parent_prefix_path/robotic_hand
[2.415s] -- Up-to-date symlink: /home/pablo_kevin/ProyectoTecnologo_RoboticHandDRL/Desarrollo/simulation/ros2_robotic_hand_ws/install/robotic_hand/share/robotic_hand/environment/ament_prefix_path.sh
[2.415s] -- Up-to-date symlink: /home/pablo_kevin/ProyectoTecnologo_RoboticHandDRL/Desarrollo/simulation/ros2_robotic_hand_ws/install/robotic_hand/share/robotic_hand/environment/ament_prefix_path.dsv
[2.415s] -- Up-to-date symlink: /home/pablo_kevin/ProyectoTecnologo_RoboticHandDRL/Desarrollo/simulation/ros2_robotic_hand_ws/install/robotic_hand/share/robotic_hand/environment/path.sh
[2.415s] -- Up-to-date symlink: /home/pablo_kevin/ProyectoTecnologo_RoboticHandDRL/Desarrollo/simulation/ros2_robotic_hand_ws/install/robotic_hand/share/robotic_hand/environment/path.dsv
[2.415s] -- Up-to-date symlink: /home/pablo_kevin/ProyectoTecnologo_RoboticHandDRL/Desarrollo/simulation/ros2_robotic_hand_ws/install/robotic_hand/share/robotic_hand/local_setup.bash
[2.415s] -- Up-to-date symlink: /home/pablo_kevin/ProyectoTecnologo_RoboticHandDRL/Desarrollo/simulation/ros2_robotic_hand_ws/install/robotic_hand/share/robotic_hand/local_setup.sh
[2.415s] -- Up-to-date symlink: /home/pablo_kevin/ProyectoTecnologo_RoboticHandDRL/Desarrollo/simulation/ros2_robotic_hand_ws/install/robotic_hand/share/robotic_hand/local_setup.zsh
[2.416s] -- Up-to-date symlink: /home/pablo_kevin/ProyectoTecnologo_RoboticHandDRL/Desarrollo/simulation/ros2_robotic_hand_ws/install/robotic_hand/share/robotic_hand/local_setup.dsv
[2.416s] -- Symlinking: /home/pablo_kevin/ProyectoTecnologo_RoboticHandDRL/Desarrollo/simulation/ros2_robotic_hand_ws/install/robotic_hand/share/robotic_hand/package.dsv
[2.424s] -- Up-to-date symlink: /home/pablo_kevin/ProyectoTecnologo_RoboticHandDRL/Desarrollo/simulation/ros2_robotic_hand_ws/install/robotic_hand/share/ament_index/resource_index/packages/robotic_hand
[2.425s] -- Up-to-date symlink: /home/pablo_kevin/ProyectoTecnologo_RoboticHandDRL/Desarrollo/simulation/ros2_robotic_hand_ws/install/robotic_hand/share/robotic_hand/cmake/robotic_handConfig.cmake
[2.425s] -- Up-to-date symlink: /home/pablo_kevin/ProyectoTecnologo_RoboticHandDRL/Desarrollo/simulation/ros2_robotic_hand_ws/install/robotic_hand/share/robotic_hand/cmake/robotic_handConfig-version.cmake
[2.425s] -- Up-to-date symlink: /home/pablo_kevin/ProyectoTecnologo_RoboticHandDRL/Desarrollo/simulation/ros2_robotic_hand_ws/install/robotic_hand/share/robotic_hand/package.xml
[2.426s] Invoked command in '/home/pablo_kevin/ProyectoTecnologo_RoboticHandDRL/Desarrollo/simulation/ros2_robotic_hand_ws/build/robotic_hand' returned '0': CMAKE_PREFIX_PATH=${CMAKE_PREFIX_PATH}:/opt/ros/jazzy CONDA_PROMPT_MODIFIER=(base) DEBUGINFOD_URLS=https://debuginfod.ubuntu.com /usr/bin/cmake --install /home/pablo_kevin/ProyectoTecnologo_RoboticHandDRL/Desarrollo/simulation/ros2_robotic_hand_ws/build/robotic_hand
