[0.008s] Invoking command in '/home/pablo_kevin/ProyectoTecnologo_RoboticHandDRL/Desarrollo/simulation/ros2_robotic_hand_ws/build/robotic_hand': CMAKE_PREFIX_PATH=${CMAKE_PREFIX_PATH}:/opt/ros/jazzy CONDA_PROMPT_MODIFIER=(base) DEBUGINFOD_URLS=https://debuginfod.ubuntu.com /usr/bin/cmake --build /home/pablo_kevin/ProyectoTecnologo_RoboticHandDRL/Desarrollo/simulation/ros2_robotic_hand_ws/build/robotic_hand -- -j20 -l20
[0.162s] -- Found ament_cmake: 2.5.3 (/opt/ros/jazzy/share/ament_cmake/cmake)
[0.228s] -- Override CMake install command with custom implementation using symlinks instead of copying resources
[0.234s] -- Found rclpy: 7.1.3 (/opt/ros/jazzy/share/rclpy/cmake)
[0.234s] -- Found std_msgs: 5.3.5 (/opt/ros/jazzy/share/std_msgs/cmake)
[0.252s] -- Found rosidl_generator_c: 4.6.5 (/opt/ros/jazzy/share/rosidl_generator_c/cmake)
[0.259s] -- Found rosidl_generator_cpp: 4.6.5 (/opt/ros/jazzy/share/rosidl_generator_cpp/cmake)
[0.267s] -- Using all available rosidl_typesupport_c: rosidl_typesupport_fastrtps_c;rosidl_typesupport_introspection_c
[0.276s] -- Using all available rosidl_typesupport_cpp: rosidl_typesupport_fastrtps_cpp;rosidl_typesupport_introspection_cpp
[0.294s] -- Found sensor_msgs: 5.3.5 (/opt/ros/jazzy/share/sensor_msgs/cmake)
[0.330s] -- Found urdf: 2.10.0 (/opt/ros/jazzy/share/urdf/cmake)
[0.334s] -- Found TinyXML2 via Config file: /usr/lib/x86_64-linux-gnu/cmake/tinyxml2
[0.338s] -- Looking for gz-sim8 -- found version 8.7.0
[0.341s] -- Searching for dependencies of gz-sim8
[0.342s] -- Looking for sdformat14 -- found version 14.6.0
[0.342s] -- Searching for dependencies of sdformat14
[0.347s] -- Checking for module 'tinyxml2'
[0.364s] --   Found tinyxml2, version 10.0.0
[0.426s] -- Looking for gz-math7 -- found version 7.5.1
[0.427s] -- Searching for dependencies of gz-math7
[0.428s] -- Looking for gz-utils2 -- found version 2.2.0
[0.428s] -- Searching for dependencies of gz-utils2
[0.432s] -- Looking for gz-utils2 -- found version 2.2.0
[0.432s] -- Searching for dependencies of gz-utils2
[0.433s] -- Searching for <gz-utils2> component [cli]
[0.433s] -- Looking for gz-utils2-cli -- found version 2.2.0
[0.434s] -- Searching for dependencies of gz-utils2-cli
[0.436s] -- Looking for gz-plugin2 -- found version 2.0.3
[0.436s] -- Searching for dependencies of gz-plugin2
[0.437s] -- Looking for gz-utils2 -- found version 2.2.0
[0.438s] -- Searching for <gz-plugin2> component [loader]
[0.438s] -- Looking for gz-plugin2-loader -- found version 2.0.3
[0.438s] -- Searching for dependencies of gz-plugin2-loader
[0.439s] -- Searching for <gz-plugin2> component [register]
[0.440s] -- Looking for gz-plugin2-register -- found version 2.0.3
[0.440s] -- Searching for dependencies of gz-plugin2-register
[0.441s] -- Looking for gz-transport13 -- found version 13.4.0
[0.442s] -- Searching for dependencies of gz-transport13
[0.466s] -- Config-file not installed for ZeroMQ -- checking for pkg-config
[0.473s] -- Checking for module 'libzmq >= 4'
[0.502s] --   Found libzmq, version 4.3.5
[0.595s] -- Checking for module 'uuid'
[0.627s] --   Found uuid, version 2.39.3
[0.700s] -- Looking for gz-utils2 -- found version 2.2.0
[0.701s] -- Looking for gz-msgs10 -- found version 10.3.1
[0.701s] -- Searching for dependencies of gz-msgs10
[0.724s] -- Looking for gz-utils2 -- found version 2.2.0
[0.725s] -- Looking for gz-math7 -- found version 7.5.1
[0.863s] -- Searching for <gz-transport13> component [log]
[0.864s] -- Looking for gz-transport13-log -- found version 13.4.0
[0.864s] -- Searching for dependencies of gz-transport13-log
[0.864s] -- Searching for <gz-transport13> component [parameters]
[0.865s] -- Looking for gz-transport13-parameters -- found version 13.4.0
[0.865s] -- Searching for dependencies of gz-transport13-parameters
[0.865s] -- Looking for gz-msgs10 -- found version 10.3.1
[0.866s] -- Looking for gz-common5 -- found version 5.7.0
[0.866s] -- Searching for dependencies of gz-common5
[0.866s] -- Looking for gz-utils2 -- found version 2.2.0
[0.866s] -- Looking for dlfcn.h - found
[0.866s] -- Looking for libdl - found
[0.876s] -- Searching for <gz-common5> component [av]
[0.877s] -- Looking for gz-common5-av -- found version 5.7.0
[0.878s] -- Searching for dependencies of gz-common5-av
[0.886s] -- Checking for module 'libswscale'
[0.905s] --   Found libswscale, version 7.5.100
[0.970s] -- Checking for module 'libavdevice >= 56.4.100'
[1.005s] --   Found libavdevice, version 60.3.100
[1.132s] -- Checking for module 'libavformat'
[1.162s] --   Found libavformat, version 60.16.100
[1.250s] -- Checking for module 'libavcodec'
[1.280s] --   Found libavcodec, version 60.31.102
[1.350s] -- Checking for module 'libavutil'
[1.382s] --   Found libavutil, version 58.29.100
[1.437s] -- Searching for <gz-common5> component [events]
[1.437s] -- Looking for gz-common5-events -- found version 5.7.0
[1.437s] -- Searching for dependencies of gz-common5-events
[1.438s] -- Looking for gz-math7 -- found version 7.5.1
[1.438s] -- Searching for <gz-common5> component [graphics]
[1.438s] -- Looking for gz-common5-graphics -- found version 5.7.0
[1.439s] -- Searching for dependencies of gz-common5-graphics
[1.439s] -- Looking for gz-math7 -- found version 7.5.1
[1.441s] -- Searching for <gz-common5> component [io]
[1.441s] -- Looking for gz-common5-io -- found version 5.7.0
[1.441s] -- Searching for dependencies of gz-common5-io
[1.442s] -- Searching for <gz-common5> component [profiler]
[1.442s] -- Looking for gz-common5-profiler -- found version 5.7.0
[1.442s] -- Searching for dependencies of gz-common5-profiler
[1.443s] -- Looking for gz-fuel_tools9 -- found version 9.1.0
[1.443s] -- Searching for dependencies of gz-fuel_tools9
[1.511s] -- Checking for module 'jsoncpp'
[1.543s] --   Found jsoncpp, version 1.9.5
[1.653s] -- Checking for module 'yaml-0.1'
[1.674s] --   Found yaml-0.1, version 0.2.5
[1.766s] -- Checking for module 'libzip'
[1.805s] --   Found libzip, version 1.7.3
[1.880s] -- Looking for gz-utils2 -- found version 2.2.0
[1.880s] -- Looking for gz-common5 -- found version 5.7.0
[1.881s] -- Searching for dependencies of gz-common5
[1.881s] -- Looking for gz-utils2 -- found version 2.2.0
[1.881s] -- Looking for dlfcn.h - found
[1.881s] -- Looking for libdl - found
[1.897s] -- Searching for <gz-common5> component [testing]
[1.897s] -- Looking for gz-common5-testing -- found version 5.7.0
[1.897s] -- Searching for dependencies of gz-common5-testing
[1.899s] -- Looking for gz-math7 -- found version 7.5.1
[1.900s] -- Looking for gz-msgs10 -- found version 10.3.1
[1.901s] -- Looking for gz-gui8 -- found version 8.3.0
[1.902s] -- Searching for dependencies of gz-gui8
[1.935s] -- Looking for gz-utils2 -- found version 2.2.0
[1.935s] -- Looking for gz-math7 -- found version 7.5.1
[1.935s] -- Looking for gz-common5 -- found version 5.7.0
[1.935s] -- Looking for gz-plugin2 -- found version 2.0.3
[1.936s] -- Looking for gz-transport13 -- found version 13.4.0
[1.936s] -- Looking for gz-rendering8 -- found version 8.2.1
[1.936s] -- Searching for dependencies of gz-rendering8
[1.937s] -- Looking for gz-math7 -- found version 7.5.1
[1.937s] -- Searching for dependencies of gz-math7
[1.937s] -- Looking for gz-utils2 -- found version 2.2.0
[1.937s] -- Searching for <gz-math7> component [eigen3]
[1.938s] -- Looking for gz-math7-eigen3 -- found version 7.5.1
[1.938s] -- Searching for dependencies of gz-math7-eigen3
[1.939s] -- Looking for gz-common5 -- found version 5.7.0
[1.939s] -- Searching for dependencies of gz-common5
[1.939s] -- Looking for gz-utils2 -- found version 2.2.0
[1.939s] -- Looking for dlfcn.h - found
[1.939s] -- Looking for libdl - found
[1.946s] -- Searching for <gz-common5> component [graphics]
[1.946s] -- Searching for <gz-common5> component [events]
[1.946s] -- Searching for <gz-common5> component [geospatial]
[1.946s] -- Looking for gz-common5-geospatial -- found version 5.7.0
[1.947s] -- Searching for dependencies of gz-common5-geospatial
[1.947s] -- Looking for gz-math7 -- found version 7.5.1
[1.947s] -- Looking for gz-common5 -- found version 5.7.0
[1.948s] -- Looking for gz-plugin2 -- found version 2.0.3
[1.948s] -- Searching for dependencies of gz-plugin2
[1.948s] -- Looking for gz-utils2 -- found version 2.2.0
[1.948s] -- Searching for <gz-plugin2> component [all]
[1.948s] -- Looking for all libraries of gz-plugin2 -- found version 2.0.3
[1.949s] -- Looking for gz-plugin2 -- found version 2.0.3
[1.950s] -- Looking for gz-utils2 -- found version 2.2.0
[1.952s] -- Looking for gz-msgs10 -- found version 10.3.1
[1.963s] -- Looking for gz-physics7 -- found version 7.4.0
[1.963s] -- Searching for dependencies of gz-physics7
[1.963s] -- Looking for gz-common5 -- found version 5.7.0
[1.963s] -- Looking for gz-math7 -- found version 7.5.1
[1.964s] -- Looking for gz-plugin2 -- found version 2.0.3
[1.964s] -- Looking for gz-utils2 -- found version 2.2.0
[1.965s] -- Searching for <gz-physics7> component [heightmap]
[1.965s] -- Looking for gz-physics7-heightmap -- found version 7.4.0
[1.965s] -- Searching for dependencies of gz-physics7-heightmap
[1.965s] -- Looking for gz-common5 -- found version 5.7.0
[1.966s] -- Searching for <gz-physics7> component [mesh]
[1.966s] -- Looking for gz-physics7-mesh -- found version 7.4.0
[1.966s] -- Searching for dependencies of gz-physics7-mesh
[1.966s] -- Looking for gz-common5 -- found version 5.7.0
[1.967s] -- Searching for <gz-physics7> component [sdf]
[1.967s] -- Looking for gz-physics7-sdf -- found version 7.4.0
[1.967s] -- Searching for dependencies of gz-physics7-sdf
[1.967s] -- Looking for sdformat14 -- found version 14.6.0
[1.968s] -- Looking for gz-sensors8 -- found version 8.2.1
[1.968s] -- Searching for dependencies of gz-sensors8
[1.983s] -- Looking for gz-math7 -- found version 7.5.1
[1.984s] -- Looking for gz-common5 -- found version 5.7.0
[1.984s] -- Looking for gz-transport13 -- found version 13.4.0
[1.984s] -- Looking for gz-rendering8 -- found version 8.2.1
[1.985s] -- Looking for gz-msgs10 -- found version 10.3.1
[1.985s] -- Looking for sdformat14 -- found version 14.6.0
[1.985s] -- Searching for <gz-sensors8> component [air_pressure]
[1.986s] -- Looking for gz-sensors8-air_pressure -- found version 8.2.1
[1.986s] -- Searching for dependencies of gz-sensors8-air_pressure
[1.986s] -- Searching for <gz-sensors8> component [air_speed]
[1.987s] -- Looking for gz-sensors8-air_speed -- found version 8.2.1
[1.987s] -- Searching for dependencies of gz-sensors8-air_speed
[1.987s] -- Searching for <gz-sensors8> component [altimeter]
[1.987s] -- Looking for gz-sensors8-altimeter -- found version 8.2.1
[1.987s] -- Searching for dependencies of gz-sensors8-altimeter
[1.988s] -- Searching for <gz-sensors8> component [imu]
[1.988s] -- Looking for gz-sensors8-imu -- found version 8.2.1
[1.988s] -- Searching for dependencies of gz-sensors8-imu
[1.988s] -- Searching for <gz-sensors8> component [force_torque]
[1.989s] -- Looking for gz-sensors8-force_torque -- found version 8.2.1
[1.989s] -- Searching for dependencies of gz-sensors8-force_torque
[1.989s] -- Searching for <gz-sensors8> component [logical_camera]
[1.990s] -- Looking for gz-sensors8-logical_camera -- found version 8.2.1
[1.990s] -- Searching for dependencies of gz-sensors8-logical_camera
[1.990s] -- Searching for <gz-sensors8> component [magnetometer]
[1.990s] -- Looking for gz-sensors8-magnetometer -- found version 8.2.1
[1.990s] -- Searching for dependencies of gz-sensors8-magnetometer
[1.991s] -- Searching for <gz-sensors8> component [navsat]
[1.991s] -- Looking for gz-sensors8-navsat -- found version 8.2.1
[1.991s] -- Searching for dependencies of gz-sensors8-navsat
[1.992s] -- Searching for <gz-sensors8> component [dvl]
[1.992s] -- Looking for gz-sensors8-dvl -- found version 8.2.1
[1.992s] -- Searching for dependencies of gz-sensors8-dvl
[1.992s] -- Looking for gz-sensors8 -- found version 8.2.1
[1.992s] -- Searching for dependencies of gz-sensors8
[2.010s] -- Looking for gz-math7 -- found version 7.5.1
[2.011s] -- Looking for gz-common5 -- found version 5.7.0
[2.011s] -- Looking for gz-transport13 -- found version 13.4.0
[2.012s] -- Looking for gz-rendering8 -- found version 8.2.1
[2.013s] -- Looking for gz-msgs10 -- found version 10.3.1
[2.013s] -- Looking for sdformat14 -- found version 14.6.0
[2.013s] -- Searching for <gz-sensors8> component [rendering]
[2.014s] -- Looking for gz-sensors8-rendering -- found version 8.2.1
[2.014s] -- Searching for dependencies of gz-sensors8-rendering
[2.016s] -- Searching for <gz-sensors8> component [rendering]
[2.016s] -- Searching for <gz-sensors8> component [lidar]
[2.016s] -- Looking for gz-sensors8-lidar -- found version 8.2.1
[2.016s] -- Searching for dependencies of gz-sensors8-lidar
[2.017s] -- Looking for gz-sensors8 -- found version 8.2.1
[2.017s] -- Searching for <gz-sensors8> component [gpu_lidar]
[2.018s] -- Looking for gz-sensors8-gpu_lidar -- found version 8.2.1
[2.018s] -- Searching for dependencies of gz-sensors8-gpu_lidar
[2.018s] -- Looking for gz-sensors8 -- found version 8.2.1
[2.019s] -- Searching for <gz-sensors8> component [camera]
[2.019s] -- Looking for gz-sensors8-camera -- found version 8.2.1
[2.019s] -- Searching for dependencies of gz-sensors8-camera
[2.019s] -- Looking for gz-sensors8 -- found version 8.2.1
[2.020s] -- Searching for <gz-sensors8> component [boundingbox_camera]
[2.020s] -- Looking for gz-sensors8-boundingbox_camera -- found version 8.2.1
[2.020s] -- Searching for dependencies of gz-sensors8-boundingbox_camera
[2.021s] -- Searching for <gz-sensors8> component [segmentation_camera]
[2.021s] -- Looking for gz-sensors8-segmentation_camera -- found version 8.2.1
[2.021s] -- Searching for dependencies of gz-sensors8-segmentation_camera
[2.021s] -- Searching for <gz-sensors8> component [depth_camera]
[2.022s] -- Looking for gz-sensors8-depth_camera -- found version 8.2.1
[2.022s] -- Searching for dependencies of gz-sensors8-depth_camera
[2.022s] -- Looking for gz-sensors8 -- found version 8.2.1
[2.022s] -- Searching for <gz-sensors8> component [rgbd_camera]
[2.023s] -- Looking for gz-sensors8-rgbd_camera -- found version 8.2.1
[2.023s] -- Searching for dependencies of gz-sensors8-rgbd_camera
[2.023s] -- Looking for gz-sensors8 -- found version 8.2.1
[2.024s] -- Searching for <gz-sensors8> component [thermal_camera]
[2.024s] -- Looking for gz-sensors8-thermal_camera -- found version 8.2.1
[2.024s] -- Searching for dependencies of gz-sensors8-thermal_camera
[2.024s] -- Looking for gz-sensors8 -- found version 8.2.1
[2.025s] -- Searching for <gz-sensors8> component [wide_angle_camera]
[2.025s] -- Looking for gz-sensors8-wide_angle_camera -- found version 8.2.1
[2.025s] -- Searching for dependencies of gz-sensors8-wide_angle_camera
[2.026s] -- Looking for gz-rendering8 -- found version 8.2.1
[2.026s] -- Looking for gz-math7 -- found version 7.5.1
[2.026s] -- Looking for gz-utils2 -- found version 2.2.0
[2.042s] -- Found trajectory_msgs: 5.3.5 (/opt/ros/jazzy/share/trajectory_msgs/cmake)
[2.124s] -- Configuring done (2.1s)
[2.128s] -- Generating done (0.0s)
[2.130s] -- Build files have been written to: /home/pablo_kevin/ProyectoTecnologo_RoboticHandDRL/Desarrollo/simulation/ros2_robotic_hand_ws/build/robotic_hand
[2.161s] Invoked command in '/home/pablo_kevin/ProyectoTecnologo_RoboticHandDRL/Desarrollo/simulation/ros2_robotic_hand_ws/build/robotic_hand' returned '0': CMAKE_PREFIX_PATH=${CMAKE_PREFIX_PATH}:/opt/ros/jazzy CONDA_PROMPT_MODIFIER=(base) DEBUGINFOD_URLS=https://debuginfod.ubuntu.com /usr/bin/cmake --build /home/pablo_kevin/ProyectoTecnologo_RoboticHandDRL/Desarrollo/simulation/ros2_robotic_hand_ws/build/robotic_hand -- -j20 -l20
[2.174s] Invoking command in '/home/pablo_kevin/ProyectoTecnologo_RoboticHandDRL/Desarrollo/simulation/ros2_robotic_hand_ws/build/robotic_hand': CMAKE_PREFIX_PATH=${CMAKE_PREFIX_PATH}:/opt/ros/jazzy CONDA_PROMPT_MODIFIER=(base) DEBUGINFOD_URLS=https://debuginfod.ubuntu.com /usr/bin/cmake --install /home/pablo_kevin/ProyectoTecnologo_RoboticHandDRL/Desarrollo/simulation/ros2_robotic_hand_ws/build/robotic_hand
[2.188s] -- Install configuration: ""
[2.189s] -- Execute custom install script
[2.190s] -- Up-to-date symlink: /home/pablo_kevin/ProyectoTecnologo_RoboticHandDRL/Desarrollo/simulation/ros2_robotic_hand_ws/install/robotic_hand/share/robotic_hand//meshes/anular_link0.STL
[2.190s] -- Up-to-date symlink: /home/pablo_kevin/ProyectoTecnologo_RoboticHandDRL/Desarrollo/simulation/ros2_robotic_hand_ws/install/robotic_hand/share/robotic_hand//meshes/anular_link1.STL
[2.190s] -- Up-to-date symlink: /home/pablo_kevin/ProyectoTecnologo_RoboticHandDRL/Desarrollo/simulation/ros2_robotic_hand_ws/install/robotic_hand/share/robotic_hand//meshes/anular_link2.STL
[2.190s] -- Up-to-date symlink: /home/pablo_kevin/ProyectoTecnologo_RoboticHandDRL/Desarrollo/simulation/ros2_robotic_hand_ws/install/robotic_hand/share/robotic_hand//meshes/conectores_links.STL
[2.190s] -- Up-to-date symlink: /home/pablo_kevin/ProyectoTecnologo_RoboticHandDRL/Desarrollo/simulation/ros2_robotic_hand_ws/install/robotic_hand/share/robotic_hand//meshes/indice_link0.STL
[2.190s] -- Up-to-date symlink: /home/pablo_kevin/ProyectoTecnologo_RoboticHandDRL/Desarrollo/simulation/ros2_robotic_hand_ws/install/robotic_hand/share/robotic_hand//meshes/indice_link1.STL
[2.191s] -- Up-to-date symlink: /home/pablo_kevin/ProyectoTecnologo_RoboticHandDRL/Desarrollo/simulation/ros2_robotic_hand_ws/install/robotic_hand/share/robotic_hand//meshes/indice_link2.STL
[2.191s] -- Up-to-date symlink: /home/pablo_kevin/ProyectoTecnologo_RoboticHandDRL/Desarrollo/simulation/ros2_robotic_hand_ws/install/robotic_hand/share/robotic_hand//meshes/medio_link0.STL
[2.191s] -- Up-to-date symlink: /home/pablo_kevin/ProyectoTecnologo_RoboticHandDRL/Desarrollo/simulation/ros2_robotic_hand_ws/install/robotic_hand/share/robotic_hand//meshes/medio_link1.STL
[2.191s] -- Up-to-date symlink: /home/pablo_kevin/ProyectoTecnologo_RoboticHandDRL/Desarrollo/simulation/ros2_robotic_hand_ws/install/robotic_hand/share/robotic_hand//meshes/medio_link2.STL
[2.191s] -- Up-to-date symlink: /home/pablo_kevin/ProyectoTecnologo_RoboticHandDRL/Desarrollo/simulation/ros2_robotic_hand_ws/install/robotic_hand/share/robotic_hand//meshes/menique_link0.STL
[2.191s] -- Up-to-date symlink: /home/pablo_kevin/ProyectoTecnologo_RoboticHandDRL/Desarrollo/simulation/ros2_robotic_hand_ws/install/robotic_hand/share/robotic_hand//meshes/menique_link1.STL
[2.191s] -- Up-to-date symlink: /home/pablo_kevin/ProyectoTecnologo_RoboticHandDRL/Desarrollo/simulation/ros2_robotic_hand_ws/install/robotic_hand/share/robotic_hand//meshes/menique_link2.STL
[2.192s] -- Up-to-date symlink: /home/pablo_kevin/ProyectoTecnologo_RoboticHandDRL/Desarrollo/simulation/ros2_robotic_hand_ws/install/robotic_hand/share/robotic_hand//meshes/palma_dorso_link.STL
[2.192s] -- Up-to-date symlink: /home/pablo_kevin/ProyectoTecnologo_RoboticHandDRL/Desarrollo/simulation/ros2_robotic_hand_ws/install/robotic_hand/share/robotic_hand//meshes/pulgar_link0.STL
[2.192s] -- Up-to-date symlink: /home/pablo_kevin/ProyectoTecnologo_RoboticHandDRL/Desarrollo/simulation/ros2_robotic_hand_ws/install/robotic_hand/share/robotic_hand//meshes/pulgar_link1.STL
[2.192s] -- Up-to-date symlink: /home/pablo_kevin/ProyectoTecnologo_RoboticHandDRL/Desarrollo/simulation/ros2_robotic_hand_ws/install/robotic_hand/share/robotic_hand//launch/robotic_hand_gazebo.launch.py
[2.193s] -- Up-to-date symlink: /home/pablo_kevin/ProyectoTecnologo_RoboticHandDRL/Desarrollo/simulation/ros2_robotic_hand_ws/install/robotic_hand/share/robotic_hand//launch/ros_gazebo.launch.py
[2.193s] -- Up-to-date symlink: /home/pablo_kevin/ProyectoTecnologo_RoboticHandDRL/Desarrollo/simulation/ros2_robotic_hand_ws/install/robotic_hand/share/robotic_hand//launch/ros_rviz.launch.py
[2.193s] -- Symlinking: /home/pablo_kevin/ProyectoTecnologo_RoboticHandDRL/Desarrollo/simulation/ros2_robotic_hand_ws/install/robotic_hand/lib/robotic_hand/test_control01.py
[2.205s] -- Symlinking: /home/pablo_kevin/ProyectoTecnologo_RoboticHandDRL/Desarrollo/simulation/ros2_robotic_hand_ws/install/robotic_hand/share/robotic_hand/config/config/hand_controllers.yaml
[2.217s] -- Symlinking: /home/pablo_kevin/ProyectoTecnologo_RoboticHandDRL/Desarrollo/simulation/ros2_robotic_hand_ws/install/robotic_hand/share/robotic_hand/config/config/robotic_hand_v1.rviz
[2.231s] -- Up-to-date symlink: /home/pablo_kevin/ProyectoTecnologo_RoboticHandDRL/Desarrollo/simulation/ros2_robotic_hand_ws/install/robotic_hand/share/robotic_hand/worlds/empty.sdf
[2.231s] -- Up-to-date symlink: /home/pablo_kevin/ProyectoTecnologo_RoboticHandDRL/Desarrollo/simulation/ros2_robotic_hand_ws/install/robotic_hand/share/robotic_hand/worlds/test_world.world
[2.231s] -- Up-to-date symlink: /home/pablo_kevin/ProyectoTecnologo_RoboticHandDRL/Desarrollo/simulation/ros2_robotic_hand_ws/install/robotic_hand/share/robotic_hand/description/robotic_hand.urdf.xacro
[2.232s] -- Up-to-date symlink: /home/pablo_kevin/ProyectoTecnologo_RoboticHandDRL/Desarrollo/simulation/ros2_robotic_hand_ws/install/robotic_hand/share/ament_index/resource_index/package_run_dependencies/robotic_hand
[2.232s] -- Up-to-date symlink: /home/pablo_kevin/ProyectoTecnologo_RoboticHandDRL/Desarrollo/simulation/ros2_robotic_hand_ws/install/robotic_hand/share/ament_index/resource_index/parent_prefix_path/robotic_hand
[2.232s] -- Up-to-date symlink: /home/pablo_kevin/ProyectoTecnologo_RoboticHandDRL/Desarrollo/simulation/ros2_robotic_hand_ws/install/robotic_hand/share/robotic_hand/environment/ament_prefix_path.sh
[2.232s] -- Up-to-date symlink: /home/pablo_kevin/ProyectoTecnologo_RoboticHandDRL/Desarrollo/simulation/ros2_robotic_hand_ws/install/robotic_hand/share/robotic_hand/environment/ament_prefix_path.dsv
[2.232s] -- Up-to-date symlink: /home/pablo_kevin/ProyectoTecnologo_RoboticHandDRL/Desarrollo/simulation/ros2_robotic_hand_ws/install/robotic_hand/share/robotic_hand/environment/path.sh
[2.233s] -- Up-to-date symlink: /home/pablo_kevin/ProyectoTecnologo_RoboticHandDRL/Desarrollo/simulation/ros2_robotic_hand_ws/install/robotic_hand/share/robotic_hand/environment/path.dsv
[2.233s] -- Up-to-date symlink: /home/pablo_kevin/ProyectoTecnologo_RoboticHandDRL/Desarrollo/simulation/ros2_robotic_hand_ws/install/robotic_hand/share/robotic_hand/local_setup.bash
[2.233s] -- Up-to-date symlink: /home/pablo_kevin/ProyectoTecnologo_RoboticHandDRL/Desarrollo/simulation/ros2_robotic_hand_ws/install/robotic_hand/share/robotic_hand/local_setup.sh
[2.233s] -- Up-to-date symlink: /home/pablo_kevin/ProyectoTecnologo_RoboticHandDRL/Desarrollo/simulation/ros2_robotic_hand_ws/install/robotic_hand/share/robotic_hand/local_setup.zsh
[2.233s] -- Up-to-date symlink: /home/pablo_kevin/ProyectoTecnologo_RoboticHandDRL/Desarrollo/simulation/ros2_robotic_hand_ws/install/robotic_hand/share/robotic_hand/local_setup.dsv
[2.234s] -- Symlinking: /home/pablo_kevin/ProyectoTecnologo_RoboticHandDRL/Desarrollo/simulation/ros2_robotic_hand_ws/install/robotic_hand/share/robotic_hand/package.dsv
[2.248s] -- Up-to-date symlink: /home/pablo_kevin/ProyectoTecnologo_RoboticHandDRL/Desarrollo/simulation/ros2_robotic_hand_ws/install/robotic_hand/share/ament_index/resource_index/packages/robotic_hand
[2.248s] -- Up-to-date symlink: /home/pablo_kevin/ProyectoTecnologo_RoboticHandDRL/Desarrollo/simulation/ros2_robotic_hand_ws/install/robotic_hand/share/robotic_hand/cmake/robotic_handConfig.cmake
[2.248s] -- Up-to-date symlink: /home/pablo_kevin/ProyectoTecnologo_RoboticHandDRL/Desarrollo/simulation/ros2_robotic_hand_ws/install/robotic_hand/share/robotic_hand/cmake/robotic_handConfig-version.cmake
[2.248s] -- Up-to-date symlink: /home/pablo_kevin/ProyectoTecnologo_RoboticHandDRL/Desarrollo/simulation/ros2_robotic_hand_ws/install/robotic_hand/share/robotic_hand/package.xml
[2.250s] Invoked command in '/home/pablo_kevin/ProyectoTecnologo_RoboticHandDRL/Desarrollo/simulation/ros2_robotic_hand_ws/build/robotic_hand' returned '0': CMAKE_PREFIX_PATH=${CMAKE_PREFIX_PATH}:/opt/ros/jazzy CONDA_PROMPT_MODIFIER=(base) DEBUGINFOD_URLS=https://debuginfod.ubuntu.com /usr/bin/cmake --install /home/pablo_kevin/ProyectoTecnologo_RoboticHandDRL/Desarrollo/simulation/ros2_robotic_hand_ws/build/robotic_hand
