[0.009s] Invoking command in '/home/pablo_kevin/ProyectoTecnologo_RoboticHandDRL/Desarrollo/simulation/ros2_robotic_hand_ws/build/robotic_hand': CMAKE_PREFIX_PATH=${CMAKE_PREFIX_PATH}:/opt/ros/jazzy CONDA_PROMPT_MODIFIER=(base) DEBUGINFOD_URLS=https://debuginfod.ubuntu.com /usr/bin/cmake --build /home/pablo_kevin/ProyectoTecnologo_RoboticHandDRL/Desarrollo/simulation/ros2_robotic_hand_ws/build/robotic_hand -- -j20 -l20
[0.210s] -- Found ament_cmake: 2.5.3 (/opt/ros/jazzy/share/ament_cmake/cmake)
[0.278s] -- Override CMake install command with custom implementation using symlinks instead of copying resources
[0.284s] -- Found rclpy: 7.1.3 (/opt/ros/jazzy/share/rclpy/cmake)
[0.284s] -- Found std_msgs: 5.3.5 (/opt/ros/jazzy/share/std_msgs/cmake)
[0.304s] -- Found rosidl_generator_c: 4.6.5 (/opt/ros/jazzy/share/rosidl_generator_c/cmake)
[0.310s] -- Found rosidl_generator_cpp: 4.6.5 (/opt/ros/jazzy/share/rosidl_generator_cpp/cmake)
[0.319s] -- Using all available rosidl_typesupport_c: rosidl_typesupport_fastrtps_c;rosidl_typesupport_introspection_c
[0.328s] -- Using all available rosidl_typesupport_cpp: rosidl_typesupport_fastrtps_cpp;rosidl_typesupport_introspection_cpp
[0.347s] -- Found sensor_msgs: 5.3.5 (/opt/ros/jazzy/share/sensor_msgs/cmake)
[0.383s] -- Found urdf: 2.10.0 (/opt/ros/jazzy/share/urdf/cmake)
[0.388s] -- Found TinyXML2 via Config file: /usr/lib/x86_64-linux-gnu/cmake/tinyxml2
[0.391s] -- Looking for gz-sim8 -- found version 8.7.0
[0.395s] -- Searching for dependencies of gz-sim8
[0.395s] -- Looking for sdformat14 -- found version 14.6.0
[0.395s] -- Searching for dependencies of sdformat14
[0.400s] -- Checking for module 'tinyxml2'
[0.416s] --   Found tinyxml2, version 10.0.0
[0.495s] -- Looking for gz-math7 -- found version 7.5.1
[0.495s] -- Searching for dependencies of gz-math7
[0.496s] -- Looking for gz-utils2 -- found version 2.2.0
[0.497s] -- Searching for dependencies of gz-utils2
[0.501s] -- Looking for gz-utils2 -- found version 2.2.0
[0.502s] -- Searching for dependencies of gz-utils2
[0.502s] -- Searching for <gz-utils2> component [cli]
[0.503s] -- Looking for gz-utils2-cli -- found version 2.2.0
[0.504s] -- Searching for dependencies of gz-utils2-cli
[0.508s] -- Looking for gz-plugin2 -- found version 2.0.3
[0.508s] -- Searching for dependencies of gz-plugin2
[0.509s] -- Looking for gz-utils2 -- found version 2.2.0
[0.511s] -- Searching for <gz-plugin2> component [loader]
[0.511s] -- Looking for gz-plugin2-loader -- found version 2.0.3
[0.512s] -- Searching for dependencies of gz-plugin2-loader
[0.513s] -- Searching for <gz-plugin2> component [register]
[0.513s] -- Looking for gz-plugin2-register -- found version 2.0.3
[0.514s] -- Searching for dependencies of gz-plugin2-register
[0.515s] -- Looking for gz-transport13 -- found version 13.4.0
[0.515s] -- Searching for dependencies of gz-transport13
[0.540s] -- Config-file not installed for ZeroMQ -- checking for pkg-config
[0.545s] -- Checking for module 'libzmq >= 4'
[0.559s] --   Found libzmq, version 4.3.5
[0.678s] -- Checking for module 'uuid'
[0.723s] --   Found uuid, version 2.39.3
[0.821s] -- Looking for gz-utils2 -- found version 2.2.0
[0.822s] -- Looking for gz-msgs10 -- found version 10.3.1
[0.822s] -- Searching for dependencies of gz-msgs10
[0.855s] -- Looking for gz-utils2 -- found version 2.2.0
[0.855s] -- Looking for gz-math7 -- found version 7.5.1
[1.069s] -- Searching for <gz-transport13> component [log]
[1.070s] -- Looking for gz-transport13-log -- found version 13.4.0
[1.070s] -- Searching for dependencies of gz-transport13-log
[1.071s] -- Searching for <gz-transport13> component [parameters]
[1.071s] -- Looking for gz-transport13-parameters -- found version 13.4.0
[1.071s] -- Searching for dependencies of gz-transport13-parameters
[1.072s] -- Looking for gz-msgs10 -- found version 10.3.1
[1.073s] -- Looking for gz-common5 -- found version 5.7.0
[1.073s] -- Searching for dependencies of gz-common5
[1.073s] -- Looking for gz-utils2 -- found version 2.2.0
[1.074s] -- Looking for dlfcn.h - found
[1.074s] -- Looking for libdl - found
[1.083s] -- Searching for <gz-common5> component [av]
[1.084s] -- Looking for gz-common5-av -- found version 5.7.0
[1.084s] -- Searching for dependencies of gz-common5-av
[1.091s] -- Checking for module 'libswscale'
[1.115s] --   Found libswscale, version 7.5.100
[1.226s] -- Checking for module 'libavdevice >= 56.4.100'
[1.268s] --   Found libavdevice, version 60.3.100
[1.412s] -- Checking for module 'libavformat'
[1.444s] --   Found libavformat, version 60.16.100
[1.565s] -- Checking for module 'libavcodec'
[1.611s] --   Found libavcodec, version 60.31.102
[1.704s] -- Checking for module 'libavutil'
[1.734s] --   Found libavutil, version 58.29.100
[1.831s] -- Searching for <gz-common5> component [events]
[1.832s] -- Looking for gz-common5-events -- found version 5.7.0
[1.833s] -- Searching for dependencies of gz-common5-events
[1.834s] -- Looking for gz-math7 -- found version 7.5.1
[1.835s] -- Searching for <gz-common5> component [graphics]
[1.836s] -- Looking for gz-common5-graphics -- found version 5.7.0
[1.837s] -- Searching for dependencies of gz-common5-graphics
[1.838s] -- Looking for gz-math7 -- found version 7.5.1
[1.842s] -- Searching for <gz-common5> component [io]
[1.842s] -- Looking for gz-common5-io -- found version 5.7.0
[1.842s] -- Searching for dependencies of gz-common5-io
[1.843s] -- Searching for <gz-common5> component [profiler]
[1.843s] -- Looking for gz-common5-profiler -- found version 5.7.0
[1.844s] -- Searching for dependencies of gz-common5-profiler
[1.844s] -- Looking for gz-fuel_tools9 -- found version 9.1.0
[1.844s] -- Searching for dependencies of gz-fuel_tools9
[1.907s] -- Checking for module 'jsoncpp'
[1.942s] --   Found jsoncpp, version 1.9.5
[2.055s] -- Checking for module 'yaml-0.1'
[2.094s] --   Found yaml-0.1, version 0.2.5
[2.206s] -- Checking for module 'libzip'
[2.249s] --   Found libzip, version 1.7.3
[2.349s] -- Looking for gz-utils2 -- found version 2.2.0
[2.350s] -- Looking for gz-common5 -- found version 5.7.0
[2.351s] -- Searching for dependencies of gz-common5
[2.352s] -- Looking for gz-utils2 -- found version 2.2.0
[2.352s] -- Looking for dlfcn.h - found
[2.353s] -- Looking for libdl - found
[2.365s] -- Searching for <gz-common5> component [testing]
[2.366s] -- Looking for gz-common5-testing -- found version 5.7.0
[2.366s] -- Searching for dependencies of gz-common5-testing
[2.367s] -- Looking for gz-math7 -- found version 7.5.1
[2.367s] -- Looking for gz-msgs10 -- found version 10.3.1
[2.368s] -- Looking for gz-gui8 -- found version 8.3.0
[2.368s] -- Searching for dependencies of gz-gui8
[2.388s] -- Looking for gz-utils2 -- found version 2.2.0
[2.388s] -- Looking for gz-math7 -- found version 7.5.1
[2.388s] -- Looking for gz-common5 -- found version 5.7.0
[2.389s] -- Looking for gz-plugin2 -- found version 2.0.3
[2.389s] -- Looking for gz-transport13 -- found version 13.4.0
[2.389s] -- Looking for gz-rendering8 -- found version 8.2.1
[2.389s] -- Searching for dependencies of gz-rendering8
[2.389s] -- Looking for gz-math7 -- found version 7.5.1
[2.389s] -- Searching for dependencies of gz-math7
[2.390s] -- Looking for gz-utils2 -- found version 2.2.0
[2.390s] -- Searching for <gz-math7> component [eigen3]
[2.390s] -- Looking for gz-math7-eigen3 -- found version 7.5.1
[2.390s] -- Searching for dependencies of gz-math7-eigen3
[2.391s] -- Looking for gz-common5 -- found version 5.7.0
[2.391s] -- Searching for dependencies of gz-common5
[2.392s] -- Looking for gz-utils2 -- found version 2.2.0
[2.392s] -- Looking for dlfcn.h - found
[2.392s] -- Looking for libdl - found
[2.400s] -- Searching for <gz-common5> component [graphics]
[2.400s] -- Searching for <gz-common5> component [events]
[2.400s] -- Searching for <gz-common5> component [geospatial]
[2.400s] -- Looking for gz-common5-geospatial -- found version 5.7.0
[2.400s] -- Searching for dependencies of gz-common5-geospatial
[2.401s] -- Looking for gz-math7 -- found version 7.5.1
[2.401s] -- Looking for gz-common5 -- found version 5.7.0
[2.402s] -- Looking for gz-plugin2 -- found version 2.0.3
[2.402s] -- Searching for dependencies of gz-plugin2
[2.402s] -- Looking for gz-utils2 -- found version 2.2.0
[2.402s] -- Searching for <gz-plugin2> component [all]
[2.402s] -- Looking for all libraries of gz-plugin2 -- found version 2.0.3
[2.403s] -- Looking for gz-plugin2 -- found version 2.0.3
[2.403s] -- Looking for gz-utils2 -- found version 2.2.0
[2.406s] -- Looking for gz-msgs10 -- found version 10.3.1
[2.417s] -- Looking for gz-physics7 -- found version 7.4.0
[2.418s] -- Searching for dependencies of gz-physics7
[2.418s] -- Looking for gz-common5 -- found version 5.7.0
[2.418s] -- Looking for gz-math7 -- found version 7.5.1
[2.418s] -- Looking for gz-plugin2 -- found version 2.0.3
[2.418s] -- Looking for gz-utils2 -- found version 2.2.0
[2.419s] -- Searching for <gz-physics7> component [heightmap]
[2.420s] -- Looking for gz-physics7-heightmap -- found version 7.4.0
[2.420s] -- Searching for dependencies of gz-physics7-heightmap
[2.420s] -- Looking for gz-common5 -- found version 5.7.0
[2.421s] -- Searching for <gz-physics7> component [mesh]
[2.421s] -- Looking for gz-physics7-mesh -- found version 7.4.0
[2.421s] -- Searching for dependencies of gz-physics7-mesh
[2.421s] -- Looking for gz-common5 -- found version 5.7.0
[2.421s] -- Searching for <gz-physics7> component [sdf]
[2.422s] -- Looking for gz-physics7-sdf -- found version 7.4.0
[2.422s] -- Searching for dependencies of gz-physics7-sdf
[2.422s] -- Looking for sdformat14 -- found version 14.6.0
[2.423s] -- Looking for gz-sensors8 -- found version 8.2.1
[2.423s] -- Searching for dependencies of gz-sensors8
[2.438s] -- Looking for gz-math7 -- found version 7.5.1
[2.438s] -- Looking for gz-common5 -- found version 5.7.0
[2.439s] -- Looking for gz-transport13 -- found version 13.4.0
[2.439s] -- Looking for gz-rendering8 -- found version 8.2.1
[2.439s] -- Looking for gz-msgs10 -- found version 10.3.1
[2.440s] -- Looking for sdformat14 -- found version 14.6.0
[2.440s] -- Searching for <gz-sensors8> component [air_pressure]
[2.440s] -- Looking for gz-sensors8-air_pressure -- found version 8.2.1
[2.440s] -- Searching for dependencies of gz-sensors8-air_pressure
[2.441s] -- Searching for <gz-sensors8> component [air_speed]
[2.441s] -- Looking for gz-sensors8-air_speed -- found version 8.2.1
[2.441s] -- Searching for dependencies of gz-sensors8-air_speed
[2.441s] -- Searching for <gz-sensors8> component [altimeter]
[2.442s] -- Looking for gz-sensors8-altimeter -- found version 8.2.1
[2.442s] -- Searching for dependencies of gz-sensors8-altimeter
[2.442s] -- Searching for <gz-sensors8> component [imu]
[2.443s] -- Looking for gz-sensors8-imu -- found version 8.2.1
[2.443s] -- Searching for dependencies of gz-sensors8-imu
[2.443s] -- Searching for <gz-sensors8> component [force_torque]
[2.443s] -- Looking for gz-sensors8-force_torque -- found version 8.2.1
[2.443s] -- Searching for dependencies of gz-sensors8-force_torque
[2.444s] -- Searching for <gz-sensors8> component [logical_camera]
[2.444s] -- Looking for gz-sensors8-logical_camera -- found version 8.2.1
[2.444s] -- Searching for dependencies of gz-sensors8-logical_camera
[2.444s] -- Searching for <gz-sensors8> component [magnetometer]
[2.445s] -- Looking for gz-sensors8-magnetometer -- found version 8.2.1
[2.445s] -- Searching for dependencies of gz-sensors8-magnetometer
[2.445s] -- Searching for <gz-sensors8> component [navsat]
[2.445s] -- Looking for gz-sensors8-navsat -- found version 8.2.1
[2.446s] -- Searching for dependencies of gz-sensors8-navsat
[2.446s] -- Searching for <gz-sensors8> component [dvl]
[2.446s] -- Looking for gz-sensors8-dvl -- found version 8.2.1
[2.446s] -- Searching for dependencies of gz-sensors8-dvl
[2.446s] -- Looking for gz-sensors8 -- found version 8.2.1
[2.447s] -- Searching for dependencies of gz-sensors8
[2.462s] -- Looking for gz-math7 -- found version 7.5.1
[2.462s] -- Looking for gz-common5 -- found version 5.7.0
[2.463s] -- Looking for gz-transport13 -- found version 13.4.0
[2.463s] -- Looking for gz-rendering8 -- found version 8.2.1
[2.463s] -- Looking for gz-msgs10 -- found version 10.3.1
[2.464s] -- Looking for sdformat14 -- found version 14.6.0
[2.464s] -- Searching for <gz-sensors8> component [rendering]
[2.464s] -- Looking for gz-sensors8-rendering -- found version 8.2.1
[2.464s] -- Searching for dependencies of gz-sensors8-rendering
[2.465s] -- Searching for <gz-sensors8> component [rendering]
[2.466s] -- Searching for <gz-sensors8> component [lidar]
[2.466s] -- Looking for gz-sensors8-lidar -- found version 8.2.1
[2.466s] -- Searching for dependencies of gz-sensors8-lidar
[2.466s] -- Looking for gz-sensors8 -- found version 8.2.1
[2.467s] -- Searching for <gz-sensors8> component [gpu_lidar]
[2.467s] -- Looking for gz-sensors8-gpu_lidar -- found version 8.2.1
[2.468s] -- Searching for dependencies of gz-sensors8-gpu_lidar
[2.468s] -- Looking for gz-sensors8 -- found version 8.2.1
[2.469s] -- Searching for <gz-sensors8> component [camera]
[2.469s] -- Looking for gz-sensors8-camera -- found version 8.2.1
[2.469s] -- Searching for dependencies of gz-sensors8-camera
[2.469s] -- Looking for gz-sensors8 -- found version 8.2.1
[2.470s] -- Searching for <gz-sensors8> component [boundingbox_camera]
[2.470s] -- Looking for gz-sensors8-boundingbox_camera -- found version 8.2.1
[2.470s] -- Searching for dependencies of gz-sensors8-boundingbox_camera
[2.471s] -- Searching for <gz-sensors8> component [segmentation_camera]
[2.471s] -- Looking for gz-sensors8-segmentation_camera -- found version 8.2.1
[2.471s] -- Searching for dependencies of gz-sensors8-segmentation_camera
[2.471s] -- Searching for <gz-sensors8> component [depth_camera]
[2.472s] -- Looking for gz-sensors8-depth_camera -- found version 8.2.1
[2.472s] -- Searching for dependencies of gz-sensors8-depth_camera
[2.472s] -- Looking for gz-sensors8 -- found version 8.2.1
[2.473s] -- Searching for <gz-sensors8> component [rgbd_camera]
[2.473s] -- Looking for gz-sensors8-rgbd_camera -- found version 8.2.1
[2.473s] -- Searching for dependencies of gz-sensors8-rgbd_camera
[2.473s] -- Looking for gz-sensors8 -- found version 8.2.1
[2.474s] -- Searching for <gz-sensors8> component [thermal_camera]
[2.474s] -- Looking for gz-sensors8-thermal_camera -- found version 8.2.1
[2.474s] -- Searching for dependencies of gz-sensors8-thermal_camera
[2.474s] -- Looking for gz-sensors8 -- found version 8.2.1
[2.475s] -- Searching for <gz-sensors8> component [wide_angle_camera]
[2.475s] -- Looking for gz-sensors8-wide_angle_camera -- found version 8.2.1
[2.476s] -- Searching for dependencies of gz-sensors8-wide_angle_camera
[2.476s] -- Looking for gz-rendering8 -- found version 8.2.1
[2.476s] -- Looking for gz-math7 -- found version 7.5.1
[2.477s] -- Looking for gz-utils2 -- found version 2.2.0
[2.494s] -- Found trajectory_msgs: 5.3.5 (/opt/ros/jazzy/share/trajectory_msgs/cmake)
[2.583s] -- Configuring done (2.5s)
[2.587s] -- Generating done (0.0s)
[2.589s] -- Build files have been written to: /home/pablo_kevin/ProyectoTecnologo_RoboticHandDRL/Desarrollo/simulation/ros2_robotic_hand_ws/build/robotic_hand
[2.619s] Invoked command in '/home/pablo_kevin/ProyectoTecnologo_RoboticHandDRL/Desarrollo/simulation/ros2_robotic_hand_ws/build/robotic_hand' returned '0': CMAKE_PREFIX_PATH=${CMAKE_PREFIX_PATH}:/opt/ros/jazzy CONDA_PROMPT_MODIFIER=(base) DEBUGINFOD_URLS=https://debuginfod.ubuntu.com /usr/bin/cmake --build /home/pablo_kevin/ProyectoTecnologo_RoboticHandDRL/Desarrollo/simulation/ros2_robotic_hand_ws/build/robotic_hand -- -j20 -l20
[2.637s] Invoking command in '/home/pablo_kevin/ProyectoTecnologo_RoboticHandDRL/Desarrollo/simulation/ros2_robotic_hand_ws/build/robotic_hand': CMAKE_PREFIX_PATH=${CMAKE_PREFIX_PATH}:/opt/ros/jazzy CONDA_PROMPT_MODIFIER=(base) DEBUGINFOD_URLS=https://debuginfod.ubuntu.com /usr/bin/cmake --install /home/pablo_kevin/ProyectoTecnologo_RoboticHandDRL/Desarrollo/simulation/ros2_robotic_hand_ws/build/robotic_hand
[2.653s] -- Install configuration: ""
[2.654s] -- Execute custom install script
[2.655s] -- Up-to-date symlink: /home/pablo_kevin/ProyectoTecnologo_RoboticHandDRL/Desarrollo/simulation/ros2_robotic_hand_ws/install/robotic_hand/share/robotic_hand//urdf/robotic_hand.sdf
[2.656s] -- Up-to-date symlink: /home/pablo_kevin/ProyectoTecnologo_RoboticHandDRL/Desarrollo/simulation/ros2_robotic_hand_ws/install/robotic_hand/share/robotic_hand//urdf/ros2_control/gazebo/robotic_hand.urdf.xacro
[2.656s] -- Up-to-date symlink: /home/pablo_kevin/ProyectoTecnologo_RoboticHandDRL/Desarrollo/simulation/ros2_robotic_hand_ws/install/robotic_hand/share/robotic_hand//urdf/ros2_control/gazebo/robotic_hand_ros2_control.xacro
[2.657s] -- Up-to-date symlink: /home/pablo_kevin/ProyectoTecnologo_RoboticHandDRL/Desarrollo/simulation/ros2_robotic_hand_ws/install/robotic_hand/share/robotic_hand//meshes/anular_link0.STL
[2.658s] -- Up-to-date symlink: /home/pablo_kevin/ProyectoTecnologo_RoboticHandDRL/Desarrollo/simulation/ros2_robotic_hand_ws/install/robotic_hand/share/robotic_hand//meshes/anular_link1.STL
[2.658s] -- Up-to-date symlink: /home/pablo_kevin/ProyectoTecnologo_RoboticHandDRL/Desarrollo/simulation/ros2_robotic_hand_ws/install/robotic_hand/share/robotic_hand//meshes/anular_link2.STL
[2.658s] -- Up-to-date symlink: /home/pablo_kevin/ProyectoTecnologo_RoboticHandDRL/Desarrollo/simulation/ros2_robotic_hand_ws/install/robotic_hand/share/robotic_hand//meshes/conectores_links.STL
[2.658s] -- Up-to-date symlink: /home/pablo_kevin/ProyectoTecnologo_RoboticHandDRL/Desarrollo/simulation/ros2_robotic_hand_ws/install/robotic_hand/share/robotic_hand//meshes/indice_link0.STL
[2.658s] -- Up-to-date symlink: /home/pablo_kevin/ProyectoTecnologo_RoboticHandDRL/Desarrollo/simulation/ros2_robotic_hand_ws/install/robotic_hand/share/robotic_hand//meshes/indice_link1.STL
[2.658s] -- Up-to-date symlink: /home/pablo_kevin/ProyectoTecnologo_RoboticHandDRL/Desarrollo/simulation/ros2_robotic_hand_ws/install/robotic_hand/share/robotic_hand//meshes/indice_link2.STL
[2.659s] -- Up-to-date symlink: /home/pablo_kevin/ProyectoTecnologo_RoboticHandDRL/Desarrollo/simulation/ros2_robotic_hand_ws/install/robotic_hand/share/robotic_hand//meshes/medio_link0.STL
[2.659s] -- Up-to-date symlink: /home/pablo_kevin/ProyectoTecnologo_RoboticHandDRL/Desarrollo/simulation/ros2_robotic_hand_ws/install/robotic_hand/share/robotic_hand//meshes/medio_link1.STL
[2.659s] -- Up-to-date symlink: /home/pablo_kevin/ProyectoTecnologo_RoboticHandDRL/Desarrollo/simulation/ros2_robotic_hand_ws/install/robotic_hand/share/robotic_hand//meshes/medio_link2.STL
[2.659s] -- Up-to-date symlink: /home/pablo_kevin/ProyectoTecnologo_RoboticHandDRL/Desarrollo/simulation/ros2_robotic_hand_ws/install/robotic_hand/share/robotic_hand//meshes/menique_link0.STL
[2.659s] -- Up-to-date symlink: /home/pablo_kevin/ProyectoTecnologo_RoboticHandDRL/Desarrollo/simulation/ros2_robotic_hand_ws/install/robotic_hand/share/robotic_hand//meshes/menique_link1.STL
[2.660s] -- Up-to-date symlink: /home/pablo_kevin/ProyectoTecnologo_RoboticHandDRL/Desarrollo/simulation/ros2_robotic_hand_ws/install/robotic_hand/share/robotic_hand//meshes/menique_link2.STL
[2.660s] -- Up-to-date symlink: /home/pablo_kevin/ProyectoTecnologo_RoboticHandDRL/Desarrollo/simulation/ros2_robotic_hand_ws/install/robotic_hand/share/robotic_hand//meshes/palma_dorso_link.STL
[2.660s] -- Up-to-date symlink: /home/pablo_kevin/ProyectoTecnologo_RoboticHandDRL/Desarrollo/simulation/ros2_robotic_hand_ws/install/robotic_hand/share/robotic_hand//meshes/pulgar_link0.STL
[2.660s] -- Up-to-date symlink: /home/pablo_kevin/ProyectoTecnologo_RoboticHandDRL/Desarrollo/simulation/ros2_robotic_hand_ws/install/robotic_hand/share/robotic_hand//meshes/pulgar_link1.STL
[2.661s] -- Up-to-date symlink: /home/pablo_kevin/ProyectoTecnologo_RoboticHandDRL/Desarrollo/simulation/ros2_robotic_hand_ws/install/robotic_hand/share/robotic_hand//launch/robotic_hand_gazebo.launch.py
[2.661s] -- Up-to-date symlink: /home/pablo_kevin/ProyectoTecnologo_RoboticHandDRL/Desarrollo/simulation/ros2_robotic_hand_ws/install/robotic_hand/lib/robotic_hand/finger_control.py
[2.661s] -- Up-to-date symlink: /home/pablo_kevin/ProyectoTecnologo_RoboticHandDRL/Desarrollo/simulation/ros2_robotic_hand_ws/install/robotic_hand/share/robotic_hand//config/hand_controllers.yaml
[2.662s] -- Symlinking: /home/pablo_kevin/ProyectoTecnologo_RoboticHandDRL/Desarrollo/simulation/ros2_robotic_hand_ws/install/robotic_hand/share/robotic_hand/worlds/empty.sdf
[2.678s] -- Up-to-date symlink: /home/pablo_kevin/ProyectoTecnologo_RoboticHandDRL/Desarrollo/simulation/ros2_robotic_hand_ws/install/robotic_hand/share/ament_index/resource_index/package_run_dependencies/robotic_hand
[2.678s] -- Up-to-date symlink: /home/pablo_kevin/ProyectoTecnologo_RoboticHandDRL/Desarrollo/simulation/ros2_robotic_hand_ws/install/robotic_hand/share/ament_index/resource_index/parent_prefix_path/robotic_hand
[2.679s] -- Up-to-date symlink: /home/pablo_kevin/ProyectoTecnologo_RoboticHandDRL/Desarrollo/simulation/ros2_robotic_hand_ws/install/robotic_hand/share/robotic_hand/environment/ament_prefix_path.sh
[2.679s] -- Up-to-date symlink: /home/pablo_kevin/ProyectoTecnologo_RoboticHandDRL/Desarrollo/simulation/ros2_robotic_hand_ws/install/robotic_hand/share/robotic_hand/environment/ament_prefix_path.dsv
[2.680s] -- Up-to-date symlink: /home/pablo_kevin/ProyectoTecnologo_RoboticHandDRL/Desarrollo/simulation/ros2_robotic_hand_ws/install/robotic_hand/share/robotic_hand/environment/path.sh
[2.680s] -- Up-to-date symlink: /home/pablo_kevin/ProyectoTecnologo_RoboticHandDRL/Desarrollo/simulation/ros2_robotic_hand_ws/install/robotic_hand/share/robotic_hand/environment/path.dsv
[2.681s] -- Up-to-date symlink: /home/pablo_kevin/ProyectoTecnologo_RoboticHandDRL/Desarrollo/simulation/ros2_robotic_hand_ws/install/robotic_hand/share/robotic_hand/local_setup.bash
[2.681s] -- Up-to-date symlink: /home/pablo_kevin/ProyectoTecnologo_RoboticHandDRL/Desarrollo/simulation/ros2_robotic_hand_ws/install/robotic_hand/share/robotic_hand/local_setup.sh
[2.681s] -- Up-to-date symlink: /home/pablo_kevin/ProyectoTecnologo_RoboticHandDRL/Desarrollo/simulation/ros2_robotic_hand_ws/install/robotic_hand/share/robotic_hand/local_setup.zsh
[2.681s] -- Up-to-date symlink: /home/pablo_kevin/ProyectoTecnologo_RoboticHandDRL/Desarrollo/simulation/ros2_robotic_hand_ws/install/robotic_hand/share/robotic_hand/local_setup.dsv
[2.681s] -- Symlinking: /home/pablo_kevin/ProyectoTecnologo_RoboticHandDRL/Desarrollo/simulation/ros2_robotic_hand_ws/install/robotic_hand/share/robotic_hand/package.dsv
[2.698s] -- Up-to-date symlink: /home/pablo_kevin/ProyectoTecnologo_RoboticHandDRL/Desarrollo/simulation/ros2_robotic_hand_ws/install/robotic_hand/share/ament_index/resource_index/packages/robotic_hand
[2.698s] -- Up-to-date symlink: /home/pablo_kevin/ProyectoTecnologo_RoboticHandDRL/Desarrollo/simulation/ros2_robotic_hand_ws/install/robotic_hand/share/robotic_hand/cmake/robotic_handConfig.cmake
[2.699s] -- Up-to-date symlink: /home/pablo_kevin/ProyectoTecnologo_RoboticHandDRL/Desarrollo/simulation/ros2_robotic_hand_ws/install/robotic_hand/share/robotic_hand/cmake/robotic_handConfig-version.cmake
[2.699s] -- Up-to-date symlink: /home/pablo_kevin/ProyectoTecnologo_RoboticHandDRL/Desarrollo/simulation/ros2_robotic_hand_ws/install/robotic_hand/share/robotic_hand/package.xml
[2.702s] Invoked command in '/home/pablo_kevin/ProyectoTecnologo_RoboticHandDRL/Desarrollo/simulation/ros2_robotic_hand_ws/build/robotic_hand' returned '0': CMAKE_PREFIX_PATH=${CMAKE_PREFIX_PATH}:/opt/ros/jazzy CONDA_PROMPT_MODIFIER=(base) DEBUGINFOD_URLS=https://debuginfod.ubuntu.com /usr/bin/cmake --install /home/pablo_kevin/ProyectoTecnologo_RoboticHandDRL/Desarrollo/simulation/ros2_robotic_hand_ws/build/robotic_hand
