[0.009s] Invoking command in '/home/pablo_kevin/ProyectoTecnologo_RoboticHandDRL/Desarrollo/simulation/ros2_robotic_hand_ws/build/robotic_hand': CMAKE_PREFIX_PATH=${CMAKE_PREFIX_PATH}:/opt/ros/jazzy CONDA_PROMPT_MODIFIER=(base) DEBUGINFOD_URLS=https://debuginfod.ubuntu.com /usr/bin/cmake /home/pablo_kevin/ProyectoTecnologo_RoboticHandDRL/Desarrollo/simulation/ros2_robotic_hand_ws/src/robotic_hand -DAMENT_CMAKE_SYMLINK_INSTALL=1 -DCMAKE_INSTALL_PREFIX=/home/pablo_kevin/ProyectoTecnologo_RoboticHandDRL/Desarrollo/simulation/ros2_robotic_hand_ws/install/robotic_hand
[0.162s] -- Found ament_cmake: 2.5.3 (/opt/ros/jazzy/share/ament_cmake/cmake)
[0.237s] -- Override CMake install command with custom implementation using symlinks instead of copying resources
[0.242s] -- Found rclpy: 7.1.3 (/opt/ros/jazzy/share/rclpy/cmake)
[0.242s] -- Found std_msgs: 5.3.5 (/opt/ros/jazzy/share/std_msgs/cmake)
[0.262s] -- Found rosidl_generator_c: 4.6.5 (/opt/ros/jazzy/share/rosidl_generator_c/cmake)
[0.269s] -- Found rosidl_generator_cpp: 4.6.5 (/opt/ros/jazzy/share/rosidl_generator_cpp/cmake)
[0.277s] -- Using all available rosidl_typesupport_c: rosidl_typesupport_fastrtps_c;rosidl_typesupport_introspection_c
[0.287s] -- Using all available rosidl_typesupport_cpp: rosidl_typesupport_fastrtps_cpp;rosidl_typesupport_introspection_cpp
[0.311s] -- Found sensor_msgs: 5.3.5 (/opt/ros/jazzy/share/sensor_msgs/cmake)
[0.346s] -- Found urdf: 2.10.0 (/opt/ros/jazzy/share/urdf/cmake)
[0.352s] -- Found TinyXML2 via Config file: /usr/lib/x86_64-linux-gnu/cmake/tinyxml2
[0.355s] -- Looking for gz-sim8 -- found version 8.7.0
[0.359s] -- Searching for dependencies of gz-sim8
[0.359s] -- Looking for sdformat14 -- found version 14.6.0
[0.359s] -- Searching for dependencies of sdformat14
[0.363s] -- Checking for module 'tinyxml2'
[0.379s] --   Found tinyxml2, version 10.0.0
[0.445s] -- Looking for gz-math7 -- found version 7.5.1
[0.445s] -- Searching for dependencies of gz-math7
[0.445s] -- Looking for gz-utils2 -- found version 2.2.0
[0.446s] -- Searching for dependencies of gz-utils2
[0.449s] -- Looking for gz-utils2 -- found version 2.2.0
[0.449s] -- Searching for dependencies of gz-utils2
[0.449s] -- Searching for <gz-utils2> component [cli]
[0.450s] -- Looking for gz-utils2-cli -- found version 2.2.0
[0.450s] -- Searching for dependencies of gz-utils2-cli
[0.453s] -- Looking for gz-plugin2 -- found version 2.0.3
[0.453s] -- Searching for dependencies of gz-plugin2
[0.454s] -- Looking for gz-utils2 -- found version 2.2.0
[0.455s] -- Searching for <gz-plugin2> component [loader]
[0.455s] -- Looking for gz-plugin2-loader -- found version 2.0.3
[0.456s] -- Searching for dependencies of gz-plugin2-loader
[0.456s] -- Searching for <gz-plugin2> component [register]
[0.457s] -- Looking for gz-plugin2-register -- found version 2.0.3
[0.457s] -- Searching for dependencies of gz-plugin2-register
[0.458s] -- Looking for gz-transport13 -- found version 13.4.0
[0.458s] -- Searching for dependencies of gz-transport13
[0.482s] -- Config-file not installed for ZeroMQ -- checking for pkg-config
[0.487s] -- Checking for module 'libzmq >= 4'
[0.504s] --   Found libzmq, version 4.3.5
[0.623s] -- Checking for module 'uuid'
[0.660s] --   Found uuid, version 2.39.3
[0.744s] -- Looking for gz-utils2 -- found version 2.2.0
[0.745s] -- Looking for gz-msgs10 -- found version 10.3.1
[0.745s] -- Searching for dependencies of gz-msgs10
[0.770s] -- Looking for gz-utils2 -- found version 2.2.0
[0.771s] -- Looking for gz-math7 -- found version 7.5.1
[0.976s] -- Searching for <gz-transport13> component [log]
[0.976s] -- Looking for gz-transport13-log -- found version 13.4.0
[0.976s] -- Searching for dependencies of gz-transport13-log
[0.976s] -- Searching for <gz-transport13> component [parameters]
[0.977s] -- Looking for gz-transport13-parameters -- found version 13.4.0
[0.977s] -- Searching for dependencies of gz-transport13-parameters
[0.977s] -- Looking for gz-msgs10 -- found version 10.3.1
[0.978s] -- Looking for gz-common5 -- found version 5.7.0
[0.978s] -- Searching for dependencies of gz-common5
[0.978s] -- Looking for gz-utils2 -- found version 2.2.0
[0.978s] -- Looking for dlfcn.h - found
[0.978s] -- Looking for libdl - found
[0.988s] -- Searching for <gz-common5> component [av]
[0.988s] -- Looking for gz-common5-av -- found version 5.7.0
[0.988s] -- Searching for dependencies of gz-common5-av
[0.995s] -- Checking for module 'libswscale'
[1.024s] --   Found libswscale, version 7.5.100
[1.105s] -- Checking for module 'libavdevice >= 56.4.100'
[1.132s] --   Found libavdevice, version 60.3.100
[1.235s] -- Checking for module 'libavformat'
[1.266s] --   Found libavformat, version 60.16.100
[1.385s] -- Checking for module 'libavcodec'
[1.432s] --   Found libavcodec, version 60.31.102
[1.560s] -- Checking for module 'libavutil'
[1.603s] --   Found libavutil, version 58.29.100
[1.702s] -- Searching for <gz-common5> component [events]
[1.704s] -- Looking for gz-common5-events -- found version 5.7.0
[1.704s] -- Searching for dependencies of gz-common5-events
[1.705s] -- Looking for gz-math7 -- found version 7.5.1
[1.707s] -- Searching for <gz-common5> component [graphics]
[1.708s] -- Looking for gz-common5-graphics -- found version 5.7.0
[1.709s] -- Searching for dependencies of gz-common5-graphics
[1.710s] -- Looking for gz-math7 -- found version 7.5.1
[1.715s] -- Searching for <gz-common5> component [io]
[1.715s] -- Looking for gz-common5-io -- found version 5.7.0
[1.716s] -- Searching for dependencies of gz-common5-io
[1.716s] -- Searching for <gz-common5> component [profiler]
[1.717s] -- Looking for gz-common5-profiler -- found version 5.7.0
[1.717s] -- Searching for dependencies of gz-common5-profiler
[1.718s] -- Looking for gz-fuel_tools9 -- found version 9.1.0
[1.718s] -- Searching for dependencies of gz-fuel_tools9
[1.804s] -- Checking for module 'jsoncpp'
[1.826s] --   Found jsoncpp, version 1.9.5
[1.947s] -- Checking for module 'yaml-0.1'
[1.989s] --   Found yaml-0.1, version 0.2.5
[2.058s] -- Checking for module 'libzip'
[2.102s] --   Found libzip, version 1.7.3
[2.206s] -- Looking for gz-utils2 -- found version 2.2.0
[2.207s] -- Looking for gz-common5 -- found version 5.7.0
[2.208s] -- Searching for dependencies of gz-common5
[2.209s] -- Looking for gz-utils2 -- found version 2.2.0
[2.209s] -- Looking for dlfcn.h - found
[2.210s] -- Looking for libdl - found
[2.236s] -- Searching for <gz-common5> component [testing]
[2.237s] -- Looking for gz-common5-testing -- found version 5.7.0
[2.238s] -- Searching for dependencies of gz-common5-testing
[2.240s] -- Looking for gz-math7 -- found version 7.5.1
[2.241s] -- Looking for gz-msgs10 -- found version 10.3.1
[2.242s] -- Looking for gz-gui8 -- found version 8.3.0
[2.242s] -- Searching for dependencies of gz-gui8
[2.266s] -- Looking for gz-utils2 -- found version 2.2.0
[2.267s] -- Looking for gz-math7 -- found version 7.5.1
[2.267s] -- Looking for gz-common5 -- found version 5.7.0
[2.268s] -- Looking for gz-plugin2 -- found version 2.0.3
[2.269s] -- Looking for gz-transport13 -- found version 13.4.0
[2.269s] -- Looking for gz-rendering8 -- found version 8.2.1
[2.270s] -- Searching for dependencies of gz-rendering8
[2.270s] -- Looking for gz-math7 -- found version 7.5.1
[2.270s] -- Searching for dependencies of gz-math7
[2.271s] -- Looking for gz-utils2 -- found version 2.2.0
[2.271s] -- Searching for <gz-math7> component [eigen3]
[2.272s] -- Looking for gz-math7-eigen3 -- found version 7.5.1
[2.272s] -- Searching for dependencies of gz-math7-eigen3
[2.274s] -- Looking for gz-common5 -- found version 5.7.0
[2.275s] -- Searching for dependencies of gz-common5
[2.275s] -- Looking for gz-utils2 -- found version 2.2.0
[2.276s] -- Looking for dlfcn.h - found
[2.276s] -- Looking for libdl - found
[2.292s] -- Searching for <gz-common5> component [graphics]
[2.292s] -- Searching for <gz-common5> component [events]
[2.292s] -- Searching for <gz-common5> component [geospatial]
[2.293s] -- Looking for gz-common5-geospatial -- found version 5.7.0
[2.293s] -- Searching for dependencies of gz-common5-geospatial
[2.294s] -- Looking for gz-math7 -- found version 7.5.1
[2.295s] -- Looking for gz-common5 -- found version 5.7.0
[2.296s] -- Looking for gz-plugin2 -- found version 2.0.3
[2.297s] -- Searching for dependencies of gz-plugin2
[2.297s] -- Looking for gz-utils2 -- found version 2.2.0
[2.297s] -- Searching for <gz-plugin2> component [all]
[2.298s] -- Looking for all libraries of gz-plugin2 -- found version 2.0.3
[2.299s] -- Looking for gz-plugin2 -- found version 2.0.3
[2.300s] -- Looking for gz-utils2 -- found version 2.2.0
[2.303s] -- Looking for gz-msgs10 -- found version 10.3.1
[2.314s] -- Looking for gz-physics7 -- found version 7.4.0
[2.314s] -- Searching for dependencies of gz-physics7
[2.314s] -- Looking for gz-common5 -- found version 5.7.0
[2.315s] -- Looking for gz-math7 -- found version 7.5.1
[2.315s] -- Looking for gz-plugin2 -- found version 2.0.3
[2.315s] -- Looking for gz-utils2 -- found version 2.2.0
[2.316s] -- Searching for <gz-physics7> component [heightmap]
[2.317s] -- Looking for gz-physics7-heightmap -- found version 7.4.0
[2.317s] -- Searching for dependencies of gz-physics7-heightmap
[2.317s] -- Looking for gz-common5 -- found version 5.7.0
[2.317s] -- Searching for <gz-physics7> component [mesh]
[2.317s] -- Looking for gz-physics7-mesh -- found version 7.4.0
[2.318s] -- Searching for dependencies of gz-physics7-mesh
[2.318s] -- Looking for gz-common5 -- found version 5.7.0
[2.318s] -- Searching for <gz-physics7> component [sdf]
[2.318s] -- Looking for gz-physics7-sdf -- found version 7.4.0
[2.319s] -- Searching for dependencies of gz-physics7-sdf
[2.319s] -- Looking for sdformat14 -- found version 14.6.0
[2.319s] -- Looking for gz-sensors8 -- found version 8.2.1
[2.320s] -- Searching for dependencies of gz-sensors8
[2.335s] -- Looking for gz-math7 -- found version 7.5.1
[2.335s] -- Looking for gz-common5 -- found version 5.7.0
[2.336s] -- Looking for gz-transport13 -- found version 13.4.0
[2.336s] -- Looking for gz-rendering8 -- found version 8.2.1
[2.336s] -- Looking for gz-msgs10 -- found version 10.3.1
[2.337s] -- Looking for sdformat14 -- found version 14.6.0
[2.337s] -- Searching for <gz-sensors8> component [air_pressure]
[2.337s] -- Looking for gz-sensors8-air_pressure -- found version 8.2.1
[2.337s] -- Searching for dependencies of gz-sensors8-air_pressure
[2.338s] -- Searching for <gz-sensors8> component [air_speed]
[2.338s] -- Looking for gz-sensors8-air_speed -- found version 8.2.1
[2.338s] -- Searching for dependencies of gz-sensors8-air_speed
[2.339s] -- Searching for <gz-sensors8> component [altimeter]
[2.339s] -- Looking for gz-sensors8-altimeter -- found version 8.2.1
[2.339s] -- Searching for dependencies of gz-sensors8-altimeter
[2.339s] -- Searching for <gz-sensors8> component [imu]
[2.340s] -- Looking for gz-sensors8-imu -- found version 8.2.1
[2.340s] -- Searching for dependencies of gz-sensors8-imu
[2.340s] -- Searching for <gz-sensors8> component [force_torque]
[2.340s] -- Looking for gz-sensors8-force_torque -- found version 8.2.1
[2.341s] -- Searching for dependencies of gz-sensors8-force_torque
[2.341s] -- Searching for <gz-sensors8> component [logical_camera]
[2.341s] -- Looking for gz-sensors8-logical_camera -- found version 8.2.1
[2.341s] -- Searching for dependencies of gz-sensors8-logical_camera
[2.342s] -- Searching for <gz-sensors8> component [magnetometer]
[2.342s] -- Looking for gz-sensors8-magnetometer -- found version 8.2.1
[2.342s] -- Searching for dependencies of gz-sensors8-magnetometer
[2.342s] -- Searching for <gz-sensors8> component [navsat]
[2.342s] -- Looking for gz-sensors8-navsat -- found version 8.2.1
[2.343s] -- Searching for dependencies of gz-sensors8-navsat
[2.343s] -- Searching for <gz-sensors8> component [dvl]
[2.343s] -- Looking for gz-sensors8-dvl -- found version 8.2.1
[2.343s] -- Searching for dependencies of gz-sensors8-dvl
[2.344s] -- Looking for gz-sensors8 -- found version 8.2.1
[2.344s] -- Searching for dependencies of gz-sensors8
[2.360s] -- Looking for gz-math7 -- found version 7.5.1
[2.360s] -- Looking for gz-common5 -- found version 5.7.0
[2.360s] -- Looking for gz-transport13 -- found version 13.4.0
[2.361s] -- Looking for gz-rendering8 -- found version 8.2.1
[2.361s] -- Looking for gz-msgs10 -- found version 10.3.1
[2.361s] -- Looking for sdformat14 -- found version 14.6.0
[2.361s] -- Searching for <gz-sensors8> component [rendering]
[2.362s] -- Looking for gz-sensors8-rendering -- found version 8.2.1
[2.362s] -- Searching for dependencies of gz-sensors8-rendering
[2.363s] -- Searching for <gz-sensors8> component [rendering]
[2.363s] -- Searching for <gz-sensors8> component [lidar]
[2.364s] -- Looking for gz-sensors8-lidar -- found version 8.2.1
[2.364s] -- Searching for dependencies of gz-sensors8-lidar
[2.364s] -- Looking for gz-sensors8 -- found version 8.2.1
[2.365s] -- Searching for <gz-sensors8> component [gpu_lidar]
[2.365s] -- Looking for gz-sensors8-gpu_lidar -- found version 8.2.1
[2.365s] -- Searching for dependencies of gz-sensors8-gpu_lidar
[2.365s] -- Looking for gz-sensors8 -- found version 8.2.1
[2.366s] -- Searching for <gz-sensors8> component [camera]
[2.366s] -- Looking for gz-sensors8-camera -- found version 8.2.1
[2.366s] -- Searching for dependencies of gz-sensors8-camera
[2.366s] -- Looking for gz-sensors8 -- found version 8.2.1
[2.367s] -- Searching for <gz-sensors8> component [boundingbox_camera]
[2.367s] -- Looking for gz-sensors8-boundingbox_camera -- found version 8.2.1
[2.367s] -- Searching for dependencies of gz-sensors8-boundingbox_camera
[2.368s] -- Searching for <gz-sensors8> component [segmentation_camera]
[2.368s] -- Looking for gz-sensors8-segmentation_camera -- found version 8.2.1
[2.368s] -- Searching for dependencies of gz-sensors8-segmentation_camera
[2.368s] -- Searching for <gz-sensors8> component [depth_camera]
[2.369s] -- Looking for gz-sensors8-depth_camera -- found version 8.2.1
[2.369s] -- Searching for dependencies of gz-sensors8-depth_camera
[2.369s] -- Looking for gz-sensors8 -- found version 8.2.1
[2.370s] -- Searching for <gz-sensors8> component [rgbd_camera]
[2.370s] -- Looking for gz-sensors8-rgbd_camera -- found version 8.2.1
[2.370s] -- Searching for dependencies of gz-sensors8-rgbd_camera
[2.370s] -- Looking for gz-sensors8 -- found version 8.2.1
[2.371s] -- Searching for <gz-sensors8> component [thermal_camera]
[2.371s] -- Looking for gz-sensors8-thermal_camera -- found version 8.2.1
[2.371s] -- Searching for dependencies of gz-sensors8-thermal_camera
[2.371s] -- Looking for gz-sensors8 -- found version 8.2.1
[2.372s] -- Searching for <gz-sensors8> component [wide_angle_camera]
[2.372s] -- Looking for gz-sensors8-wide_angle_camera -- found version 8.2.1
[2.372s] -- Searching for dependencies of gz-sensors8-wide_angle_camera
[2.373s] -- Looking for gz-rendering8 -- found version 8.2.1
[2.373s] -- Looking for gz-math7 -- found version 7.5.1
[2.373s] -- Looking for gz-utils2 -- found version 2.2.0
[2.392s] -- Found trajectory_msgs: 5.3.5 (/opt/ros/jazzy/share/trajectory_msgs/cmake)
[2.478s] -- Configuring done (2.5s)
[2.482s] -- Generating done (0.0s)
[2.484s] -- Build files have been written to: /home/pablo_kevin/ProyectoTecnologo_RoboticHandDRL/Desarrollo/simulation/ros2_robotic_hand_ws/build/robotic_hand
[2.494s] Invoked command in '/home/pablo_kevin/ProyectoTecnologo_RoboticHandDRL/Desarrollo/simulation/ros2_robotic_hand_ws/build/robotic_hand' returned '0': CMAKE_PREFIX_PATH=${CMAKE_PREFIX_PATH}:/opt/ros/jazzy CONDA_PROMPT_MODIFIER=(base) DEBUGINFOD_URLS=https://debuginfod.ubuntu.com /usr/bin/cmake /home/pablo_kevin/ProyectoTecnologo_RoboticHandDRL/Desarrollo/simulation/ros2_robotic_hand_ws/src/robotic_hand -DAMENT_CMAKE_SYMLINK_INSTALL=1 -DCMAKE_INSTALL_PREFIX=/home/pablo_kevin/ProyectoTecnologo_RoboticHandDRL/Desarrollo/simulation/ros2_robotic_hand_ws/install/robotic_hand
[2.494s] Invoking command in '/home/pablo_kevin/ProyectoTecnologo_RoboticHandDRL/Desarrollo/simulation/ros2_robotic_hand_ws/build/robotic_hand': CMAKE_PREFIX_PATH=${CMAKE_PREFIX_PATH}:/opt/ros/jazzy CONDA_PROMPT_MODIFIER=(base) DEBUGINFOD_URLS=https://debuginfod.ubuntu.com /usr/bin/cmake --build /home/pablo_kevin/ProyectoTecnologo_RoboticHandDRL/Desarrollo/simulation/ros2_robotic_hand_ws/build/robotic_hand -- -j20 -l20
[2.542s] Invoked command in '/home/pablo_kevin/ProyectoTecnologo_RoboticHandDRL/Desarrollo/simulation/ros2_robotic_hand_ws/build/robotic_hand' returned '0': CMAKE_PREFIX_PATH=${CMAKE_PREFIX_PATH}:/opt/ros/jazzy CONDA_PROMPT_MODIFIER=(base) DEBUGINFOD_URLS=https://debuginfod.ubuntu.com /usr/bin/cmake --build /home/pablo_kevin/ProyectoTecnologo_RoboticHandDRL/Desarrollo/simulation/ros2_robotic_hand_ws/build/robotic_hand -- -j20 -l20
[2.559s] Invoking command in '/home/pablo_kevin/ProyectoTecnologo_RoboticHandDRL/Desarrollo/simulation/ros2_robotic_hand_ws/build/robotic_hand': CMAKE_PREFIX_PATH=${CMAKE_PREFIX_PATH}:/opt/ros/jazzy CONDA_PROMPT_MODIFIER=(base) DEBUGINFOD_URLS=https://debuginfod.ubuntu.com /usr/bin/cmake --install /home/pablo_kevin/ProyectoTecnologo_RoboticHandDRL/Desarrollo/simulation/ros2_robotic_hand_ws/build/robotic_hand
[2.568s] -- Install configuration: ""
[2.568s] -- Execute custom install script
[2.569s] -- Up-to-date symlink: /home/pablo_kevin/ProyectoTecnologo_RoboticHandDRL/Desarrollo/simulation/ros2_robotic_hand_ws/install/robotic_hand/share/robotic_hand//urdf/robotic_hand.sdf
[2.569s] -- Up-to-date symlink: /home/pablo_kevin/ProyectoTecnologo_RoboticHandDRL/Desarrollo/simulation/ros2_robotic_hand_ws/install/robotic_hand/share/robotic_hand//urdf/ros2_control/gazebo/robotic_hand.urdf.xacro
[2.569s] -- Up-to-date symlink: /home/pablo_kevin/ProyectoTecnologo_RoboticHandDRL/Desarrollo/simulation/ros2_robotic_hand_ws/install/robotic_hand/share/robotic_hand//urdf/ros2_control/gazebo/robotic_hand_ros2_control.xacro
[2.569s] -- Up-to-date symlink: /home/pablo_kevin/ProyectoTecnologo_RoboticHandDRL/Desarrollo/simulation/ros2_robotic_hand_ws/install/robotic_hand/share/robotic_hand//meshes/anular_link0.STL
[2.569s] -- Up-to-date symlink: /home/pablo_kevin/ProyectoTecnologo_RoboticHandDRL/Desarrollo/simulation/ros2_robotic_hand_ws/install/robotic_hand/share/robotic_hand//meshes/anular_link1.STL
[2.570s] -- Up-to-date symlink: /home/pablo_kevin/ProyectoTecnologo_RoboticHandDRL/Desarrollo/simulation/ros2_robotic_hand_ws/install/robotic_hand/share/robotic_hand//meshes/anular_link2.STL
[2.570s] -- Up-to-date symlink: /home/pablo_kevin/ProyectoTecnologo_RoboticHandDRL/Desarrollo/simulation/ros2_robotic_hand_ws/install/robotic_hand/share/robotic_hand//meshes/conectores_links.STL
[2.570s] -- Up-to-date symlink: /home/pablo_kevin/ProyectoTecnologo_RoboticHandDRL/Desarrollo/simulation/ros2_robotic_hand_ws/install/robotic_hand/share/robotic_hand//meshes/indice_link0.STL
[2.571s] -- Up-to-date symlink: /home/pablo_kevin/ProyectoTecnologo_RoboticHandDRL/Desarrollo/simulation/ros2_robotic_hand_ws/install/robotic_hand/share/robotic_hand//meshes/indice_link1.STL
[2.571s] -- Up-to-date symlink: /home/pablo_kevin/ProyectoTecnologo_RoboticHandDRL/Desarrollo/simulation/ros2_robotic_hand_ws/install/robotic_hand/share/robotic_hand//meshes/indice_link2.STL
[2.571s] -- Up-to-date symlink: /home/pablo_kevin/ProyectoTecnologo_RoboticHandDRL/Desarrollo/simulation/ros2_robotic_hand_ws/install/robotic_hand/share/robotic_hand//meshes/medio_link0.STL
[2.571s] -- Up-to-date symlink: /home/pablo_kevin/ProyectoTecnologo_RoboticHandDRL/Desarrollo/simulation/ros2_robotic_hand_ws/install/robotic_hand/share/robotic_hand//meshes/medio_link1.STL
[2.571s] -- Up-to-date symlink: /home/pablo_kevin/ProyectoTecnologo_RoboticHandDRL/Desarrollo/simulation/ros2_robotic_hand_ws/install/robotic_hand/share/robotic_hand//meshes/medio_link2.STL
[2.571s] -- Up-to-date symlink: /home/pablo_kevin/ProyectoTecnologo_RoboticHandDRL/Desarrollo/simulation/ros2_robotic_hand_ws/install/robotic_hand/share/robotic_hand//meshes/menique_link0.STL
[2.571s] -- Up-to-date symlink: /home/pablo_kevin/ProyectoTecnologo_RoboticHandDRL/Desarrollo/simulation/ros2_robotic_hand_ws/install/robotic_hand/share/robotic_hand//meshes/menique_link1.STL
[2.571s] -- Up-to-date symlink: /home/pablo_kevin/ProyectoTecnologo_RoboticHandDRL/Desarrollo/simulation/ros2_robotic_hand_ws/install/robotic_hand/share/robotic_hand//meshes/menique_link2.STL
[2.571s] -- Up-to-date symlink: /home/pablo_kevin/ProyectoTecnologo_RoboticHandDRL/Desarrollo/simulation/ros2_robotic_hand_ws/install/robotic_hand/share/robotic_hand//meshes/palma_dorso_link.STL
[2.571s] -- Up-to-date symlink: /home/pablo_kevin/ProyectoTecnologo_RoboticHandDRL/Desarrollo/simulation/ros2_robotic_hand_ws/install/robotic_hand/share/robotic_hand//meshes/pulgar_link0.STL
[2.571s] -- Up-to-date symlink: /home/pablo_kevin/ProyectoTecnologo_RoboticHandDRL/Desarrollo/simulation/ros2_robotic_hand_ws/install/robotic_hand/share/robotic_hand//meshes/pulgar_link1.STL
[2.572s] -- Up-to-date symlink: /home/pablo_kevin/ProyectoTecnologo_RoboticHandDRL/Desarrollo/simulation/ros2_robotic_hand_ws/install/robotic_hand/share/robotic_hand//launch/robotic_hand_gazebo.launch.py
[2.572s] -- Up-to-date symlink: /home/pablo_kevin/ProyectoTecnologo_RoboticHandDRL/Desarrollo/simulation/ros2_robotic_hand_ws/install/robotic_hand/lib/robotic_hand/finger_control.py
[2.572s] -- Up-to-date symlink: /home/pablo_kevin/ProyectoTecnologo_RoboticHandDRL/Desarrollo/simulation/ros2_robotic_hand_ws/install/robotic_hand/share/robotic_hand//config/hand_controllers.yaml
[2.572s] -- Up-to-date symlink: /home/pablo_kevin/ProyectoTecnologo_RoboticHandDRL/Desarrollo/simulation/ros2_robotic_hand_ws/install/robotic_hand/share/robotic_hand/worlds/empty.sdf
[2.573s] -- Up-to-date symlink: /home/pablo_kevin/ProyectoTecnologo_RoboticHandDRL/Desarrollo/simulation/ros2_robotic_hand_ws/install/robotic_hand/share/ament_index/resource_index/package_run_dependencies/robotic_hand
[2.573s] -- Up-to-date symlink: /home/pablo_kevin/ProyectoTecnologo_RoboticHandDRL/Desarrollo/simulation/ros2_robotic_hand_ws/install/robotic_hand/share/ament_index/resource_index/parent_prefix_path/robotic_hand
[2.573s] -- Up-to-date symlink: /home/pablo_kevin/ProyectoTecnologo_RoboticHandDRL/Desarrollo/simulation/ros2_robotic_hand_ws/install/robotic_hand/share/robotic_hand/environment/ament_prefix_path.sh
[2.573s] -- Up-to-date symlink: /home/pablo_kevin/ProyectoTecnologo_RoboticHandDRL/Desarrollo/simulation/ros2_robotic_hand_ws/install/robotic_hand/share/robotic_hand/environment/ament_prefix_path.dsv
[2.573s] -- Up-to-date symlink: /home/pablo_kevin/ProyectoTecnologo_RoboticHandDRL/Desarrollo/simulation/ros2_robotic_hand_ws/install/robotic_hand/share/robotic_hand/environment/path.sh
[2.574s] -- Up-to-date symlink: /home/pablo_kevin/ProyectoTecnologo_RoboticHandDRL/Desarrollo/simulation/ros2_robotic_hand_ws/install/robotic_hand/share/robotic_hand/environment/path.dsv
[2.574s] -- Up-to-date symlink: /home/pablo_kevin/ProyectoTecnologo_RoboticHandDRL/Desarrollo/simulation/ros2_robotic_hand_ws/install/robotic_hand/share/robotic_hand/local_setup.bash
[2.574s] -- Up-to-date symlink: /home/pablo_kevin/ProyectoTecnologo_RoboticHandDRL/Desarrollo/simulation/ros2_robotic_hand_ws/install/robotic_hand/share/robotic_hand/local_setup.sh
[2.574s] -- Up-to-date symlink: /home/pablo_kevin/ProyectoTecnologo_RoboticHandDRL/Desarrollo/simulation/ros2_robotic_hand_ws/install/robotic_hand/share/robotic_hand/local_setup.zsh
[2.574s] -- Up-to-date symlink: /home/pablo_kevin/ProyectoTecnologo_RoboticHandDRL/Desarrollo/simulation/ros2_robotic_hand_ws/install/robotic_hand/share/robotic_hand/local_setup.dsv
[2.574s] -- Symlinking: /home/pablo_kevin/ProyectoTecnologo_RoboticHandDRL/Desarrollo/simulation/ros2_robotic_hand_ws/install/robotic_hand/share/robotic_hand/package.dsv
[2.586s] -- Up-to-date symlink: /home/pablo_kevin/ProyectoTecnologo_RoboticHandDRL/Desarrollo/simulation/ros2_robotic_hand_ws/install/robotic_hand/share/ament_index/resource_index/packages/robotic_hand
[2.586s] -- Up-to-date symlink: /home/pablo_kevin/ProyectoTecnologo_RoboticHandDRL/Desarrollo/simulation/ros2_robotic_hand_ws/install/robotic_hand/share/robotic_hand/cmake/robotic_handConfig.cmake
[2.586s] -- Up-to-date symlink: /home/pablo_kevin/ProyectoTecnologo_RoboticHandDRL/Desarrollo/simulation/ros2_robotic_hand_ws/install/robotic_hand/share/robotic_hand/cmake/robotic_handConfig-version.cmake
[2.586s] -- Up-to-date symlink: /home/pablo_kevin/ProyectoTecnologo_RoboticHandDRL/Desarrollo/simulation/ros2_robotic_hand_ws/install/robotic_hand/share/robotic_hand/package.xml
[2.587s] Invoked command in '/home/pablo_kevin/ProyectoTecnologo_RoboticHandDRL/Desarrollo/simulation/ros2_robotic_hand_ws/build/robotic_hand' returned '0': CMAKE_PREFIX_PATH=${CMAKE_PREFIX_PATH}:/opt/ros/jazzy CONDA_PROMPT_MODIFIER=(base) DEBUGINFOD_URLS=https://debuginfod.ubuntu.com /usr/bin/cmake --install /home/pablo_kevin/ProyectoTecnologo_RoboticHandDRL/Desarrollo/simulation/ros2_robotic_hand_ws/build/robotic_hand
