[0.008s] Invoking command in '/home/pablo_kevin/ProyectoTecnologo_RoboticHandDRL/Desarrollo/simulation/ros2_robotic_hand_ws/build/robotic_hand': CMAKE_PREFIX_PATH=${CMAKE_PREFIX_PATH}:/opt/ros/jazzy CONDA_PROMPT_MODIFIER=(base) DEBUGINFOD_URLS=https://debuginfod.ubuntu.com /usr/bin/cmake --build /home/pablo_kevin/ProyectoTecnologo_RoboticHandDRL/Desarrollo/simulation/ros2_robotic_hand_ws/build/robotic_hand -- -j20 -l20
[0.183s] -- Found ament_cmake: 2.5.3 (/opt/ros/jazzy/share/ament_cmake/cmake)
[0.250s] -- Override CMake install command with custom implementation using symlinks instead of copying resources
[0.262s] -- Found rclpy: 7.1.3 (/opt/ros/jazzy/share/rclpy/cmake)
[0.262s] -- Found std_msgs: 5.3.5 (/opt/ros/jazzy/share/std_msgs/cmake)
[0.303s] -- Found rosidl_generator_c: 4.6.5 (/opt/ros/jazzy/share/rosidl_generator_c/cmake)
[0.321s] -- Found rosidl_generator_cpp: 4.6.5 (/opt/ros/jazzy/share/rosidl_generator_cpp/cmake)
[0.357s] -- Using all available rosidl_typesupport_c: rosidl_typesupport_fastrtps_c;rosidl_typesupport_introspection_c
[0.374s] -- Using all available rosidl_typesupport_cpp: rosidl_typesupport_fastrtps_cpp;rosidl_typesupport_introspection_cpp
[0.397s] -- Found sensor_msgs: 5.3.5 (/opt/ros/jazzy/share/sensor_msgs/cmake)
[0.438s] -- Found urdf: 2.10.0 (/opt/ros/jazzy/share/urdf/cmake)
[0.446s] -- Found TinyXML2 via Config file: /usr/lib/x86_64-linux-gnu/cmake/tinyxml2
[0.451s] -- Looking for gz-sim8 -- found version 8.7.0
[0.458s] -- Searching for dependencies of gz-sim8
[0.459s] -- Looking for sdformat14 -- found version 14.6.0
[0.459s] -- Searching for dependencies of sdformat14
[0.467s] -- Checking for module 'tinyxml2'
[0.492s] --   Found tinyxml2, version 10.0.0
[0.576s] -- Looking for gz-math7 -- found version 7.5.1
[0.577s] -- Searching for dependencies of gz-math7
[0.578s] -- Looking for gz-utils2 -- found version 2.2.0
[0.579s] -- Searching for dependencies of gz-utils2
[0.583s] -- Looking for gz-utils2 -- found version 2.2.0
[0.584s] -- Searching for dependencies of gz-utils2
[0.584s] -- Searching for <gz-utils2> component [cli]
[0.586s] -- Looking for gz-utils2-cli -- found version 2.2.0
[0.586s] -- Searching for dependencies of gz-utils2-cli
[0.592s] -- Looking for gz-plugin2 -- found version 2.0.3
[0.592s] -- Searching for dependencies of gz-plugin2
[0.593s] -- Looking for gz-utils2 -- found version 2.2.0
[0.595s] -- Searching for <gz-plugin2> component [loader]
[0.596s] -- Looking for gz-plugin2-loader -- found version 2.0.3
[0.596s] -- Searching for dependencies of gz-plugin2-loader
[0.597s] -- Searching for <gz-plugin2> component [register]
[0.598s] -- Looking for gz-plugin2-register -- found version 2.0.3
[0.599s] -- Searching for dependencies of gz-plugin2-register
[0.601s] -- Looking for gz-transport13 -- found version 13.4.0
[0.601s] -- Searching for dependencies of gz-transport13
[0.645s] -- Config-file not installed for ZeroMQ -- checking for pkg-config
[0.649s] -- Checking for module 'libzmq >= 4'
[0.668s] --   Found libzmq, version 4.3.5
[0.790s] -- Checking for module 'uuid'
[0.831s] --   Found uuid, version 2.39.3
[0.929s] -- Looking for gz-utils2 -- found version 2.2.0
[0.931s] -- Looking for gz-msgs10 -- found version 10.3.1
[0.932s] -- Searching for dependencies of gz-msgs10
[0.962s] -- Looking for gz-utils2 -- found version 2.2.0
[0.962s] -- Looking for gz-math7 -- found version 7.5.1
[1.101s] -- Searching for <gz-transport13> component [log]
[1.101s] -- Looking for gz-transport13-log -- found version 13.4.0
[1.101s] -- Searching for dependencies of gz-transport13-log
[1.102s] -- Searching for <gz-transport13> component [parameters]
[1.102s] -- Looking for gz-transport13-parameters -- found version 13.4.0
[1.103s] -- Searching for dependencies of gz-transport13-parameters
[1.103s] -- Looking for gz-msgs10 -- found version 10.3.1
[1.104s] -- Looking for gz-common5 -- found version 5.7.0
[1.104s] -- Searching for dependencies of gz-common5
[1.104s] -- Looking for gz-utils2 -- found version 2.2.0
[1.104s] -- Looking for dlfcn.h - found
[1.104s] -- Looking for libdl - found
[1.113s] -- Searching for <gz-common5> component [av]
[1.114s] -- Looking for gz-common5-av -- found version 5.7.0
[1.114s] -- Searching for dependencies of gz-common5-av
[1.123s] -- Checking for module 'libswscale'
[1.154s] --   Found libswscale, version 7.5.100
[1.267s] -- Checking for module 'libavdevice >= 56.4.100'
[1.312s] --   Found libavdevice, version 60.3.100
[1.458s] -- Checking for module 'libavformat'
[1.503s] --   Found libavformat, version 60.16.100
[1.624s] -- Checking for module 'libavcodec'
[1.669s] --   Found libavcodec, version 60.31.102
[1.794s] -- Checking for module 'libavutil'
[1.841s] --   Found libavutil, version 58.29.100
[1.947s] -- Searching for <gz-common5> component [events]
[1.949s] -- Looking for gz-common5-events -- found version 5.7.0
[1.949s] -- Searching for dependencies of gz-common5-events
[1.951s] -- Looking for gz-math7 -- found version 7.5.1
[1.953s] -- Searching for <gz-common5> component [graphics]
[1.954s] -- Looking for gz-common5-graphics -- found version 5.7.0
[1.954s] -- Searching for dependencies of gz-common5-graphics
[1.955s] -- Looking for gz-math7 -- found version 7.5.1
[1.961s] -- Searching for <gz-common5> component [io]
[1.962s] -- Looking for gz-common5-io -- found version 5.7.0
[1.962s] -- Searching for dependencies of gz-common5-io
[1.963s] -- Searching for <gz-common5> component [profiler]
[1.963s] -- Looking for gz-common5-profiler -- found version 5.7.0
[1.964s] -- Searching for dependencies of gz-common5-profiler
[1.965s] -- Looking for gz-fuel_tools9 -- found version 9.1.0
[1.966s] -- Searching for dependencies of gz-fuel_tools9
[2.010s] -- Checking for module 'jsoncpp'
[2.033s] --   Found jsoncpp, version 1.9.5
[2.123s] -- Checking for module 'yaml-0.1'
[2.148s] --   Found yaml-0.1, version 0.2.5
[2.229s] -- Checking for module 'libzip'
[2.259s] --   Found libzip, version 1.7.3
[2.356s] -- Looking for gz-utils2 -- found version 2.2.0
[2.357s] -- Looking for gz-common5 -- found version 5.7.0
[2.358s] -- Searching for dependencies of gz-common5
[2.359s] -- Looking for gz-utils2 -- found version 2.2.0
[2.360s] -- Looking for dlfcn.h - found
[2.360s] -- Looking for libdl - found
[2.378s] -- Searching for <gz-common5> component [testing]
[2.379s] -- Looking for gz-common5-testing -- found version 5.7.0
[2.379s] -- Searching for dependencies of gz-common5-testing
[2.382s] -- Looking for gz-math7 -- found version 7.5.1
[2.384s] -- Looking for gz-msgs10 -- found version 10.3.1
[2.387s] -- Looking for gz-gui8 -- found version 8.3.0
[2.387s] -- Searching for dependencies of gz-gui8
[2.427s] -- Looking for gz-utils2 -- found version 2.2.0
[2.427s] -- Looking for gz-math7 -- found version 7.5.1
[2.427s] -- Looking for gz-common5 -- found version 5.7.0
[2.428s] -- Looking for gz-plugin2 -- found version 2.0.3
[2.428s] -- Looking for gz-transport13 -- found version 13.4.0
[2.429s] -- Looking for gz-rendering8 -- found version 8.2.1
[2.429s] -- Searching for dependencies of gz-rendering8
[2.430s] -- Looking for gz-math7 -- found version 7.5.1
[2.430s] -- Searching for dependencies of gz-math7
[2.430s] -- Looking for gz-utils2 -- found version 2.2.0
[2.431s] -- Searching for <gz-math7> component [eigen3]
[2.431s] -- Looking for gz-math7-eigen3 -- found version 7.5.1
[2.432s] -- Searching for dependencies of gz-math7-eigen3
[2.436s] -- Looking for gz-common5 -- found version 5.7.0
[2.437s] -- Searching for dependencies of gz-common5
[2.438s] -- Looking for gz-utils2 -- found version 2.2.0
[2.438s] -- Looking for dlfcn.h - found
[2.438s] -- Looking for libdl - found
[2.452s] -- Searching for <gz-common5> component [graphics]
[2.452s] -- Searching for <gz-common5> component [events]
[2.452s] -- Searching for <gz-common5> component [geospatial]
[2.453s] -- Looking for gz-common5-geospatial -- found version 5.7.0
[2.453s] -- Searching for dependencies of gz-common5-geospatial
[2.453s] -- Looking for gz-math7 -- found version 7.5.1
[2.454s] -- Looking for gz-common5 -- found version 5.7.0
[2.455s] -- Looking for gz-plugin2 -- found version 2.0.3
[2.455s] -- Searching for dependencies of gz-plugin2
[2.456s] -- Looking for gz-utils2 -- found version 2.2.0
[2.456s] -- Searching for <gz-plugin2> component [all]
[2.456s] -- Looking for all libraries of gz-plugin2 -- found version 2.0.3
[2.457s] -- Looking for gz-plugin2 -- found version 2.0.3
[2.458s] -- Looking for gz-utils2 -- found version 2.2.0
[2.461s] -- Looking for gz-msgs10 -- found version 10.3.1
[2.482s] -- Looking for gz-physics7 -- found version 7.4.0
[2.482s] -- Searching for dependencies of gz-physics7
[2.482s] -- Looking for gz-common5 -- found version 5.7.0
[2.483s] -- Looking for gz-math7 -- found version 7.5.1
[2.483s] -- Looking for gz-plugin2 -- found version 2.0.3
[2.483s] -- Looking for gz-utils2 -- found version 2.2.0
[2.484s] -- Searching for <gz-physics7> component [heightmap]
[2.485s] -- Looking for gz-physics7-heightmap -- found version 7.4.0
[2.485s] -- Searching for dependencies of gz-physics7-heightmap
[2.485s] -- Looking for gz-common5 -- found version 5.7.0
[2.486s] -- Searching for <gz-physics7> component [mesh]
[2.486s] -- Looking for gz-physics7-mesh -- found version 7.4.0
[2.486s] -- Searching for dependencies of gz-physics7-mesh
[2.486s] -- Looking for gz-common5 -- found version 5.7.0
[2.487s] -- Searching for <gz-physics7> component [sdf]
[2.487s] -- Looking for gz-physics7-sdf -- found version 7.4.0
[2.487s] -- Searching for dependencies of gz-physics7-sdf
[2.488s] -- Looking for sdformat14 -- found version 14.6.0
[2.489s] -- Looking for gz-sensors8 -- found version 8.2.1
[2.489s] -- Searching for dependencies of gz-sensors8
[2.504s] -- Looking for gz-math7 -- found version 7.5.1
[2.504s] -- Looking for gz-common5 -- found version 5.7.0
[2.505s] -- Looking for gz-transport13 -- found version 13.4.0
[2.505s] -- Looking for gz-rendering8 -- found version 8.2.1
[2.505s] -- Looking for gz-msgs10 -- found version 10.3.1
[2.506s] -- Looking for sdformat14 -- found version 14.6.0
[2.506s] -- Searching for <gz-sensors8> component [air_pressure]
[2.507s] -- Looking for gz-sensors8-air_pressure -- found version 8.2.1
[2.507s] -- Searching for dependencies of gz-sensors8-air_pressure
[2.507s] -- Searching for <gz-sensors8> component [air_speed]
[2.508s] -- Looking for gz-sensors8-air_speed -- found version 8.2.1
[2.508s] -- Searching for dependencies of gz-sensors8-air_speed
[2.508s] -- Searching for <gz-sensors8> component [altimeter]
[2.509s] -- Looking for gz-sensors8-altimeter -- found version 8.2.1
[2.509s] -- Searching for dependencies of gz-sensors8-altimeter
[2.509s] -- Searching for <gz-sensors8> component [imu]
[2.510s] -- Looking for gz-sensors8-imu -- found version 8.2.1
[2.510s] -- Searching for dependencies of gz-sensors8-imu
[2.510s] -- Searching for <gz-sensors8> component [force_torque]
[2.511s] -- Looking for gz-sensors8-force_torque -- found version 8.2.1
[2.511s] -- Searching for dependencies of gz-sensors8-force_torque
[2.511s] -- Searching for <gz-sensors8> component [logical_camera]
[2.512s] -- Looking for gz-sensors8-logical_camera -- found version 8.2.1
[2.512s] -- Searching for dependencies of gz-sensors8-logical_camera
[2.512s] -- Searching for <gz-sensors8> component [magnetometer]
[2.513s] -- Looking for gz-sensors8-magnetometer -- found version 8.2.1
[2.513s] -- Searching for dependencies of gz-sensors8-magnetometer
[2.513s] -- Searching for <gz-sensors8> component [navsat]
[2.514s] -- Looking for gz-sensors8-navsat -- found version 8.2.1
[2.514s] -- Searching for dependencies of gz-sensors8-navsat
[2.514s] -- Searching for <gz-sensors8> component [dvl]
[2.515s] -- Looking for gz-sensors8-dvl -- found version 8.2.1
[2.515s] -- Searching for dependencies of gz-sensors8-dvl
[2.515s] -- Looking for gz-sensors8 -- found version 8.2.1
[2.515s] -- Searching for dependencies of gz-sensors8
[2.533s] -- Looking for gz-math7 -- found version 7.5.1
[2.533s] -- Looking for gz-common5 -- found version 5.7.0
[2.534s] -- Looking for gz-transport13 -- found version 13.4.0
[2.535s] -- Looking for gz-rendering8 -- found version 8.2.1
[2.536s] -- Looking for gz-msgs10 -- found version 10.3.1
[2.536s] -- Looking for sdformat14 -- found version 14.6.0
[2.537s] -- Searching for <gz-sensors8> component [rendering]
[2.538s] -- Looking for gz-sensors8-rendering -- found version 8.2.1
[2.538s] -- Searching for dependencies of gz-sensors8-rendering
[2.540s] -- Searching for <gz-sensors8> component [rendering]
[2.540s] -- Searching for <gz-sensors8> component [lidar]
[2.540s] -- Looking for gz-sensors8-lidar -- found version 8.2.1
[2.541s] -- Searching for dependencies of gz-sensors8-lidar
[2.541s] -- Looking for gz-sensors8 -- found version 8.2.1
[2.542s] -- Searching for <gz-sensors8> component [gpu_lidar]
[2.543s] -- Looking for gz-sensors8-gpu_lidar -- found version 8.2.1
[2.544s] -- Searching for dependencies of gz-sensors8-gpu_lidar
[2.544s] -- Looking for gz-sensors8 -- found version 8.2.1
[2.546s] -- Searching for <gz-sensors8> component [camera]
[2.547s] -- Looking for gz-sensors8-camera -- found version 8.2.1
[2.547s] -- Searching for dependencies of gz-sensors8-camera
[2.548s] -- Looking for gz-sensors8 -- found version 8.2.1
[2.549s] -- Searching for <gz-sensors8> component [boundingbox_camera]
[2.550s] -- Looking for gz-sensors8-boundingbox_camera -- found version 8.2.1
[2.551s] -- Searching for dependencies of gz-sensors8-boundingbox_camera
[2.552s] -- Searching for <gz-sensors8> component [segmentation_camera]
[2.553s] -- Looking for gz-sensors8-segmentation_camera -- found version 8.2.1
[2.553s] -- Searching for dependencies of gz-sensors8-segmentation_camera
[2.555s] -- Searching for <gz-sensors8> component [depth_camera]
[2.556s] -- Looking for gz-sensors8-depth_camera -- found version 8.2.1
[2.556s] -- Searching for dependencies of gz-sensors8-depth_camera
[2.557s] -- Looking for gz-sensors8 -- found version 8.2.1
[2.558s] -- Searching for <gz-sensors8> component [rgbd_camera]
[2.558s] -- Looking for gz-sensors8-rgbd_camera -- found version 8.2.1
[2.559s] -- Searching for dependencies of gz-sensors8-rgbd_camera
[2.559s] -- Looking for gz-sensors8 -- found version 8.2.1
[2.560s] -- Searching for <gz-sensors8> component [thermal_camera]
[2.561s] -- Looking for gz-sensors8-thermal_camera -- found version 8.2.1
[2.561s] -- Searching for dependencies of gz-sensors8-thermal_camera
[2.561s] -- Looking for gz-sensors8 -- found version 8.2.1
[2.562s] -- Searching for <gz-sensors8> component [wide_angle_camera]
[2.563s] -- Looking for gz-sensors8-wide_angle_camera -- found version 8.2.1
[2.563s] -- Searching for dependencies of gz-sensors8-wide_angle_camera
[2.565s] -- Looking for gz-rendering8 -- found version 8.2.1
[2.565s] -- Looking for gz-math7 -- found version 7.5.1
[2.566s] -- Looking for gz-utils2 -- found version 2.2.0
[2.582s] -- Found trajectory_msgs: 5.3.5 (/opt/ros/jazzy/share/trajectory_msgs/cmake)
[2.675s] -- Configuring done (2.6s)
[2.687s] -- Generating done (0.0s)
[2.692s] -- Build files have been written to: /home/pablo_kevin/ProyectoTecnologo_RoboticHandDRL/Desarrollo/simulation/ros2_robotic_hand_ws/build/robotic_hand
[2.737s] Invoked command in '/home/pablo_kevin/ProyectoTecnologo_RoboticHandDRL/Desarrollo/simulation/ros2_robotic_hand_ws/build/robotic_hand' returned '0': CMAKE_PREFIX_PATH=${CMAKE_PREFIX_PATH}:/opt/ros/jazzy CONDA_PROMPT_MODIFIER=(base) DEBUGINFOD_URLS=https://debuginfod.ubuntu.com /usr/bin/cmake --build /home/pablo_kevin/ProyectoTecnologo_RoboticHandDRL/Desarrollo/simulation/ros2_robotic_hand_ws/build/robotic_hand -- -j20 -l20
[2.755s] Invoking command in '/home/pablo_kevin/ProyectoTecnologo_RoboticHandDRL/Desarrollo/simulation/ros2_robotic_hand_ws/build/robotic_hand': CMAKE_PREFIX_PATH=${CMAKE_PREFIX_PATH}:/opt/ros/jazzy CONDA_PROMPT_MODIFIER=(base) DEBUGINFOD_URLS=https://debuginfod.ubuntu.com /usr/bin/cmake --install /home/pablo_kevin/ProyectoTecnologo_RoboticHandDRL/Desarrollo/simulation/ros2_robotic_hand_ws/build/robotic_hand
[2.771s] -- Install configuration: ""
[2.771s] -- Execute custom install script
[2.772s] -- Up-to-date symlink: /home/pablo_kevin/ProyectoTecnologo_RoboticHandDRL/Desarrollo/simulation/ros2_robotic_hand_ws/install/robotic_hand/share/robotic_hand//meshes/anular_link0.STL
[2.772s] -- Up-to-date symlink: /home/pablo_kevin/ProyectoTecnologo_RoboticHandDRL/Desarrollo/simulation/ros2_robotic_hand_ws/install/robotic_hand/share/robotic_hand//meshes/anular_link1.STL
[2.773s] -- Up-to-date symlink: /home/pablo_kevin/ProyectoTecnologo_RoboticHandDRL/Desarrollo/simulation/ros2_robotic_hand_ws/install/robotic_hand/share/robotic_hand//meshes/anular_link2.STL
[2.773s] -- Up-to-date symlink: /home/pablo_kevin/ProyectoTecnologo_RoboticHandDRL/Desarrollo/simulation/ros2_robotic_hand_ws/install/robotic_hand/share/robotic_hand//meshes/conectores_links.STL
[2.773s] -- Up-to-date symlink: /home/pablo_kevin/ProyectoTecnologo_RoboticHandDRL/Desarrollo/simulation/ros2_robotic_hand_ws/install/robotic_hand/share/robotic_hand//meshes/indice_link0.STL
[2.773s] -- Up-to-date symlink: /home/pablo_kevin/ProyectoTecnologo_RoboticHandDRL/Desarrollo/simulation/ros2_robotic_hand_ws/install/robotic_hand/share/robotic_hand//meshes/indice_link1.STL
[2.774s] -- Up-to-date symlink: /home/pablo_kevin/ProyectoTecnologo_RoboticHandDRL/Desarrollo/simulation/ros2_robotic_hand_ws/install/robotic_hand/share/robotic_hand//meshes/indice_link2.STL
[2.774s] -- Up-to-date symlink: /home/pablo_kevin/ProyectoTecnologo_RoboticHandDRL/Desarrollo/simulation/ros2_robotic_hand_ws/install/robotic_hand/share/robotic_hand//meshes/medio_link0.STL
[2.774s] -- Up-to-date symlink: /home/pablo_kevin/ProyectoTecnologo_RoboticHandDRL/Desarrollo/simulation/ros2_robotic_hand_ws/install/robotic_hand/share/robotic_hand//meshes/medio_link1.STL
[2.775s] -- Up-to-date symlink: /home/pablo_kevin/ProyectoTecnologo_RoboticHandDRL/Desarrollo/simulation/ros2_robotic_hand_ws/install/robotic_hand/share/robotic_hand//meshes/medio_link2.STL
[2.775s] -- Up-to-date symlink: /home/pablo_kevin/ProyectoTecnologo_RoboticHandDRL/Desarrollo/simulation/ros2_robotic_hand_ws/install/robotic_hand/share/robotic_hand//meshes/menique_link0.STL
[2.775s] -- Up-to-date symlink: /home/pablo_kevin/ProyectoTecnologo_RoboticHandDRL/Desarrollo/simulation/ros2_robotic_hand_ws/install/robotic_hand/share/robotic_hand//meshes/menique_link1.STL
[2.775s] -- Up-to-date symlink: /home/pablo_kevin/ProyectoTecnologo_RoboticHandDRL/Desarrollo/simulation/ros2_robotic_hand_ws/install/robotic_hand/share/robotic_hand//meshes/menique_link2.STL
[2.775s] -- Up-to-date symlink: /home/pablo_kevin/ProyectoTecnologo_RoboticHandDRL/Desarrollo/simulation/ros2_robotic_hand_ws/install/robotic_hand/share/robotic_hand//meshes/palma_dorso_link.STL
[2.775s] -- Up-to-date symlink: /home/pablo_kevin/ProyectoTecnologo_RoboticHandDRL/Desarrollo/simulation/ros2_robotic_hand_ws/install/robotic_hand/share/robotic_hand//meshes/pulgar_link0.STL
[2.775s] -- Up-to-date symlink: /home/pablo_kevin/ProyectoTecnologo_RoboticHandDRL/Desarrollo/simulation/ros2_robotic_hand_ws/install/robotic_hand/share/robotic_hand//meshes/pulgar_link1.STL
[2.775s] -- Up-to-date symlink: /home/pablo_kevin/ProyectoTecnologo_RoboticHandDRL/Desarrollo/simulation/ros2_robotic_hand_ws/install/robotic_hand/share/robotic_hand//launch/robotic_hand_gazebo.launch.py
[2.775s] -- Up-to-date symlink: /home/pablo_kevin/ProyectoTecnologo_RoboticHandDRL/Desarrollo/simulation/ros2_robotic_hand_ws/install/robotic_hand/share/robotic_hand//launch/ros_gazebo.launch.py
[2.775s] -- Up-to-date symlink: /home/pablo_kevin/ProyectoTecnologo_RoboticHandDRL/Desarrollo/simulation/ros2_robotic_hand_ws/install/robotic_hand/share/robotic_hand//launch/ros_rviz.launch.py
[2.775s] -- Up-to-date symlink: /home/pablo_kevin/ProyectoTecnologo_RoboticHandDRL/Desarrollo/simulation/ros2_robotic_hand_ws/install/robotic_hand/lib/robotic_hand/finger_control.py
[2.775s] -- Up-to-date symlink: /home/pablo_kevin/ProyectoTecnologo_RoboticHandDRL/Desarrollo/simulation/ros2_robotic_hand_ws/install/robotic_hand/share/robotic_hand//config/hand_controllers.yaml
[2.776s] -- Symlinking: /home/pablo_kevin/ProyectoTecnologo_RoboticHandDRL/Desarrollo/simulation/ros2_robotic_hand_ws/install/robotic_hand/share/robotic_hand//config/robotic_hand_v1.rviz
[2.784s] -- Up-to-date symlink: /home/pablo_kevin/ProyectoTecnologo_RoboticHandDRL/Desarrollo/simulation/ros2_robotic_hand_ws/install/robotic_hand/share/robotic_hand/worlds/empty.sdf
[2.784s] -- Up-to-date symlink: /home/pablo_kevin/ProyectoTecnologo_RoboticHandDRL/Desarrollo/simulation/ros2_robotic_hand_ws/install/robotic_hand/share/robotic_hand/worlds/test_world.world
[2.784s] -- Up-to-date symlink: /home/pablo_kevin/ProyectoTecnologo_RoboticHandDRL/Desarrollo/simulation/ros2_robotic_hand_ws/install/robotic_hand/share/robotic_hand/description/robotic_hand.urdf.xacro
[2.784s] -- Up-to-date symlink: /home/pablo_kevin/ProyectoTecnologo_RoboticHandDRL/Desarrollo/simulation/ros2_robotic_hand_ws/install/robotic_hand/share/ament_index/resource_index/package_run_dependencies/robotic_hand
[2.785s] -- Up-to-date symlink: /home/pablo_kevin/ProyectoTecnologo_RoboticHandDRL/Desarrollo/simulation/ros2_robotic_hand_ws/install/robotic_hand/share/ament_index/resource_index/parent_prefix_path/robotic_hand
[2.785s] -- Up-to-date symlink: /home/pablo_kevin/ProyectoTecnologo_RoboticHandDRL/Desarrollo/simulation/ros2_robotic_hand_ws/install/robotic_hand/share/robotic_hand/environment/ament_prefix_path.sh
[2.785s] -- Up-to-date symlink: /home/pablo_kevin/ProyectoTecnologo_RoboticHandDRL/Desarrollo/simulation/ros2_robotic_hand_ws/install/robotic_hand/share/robotic_hand/environment/ament_prefix_path.dsv
[2.785s] -- Up-to-date symlink: /home/pablo_kevin/ProyectoTecnologo_RoboticHandDRL/Desarrollo/simulation/ros2_robotic_hand_ws/install/robotic_hand/share/robotic_hand/environment/path.sh
[2.785s] -- Up-to-date symlink: /home/pablo_kevin/ProyectoTecnologo_RoboticHandDRL/Desarrollo/simulation/ros2_robotic_hand_ws/install/robotic_hand/share/robotic_hand/environment/path.dsv
[2.785s] -- Up-to-date symlink: /home/pablo_kevin/ProyectoTecnologo_RoboticHandDRL/Desarrollo/simulation/ros2_robotic_hand_ws/install/robotic_hand/share/robotic_hand/local_setup.bash
[2.785s] -- Up-to-date symlink: /home/pablo_kevin/ProyectoTecnologo_RoboticHandDRL/Desarrollo/simulation/ros2_robotic_hand_ws/install/robotic_hand/share/robotic_hand/local_setup.sh
[2.785s] -- Up-to-date symlink: /home/pablo_kevin/ProyectoTecnologo_RoboticHandDRL/Desarrollo/simulation/ros2_robotic_hand_ws/install/robotic_hand/share/robotic_hand/local_setup.zsh
[2.785s] -- Up-to-date symlink: /home/pablo_kevin/ProyectoTecnologo_RoboticHandDRL/Desarrollo/simulation/ros2_robotic_hand_ws/install/robotic_hand/share/robotic_hand/local_setup.dsv
[2.786s] -- Symlinking: /home/pablo_kevin/ProyectoTecnologo_RoboticHandDRL/Desarrollo/simulation/ros2_robotic_hand_ws/install/robotic_hand/share/robotic_hand/package.dsv
[2.794s] -- Up-to-date symlink: /home/pablo_kevin/ProyectoTecnologo_RoboticHandDRL/Desarrollo/simulation/ros2_robotic_hand_ws/install/robotic_hand/share/ament_index/resource_index/packages/robotic_hand
[2.794s] -- Up-to-date symlink: /home/pablo_kevin/ProyectoTecnologo_RoboticHandDRL/Desarrollo/simulation/ros2_robotic_hand_ws/install/robotic_hand/share/robotic_hand/cmake/robotic_handConfig.cmake
[2.795s] -- Up-to-date symlink: /home/pablo_kevin/ProyectoTecnologo_RoboticHandDRL/Desarrollo/simulation/ros2_robotic_hand_ws/install/robotic_hand/share/robotic_hand/cmake/robotic_handConfig-version.cmake
[2.795s] -- Up-to-date symlink: /home/pablo_kevin/ProyectoTecnologo_RoboticHandDRL/Desarrollo/simulation/ros2_robotic_hand_ws/install/robotic_hand/share/robotic_hand/package.xml
[2.797s] Invoked command in '/home/pablo_kevin/ProyectoTecnologo_RoboticHandDRL/Desarrollo/simulation/ros2_robotic_hand_ws/build/robotic_hand' returned '0': CMAKE_PREFIX_PATH=${CMAKE_PREFIX_PATH}:/opt/ros/jazzy CONDA_PROMPT_MODIFIER=(base) DEBUGINFOD_URLS=https://debuginfod.ubuntu.com /usr/bin/cmake --install /home/pablo_kevin/ProyectoTecnologo_RoboticHandDRL/Desarrollo/simulation/ros2_robotic_hand_ws/build/robotic_hand
