[0.015s] Invoking command in '/home/pablo_kevin/ProyectoTecnologo_RoboticHandDRL/Desarrollo/simulation/ros2_robotic_hand_ws/build/robotic_hand': CMAKE_PREFIX_PATH=${CMAKE_PREFIX_PATH}:/opt/ros/jazzy CONDA_PROMPT_MODIFIER=(base) DEBUGINFOD_URLS=https://debuginfod.ubuntu.com /usr/bin/cmake /home/pablo_kevin/ProyectoTecnologo_RoboticHandDRL/Desarrollo/simulation/ros2_robotic_hand_ws/src/robotic_hand -DAMENT_CMAKE_SYMLINK_INSTALL=1 -DCMAKE_INSTALL_PREFIX=/home/pablo_kevin/ProyectoTecnologo_RoboticHandDRL/Desarrollo/simulation/ros2_robotic_hand_ws/install/robotic_hand
[0.230s] -- Found ament_cmake: 2.5.3 (/opt/ros/jazzy/share/ament_cmake/cmake)
[0.300s] -- Override CMake install command with custom implementation using symlinks instead of copying resources
[0.314s] -- Found rclpy: 7.1.3 (/opt/ros/jazzy/share/rclpy/cmake)
[0.314s] -- Found std_msgs: 5.3.5 (/opt/ros/jazzy/share/std_msgs/cmake)
[0.341s] -- Found rosidl_generator_c: 4.6.5 (/opt/ros/jazzy/share/rosidl_generator_c/cmake)
[0.350s] -- Found rosidl_generator_cpp: 4.6.5 (/opt/ros/jazzy/share/rosidl_generator_cpp/cmake)
[0.360s] -- Using all available rosidl_typesupport_c: rosidl_typesupport_fastrtps_c;rosidl_typesupport_introspection_c
[0.375s] -- Using all available rosidl_typesupport_cpp: rosidl_typesupport_fastrtps_cpp;rosidl_typesupport_introspection_cpp
[0.400s] -- Found sensor_msgs: 5.3.5 (/opt/ros/jazzy/share/sensor_msgs/cmake)
[0.446s] -- Found urdf: 2.10.0 (/opt/ros/jazzy/share/urdf/cmake)
[0.455s] -- Found TinyXML2 via Config file: /usr/lib/x86_64-linux-gnu/cmake/tinyxml2
[0.462s] -- Looking for gz-sim8 -- found version 8.7.0
[0.469s] -- Searching for dependencies of gz-sim8
[0.470s] -- Looking for sdformat14 -- found version 14.6.0
[0.470s] -- Searching for dependencies of sdformat14
[0.477s] -- Checking for module 'tinyxml2'
[0.508s] --   Found tinyxml2, version 10.0.0
[0.590s] -- Looking for gz-math7 -- found version 7.5.1
[0.590s] -- Searching for dependencies of gz-math7
[0.590s] -- Looking for gz-utils2 -- found version 2.2.0
[0.590s] -- Searching for dependencies of gz-utils2
[0.591s] -- Looking for gz-utils2 -- found version 2.2.0
[0.592s] -- Searching for dependencies of gz-utils2
[0.592s] -- Searching for <gz-utils2> component [cli]
[0.592s] -- Looking for gz-utils2-cli -- found version 2.2.0
[0.592s] -- Searching for dependencies of gz-utils2-cli
[0.595s] -- Looking for gz-plugin2 -- found version 2.0.3
[0.596s] -- Searching for dependencies of gz-plugin2
[0.597s] -- Looking for gz-utils2 -- found version 2.2.0
[0.599s] -- Searching for <gz-plugin2> component [loader]
[0.601s] -- Looking for gz-plugin2-loader -- found version 2.0.3
[0.602s] -- Searching for dependencies of gz-plugin2-loader
[0.604s] -- Searching for <gz-plugin2> component [register]
[0.605s] -- Looking for gz-plugin2-register -- found version 2.0.3
[0.605s] -- Searching for dependencies of gz-plugin2-register
[0.607s] -- Looking for gz-transport13 -- found version 13.4.0
[0.608s] -- Searching for dependencies of gz-transport13
[0.641s] -- Config-file not installed for ZeroMQ -- checking for pkg-config
[0.645s] -- Checking for module 'libzmq >= 4'
[0.670s] --   Found libzmq, version 4.3.5
[0.810s] -- Checking for module 'uuid'
[0.853s] --   Found uuid, version 2.39.3
[0.957s] -- Looking for gz-utils2 -- found version 2.2.0
[0.959s] -- Looking for gz-msgs10 -- found version 10.3.1
[0.960s] -- Searching for dependencies of gz-msgs10
[0.984s] -- Looking for gz-utils2 -- found version 2.2.0
[0.984s] -- Looking for gz-math7 -- found version 7.5.1
[1.223s] -- Searching for <gz-transport13> component [log]
[1.223s] -- Looking for gz-transport13-log -- found version 13.4.0
[1.223s] -- Searching for dependencies of gz-transport13-log
[1.224s] -- Searching for <gz-transport13> component [parameters]
[1.225s] -- Looking for gz-transport13-parameters -- found version 13.4.0
[1.225s] -- Searching for dependencies of gz-transport13-parameters
[1.226s] -- Looking for gz-msgs10 -- found version 10.3.1
[1.227s] -- Looking for gz-common5 -- found version 5.7.0
[1.227s] -- Searching for dependencies of gz-common5
[1.228s] -- Looking for gz-utils2 -- found version 2.2.0
[1.228s] -- Looking for dlfcn.h - found
[1.228s] -- Looking for libdl - found
[1.244s] -- Searching for <gz-common5> component [av]
[1.244s] -- Looking for gz-common5-av -- found version 5.7.0
[1.245s] -- Searching for dependencies of gz-common5-av
[1.257s] -- Checking for module 'libswscale'
[1.303s] --   Found libswscale, version 7.5.100
[1.428s] -- Checking for module 'libavdevice >= 56.4.100'
[1.474s] --   Found libavdevice, version 60.3.100
[1.631s] -- Checking for module 'libavformat'
[1.676s] --   Found libavformat, version 60.16.100
[1.804s] -- Checking for module 'libavcodec'
[1.851s] --   Found libavcodec, version 60.31.102
[1.982s] -- Checking for module 'libavutil'
[2.029s] --   Found libavutil, version 58.29.100
[2.136s] -- Searching for <gz-common5> component [events]
[2.138s] -- Looking for gz-common5-events -- found version 5.7.0
[2.138s] -- Searching for dependencies of gz-common5-events
[2.139s] -- Looking for gz-math7 -- found version 7.5.1
[2.141s] -- Searching for <gz-common5> component [graphics]
[2.143s] -- Looking for gz-common5-graphics -- found version 5.7.0
[2.143s] -- Searching for dependencies of gz-common5-graphics
[2.144s] -- Looking for gz-math7 -- found version 7.5.1
[2.149s] -- Searching for <gz-common5> component [io]
[2.149s] -- Looking for gz-common5-io -- found version 5.7.0
[2.150s] -- Searching for dependencies of gz-common5-io
[2.150s] -- Searching for <gz-common5> component [profiler]
[2.151s] -- Looking for gz-common5-profiler -- found version 5.7.0
[2.151s] -- Searching for dependencies of gz-common5-profiler
[2.153s] -- Looking for gz-fuel_tools9 -- found version 9.1.0
[2.153s] -- Searching for dependencies of gz-fuel_tools9
[2.209s] -- Checking for module 'jsoncpp'
[2.227s] --   Found jsoncpp, version 1.9.5
[2.351s] -- Checking for module 'yaml-0.1'
[2.381s] --   Found yaml-0.1, version 0.2.5
[2.493s] -- Checking for module 'libzip'
[2.532s] --   Found libzip, version 1.7.3
[2.641s] -- Looking for gz-utils2 -- found version 2.2.0
[2.642s] -- Looking for gz-common5 -- found version 5.7.0
[2.643s] -- Searching for dependencies of gz-common5
[2.645s] -- Looking for gz-utils2 -- found version 2.2.0
[2.645s] -- Looking for dlfcn.h - found
[2.646s] -- Looking for libdl - found
[2.663s] -- Searching for <gz-common5> component [testing]
[2.663s] -- Looking for gz-common5-testing -- found version 5.7.0
[2.664s] -- Searching for dependencies of gz-common5-testing
[2.665s] -- Looking for gz-math7 -- found version 7.5.1
[2.665s] -- Looking for gz-msgs10 -- found version 10.3.1
[2.668s] -- Looking for gz-gui8 -- found version 8.3.0
[2.668s] -- Searching for dependencies of gz-gui8
[2.713s] -- Looking for gz-utils2 -- found version 2.2.0
[2.714s] -- Looking for gz-math7 -- found version 7.5.1
[2.715s] -- Looking for gz-common5 -- found version 5.7.0
[2.716s] -- Looking for gz-plugin2 -- found version 2.0.3
[2.717s] -- Looking for gz-transport13 -- found version 13.4.0
[2.718s] -- Looking for gz-rendering8 -- found version 8.2.1
[2.718s] -- Searching for dependencies of gz-rendering8
[2.719s] -- Looking for gz-math7 -- found version 7.5.1
[2.719s] -- Searching for dependencies of gz-math7
[2.719s] -- Looking for gz-utils2 -- found version 2.2.0
[2.720s] -- Searching for <gz-math7> component [eigen3]
[2.720s] -- Looking for gz-math7-eigen3 -- found version 7.5.1
[2.721s] -- Searching for dependencies of gz-math7-eigen3
[2.723s] -- Looking for gz-common5 -- found version 5.7.0
[2.724s] -- Searching for dependencies of gz-common5
[2.724s] -- Looking for gz-utils2 -- found version 2.2.0
[2.724s] -- Looking for dlfcn.h - found
[2.724s] -- Looking for libdl - found
[2.731s] -- Searching for <gz-common5> component [graphics]
[2.731s] -- Searching for <gz-common5> component [events]
[2.731s] -- Searching for <gz-common5> component [geospatial]
[2.732s] -- Looking for gz-common5-geospatial -- found version 5.7.0
[2.732s] -- Searching for dependencies of gz-common5-geospatial
[2.732s] -- Looking for gz-math7 -- found version 7.5.1
[2.732s] -- Looking for gz-common5 -- found version 5.7.0
[2.733s] -- Looking for gz-plugin2 -- found version 2.0.3
[2.733s] -- Searching for dependencies of gz-plugin2
[2.734s] -- Looking for gz-utils2 -- found version 2.2.0
[2.734s] -- Searching for <gz-plugin2> component [all]
[2.734s] -- Looking for all libraries of gz-plugin2 -- found version 2.0.3
[2.735s] -- Looking for gz-plugin2 -- found version 2.0.3
[2.735s] -- Looking for gz-utils2 -- found version 2.2.0
[2.738s] -- Looking for gz-msgs10 -- found version 10.3.1
[2.781s] -- Looking for gz-physics7 -- found version 7.4.0
[2.781s] -- Searching for dependencies of gz-physics7
[2.782s] -- Looking for gz-common5 -- found version 5.7.0
[2.782s] -- Looking for gz-math7 -- found version 7.5.1
[2.783s] -- Looking for gz-plugin2 -- found version 2.0.3
[2.783s] -- Looking for gz-utils2 -- found version 2.2.0
[2.785s] -- Searching for <gz-physics7> component [heightmap]
[2.785s] -- Looking for gz-physics7-heightmap -- found version 7.4.0
[2.786s] -- Searching for dependencies of gz-physics7-heightmap
[2.786s] -- Looking for gz-common5 -- found version 5.7.0
[2.787s] -- Searching for <gz-physics7> component [mesh]
[2.787s] -- Looking for gz-physics7-mesh -- found version 7.4.0
[2.787s] -- Searching for dependencies of gz-physics7-mesh
[2.788s] -- Looking for gz-common5 -- found version 5.7.0
[2.789s] -- Searching for <gz-physics7> component [sdf]
[2.789s] -- Looking for gz-physics7-sdf -- found version 7.4.0
[2.790s] -- Searching for dependencies of gz-physics7-sdf
[2.790s] -- Looking for sdformat14 -- found version 14.6.0
[2.792s] -- Looking for gz-sensors8 -- found version 8.2.1
[2.792s] -- Searching for dependencies of gz-sensors8
[2.808s] -- Looking for gz-math7 -- found version 7.5.1
[2.809s] -- Looking for gz-common5 -- found version 5.7.0
[2.809s] -- Looking for gz-transport13 -- found version 13.4.0
[2.809s] -- Looking for gz-rendering8 -- found version 8.2.1
[2.810s] -- Looking for gz-msgs10 -- found version 10.3.1
[2.810s] -- Looking for sdformat14 -- found version 14.6.0
[2.811s] -- Searching for <gz-sensors8> component [air_pressure]
[2.812s] -- Looking for gz-sensors8-air_pressure -- found version 8.2.1
[2.812s] -- Searching for dependencies of gz-sensors8-air_pressure
[2.812s] -- Searching for <gz-sensors8> component [air_speed]
[2.813s] -- Looking for gz-sensors8-air_speed -- found version 8.2.1
[2.813s] -- Searching for dependencies of gz-sensors8-air_speed
[2.814s] -- Searching for <gz-sensors8> component [altimeter]
[2.814s] -- Looking for gz-sensors8-altimeter -- found version 8.2.1
[2.814s] -- Searching for dependencies of gz-sensors8-altimeter
[2.815s] -- Searching for <gz-sensors8> component [imu]
[2.816s] -- Looking for gz-sensors8-imu -- found version 8.2.1
[2.816s] -- Searching for dependencies of gz-sensors8-imu
[2.816s] -- Searching for <gz-sensors8> component [force_torque]
[2.817s] -- Looking for gz-sensors8-force_torque -- found version 8.2.1
[2.817s] -- Searching for dependencies of gz-sensors8-force_torque
[2.817s] -- Searching for <gz-sensors8> component [logical_camera]
[2.818s] -- Looking for gz-sensors8-logical_camera -- found version 8.2.1
[2.818s] -- Searching for dependencies of gz-sensors8-logical_camera
[2.819s] -- Searching for <gz-sensors8> component [magnetometer]
[2.819s] -- Looking for gz-sensors8-magnetometer -- found version 8.2.1
[2.819s] -- Searching for dependencies of gz-sensors8-magnetometer
[2.820s] -- Searching for <gz-sensors8> component [navsat]
[2.820s] -- Looking for gz-sensors8-navsat -- found version 8.2.1
[2.820s] -- Searching for dependencies of gz-sensors8-navsat
[2.821s] -- Searching for <gz-sensors8> component [dvl]
[2.822s] -- Looking for gz-sensors8-dvl -- found version 8.2.1
[2.822s] -- Searching for dependencies of gz-sensors8-dvl
[2.822s] -- Looking for gz-sensors8 -- found version 8.2.1
[2.822s] -- Searching for dependencies of gz-sensors8
[2.838s] -- Looking for gz-math7 -- found version 7.5.1
[2.838s] -- Looking for gz-common5 -- found version 5.7.0
[2.838s] -- Looking for gz-transport13 -- found version 13.4.0
[2.838s] -- Looking for gz-rendering8 -- found version 8.2.1
[2.839s] -- Looking for gz-msgs10 -- found version 10.3.1
[2.839s] -- Looking for sdformat14 -- found version 14.6.0
[2.839s] -- Searching for <gz-sensors8> component [rendering]
[2.840s] -- Looking for gz-sensors8-rendering -- found version 8.2.1
[2.840s] -- Searching for dependencies of gz-sensors8-rendering
[2.841s] -- Searching for <gz-sensors8> component [rendering]
[2.841s] -- Searching for <gz-sensors8> component [lidar]
[2.841s] -- Looking for gz-sensors8-lidar -- found version 8.2.1
[2.842s] -- Searching for dependencies of gz-sensors8-lidar
[2.842s] -- Looking for gz-sensors8 -- found version 8.2.1
[2.842s] -- Searching for <gz-sensors8> component [gpu_lidar]
[2.843s] -- Looking for gz-sensors8-gpu_lidar -- found version 8.2.1
[2.843s] -- Searching for dependencies of gz-sensors8-gpu_lidar
[2.843s] -- Looking for gz-sensors8 -- found version 8.2.1
[2.844s] -- Searching for <gz-sensors8> component [camera]
[2.844s] -- Looking for gz-sensors8-camera -- found version 8.2.1
[2.844s] -- Searching for dependencies of gz-sensors8-camera
[2.845s] -- Looking for gz-sensors8 -- found version 8.2.1
[2.845s] -- Searching for <gz-sensors8> component [boundingbox_camera]
[2.845s] -- Looking for gz-sensors8-boundingbox_camera -- found version 8.2.1
[2.846s] -- Searching for dependencies of gz-sensors8-boundingbox_camera
[2.846s] -- Searching for <gz-sensors8> component [segmentation_camera]
[2.847s] -- Looking for gz-sensors8-segmentation_camera -- found version 8.2.1
[2.847s] -- Searching for dependencies of gz-sensors8-segmentation_camera
[2.847s] -- Searching for <gz-sensors8> component [depth_camera]
[2.847s] -- Looking for gz-sensors8-depth_camera -- found version 8.2.1
[2.848s] -- Searching for dependencies of gz-sensors8-depth_camera
[2.848s] -- Looking for gz-sensors8 -- found version 8.2.1
[2.848s] -- Searching for <gz-sensors8> component [rgbd_camera]
[2.849s] -- Looking for gz-sensors8-rgbd_camera -- found version 8.2.1
[2.849s] -- Searching for dependencies of gz-sensors8-rgbd_camera
[2.849s] -- Looking for gz-sensors8 -- found version 8.2.1
[2.850s] -- Searching for <gz-sensors8> component [thermal_camera]
[2.850s] -- Looking for gz-sensors8-thermal_camera -- found version 8.2.1
[2.850s] -- Searching for dependencies of gz-sensors8-thermal_camera
[2.850s] -- Looking for gz-sensors8 -- found version 8.2.1
[2.851s] -- Searching for <gz-sensors8> component [wide_angle_camera]
[2.851s] -- Looking for gz-sensors8-wide_angle_camera -- found version 8.2.1
[2.852s] -- Searching for dependencies of gz-sensors8-wide_angle_camera
[2.852s] -- Looking for gz-rendering8 -- found version 8.2.1
[2.853s] -- Looking for gz-math7 -- found version 7.5.1
[2.853s] -- Looking for gz-utils2 -- found version 2.2.0
[2.872s] -- Found trajectory_msgs: 5.3.5 (/opt/ros/jazzy/share/trajectory_msgs/cmake)
[2.977s] -- Configuring done (2.9s)
[2.985s] -- Generating done (0.0s)
[2.987s] -- Build files have been written to: /home/pablo_kevin/ProyectoTecnologo_RoboticHandDRL/Desarrollo/simulation/ros2_robotic_hand_ws/build/robotic_hand
[2.998s] Invoked command in '/home/pablo_kevin/ProyectoTecnologo_RoboticHandDRL/Desarrollo/simulation/ros2_robotic_hand_ws/build/robotic_hand' returned '0': CMAKE_PREFIX_PATH=${CMAKE_PREFIX_PATH}:/opt/ros/jazzy CONDA_PROMPT_MODIFIER=(base) DEBUGINFOD_URLS=https://debuginfod.ubuntu.com /usr/bin/cmake /home/pablo_kevin/ProyectoTecnologo_RoboticHandDRL/Desarrollo/simulation/ros2_robotic_hand_ws/src/robotic_hand -DAMENT_CMAKE_SYMLINK_INSTALL=1 -DCMAKE_INSTALL_PREFIX=/home/pablo_kevin/ProyectoTecnologo_RoboticHandDRL/Desarrollo/simulation/ros2_robotic_hand_ws/install/robotic_hand
[2.999s] Invoking command in '/home/pablo_kevin/ProyectoTecnologo_RoboticHandDRL/Desarrollo/simulation/ros2_robotic_hand_ws/build/robotic_hand': CMAKE_PREFIX_PATH=${CMAKE_PREFIX_PATH}:/opt/ros/jazzy CONDA_PROMPT_MODIFIER=(base) DEBUGINFOD_URLS=https://debuginfod.ubuntu.com /usr/bin/cmake --build /home/pablo_kevin/ProyectoTecnologo_RoboticHandDRL/Desarrollo/simulation/ros2_robotic_hand_ws/build/robotic_hand -- -j20 -l20
[3.090s] Invoked command in '/home/pablo_kevin/ProyectoTecnologo_RoboticHandDRL/Desarrollo/simulation/ros2_robotic_hand_ws/build/robotic_hand' returned '0': CMAKE_PREFIX_PATH=${CMAKE_PREFIX_PATH}:/opt/ros/jazzy CONDA_PROMPT_MODIFIER=(base) DEBUGINFOD_URLS=https://debuginfod.ubuntu.com /usr/bin/cmake --build /home/pablo_kevin/ProyectoTecnologo_RoboticHandDRL/Desarrollo/simulation/ros2_robotic_hand_ws/build/robotic_hand -- -j20 -l20
[3.114s] Invoking command in '/home/pablo_kevin/ProyectoTecnologo_RoboticHandDRL/Desarrollo/simulation/ros2_robotic_hand_ws/build/robotic_hand': CMAKE_PREFIX_PATH=${CMAKE_PREFIX_PATH}:/opt/ros/jazzy CONDA_PROMPT_MODIFIER=(base) DEBUGINFOD_URLS=https://debuginfod.ubuntu.com /usr/bin/cmake --install /home/pablo_kevin/ProyectoTecnologo_RoboticHandDRL/Desarrollo/simulation/ros2_robotic_hand_ws/build/robotic_hand
[3.127s] -- Install configuration: ""
[3.127s] -- Execute custom install script
[3.128s] -- Symlinking: /home/pablo_kevin/ProyectoTecnologo_RoboticHandDRL/Desarrollo/simulation/ros2_robotic_hand_ws/install/robotic_hand/share/robotic_hand//urdf/robotic_hand.sdf
[3.137s] -- Symlinking: /home/pablo_kevin/ProyectoTecnologo_RoboticHandDRL/Desarrollo/simulation/ros2_robotic_hand_ws/install/robotic_hand/share/robotic_hand//urdf/ros2_control/gazebo/robotic_hand.urdf.xacro
[3.146s] -- Symlinking: /home/pablo_kevin/ProyectoTecnologo_RoboticHandDRL/Desarrollo/simulation/ros2_robotic_hand_ws/install/robotic_hand/share/robotic_hand//urdf/ros2_control/gazebo/robotic_hand_ros2_control.xacro
[3.162s] -- Symlinking: /home/pablo_kevin/ProyectoTecnologo_RoboticHandDRL/Desarrollo/simulation/ros2_robotic_hand_ws/install/robotic_hand/share/robotic_hand//meshes/anular_link0.STL
[3.179s] -- Symlinking: /home/pablo_kevin/ProyectoTecnologo_RoboticHandDRL/Desarrollo/simulation/ros2_robotic_hand_ws/install/robotic_hand/share/robotic_hand//meshes/anular_link1.STL
[3.195s] -- Symlinking: /home/pablo_kevin/ProyectoTecnologo_RoboticHandDRL/Desarrollo/simulation/ros2_robotic_hand_ws/install/robotic_hand/share/robotic_hand//meshes/anular_link2.STL
[3.212s] -- Symlinking: /home/pablo_kevin/ProyectoTecnologo_RoboticHandDRL/Desarrollo/simulation/ros2_robotic_hand_ws/install/robotic_hand/share/robotic_hand//meshes/conectores_links.STL
[3.228s] -- Symlinking: /home/pablo_kevin/ProyectoTecnologo_RoboticHandDRL/Desarrollo/simulation/ros2_robotic_hand_ws/install/robotic_hand/share/robotic_hand//meshes/indice_link0.STL
[3.242s] -- Symlinking: /home/pablo_kevin/ProyectoTecnologo_RoboticHandDRL/Desarrollo/simulation/ros2_robotic_hand_ws/install/robotic_hand/share/robotic_hand//meshes/indice_link1.STL
[3.267s] -- Symlinking: /home/pablo_kevin/ProyectoTecnologo_RoboticHandDRL/Desarrollo/simulation/ros2_robotic_hand_ws/install/robotic_hand/share/robotic_hand//meshes/indice_link2.STL
[3.289s] -- Symlinking: /home/pablo_kevin/ProyectoTecnologo_RoboticHandDRL/Desarrollo/simulation/ros2_robotic_hand_ws/install/robotic_hand/share/robotic_hand//meshes/medio_link0.STL
[3.302s] -- Symlinking: /home/pablo_kevin/ProyectoTecnologo_RoboticHandDRL/Desarrollo/simulation/ros2_robotic_hand_ws/install/robotic_hand/share/robotic_hand//meshes/medio_link1.STL
[3.314s] -- Symlinking: /home/pablo_kevin/ProyectoTecnologo_RoboticHandDRL/Desarrollo/simulation/ros2_robotic_hand_ws/install/robotic_hand/share/robotic_hand//meshes/medio_link2.STL
[3.326s] -- Symlinking: /home/pablo_kevin/ProyectoTecnologo_RoboticHandDRL/Desarrollo/simulation/ros2_robotic_hand_ws/install/robotic_hand/share/robotic_hand//meshes/menique_link0.STL
[3.341s] -- Symlinking: /home/pablo_kevin/ProyectoTecnologo_RoboticHandDRL/Desarrollo/simulation/ros2_robotic_hand_ws/install/robotic_hand/share/robotic_hand//meshes/menique_link1.STL
[3.366s] -- Symlinking: /home/pablo_kevin/ProyectoTecnologo_RoboticHandDRL/Desarrollo/simulation/ros2_robotic_hand_ws/install/robotic_hand/share/robotic_hand//meshes/menique_link2.STL
[3.383s] -- Symlinking: /home/pablo_kevin/ProyectoTecnologo_RoboticHandDRL/Desarrollo/simulation/ros2_robotic_hand_ws/install/robotic_hand/share/robotic_hand//meshes/palma_dorso_link.STL
[3.396s] -- Symlinking: /home/pablo_kevin/ProyectoTecnologo_RoboticHandDRL/Desarrollo/simulation/ros2_robotic_hand_ws/install/robotic_hand/share/robotic_hand//meshes/pulgar_link0.STL
[3.420s] -- Symlinking: /home/pablo_kevin/ProyectoTecnologo_RoboticHandDRL/Desarrollo/simulation/ros2_robotic_hand_ws/install/robotic_hand/share/robotic_hand//meshes/pulgar_link1.STL
[3.443s] -- Symlinking: /home/pablo_kevin/ProyectoTecnologo_RoboticHandDRL/Desarrollo/simulation/ros2_robotic_hand_ws/install/robotic_hand/share/robotic_hand//launch/robotic_hand_gazebo.launch.py
[3.466s] -- Symlinking: /home/pablo_kevin/ProyectoTecnologo_RoboticHandDRL/Desarrollo/simulation/ros2_robotic_hand_ws/install/robotic_hand/lib/robotic_hand/finger_control.py
[3.484s] -- Symlinking: /home/pablo_kevin/ProyectoTecnologo_RoboticHandDRL/Desarrollo/simulation/ros2_robotic_hand_ws/install/robotic_hand/share/robotic_hand//config/hand_controllers.yaml
[3.498s] -- Symlinking: /home/pablo_kevin/ProyectoTecnologo_RoboticHandDRL/Desarrollo/simulation/ros2_robotic_hand_ws/install/robotic_hand/share/ament_index/resource_index/package_run_dependencies/robotic_hand
[3.514s] -- Symlinking: /home/pablo_kevin/ProyectoTecnologo_RoboticHandDRL/Desarrollo/simulation/ros2_robotic_hand_ws/install/robotic_hand/share/ament_index/resource_index/parent_prefix_path/robotic_hand
[3.526s] -- Symlinking: /home/pablo_kevin/ProyectoTecnologo_RoboticHandDRL/Desarrollo/simulation/ros2_robotic_hand_ws/install/robotic_hand/share/robotic_hand/environment/ament_prefix_path.sh
[3.536s] -- Symlinking: /home/pablo_kevin/ProyectoTecnologo_RoboticHandDRL/Desarrollo/simulation/ros2_robotic_hand_ws/install/robotic_hand/share/robotic_hand/environment/ament_prefix_path.dsv
[3.546s] -- Symlinking: /home/pablo_kevin/ProyectoTecnologo_RoboticHandDRL/Desarrollo/simulation/ros2_robotic_hand_ws/install/robotic_hand/share/robotic_hand/environment/path.sh
[3.555s] -- Symlinking: /home/pablo_kevin/ProyectoTecnologo_RoboticHandDRL/Desarrollo/simulation/ros2_robotic_hand_ws/install/robotic_hand/share/robotic_hand/environment/path.dsv
[3.566s] -- Symlinking: /home/pablo_kevin/ProyectoTecnologo_RoboticHandDRL/Desarrollo/simulation/ros2_robotic_hand_ws/install/robotic_hand/share/robotic_hand/local_setup.bash
[3.581s] -- Symlinking: /home/pablo_kevin/ProyectoTecnologo_RoboticHandDRL/Desarrollo/simulation/ros2_robotic_hand_ws/install/robotic_hand/share/robotic_hand/local_setup.sh
[3.599s] -- Symlinking: /home/pablo_kevin/ProyectoTecnologo_RoboticHandDRL/Desarrollo/simulation/ros2_robotic_hand_ws/install/robotic_hand/share/robotic_hand/local_setup.zsh
[3.615s] -- Symlinking: /home/pablo_kevin/ProyectoTecnologo_RoboticHandDRL/Desarrollo/simulation/ros2_robotic_hand_ws/install/robotic_hand/share/robotic_hand/local_setup.dsv
[3.646s] -- Symlinking: /home/pablo_kevin/ProyectoTecnologo_RoboticHandDRL/Desarrollo/simulation/ros2_robotic_hand_ws/install/robotic_hand/share/robotic_hand/package.dsv
[3.666s] -- Symlinking: /home/pablo_kevin/ProyectoTecnologo_RoboticHandDRL/Desarrollo/simulation/ros2_robotic_hand_ws/install/robotic_hand/share/ament_index/resource_index/packages/robotic_hand
[3.676s] -- Symlinking: /home/pablo_kevin/ProyectoTecnologo_RoboticHandDRL/Desarrollo/simulation/ros2_robotic_hand_ws/install/robotic_hand/share/robotic_hand/cmake/robotic_handConfig.cmake
[3.684s] -- Symlinking: /home/pablo_kevin/ProyectoTecnologo_RoboticHandDRL/Desarrollo/simulation/ros2_robotic_hand_ws/install/robotic_hand/share/robotic_hand/cmake/robotic_handConfig-version.cmake
[3.694s] -- Symlinking: /home/pablo_kevin/ProyectoTecnologo_RoboticHandDRL/Desarrollo/simulation/ros2_robotic_hand_ws/install/robotic_hand/share/robotic_hand/package.xml
[3.704s] Invoked command in '/home/pablo_kevin/ProyectoTecnologo_RoboticHandDRL/Desarrollo/simulation/ros2_robotic_hand_ws/build/robotic_hand' returned '0': CMAKE_PREFIX_PATH=${CMAKE_PREFIX_PATH}:/opt/ros/jazzy CONDA_PROMPT_MODIFIER=(base) DEBUGINFOD_URLS=https://debuginfod.ubuntu.com /usr/bin/cmake --install /home/pablo_kevin/ProyectoTecnologo_RoboticHandDRL/Desarrollo/simulation/ros2_robotic_hand_ws/build/robotic_hand
