[0.134s] DEBUG:colcon:Command line arguments: ['/usr/bin/colcon', 'build']
[0.134s] DEBUG:colcon:Parsed command line arguments: Namespace(log_base=None, log_level=None, verb_name='build', build_base='build', install_base='install', merge_install=False, symlink_install=False, test_result_base=None, continue_on_error=False, executor='parallel', parallel_workers=20, event_handlers=None, ignore_user_meta=False, metas=['./colcon.meta'], base_paths=['.'], packages_ignore=None, packages_ignore_regex=None, paths=None, packages_up_to=None, packages_up_to_regex=None, packages_above=None, packages_above_and_dependencies=None, packages_above_depth=None, packages_select_by_dep=None, packages_skip_by_dep=None, packages_skip_up_to=None, packages_select_build_failed=False, packages_skip_build_finished=False, packages_select_test_failures=False, packages_skip_test_passed=False, packages_select=None, packages_skip=None, packages_select_regex=None, packages_skip_regex=None, packages_start=None, packages_end=None, allow_overriding=[], cmake_args=None, cmake_target=None, cmake_target_skip_unavailable=False, cmake_clean_cache=False, cmake_clean_first=False, cmake_force_configure=False, ament_cmake_args=None, catkin_cmake_args=None, catkin_skip_building_tests=False, mixin_files=None, mixin=None, verb_parser=<colcon_mixin.mixin.mixin_argument.MixinArgumentDecorator object at 0x71f8b347d760>, verb_extension=<colcon_core.verb.build.BuildVerb object at 0x71f8b35ff4d0>, main=<bound method BuildVerb.main of <colcon_core.verb.build.BuildVerb object at 0x71f8b35ff4d0>>, mixin_verb=('build',))
[0.187s] Level 1:colcon.colcon_core.package_discovery:discover_packages(colcon_meta) check parameters
[0.187s] Level 1:colcon.colcon_core.package_discovery:discover_packages(recursive) check parameters
[0.187s] Level 1:colcon.colcon_core.package_discovery:discover_packages(ignore) check parameters
[0.187s] Level 1:colcon.colcon_core.package_discovery:discover_packages(path) check parameters
[0.187s] Level 1:colcon.colcon_core.package_discovery:discover_packages(colcon_meta) discover
[0.188s] Level 1:colcon.colcon_core.package_discovery:discover_packages(recursive) discover
[0.188s] INFO:colcon.colcon_core.package_discovery:Crawling recursively for packages in '/home/pablo_kevin/ProyectoTecnologo_RoboticHandDRL/Desarrollo/simulation/ros2_robotic_hand_ws'
[0.188s] Level 1:colcon.colcon_core.package_identification:_identify(.) by extensions ['ignore', 'ignore_ament_install']
[0.188s] Level 1:colcon.colcon_core.package_identification:_identify(.) by extension 'ignore'
[0.188s] Level 1:colcon.colcon_core.package_identification:_identify(.) by extension 'ignore_ament_install'
[0.188s] Level 1:colcon.colcon_core.package_identification:_identify(.) by extensions ['colcon_pkg']
[0.188s] Level 1:colcon.colcon_core.package_identification:_identify(.) by extension 'colcon_pkg'
[0.188s] Level 1:colcon.colcon_core.package_identification:_identify(.) by extensions ['colcon_meta']
[0.188s] Level 1:colcon.colcon_core.package_identification:_identify(.) by extension 'colcon_meta'
[0.188s] Level 1:colcon.colcon_core.package_identification:_identify(.) by extensions ['ros']
[0.188s] Level 1:colcon.colcon_core.package_identification:_identify(.) by extension 'ros'
[0.224s] Level 1:colcon.colcon_core.package_identification:_identify(.) by extensions ['cmake', 'python']
[0.224s] Level 1:colcon.colcon_core.package_identification:_identify(.) by extension 'cmake'
[0.224s] Level 1:colcon.colcon_core.package_identification:_identify(.) by extension 'python'
[0.224s] Level 1:colcon.colcon_core.package_identification:_identify(.) by extensions ['python_setup_py']
[0.224s] Level 1:colcon.colcon_core.package_identification:_identify(.) by extension 'python_setup_py'
[0.224s] Level 1:colcon.colcon_core.package_identification:_identify(build) by extensions ['ignore', 'ignore_ament_install']
[0.224s] Level 1:colcon.colcon_core.package_identification:_identify(build) by extension 'ignore'
[0.224s] Level 1:colcon.colcon_core.package_identification:_identify(build) ignored
[0.224s] Level 1:colcon.colcon_core.package_identification:_identify(install) by extensions ['ignore', 'ignore_ament_install']
[0.224s] Level 1:colcon.colcon_core.package_identification:_identify(install) by extension 'ignore'
[0.224s] Level 1:colcon.colcon_core.package_identification:_identify(install) ignored
[0.224s] Level 1:colcon.colcon_core.package_identification:_identify(log) by extensions ['ignore', 'ignore_ament_install']
[0.224s] Level 1:colcon.colcon_core.package_identification:_identify(log) by extension 'ignore'
[0.224s] Level 1:colcon.colcon_core.package_identification:_identify(log) ignored
[0.224s] Level 1:colcon.colcon_core.package_identification:_identify(src) by extensions ['ignore', 'ignore_ament_install']
[0.224s] Level 1:colcon.colcon_core.package_identification:_identify(src) by extension 'ignore'
[0.225s] Level 1:colcon.colcon_core.package_identification:_identify(src) by extension 'ignore_ament_install'
[0.225s] Level 1:colcon.colcon_core.package_identification:_identify(src) by extensions ['colcon_pkg']
[0.225s] Level 1:colcon.colcon_core.package_identification:_identify(src) by extension 'colcon_pkg'
[0.225s] Level 1:colcon.colcon_core.package_identification:_identify(src) by extensions ['colcon_meta']
[0.225s] Level 1:colcon.colcon_core.package_identification:_identify(src) by extension 'colcon_meta'
[0.225s] Level 1:colcon.colcon_core.package_identification:_identify(src) by extensions ['ros']
[0.225s] Level 1:colcon.colcon_core.package_identification:_identify(src) by extension 'ros'
[0.225s] Level 1:colcon.colcon_core.package_identification:_identify(src) by extensions ['cmake', 'python']
[0.225s] Level 1:colcon.colcon_core.package_identification:_identify(src) by extension 'cmake'
[0.225s] Level 1:colcon.colcon_core.package_identification:_identify(src) by extension 'python'
[0.225s] Level 1:colcon.colcon_core.package_identification:_identify(src) by extensions ['python_setup_py']
[0.225s] Level 1:colcon.colcon_core.package_identification:_identify(src) by extension 'python_setup_py'
[0.225s] Level 1:colcon.colcon_core.package_identification:_identify(src/robotic_hand) by extensions ['ignore', 'ignore_ament_install']
[0.225s] Level 1:colcon.colcon_core.package_identification:_identify(src/robotic_hand) by extension 'ignore'
[0.225s] Level 1:colcon.colcon_core.package_identification:_identify(src/robotic_hand) by extension 'ignore_ament_install'
[0.225s] Level 1:colcon.colcon_core.package_identification:_identify(src/robotic_hand) by extensions ['colcon_pkg']
[0.225s] Level 1:colcon.colcon_core.package_identification:_identify(src/robotic_hand) by extension 'colcon_pkg'
[0.225s] Level 1:colcon.colcon_core.package_identification:_identify(src/robotic_hand) by extensions ['colcon_meta']
[0.225s] Level 1:colcon.colcon_core.package_identification:_identify(src/robotic_hand) by extension 'colcon_meta'
[0.225s] Level 1:colcon.colcon_core.package_identification:_identify(src/robotic_hand) by extensions ['ros']
[0.225s] Level 1:colcon.colcon_core.package_identification:_identify(src/robotic_hand) by extension 'ros'
[0.229s] DEBUG:colcon.colcon_core.package_identification:Package 'src/robotic_hand' with type 'ros.ament_cmake' and name 'robotic_hand'
[0.229s] Level 1:colcon.colcon_core.package_discovery:discover_packages(recursive) using defaults
[0.229s] Level 1:colcon.colcon_core.package_discovery:discover_packages(ignore) discover
[0.229s] Level 1:colcon.colcon_core.package_discovery:discover_packages(ignore) using defaults
[0.229s] Level 1:colcon.colcon_core.package_discovery:discover_packages(path) discover
[0.229s] Level 1:colcon.colcon_core.package_discovery:discover_packages(path) using defaults
[0.253s] Level 1:colcon.colcon_core.package_discovery:discover_packages(prefix_path) check parameters
[0.253s] Level 1:colcon.colcon_core.package_discovery:discover_packages(prefix_path) discover
[0.257s] DEBUG:colcon.colcon_installed_package_information.package_discovery:Found 1 installed packages in /home/pablo_kevin/ProyectoTecnologo_RoboticHandDRL/Desarrollo/simulation/ros2_robotic_hand_ws/install
[0.259s] DEBUG:colcon.colcon_installed_package_information.package_discovery:Found 350 installed packages in /opt/ros/jazzy
[0.260s] Level 1:colcon.colcon_core.package_discovery:discover_packages(prefix_path) using defaults
[0.302s] Level 5:colcon.colcon_core.verb:set package 'robotic_hand' build argument 'cmake_args' from command line to 'None'
[0.303s] Level 5:colcon.colcon_core.verb:set package 'robotic_hand' build argument 'cmake_target' from command line to 'None'
[0.303s] Level 5:colcon.colcon_core.verb:set package 'robotic_hand' build argument 'cmake_target_skip_unavailable' from command line to 'False'
[0.303s] Level 5:colcon.colcon_core.verb:set package 'robotic_hand' build argument 'cmake_clean_cache' from command line to 'False'
[0.303s] Level 5:colcon.colcon_core.verb:set package 'robotic_hand' build argument 'cmake_clean_first' from command line to 'False'
[0.303s] Level 5:colcon.colcon_core.verb:set package 'robotic_hand' build argument 'cmake_force_configure' from command line to 'False'
[0.303s] Level 5:colcon.colcon_core.verb:set package 'robotic_hand' build argument 'ament_cmake_args' from command line to 'None'
[0.303s] Level 5:colcon.colcon_core.verb:set package 'robotic_hand' build argument 'catkin_cmake_args' from command line to 'None'
[0.303s] Level 5:colcon.colcon_core.verb:set package 'robotic_hand' build argument 'catkin_skip_building_tests' from command line to 'False'
[0.303s] DEBUG:colcon.colcon_core.verb:Building package 'robotic_hand' with the following arguments: {'ament_cmake_args': None, 'build_base': '/home/pablo_kevin/ProyectoTecnologo_RoboticHandDRL/Desarrollo/simulation/ros2_robotic_hand_ws/build/robotic_hand', 'catkin_cmake_args': None, 'catkin_skip_building_tests': False, 'cmake_args': None, 'cmake_clean_cache': False, 'cmake_clean_first': False, 'cmake_force_configure': False, 'cmake_target': None, 'cmake_target_skip_unavailable': False, 'install_base': '/home/pablo_kevin/ProyectoTecnologo_RoboticHandDRL/Desarrollo/simulation/ros2_robotic_hand_ws/install/robotic_hand', 'merge_install': False, 'path': '/home/pablo_kevin/ProyectoTecnologo_RoboticHandDRL/Desarrollo/simulation/ros2_robotic_hand_ws/src/robotic_hand', 'symlink_install': False, 'test_result_base': None}
[0.303s] INFO:colcon.colcon_core.executor:Executing jobs using 'parallel' executor
[0.304s] DEBUG:colcon.colcon_parallel_executor.executor.parallel:run_until_complete
[0.304s] INFO:colcon.colcon_ros.task.ament_cmake.build:Building ROS package in '/home/pablo_kevin/ProyectoTecnologo_RoboticHandDRL/Desarrollo/simulation/ros2_robotic_hand_ws/src/robotic_hand' with build type 'ament_cmake'
[0.304s] INFO:colcon.colcon_cmake.task.cmake.build:Building CMake package in '/home/pablo_kevin/ProyectoTecnologo_RoboticHandDRL/Desarrollo/simulation/ros2_robotic_hand_ws/src/robotic_hand'
[0.308s] INFO:colcon.colcon_core.plugin_system:Skipping extension 'colcon_core.shell.bat': Not used on non-Windows systems
[0.308s] INFO:colcon.colcon_core.shell:Skip shell extension 'powershell' for command environment: Not usable outside of PowerShell
[0.308s] DEBUG:colcon.colcon_core.shell:Skip shell extension 'dsv' for command environment
[0.318s] DEBUG:colcon.colcon_core.event_handler.log_command:Invoking command in '/home/pablo_kevin/ProyectoTecnologo_RoboticHandDRL/Desarrollo/simulation/ros2_robotic_hand_ws/build/robotic_hand': CMAKE_PREFIX_PATH=${CMAKE_PREFIX_PATH}:/opt/ros/jazzy DEBUGINFOD_URLS=https://debuginfod.ubuntu.com /usr/bin/cmake --build /home/pablo_kevin/ProyectoTecnologo_RoboticHandDRL/Desarrollo/simulation/ros2_robotic_hand_ws/build/robotic_hand -- -j20 -l20
[0.440s] DEBUG:colcon.colcon_core.event_handler.log_command:Invoked command in '/home/pablo_kevin/ProyectoTecnologo_RoboticHandDRL/Desarrollo/simulation/ros2_robotic_hand_ws/build/robotic_hand' returned '0': CMAKE_PREFIX_PATH=${CMAKE_PREFIX_PATH}:/opt/ros/jazzy DEBUGINFOD_URLS=https://debuginfod.ubuntu.com /usr/bin/cmake --build /home/pablo_kevin/ProyectoTecnologo_RoboticHandDRL/Desarrollo/simulation/ros2_robotic_hand_ws/build/robotic_hand -- -j20 -l20
[0.453s] DEBUG:colcon.colcon_core.event_handler.log_command:Invoking command in '/home/pablo_kevin/ProyectoTecnologo_RoboticHandDRL/Desarrollo/simulation/ros2_robotic_hand_ws/build/robotic_hand': CMAKE_PREFIX_PATH=${CMAKE_PREFIX_PATH}:/opt/ros/jazzy DEBUGINFOD_URLS=https://debuginfod.ubuntu.com /usr/bin/cmake --install /home/pablo_kevin/ProyectoTecnologo_RoboticHandDRL/Desarrollo/simulation/ros2_robotic_hand_ws/build/robotic_hand
[0.484s] Level 1:colcon.colcon_core.environment:create_environment_scripts_only(robotic_hand)
[0.484s] DEBUG:colcon.colcon_core.event_handler.log_command:Invoked command in '/home/pablo_kevin/ProyectoTecnologo_RoboticHandDRL/Desarrollo/simulation/ros2_robotic_hand_ws/build/robotic_hand' returned '0': CMAKE_PREFIX_PATH=${CMAKE_PREFIX_PATH}:/opt/ros/jazzy DEBUGINFOD_URLS=https://debuginfod.ubuntu.com /usr/bin/cmake --install /home/pablo_kevin/ProyectoTecnologo_RoboticHandDRL/Desarrollo/simulation/ros2_robotic_hand_ws/build/robotic_hand
[0.492s] Level 1:colcon.colcon_core.environment:checking '/home/pablo_kevin/ProyectoTecnologo_RoboticHandDRL/Desarrollo/simulation/ros2_robotic_hand_ws/install/robotic_hand' for CMake module files
[0.493s] Level 1:colcon.colcon_core.environment:checking '/home/pablo_kevin/ProyectoTecnologo_RoboticHandDRL/Desarrollo/simulation/ros2_robotic_hand_ws/install/robotic_hand' for CMake config files
[0.494s] Level 1:colcon.colcon_core.shell:create_environment_hook('robotic_hand', 'cmake_prefix_path')
[0.494s] INFO:colcon.colcon_core.shell:Creating environment hook '/home/pablo_kevin/ProyectoTecnologo_RoboticHandDRL/Desarrollo/simulation/ros2_robotic_hand_ws/install/robotic_hand/share/robotic_hand/hook/cmake_prefix_path.ps1'
[0.495s] INFO:colcon.colcon_core.shell:Creating environment descriptor '/home/pablo_kevin/ProyectoTecnologo_RoboticHandDRL/Desarrollo/simulation/ros2_robotic_hand_ws/install/robotic_hand/share/robotic_hand/hook/cmake_prefix_path.dsv'
[0.496s] INFO:colcon.colcon_core.shell:Creating environment hook '/home/pablo_kevin/ProyectoTecnologo_RoboticHandDRL/Desarrollo/simulation/ros2_robotic_hand_ws/install/robotic_hand/share/robotic_hand/hook/cmake_prefix_path.sh'
[0.497s] Level 1:colcon.colcon_core.environment:checking '/home/pablo_kevin/ProyectoTecnologo_RoboticHandDRL/Desarrollo/simulation/ros2_robotic_hand_ws/install/robotic_hand/lib'
[0.497s] Level 1:colcon.colcon_core.environment:checking '/home/pablo_kevin/ProyectoTecnologo_RoboticHandDRL/Desarrollo/simulation/ros2_robotic_hand_ws/install/robotic_hand/bin'
[0.497s] Level 1:colcon.colcon_core.environment:checking '/home/pablo_kevin/ProyectoTecnologo_RoboticHandDRL/Desarrollo/simulation/ros2_robotic_hand_ws/install/robotic_hand/lib/pkgconfig/robotic_hand.pc'
[0.497s] Level 1:colcon.colcon_core.environment:checking '/home/pablo_kevin/ProyectoTecnologo_RoboticHandDRL/Desarrollo/simulation/ros2_robotic_hand_ws/install/robotic_hand/lib/python3.12/site-packages'
[0.498s] Level 1:colcon.colcon_core.environment:checking '/home/pablo_kevin/ProyectoTecnologo_RoboticHandDRL/Desarrollo/simulation/ros2_robotic_hand_ws/install/robotic_hand/bin'
[0.498s] INFO:colcon.colcon_core.shell:Creating package script '/home/pablo_kevin/ProyectoTecnologo_RoboticHandDRL/Desarrollo/simulation/ros2_robotic_hand_ws/install/robotic_hand/share/robotic_hand/package.ps1'
[0.499s] INFO:colcon.colcon_core.shell:Creating package descriptor '/home/pablo_kevin/ProyectoTecnologo_RoboticHandDRL/Desarrollo/simulation/ros2_robotic_hand_ws/install/robotic_hand/share/robotic_hand/package.dsv'
[0.500s] INFO:colcon.colcon_core.shell:Creating package script '/home/pablo_kevin/ProyectoTecnologo_RoboticHandDRL/Desarrollo/simulation/ros2_robotic_hand_ws/install/robotic_hand/share/robotic_hand/package.sh'
[0.501s] INFO:colcon.colcon_core.shell:Creating package script '/home/pablo_kevin/ProyectoTecnologo_RoboticHandDRL/Desarrollo/simulation/ros2_robotic_hand_ws/install/robotic_hand/share/robotic_hand/package.bash'
[0.501s] INFO:colcon.colcon_core.shell:Creating package script '/home/pablo_kevin/ProyectoTecnologo_RoboticHandDRL/Desarrollo/simulation/ros2_robotic_hand_ws/install/robotic_hand/share/robotic_hand/package.zsh'
[0.502s] Level 1:colcon.colcon_core.environment:create_file_with_runtime_dependencies(/home/pablo_kevin/ProyectoTecnologo_RoboticHandDRL/Desarrollo/simulation/ros2_robotic_hand_ws/install/robotic_hand/share/colcon-core/packages/robotic_hand)
[0.503s] Level 1:colcon.colcon_core.environment:create_environment_scripts_only(robotic_hand)
[0.503s] Level 1:colcon.colcon_core.environment:checking '/home/pablo_kevin/ProyectoTecnologo_RoboticHandDRL/Desarrollo/simulation/ros2_robotic_hand_ws/install/robotic_hand' for CMake module files
[0.504s] Level 1:colcon.colcon_core.environment:checking '/home/pablo_kevin/ProyectoTecnologo_RoboticHandDRL/Desarrollo/simulation/ros2_robotic_hand_ws/install/robotic_hand' for CMake config files
[0.504s] Level 1:colcon.colcon_core.shell:create_environment_hook('robotic_hand', 'cmake_prefix_path')
[0.505s] INFO:colcon.colcon_core.shell:Creating environment hook '/home/pablo_kevin/ProyectoTecnologo_RoboticHandDRL/Desarrollo/simulation/ros2_robotic_hand_ws/install/robotic_hand/share/robotic_hand/hook/cmake_prefix_path.ps1'
[0.505s] INFO:colcon.colcon_core.shell:Creating environment descriptor '/home/pablo_kevin/ProyectoTecnologo_RoboticHandDRL/Desarrollo/simulation/ros2_robotic_hand_ws/install/robotic_hand/share/robotic_hand/hook/cmake_prefix_path.dsv'
[0.505s] INFO:colcon.colcon_core.shell:Creating environment hook '/home/pablo_kevin/ProyectoTecnologo_RoboticHandDRL/Desarrollo/simulation/ros2_robotic_hand_ws/install/robotic_hand/share/robotic_hand/hook/cmake_prefix_path.sh'
[0.506s] Level 1:colcon.colcon_core.environment:checking '/home/pablo_kevin/ProyectoTecnologo_RoboticHandDRL/Desarrollo/simulation/ros2_robotic_hand_ws/install/robotic_hand/lib'
[0.506s] Level 1:colcon.colcon_core.environment:checking '/home/pablo_kevin/ProyectoTecnologo_RoboticHandDRL/Desarrollo/simulation/ros2_robotic_hand_ws/install/robotic_hand/bin'
[0.506s] Level 1:colcon.colcon_core.environment:checking '/home/pablo_kevin/ProyectoTecnologo_RoboticHandDRL/Desarrollo/simulation/ros2_robotic_hand_ws/install/robotic_hand/lib/pkgconfig/robotic_hand.pc'
[0.506s] Level 1:colcon.colcon_core.environment:checking '/home/pablo_kevin/ProyectoTecnologo_RoboticHandDRL/Desarrollo/simulation/ros2_robotic_hand_ws/install/robotic_hand/lib/python3.12/site-packages'
[0.506s] Level 1:colcon.colcon_core.environment:checking '/home/pablo_kevin/ProyectoTecnologo_RoboticHandDRL/Desarrollo/simulation/ros2_robotic_hand_ws/install/robotic_hand/bin'
[0.507s] INFO:colcon.colcon_core.shell:Creating package script '/home/pablo_kevin/ProyectoTecnologo_RoboticHandDRL/Desarrollo/simulation/ros2_robotic_hand_ws/install/robotic_hand/share/robotic_hand/package.ps1'
[0.507s] INFO:colcon.colcon_core.shell:Creating package descriptor '/home/pablo_kevin/ProyectoTecnologo_RoboticHandDRL/Desarrollo/simulation/ros2_robotic_hand_ws/install/robotic_hand/share/robotic_hand/package.dsv'
[0.508s] INFO:colcon.colcon_core.shell:Creating package script '/home/pablo_kevin/ProyectoTecnologo_RoboticHandDRL/Desarrollo/simulation/ros2_robotic_hand_ws/install/robotic_hand/share/robotic_hand/package.sh'
[0.508s] INFO:colcon.colcon_core.shell:Creating package script '/home/pablo_kevin/ProyectoTecnologo_RoboticHandDRL/Desarrollo/simulation/ros2_robotic_hand_ws/install/robotic_hand/share/robotic_hand/package.bash'
[0.509s] INFO:colcon.colcon_core.shell:Creating package script '/home/pablo_kevin/ProyectoTecnologo_RoboticHandDRL/Desarrollo/simulation/ros2_robotic_hand_ws/install/robotic_hand/share/robotic_hand/package.zsh'
[0.509s] Level 1:colcon.colcon_core.environment:create_file_with_runtime_dependencies(/home/pablo_kevin/ProyectoTecnologo_RoboticHandDRL/Desarrollo/simulation/ros2_robotic_hand_ws/install/robotic_hand/share/colcon-core/packages/robotic_hand)
[0.509s] DEBUG:colcon.colcon_parallel_executor.executor.parallel:closing loop
[0.510s] DEBUG:colcon.colcon_parallel_executor.executor.parallel:loop closed
[0.510s] DEBUG:colcon.colcon_parallel_executor.executor.parallel:run_until_complete finished with '0'
[0.510s] DEBUG:colcon.colcon_core.event_reactor:joining thread
[0.517s] INFO:colcon.colcon_core.plugin_system:Skipping extension 'colcon_notification.desktop_notification.terminal_notifier': Not used on non-Darwin systems
[0.517s] INFO:colcon.colcon_core.plugin_system:Skipping extension 'colcon_notification.desktop_notification.win32': Not used on non-Windows systems
[0.517s] INFO:colcon.colcon_notification.desktop_notification:Sending desktop notification using 'notify2'
[0.529s] DEBUG:colcon.colcon_core.event_reactor:joined thread
[0.529s] INFO:colcon.colcon_core.shell:Creating prefix script '/home/pablo_kevin/ProyectoTecnologo_RoboticHandDRL/Desarrollo/simulation/ros2_robotic_hand_ws/install/local_setup.ps1'
[0.531s] INFO:colcon.colcon_core.shell:Creating prefix util module '/home/pablo_kevin/ProyectoTecnologo_RoboticHandDRL/Desarrollo/simulation/ros2_robotic_hand_ws/install/_local_setup_util_ps1.py'
[0.533s] INFO:colcon.colcon_core.shell:Creating prefix chain script '/home/pablo_kevin/ProyectoTecnologo_RoboticHandDRL/Desarrollo/simulation/ros2_robotic_hand_ws/install/setup.ps1'
[0.535s] INFO:colcon.colcon_core.shell:Creating prefix script '/home/pablo_kevin/ProyectoTecnologo_RoboticHandDRL/Desarrollo/simulation/ros2_robotic_hand_ws/install/local_setup.sh'
[0.536s] INFO:colcon.colcon_core.shell:Creating prefix util module '/home/pablo_kevin/ProyectoTecnologo_RoboticHandDRL/Desarrollo/simulation/ros2_robotic_hand_ws/install/_local_setup_util_sh.py'
[0.537s] INFO:colcon.colcon_core.shell:Creating prefix chain script '/home/pablo_kevin/ProyectoTecnologo_RoboticHandDRL/Desarrollo/simulation/ros2_robotic_hand_ws/install/setup.sh'
[0.539s] INFO:colcon.colcon_core.shell:Creating prefix script '/home/pablo_kevin/ProyectoTecnologo_RoboticHandDRL/Desarrollo/simulation/ros2_robotic_hand_ws/install/local_setup.bash'
[0.540s] INFO:colcon.colcon_core.shell:Creating prefix chain script '/home/pablo_kevin/ProyectoTecnologo_RoboticHandDRL/Desarrollo/simulation/ros2_robotic_hand_ws/install/setup.bash'
[0.541s] INFO:colcon.colcon_core.shell:Creating prefix script '/home/pablo_kevin/ProyectoTecnologo_RoboticHandDRL/Desarrollo/simulation/ros2_robotic_hand_ws/install/local_setup.zsh'
[0.542s] INFO:colcon.colcon_core.shell:Creating prefix chain script '/home/pablo_kevin/ProyectoTecnologo_RoboticHandDRL/Desarrollo/simulation/ros2_robotic_hand_ws/install/setup.zsh'
