[0.009s] Invoking command in '/home/pablo_kevin/ProyectoTecnologo_RoboticHandDRL/Desarrollo/simulation/ros2_robotic_hand_ws/build/robotic_hand': CMAKE_PREFIX_PATH=${CMAKE_PREFIX_PATH}:/opt/ros/jazzy CONDA_PROMPT_MODIFIER=(base) DEBUGINFOD_URLS=https://debuginfod.ubuntu.com /usr/bin/cmake /home/pablo_kevin/ProyectoTecnologo_RoboticHandDRL/Desarrollo/simulation/ros2_robotic_hand_ws/src/robotic_hand -DCMAKE_INSTALL_PREFIX=/home/pablo_kevin/ProyectoTecnologo_RoboticHandDRL/Desarrollo/simulation/ros2_robotic_hand_ws/install/robotic_hand
[0.178s] -- Found ament_cmake: 2.5.3 (/opt/ros/jazzy/share/ament_cmake/cmake)
[0.235s] -- Override CMake install command with custom implementation using symlinks instead of copying resources
[0.245s] -- Found rclpy: 7.1.3 (/opt/ros/jazzy/share/rclpy/cmake)
[0.246s] -- Found std_msgs: 5.3.5 (/opt/ros/jazzy/share/std_msgs/cmake)
[0.274s] -- Found rosidl_generator_c: 4.6.5 (/opt/ros/jazzy/share/rosidl_generator_c/cmake)
[0.280s] -- Found rosidl_generator_cpp: 4.6.5 (/opt/ros/jazzy/share/rosidl_generator_cpp/cmake)
[0.289s] -- Using all available rosidl_typesupport_c: rosidl_typesupport_fastrtps_c;rosidl_typesupport_introspection_c
[0.298s] -- Using all available rosidl_typesupport_cpp: rosidl_typesupport_fastrtps_cpp;rosidl_typesupport_introspection_cpp
[0.317s] -- Found sensor_msgs: 5.3.5 (/opt/ros/jazzy/share/sensor_msgs/cmake)
[0.353s] -- Found urdf: 2.10.0 (/opt/ros/jazzy/share/urdf/cmake)
[0.358s] -- Found TinyXML2 via Config file: /usr/lib/x86_64-linux-gnu/cmake/tinyxml2
[0.362s] -- Looking for gz-sim8 -- found version 8.7.0
[0.366s] -- Searching for dependencies of gz-sim8
[0.366s] -- Looking for sdformat14 -- found version 14.6.0
[0.366s] -- Searching for dependencies of sdformat14
[0.371s] -- Checking for module 'tinyxml2'
[0.390s] --   Found tinyxml2, version 10.0.0
[0.469s] -- Looking for gz-math7 -- found version 7.5.1
[0.469s] -- Searching for dependencies of gz-math7
[0.470s] -- Looking for gz-utils2 -- found version 2.2.0
[0.470s] -- Searching for dependencies of gz-utils2
[0.473s] -- Looking for gz-utils2 -- found version 2.2.0
[0.473s] -- Searching for dependencies of gz-utils2
[0.473s] -- Searching for <gz-utils2> component [cli]
[0.475s] -- Looking for gz-utils2-cli -- found version 2.2.0
[0.475s] -- Searching for dependencies of gz-utils2-cli
[0.478s] -- Looking for gz-plugin2 -- found version 2.0.3
[0.478s] -- Searching for dependencies of gz-plugin2
[0.479s] -- Looking for gz-utils2 -- found version 2.2.0
[0.480s] -- Searching for <gz-plugin2> component [loader]
[0.480s] -- Looking for gz-plugin2-loader -- found version 2.0.3
[0.481s] -- Searching for dependencies of gz-plugin2-loader
[0.481s] -- Searching for <gz-plugin2> component [register]
[0.482s] -- Looking for gz-plugin2-register -- found version 2.0.3
[0.482s] -- Searching for dependencies of gz-plugin2-register
[0.483s] -- Looking for gz-transport13 -- found version 13.4.0
[0.483s] -- Searching for dependencies of gz-transport13
[0.512s] -- Config-file not installed for ZeroMQ -- checking for pkg-config
[0.517s] -- Checking for module 'libzmq >= 4'
[0.541s] --   Found libzmq, version 4.3.5
[0.679s] -- Checking for module 'uuid'
[0.723s] --   Found uuid, version 2.39.3
[0.803s] -- Looking for gz-utils2 -- found version 2.2.0
[0.804s] -- Looking for gz-msgs10 -- found version 10.3.1
[0.804s] -- Searching for dependencies of gz-msgs10
[0.827s] -- Looking for gz-utils2 -- found version 2.2.0
[0.827s] -- Looking for gz-math7 -- found version 7.5.1
[1.019s] -- Searching for <gz-transport13> component [log]
[1.019s] -- Looking for gz-transport13-log -- found version 13.4.0
[1.019s] -- Searching for dependencies of gz-transport13-log
[1.020s] -- Searching for <gz-transport13> component [parameters]
[1.020s] -- Looking for gz-transport13-parameters -- found version 13.4.0
[1.020s] -- Searching for dependencies of gz-transport13-parameters
[1.021s] -- Looking for gz-msgs10 -- found version 10.3.1
[1.021s] -- Looking for gz-common5 -- found version 5.7.0
[1.021s] -- Searching for dependencies of gz-common5
[1.022s] -- Looking for gz-utils2 -- found version 2.2.0
[1.022s] -- Looking for dlfcn.h - found
[1.022s] -- Looking for libdl - found
[1.033s] -- Searching for <gz-common5> component [av]
[1.034s] -- Looking for gz-common5-av -- found version 5.7.0
[1.034s] -- Searching for dependencies of gz-common5-av
[1.044s] -- Checking for module 'libswscale'
[1.080s] --   Found libswscale, version 7.5.100
[1.187s] -- Checking for module 'libavdevice >= 56.4.100'
[1.231s] --   Found libavdevice, version 60.3.100
[1.369s] -- Checking for module 'libavformat'
[1.406s] --   Found libavformat, version 60.16.100
[1.525s] -- Checking for module 'libavcodec'
[1.568s] --   Found libavcodec, version 60.31.102
[1.684s] -- Checking for module 'libavutil'
[1.720s] --   Found libavutil, version 58.29.100
[1.812s] -- Searching for <gz-common5> component [events]
[1.814s] -- Looking for gz-common5-events -- found version 5.7.0
[1.815s] -- Searching for dependencies of gz-common5-events
[1.817s] -- Looking for gz-math7 -- found version 7.5.1
[1.819s] -- Searching for <gz-common5> component [graphics]
[1.820s] -- Looking for gz-common5-graphics -- found version 5.7.0
[1.821s] -- Searching for dependencies of gz-common5-graphics
[1.822s] -- Looking for gz-math7 -- found version 7.5.1
[1.826s] -- Searching for <gz-common5> component [io]
[1.828s] -- Looking for gz-common5-io -- found version 5.7.0
[1.828s] -- Searching for dependencies of gz-common5-io
[1.829s] -- Searching for <gz-common5> component [profiler]
[1.829s] -- Looking for gz-common5-profiler -- found version 5.7.0
[1.830s] -- Searching for dependencies of gz-common5-profiler
[1.831s] -- Looking for gz-fuel_tools9 -- found version 9.1.0
[1.832s] -- Searching for dependencies of gz-fuel_tools9
[1.916s] -- Checking for module 'jsoncpp'
[1.955s] --   Found jsoncpp, version 1.9.5
[2.063s] -- Checking for module 'yaml-0.1'
[2.104s] --   Found yaml-0.1, version 0.2.5
[2.220s] -- Checking for module 'libzip'
[2.255s] --   Found libzip, version 1.7.3
[2.345s] -- Looking for gz-utils2 -- found version 2.2.0
[2.346s] -- Looking for gz-common5 -- found version 5.7.0
[2.347s] -- Searching for dependencies of gz-common5
[2.348s] -- Looking for gz-utils2 -- found version 2.2.0
[2.349s] -- Looking for dlfcn.h - found
[2.349s] -- Looking for libdl - found
[2.363s] -- Searching for <gz-common5> component [testing]
[2.364s] -- Looking for gz-common5-testing -- found version 5.7.0
[2.364s] -- Searching for dependencies of gz-common5-testing
[2.365s] -- Looking for gz-math7 -- found version 7.5.1
[2.366s] -- Looking for gz-msgs10 -- found version 10.3.1
[2.367s] -- Looking for gz-gui8 -- found version 8.3.0
[2.367s] -- Searching for dependencies of gz-gui8
[2.388s] -- Looking for gz-utils2 -- found version 2.2.0
[2.388s] -- Looking for gz-math7 -- found version 7.5.1
[2.388s] -- Looking for gz-common5 -- found version 5.7.0
[2.389s] -- Looking for gz-plugin2 -- found version 2.0.3
[2.389s] -- Looking for gz-transport13 -- found version 13.4.0
[2.389s] -- Looking for gz-rendering8 -- found version 8.2.1
[2.389s] -- Searching for dependencies of gz-rendering8
[2.390s] -- Looking for gz-math7 -- found version 7.5.1
[2.390s] -- Searching for dependencies of gz-math7
[2.390s] -- Looking for gz-utils2 -- found version 2.2.0
[2.390s] -- Searching for <gz-math7> component [eigen3]
[2.391s] -- Looking for gz-math7-eigen3 -- found version 7.5.1
[2.391s] -- Searching for dependencies of gz-math7-eigen3
[2.392s] -- Looking for gz-common5 -- found version 5.7.0
[2.392s] -- Searching for dependencies of gz-common5
[2.393s] -- Looking for gz-utils2 -- found version 2.2.0
[2.393s] -- Looking for dlfcn.h - found
[2.393s] -- Looking for libdl - found
[2.405s] -- Searching for <gz-common5> component [graphics]
[2.405s] -- Searching for <gz-common5> component [events]
[2.405s] -- Searching for <gz-common5> component [geospatial]
[2.405s] -- Looking for gz-common5-geospatial -- found version 5.7.0
[2.406s] -- Searching for dependencies of gz-common5-geospatial
[2.406s] -- Looking for gz-math7 -- found version 7.5.1
[2.407s] -- Looking for gz-common5 -- found version 5.7.0
[2.408s] -- Looking for gz-plugin2 -- found version 2.0.3
[2.408s] -- Searching for dependencies of gz-plugin2
[2.409s] -- Looking for gz-utils2 -- found version 2.2.0
[2.409s] -- Searching for <gz-plugin2> component [all]
[2.409s] -- Looking for all libraries of gz-plugin2 -- found version 2.0.3
[2.410s] -- Looking for gz-plugin2 -- found version 2.0.3
[2.411s] -- Looking for gz-utils2 -- found version 2.2.0
[2.415s] -- Looking for gz-msgs10 -- found version 10.3.1
[2.429s] -- Looking for gz-physics7 -- found version 7.4.0
[2.429s] -- Searching for dependencies of gz-physics7
[2.429s] -- Looking for gz-common5 -- found version 5.7.0
[2.429s] -- Looking for gz-math7 -- found version 7.5.1
[2.430s] -- Looking for gz-plugin2 -- found version 2.0.3
[2.430s] -- Looking for gz-utils2 -- found version 2.2.0
[2.431s] -- Searching for <gz-physics7> component [heightmap]
[2.431s] -- Looking for gz-physics7-heightmap -- found version 7.4.0
[2.431s] -- Searching for dependencies of gz-physics7-heightmap
[2.431s] -- Looking for gz-common5 -- found version 5.7.0
[2.432s] -- Searching for <gz-physics7> component [mesh]
[2.432s] -- Looking for gz-physics7-mesh -- found version 7.4.0
[2.432s] -- Searching for dependencies of gz-physics7-mesh
[2.432s] -- Looking for gz-common5 -- found version 5.7.0
[2.433s] -- Searching for <gz-physics7> component [sdf]
[2.433s] -- Looking for gz-physics7-sdf -- found version 7.4.0
[2.433s] -- Searching for dependencies of gz-physics7-sdf
[2.433s] -- Looking for sdformat14 -- found version 14.6.0
[2.434s] -- Looking for gz-sensors8 -- found version 8.2.1
[2.434s] -- Searching for dependencies of gz-sensors8
[2.449s] -- Looking for gz-math7 -- found version 7.5.1
[2.449s] -- Looking for gz-common5 -- found version 5.7.0
[2.449s] -- Looking for gz-transport13 -- found version 13.4.0
[2.450s] -- Looking for gz-rendering8 -- found version 8.2.1
[2.450s] -- Looking for gz-msgs10 -- found version 10.3.1
[2.450s] -- Looking for sdformat14 -- found version 14.6.0
[2.451s] -- Searching for <gz-sensors8> component [air_pressure]
[2.451s] -- Looking for gz-sensors8-air_pressure -- found version 8.2.1
[2.451s] -- Searching for dependencies of gz-sensors8-air_pressure
[2.452s] -- Searching for <gz-sensors8> component [air_speed]
[2.452s] -- Looking for gz-sensors8-air_speed -- found version 8.2.1
[2.452s] -- Searching for dependencies of gz-sensors8-air_speed
[2.452s] -- Searching for <gz-sensors8> component [altimeter]
[2.453s] -- Looking for gz-sensors8-altimeter -- found version 8.2.1
[2.453s] -- Searching for dependencies of gz-sensors8-altimeter
[2.453s] -- Searching for <gz-sensors8> component [imu]
[2.453s] -- Looking for gz-sensors8-imu -- found version 8.2.1
[2.453s] -- Searching for dependencies of gz-sensors8-imu
[2.454s] -- Searching for <gz-sensors8> component [force_torque]
[2.454s] -- Looking for gz-sensors8-force_torque -- found version 8.2.1
[2.454s] -- Searching for dependencies of gz-sensors8-force_torque
[2.455s] -- Searching for <gz-sensors8> component [logical_camera]
[2.455s] -- Looking for gz-sensors8-logical_camera -- found version 8.2.1
[2.455s] -- Searching for dependencies of gz-sensors8-logical_camera
[2.455s] -- Searching for <gz-sensors8> component [magnetometer]
[2.456s] -- Looking for gz-sensors8-magnetometer -- found version 8.2.1
[2.456s] -- Searching for dependencies of gz-sensors8-magnetometer
[2.456s] -- Searching for <gz-sensors8> component [navsat]
[2.456s] -- Looking for gz-sensors8-navsat -- found version 8.2.1
[2.456s] -- Searching for dependencies of gz-sensors8-navsat
[2.457s] -- Searching for <gz-sensors8> component [dvl]
[2.457s] -- Looking for gz-sensors8-dvl -- found version 8.2.1
[2.457s] -- Searching for dependencies of gz-sensors8-dvl
[2.457s] -- Looking for gz-sensors8 -- found version 8.2.1
[2.457s] -- Searching for dependencies of gz-sensors8
[2.478s] -- Looking for gz-math7 -- found version 7.5.1
[2.479s] -- Looking for gz-common5 -- found version 5.7.0
[2.479s] -- Looking for gz-transport13 -- found version 13.4.0
[2.480s] -- Looking for gz-rendering8 -- found version 8.2.1
[2.481s] -- Looking for gz-msgs10 -- found version 10.3.1
[2.481s] -- Looking for sdformat14 -- found version 14.6.0
[2.482s] -- Searching for <gz-sensors8> component [rendering]
[2.482s] -- Looking for gz-sensors8-rendering -- found version 8.2.1
[2.483s] -- Searching for dependencies of gz-sensors8-rendering
[2.485s] -- Searching for <gz-sensors8> component [rendering]
[2.485s] -- Searching for <gz-sensors8> component [lidar]
[2.486s] -- Looking for gz-sensors8-lidar -- found version 8.2.1
[2.486s] -- Searching for dependencies of gz-sensors8-lidar
[2.487s] -- Looking for gz-sensors8 -- found version 8.2.1
[2.489s] -- Searching for <gz-sensors8> component [gpu_lidar]
[2.489s] -- Looking for gz-sensors8-gpu_lidar -- found version 8.2.1
[2.490s] -- Searching for dependencies of gz-sensors8-gpu_lidar
[2.490s] -- Looking for gz-sensors8 -- found version 8.2.1
[2.491s] -- Searching for <gz-sensors8> component [camera]
[2.492s] -- Looking for gz-sensors8-camera -- found version 8.2.1
[2.492s] -- Searching for dependencies of gz-sensors8-camera
[2.493s] -- Looking for gz-sensors8 -- found version 8.2.1
[2.494s] -- Searching for <gz-sensors8> component [boundingbox_camera]
[2.495s] -- Looking for gz-sensors8-boundingbox_camera -- found version 8.2.1
[2.495s] -- Searching for dependencies of gz-sensors8-boundingbox_camera
[2.495s] -- Searching for <gz-sensors8> component [segmentation_camera]
[2.496s] -- Looking for gz-sensors8-segmentation_camera -- found version 8.2.1
[2.496s] -- Searching for dependencies of gz-sensors8-segmentation_camera
[2.496s] -- Searching for <gz-sensors8> component [depth_camera]
[2.497s] -- Looking for gz-sensors8-depth_camera -- found version 8.2.1
[2.497s] -- Searching for dependencies of gz-sensors8-depth_camera
[2.497s] -- Looking for gz-sensors8 -- found version 8.2.1
[2.498s] -- Searching for <gz-sensors8> component [rgbd_camera]
[2.498s] -- Looking for gz-sensors8-rgbd_camera -- found version 8.2.1
[2.498s] -- Searching for dependencies of gz-sensors8-rgbd_camera
[2.499s] -- Looking for gz-sensors8 -- found version 8.2.1
[2.499s] -- Searching for <gz-sensors8> component [thermal_camera]
[2.500s] -- Looking for gz-sensors8-thermal_camera -- found version 8.2.1
[2.500s] -- Searching for dependencies of gz-sensors8-thermal_camera
[2.500s] -- Looking for gz-sensors8 -- found version 8.2.1
[2.500s] -- Searching for <gz-sensors8> component [wide_angle_camera]
[2.501s] -- Looking for gz-sensors8-wide_angle_camera -- found version 8.2.1
[2.501s] -- Searching for dependencies of gz-sensors8-wide_angle_camera
[2.502s] -- Looking for gz-rendering8 -- found version 8.2.1
[2.502s] -- Looking for gz-math7 -- found version 7.5.1
[2.502s] -- Looking for gz-utils2 -- found version 2.2.0
[2.520s] -- Found trajectory_msgs: 5.3.5 (/opt/ros/jazzy/share/trajectory_msgs/cmake)
[2.614s] -- Configuring done (2.6s)
[2.618s] -- Generating done (0.0s)
[2.620s] -- Build files have been written to: /home/pablo_kevin/ProyectoTecnologo_RoboticHandDRL/Desarrollo/simulation/ros2_robotic_hand_ws/build/robotic_hand
[2.631s] Invoked command in '/home/pablo_kevin/ProyectoTecnologo_RoboticHandDRL/Desarrollo/simulation/ros2_robotic_hand_ws/build/robotic_hand' returned '0': CMAKE_PREFIX_PATH=${CMAKE_PREFIX_PATH}:/opt/ros/jazzy CONDA_PROMPT_MODIFIER=(base) DEBUGINFOD_URLS=https://debuginfod.ubuntu.com /usr/bin/cmake /home/pablo_kevin/ProyectoTecnologo_RoboticHandDRL/Desarrollo/simulation/ros2_robotic_hand_ws/src/robotic_hand -DCMAKE_INSTALL_PREFIX=/home/pablo_kevin/ProyectoTecnologo_RoboticHandDRL/Desarrollo/simulation/ros2_robotic_hand_ws/install/robotic_hand
[2.632s] Invoking command in '/home/pablo_kevin/ProyectoTecnologo_RoboticHandDRL/Desarrollo/simulation/ros2_robotic_hand_ws/build/robotic_hand': CMAKE_PREFIX_PATH=${CMAKE_PREFIX_PATH}:/opt/ros/jazzy CONDA_PROMPT_MODIFIER=(base) DEBUGINFOD_URLS=https://debuginfod.ubuntu.com /usr/bin/cmake --build /home/pablo_kevin/ProyectoTecnologo_RoboticHandDRL/Desarrollo/simulation/ros2_robotic_hand_ws/build/robotic_hand -- -j20 -l20
[2.688s] Invoked command in '/home/pablo_kevin/ProyectoTecnologo_RoboticHandDRL/Desarrollo/simulation/ros2_robotic_hand_ws/build/robotic_hand' returned '0': CMAKE_PREFIX_PATH=${CMAKE_PREFIX_PATH}:/opt/ros/jazzy CONDA_PROMPT_MODIFIER=(base) DEBUGINFOD_URLS=https://debuginfod.ubuntu.com /usr/bin/cmake --build /home/pablo_kevin/ProyectoTecnologo_RoboticHandDRL/Desarrollo/simulation/ros2_robotic_hand_ws/build/robotic_hand -- -j20 -l20
[2.710s] Invoking command in '/home/pablo_kevin/ProyectoTecnologo_RoboticHandDRL/Desarrollo/simulation/ros2_robotic_hand_ws/build/robotic_hand': CMAKE_PREFIX_PATH=${CMAKE_PREFIX_PATH}:/opt/ros/jazzy CONDA_PROMPT_MODIFIER=(base) DEBUGINFOD_URLS=https://debuginfod.ubuntu.com /usr/bin/cmake --install /home/pablo_kevin/ProyectoTecnologo_RoboticHandDRL/Desarrollo/simulation/ros2_robotic_hand_ws/build/robotic_hand
[2.725s] -- Install configuration: ""
[2.725s] -- Execute custom install script
[2.726s] -- Up-to-date symlink: /home/pablo_kevin/ProyectoTecnologo_RoboticHandDRL/Desarrollo/simulation/ros2_robotic_hand_ws/install/robotic_hand/share/robotic_hand//urdf/robotic_hand.sdf
[2.726s] -- Up-to-date symlink: /home/pablo_kevin/ProyectoTecnologo_RoboticHandDRL/Desarrollo/simulation/ros2_robotic_hand_ws/install/robotic_hand/share/robotic_hand//urdf/ros2_control/gazebo/robotic_hand.urdf.xacro
[2.726s] -- Up-to-date symlink: /home/pablo_kevin/ProyectoTecnologo_RoboticHandDRL/Desarrollo/simulation/ros2_robotic_hand_ws/install/robotic_hand/share/robotic_hand//urdf/ros2_control/gazebo/robotic_hand_ros2_control.xacro
[2.727s] -- Up-to-date symlink: /home/pablo_kevin/ProyectoTecnologo_RoboticHandDRL/Desarrollo/simulation/ros2_robotic_hand_ws/install/robotic_hand/share/robotic_hand//meshes/anular_link0.STL
[2.727s] -- Up-to-date symlink: /home/pablo_kevin/ProyectoTecnologo_RoboticHandDRL/Desarrollo/simulation/ros2_robotic_hand_ws/install/robotic_hand/share/robotic_hand//meshes/anular_link1.STL
[2.728s] -- Up-to-date symlink: /home/pablo_kevin/ProyectoTecnologo_RoboticHandDRL/Desarrollo/simulation/ros2_robotic_hand_ws/install/robotic_hand/share/robotic_hand//meshes/anular_link2.STL
[2.728s] -- Up-to-date symlink: /home/pablo_kevin/ProyectoTecnologo_RoboticHandDRL/Desarrollo/simulation/ros2_robotic_hand_ws/install/robotic_hand/share/robotic_hand//meshes/conectores_links.STL
[2.728s] -- Up-to-date symlink: /home/pablo_kevin/ProyectoTecnologo_RoboticHandDRL/Desarrollo/simulation/ros2_robotic_hand_ws/install/robotic_hand/share/robotic_hand//meshes/indice_link0.STL
[2.728s] -- Up-to-date symlink: /home/pablo_kevin/ProyectoTecnologo_RoboticHandDRL/Desarrollo/simulation/ros2_robotic_hand_ws/install/robotic_hand/share/robotic_hand//meshes/indice_link1.STL
[2.728s] -- Up-to-date symlink: /home/pablo_kevin/ProyectoTecnologo_RoboticHandDRL/Desarrollo/simulation/ros2_robotic_hand_ws/install/robotic_hand/share/robotic_hand//meshes/indice_link2.STL
[2.729s] -- Up-to-date symlink: /home/pablo_kevin/ProyectoTecnologo_RoboticHandDRL/Desarrollo/simulation/ros2_robotic_hand_ws/install/robotic_hand/share/robotic_hand//meshes/medio_link0.STL
[2.729s] -- Up-to-date symlink: /home/pablo_kevin/ProyectoTecnologo_RoboticHandDRL/Desarrollo/simulation/ros2_robotic_hand_ws/install/robotic_hand/share/robotic_hand//meshes/medio_link1.STL
[2.729s] -- Up-to-date symlink: /home/pablo_kevin/ProyectoTecnologo_RoboticHandDRL/Desarrollo/simulation/ros2_robotic_hand_ws/install/robotic_hand/share/robotic_hand//meshes/medio_link2.STL
[2.729s] -- Up-to-date symlink: /home/pablo_kevin/ProyectoTecnologo_RoboticHandDRL/Desarrollo/simulation/ros2_robotic_hand_ws/install/robotic_hand/share/robotic_hand//meshes/menique_link0.STL
[2.729s] -- Up-to-date symlink: /home/pablo_kevin/ProyectoTecnologo_RoboticHandDRL/Desarrollo/simulation/ros2_robotic_hand_ws/install/robotic_hand/share/robotic_hand//meshes/menique_link1.STL
[2.729s] -- Up-to-date symlink: /home/pablo_kevin/ProyectoTecnologo_RoboticHandDRL/Desarrollo/simulation/ros2_robotic_hand_ws/install/robotic_hand/share/robotic_hand//meshes/menique_link2.STL
[2.729s] -- Up-to-date symlink: /home/pablo_kevin/ProyectoTecnologo_RoboticHandDRL/Desarrollo/simulation/ros2_robotic_hand_ws/install/robotic_hand/share/robotic_hand//meshes/palma_dorso_link.STL
[2.729s] -- Up-to-date symlink: /home/pablo_kevin/ProyectoTecnologo_RoboticHandDRL/Desarrollo/simulation/ros2_robotic_hand_ws/install/robotic_hand/share/robotic_hand//meshes/pulgar_link0.STL
[2.729s] -- Up-to-date symlink: /home/pablo_kevin/ProyectoTecnologo_RoboticHandDRL/Desarrollo/simulation/ros2_robotic_hand_ws/install/robotic_hand/share/robotic_hand//meshes/pulgar_link1.STL
[2.730s] -- Up-to-date symlink: /home/pablo_kevin/ProyectoTecnologo_RoboticHandDRL/Desarrollo/simulation/ros2_robotic_hand_ws/install/robotic_hand/share/robotic_hand//launch/robotic_hand_gazebo.launch.py
[2.730s] -- Up-to-date symlink: /home/pablo_kevin/ProyectoTecnologo_RoboticHandDRL/Desarrollo/simulation/ros2_robotic_hand_ws/install/robotic_hand/lib/robotic_hand/finger_control.py
[2.730s] -- Up-to-date symlink: /home/pablo_kevin/ProyectoTecnologo_RoboticHandDRL/Desarrollo/simulation/ros2_robotic_hand_ws/install/robotic_hand/share/robotic_hand//config/hand_controllers.yaml
[2.730s] -- Up-to-date symlink: /home/pablo_kevin/ProyectoTecnologo_RoboticHandDRL/Desarrollo/simulation/ros2_robotic_hand_ws/install/robotic_hand/share/ament_index/resource_index/package_run_dependencies/robotic_hand
[2.731s] -- Up-to-date symlink: /home/pablo_kevin/ProyectoTecnologo_RoboticHandDRL/Desarrollo/simulation/ros2_robotic_hand_ws/install/robotic_hand/share/ament_index/resource_index/parent_prefix_path/robotic_hand
[2.731s] -- Up-to-date symlink: /home/pablo_kevin/ProyectoTecnologo_RoboticHandDRL/Desarrollo/simulation/ros2_robotic_hand_ws/install/robotic_hand/share/robotic_hand/environment/ament_prefix_path.sh
[2.731s] -- Up-to-date symlink: /home/pablo_kevin/ProyectoTecnologo_RoboticHandDRL/Desarrollo/simulation/ros2_robotic_hand_ws/install/robotic_hand/share/robotic_hand/environment/ament_prefix_path.dsv
[2.731s] -- Up-to-date symlink: /home/pablo_kevin/ProyectoTecnologo_RoboticHandDRL/Desarrollo/simulation/ros2_robotic_hand_ws/install/robotic_hand/share/robotic_hand/environment/path.sh
[2.731s] -- Up-to-date symlink: /home/pablo_kevin/ProyectoTecnologo_RoboticHandDRL/Desarrollo/simulation/ros2_robotic_hand_ws/install/robotic_hand/share/robotic_hand/environment/path.dsv
[2.732s] -- Up-to-date symlink: /home/pablo_kevin/ProyectoTecnologo_RoboticHandDRL/Desarrollo/simulation/ros2_robotic_hand_ws/install/robotic_hand/share/robotic_hand/local_setup.bash
[2.732s] -- Up-to-date symlink: /home/pablo_kevin/ProyectoTecnologo_RoboticHandDRL/Desarrollo/simulation/ros2_robotic_hand_ws/install/robotic_hand/share/robotic_hand/local_setup.sh
[2.732s] -- Up-to-date symlink: /home/pablo_kevin/ProyectoTecnologo_RoboticHandDRL/Desarrollo/simulation/ros2_robotic_hand_ws/install/robotic_hand/share/robotic_hand/local_setup.zsh
[2.732s] -- Up-to-date symlink: /home/pablo_kevin/ProyectoTecnologo_RoboticHandDRL/Desarrollo/simulation/ros2_robotic_hand_ws/install/robotic_hand/share/robotic_hand/local_setup.dsv
[2.732s] -- Symlinking: /home/pablo_kevin/ProyectoTecnologo_RoboticHandDRL/Desarrollo/simulation/ros2_robotic_hand_ws/install/robotic_hand/share/robotic_hand/package.dsv
[2.744s] -- Up-to-date symlink: /home/pablo_kevin/ProyectoTecnologo_RoboticHandDRL/Desarrollo/simulation/ros2_robotic_hand_ws/install/robotic_hand/share/ament_index/resource_index/packages/robotic_hand
[2.744s] -- Up-to-date symlink: /home/pablo_kevin/ProyectoTecnologo_RoboticHandDRL/Desarrollo/simulation/ros2_robotic_hand_ws/install/robotic_hand/share/robotic_hand/cmake/robotic_handConfig.cmake
[2.744s] -- Up-to-date symlink: /home/pablo_kevin/ProyectoTecnologo_RoboticHandDRL/Desarrollo/simulation/ros2_robotic_hand_ws/install/robotic_hand/share/robotic_hand/cmake/robotic_handConfig-version.cmake
[2.744s] -- Up-to-date symlink: /home/pablo_kevin/ProyectoTecnologo_RoboticHandDRL/Desarrollo/simulation/ros2_robotic_hand_ws/install/robotic_hand/share/robotic_hand/package.xml
[2.745s] Invoked command in '/home/pablo_kevin/ProyectoTecnologo_RoboticHandDRL/Desarrollo/simulation/ros2_robotic_hand_ws/build/robotic_hand' returned '0': CMAKE_PREFIX_PATH=${CMAKE_PREFIX_PATH}:/opt/ros/jazzy CONDA_PROMPT_MODIFIER=(base) DEBUGINFOD_URLS=https://debuginfod.ubuntu.com /usr/bin/cmake --install /home/pablo_kevin/ProyectoTecnologo_RoboticHandDRL/Desarrollo/simulation/ros2_robotic_hand_ws/build/robotic_hand
