[0.008s] Invoking command in '/home/pablo_kevin/ProyectoTecnologo_RoboticHandDRL/Desarrollo/simulation/ros2_robotic_hand_ws/build/robotic_hand': CMAKE_PREFIX_PATH=${CMAKE_PREFIX_PATH}:/home/pablo_kevin/ros2_robotic_hand_ws/install/robotic_hand:/opt/ros/jazzy DEBUGINFOD_URLS=https://debuginfod.ubuntu.com /usr/bin/cmake /home/pablo_kevin/ProyectoTecnologo_RoboticHandDRL/Desarrollo/simulation/ros2_robotic_hand_ws/src/robotic_hand -DCMAKE_INSTALL_PREFIX=/home/pablo_kevin/ProyectoTecnologo_RoboticHandDRL/Desarrollo/simulation/ros2_robotic_hand_ws/install/robotic_hand
[0.084s] -- The C compiler identification is GNU 13.2.0
[0.151s] -- The CXX compiler identification is GNU 13.2.0
[0.172s] -- Detecting C compiler ABI info
[0.354s] -- Detecting C compiler ABI info - done
[0.362s] -- Check for working C compiler: /usr/bin/cc - skipped
[0.362s] -- Detecting C compile features
[0.362s] -- Detecting C compile features - done
[0.372s] -- Detecting CXX compiler ABI info
[0.562s] -- Detecting CXX compiler ABI info - done
[0.574s] -- Check for working CXX compiler: /usr/bin/c++ - skipped
[0.574s] -- Detecting CXX compile features
[0.574s] -- Detecting CXX compile features - done
[0.730s] -- Found Python3: /usr/bin/python3 (found version "3.12.3") found components: Interpreter 
[0.732s] -- Found ament_cmake: 2.5.2 (/opt/ros/jazzy/share/ament_cmake/cmake)
[0.836s] -- Found rclpy: 7.1.2 (/opt/ros/jazzy/share/rclpy/cmake)
[0.837s] -- Found std_msgs: 5.3.5 (/opt/ros/jazzy/share/std_msgs/cmake)
[0.871s] -- Found rosidl_generator_c: 4.6.4 (/opt/ros/jazzy/share/rosidl_generator_c/cmake)
[0.883s] -- Found rosidl_generator_cpp: 4.6.4 (/opt/ros/jazzy/share/rosidl_generator_cpp/cmake)
[0.896s] -- Using all available rosidl_typesupport_c: rosidl_typesupport_fastrtps_c;rosidl_typesupport_introspection_c
[0.911s] -- Using all available rosidl_typesupport_cpp: rosidl_typesupport_fastrtps_cpp;rosidl_typesupport_introspection_cpp
[0.936s] -- Found sensor_msgs: 5.3.5 (/opt/ros/jazzy/share/sensor_msgs/cmake)
[0.978s] -- Found urdf: 2.10.0 (/opt/ros/jazzy/share/urdf/cmake)
[0.996s] -- Found TinyXML2 via Config file: /usr/lib/x86_64-linux-gnu/cmake/tinyxml2
[1.004s] -- Looking for gz-sim8 -- found version 8.6.0
[1.009s] -- Searching for dependencies of gz-sim8
[1.009s] -- Looking for sdformat14 -- found version 14.5.0
[1.010s] -- Searching for dependencies of sdformat14
[1.015s] -- Checking for module 'tinyxml2'
[1.029s] --   Found tinyxml2, version 10.0.0
[1.086s] -- Looking for gz-math7 -- found version 7.5.0
[1.086s] -- Searching for dependencies of gz-math7
[1.091s] -- Looking for gz-utils2 -- found version 2.2.0
[1.091s] -- Searching for dependencies of gz-utils2
[1.095s] -- Looking for gz-utils2 -- found version 2.2.0
[1.096s] -- Searching for dependencies of gz-utils2
[1.096s] -- Searching for <gz-utils2> component [cli]
[1.101s] -- Looking for gz-utils2-cli -- found version 2.2.0
[1.101s] -- Searching for dependencies of gz-utils2-cli
[1.108s] -- Looking for gz-plugin2 -- found version 2.0.3
[1.108s] -- Searching for dependencies of gz-plugin2
[1.109s] -- Looking for gz-utils2 -- found version 2.2.0
[1.110s] -- Searching for <gz-plugin2> component [loader]
[1.112s] -- Looking for gz-plugin2-loader -- found version 2.0.3
[1.113s] -- Searching for dependencies of gz-plugin2-loader
[1.114s] -- Searching for <gz-plugin2> component [register]
[1.116s] -- Looking for gz-plugin2-register -- found version 2.0.3
[1.116s] -- Searching for dependencies of gz-plugin2-register
[1.119s] -- Looking for gz-transport13 -- found version 13.4.0
[1.119s] -- Searching for dependencies of gz-transport13
[1.251s] -- Found Protobuf: /usr/lib/x86_64-linux-gnu/libprotobuf.so (found version "3.21.12") 
[1.259s] -- Config-file not installed for ZeroMQ -- checking for pkg-config
[1.263s] -- Checking for module 'libzmq >= 4'
[1.280s] --   Found libzmq, version 4.3.5
[1.343s] -- Found ZeroMQ: TRUE (Required is at least version "4") 
[1.349s] -- Checking for module 'uuid'
[1.366s] --   Found uuid, version 2.39.3
[1.402s] -- Found UUID: TRUE  
[1.403s] -- Looking for gz-utils2 -- found version 2.2.0
[1.405s] -- Looking for gz-msgs10 -- found version 10.3.0
[1.405s] -- Searching for dependencies of gz-msgs10
[1.422s] -- Looking for gz-utils2 -- found version 2.2.0
[1.422s] -- Looking for gz-math7 -- found version 7.5.0
[1.572s] -- Searching for <gz-transport13> component [log]
[1.573s] -- Looking for gz-transport13-log -- found version 13.4.0
[1.573s] -- Searching for dependencies of gz-transport13-log
[1.573s] -- Searching for <gz-transport13> component [parameters]
[1.574s] -- Looking for gz-transport13-parameters -- found version 13.4.0
[1.574s] -- Searching for dependencies of gz-transport13-parameters
[1.575s] -- Looking for gz-msgs10 -- found version 10.3.0
[1.576s] -- Looking for gz-common5 -- found version 5.6.0
[1.576s] -- Searching for dependencies of gz-common5
[1.577s] -- Looking for gz-utils2 -- found version 2.2.0
[1.577s] -- Looking for dlfcn.h - found
[1.578s] -- Looking for libdl - found
[1.579s] -- Found DL: TRUE  
[1.586s] -- Searching for <gz-common5> component [av]
[1.587s] -- Looking for gz-common5-av -- found version 5.6.0
[1.587s] -- Searching for dependencies of gz-common5-av
[1.594s] -- Checking for module 'libswscale'
[1.617s] --   Found libswscale, version 7.5.100
[1.720s] -- Found SWSCALE: TRUE  
[1.734s] -- Checking for module 'libavdevice >= 56.4.100'
[1.768s] --   Found libavdevice, version 60.3.100
[1.875s] -- Found AVDEVICE: TRUE (Required is at least version "56.4.100") 
[1.891s] -- Checking for module 'libavformat'
[1.940s] --   Found libavformat, version 60.16.100
[2.055s] -- Found AVFORMAT: TRUE  
[2.071s] -- Checking for module 'libavcodec'
[2.117s] --   Found libavcodec, version 60.31.102
[2.206s] -- Found AVCODEC: TRUE  
[2.220s] -- Checking for module 'libavutil'
[2.268s] --   Found libavutil, version 58.29.100
[2.369s] -- Found AVUTIL: TRUE  
[2.370s] -- Searching for <gz-common5> component [events]
[2.374s] -- Looking for gz-common5-events -- found version 5.6.0
[2.374s] -- Searching for dependencies of gz-common5-events
[2.375s] -- Looking for gz-math7 -- found version 7.5.0
[2.376s] -- Searching for <gz-common5> component [graphics]
[2.378s] -- Looking for gz-common5-graphics -- found version 5.6.0
[2.378s] -- Searching for dependencies of gz-common5-graphics
[2.378s] -- Looking for gz-math7 -- found version 7.5.0
[2.382s] -- Found GzAssimp: TRUE (found version "5.3.0") 
[2.383s] -- Searching for <gz-common5> component [io]
[2.384s] -- Looking for gz-common5-io -- found version 5.6.0
[2.384s] -- Searching for dependencies of gz-common5-io
[2.384s] -- Searching for <gz-common5> component [profiler]
[2.385s] -- Looking for gz-common5-profiler -- found version 5.6.0
[2.386s] -- Searching for dependencies of gz-common5-profiler
[2.387s] -- Looking for gz-fuel_tools9 -- found version 9.1.0
[2.387s] -- Searching for dependencies of gz-fuel_tools9
[2.572s] -- Found CURL: /usr/lib/x86_64-linux-gnu/libcurl.so (found version "8.5.0")  
[2.580s] -- Checking for module 'jsoncpp'
[2.597s] --   Found jsoncpp, version 1.9.5
[2.689s] -- Found JSONCPP: TRUE  
[2.713s] -- Checking for module 'yaml-0.1'
[2.740s] --   Found yaml-0.1, version 0.2.5
[2.851s] -- Found YAML: TRUE  
[2.867s] -- Checking for module 'libzip'
[2.911s] --   Found libzip, version 1.7.3
[3.003s] -- Found ZIP: TRUE  
[3.003s] -- Looking for gz-utils2 -- found version 2.2.0
[3.004s] -- Looking for gz-common5 -- found version 5.6.0
[3.004s] -- Searching for dependencies of gz-common5
[3.005s] -- Looking for gz-utils2 -- found version 2.2.0
[3.005s] -- Looking for dlfcn.h - found
[3.005s] -- Looking for libdl - found
[3.016s] -- Searching for <gz-common5> component [testing]
[3.018s] -- Looking for gz-common5-testing -- found version 5.6.0
[3.018s] -- Searching for dependencies of gz-common5-testing
[3.020s] -- Looking for gz-math7 -- found version 7.5.0
[3.021s] -- Looking for gz-msgs10 -- found version 10.3.0
[3.024s] -- Looking for gz-gui8 -- found version 8.3.0
[3.024s] -- Searching for dependencies of gz-gui8
[3.046s] -- Looking for gz-utils2 -- found version 2.2.0
[3.047s] -- Looking for gz-math7 -- found version 7.5.0
[3.047s] -- Looking for gz-common5 -- found version 5.6.0
[3.048s] -- Looking for gz-plugin2 -- found version 2.0.3
[3.049s] -- Looking for gz-transport13 -- found version 13.4.0
[3.052s] -- Looking for gz-rendering8 -- found version 8.2.0
[3.052s] -- Searching for dependencies of gz-rendering8
[3.053s] -- Looking for gz-math7 -- found version 7.5.0
[3.053s] -- Searching for dependencies of gz-math7
[3.054s] -- Looking for gz-utils2 -- found version 2.2.0
[3.054s] -- Searching for <gz-math7> component [eigen3]
[3.057s] -- Looking for gz-math7-eigen3 -- found version 7.5.0
[3.057s] -- Searching for dependencies of gz-math7-eigen3
[3.068s] -- Looking for gz-common5 -- found version 5.6.0
[3.068s] -- Searching for dependencies of gz-common5
[3.069s] -- Looking for gz-utils2 -- found version 2.2.0
[3.069s] -- Looking for dlfcn.h - found
[3.069s] -- Looking for libdl - found
[3.084s] -- Searching for <gz-common5> component [graphics]
[3.085s] -- Searching for <gz-common5> component [events]
[3.085s] -- Searching for <gz-common5> component [geospatial]
[3.087s] -- Looking for gz-common5-geospatial -- found version 5.6.0
[3.087s] -- Searching for dependencies of gz-common5-geospatial
[3.088s] -- Looking for gz-math7 -- found version 7.5.0
[3.089s] -- Looking for gz-common5 -- found version 5.6.0
[3.090s] -- Looking for gz-plugin2 -- found version 2.0.3
[3.090s] -- Searching for dependencies of gz-plugin2
[3.091s] -- Looking for gz-utils2 -- found version 2.2.0
[3.091s] -- Searching for <gz-plugin2> component [all]
[3.092s] -- Looking for all libraries of gz-plugin2 -- found version 2.0.3
[3.093s] -- Looking for gz-plugin2 -- found version 2.0.3
[3.094s] -- Looking for gz-utils2 -- found version 2.2.0
[3.102s] -- Found OpenGL: /usr/lib/x86_64-linux-gnu/libOpenGL.so  found components: OpenGL 
[3.103s] -- Looking for gz-msgs10 -- found version 10.3.0
[3.117s] -- Looking for gz-physics7 -- found version 7.3.0
[3.117s] -- Searching for dependencies of gz-physics7
[3.118s] -- Looking for gz-common5 -- found version 5.6.0
[3.118s] -- Looking for gz-math7 -- found version 7.5.0
[3.118s] -- Looking for gz-plugin2 -- found version 2.0.3
[3.118s] -- Looking for gz-utils2 -- found version 2.2.0
[3.119s] -- Searching for <gz-physics7> component [heightmap]
[3.120s] -- Looking for gz-physics7-heightmap -- found version 7.3.0
[3.120s] -- Searching for dependencies of gz-physics7-heightmap
[3.120s] -- Looking for gz-common5 -- found version 5.6.0
[3.120s] -- Searching for <gz-physics7> component [mesh]
[3.121s] -- Looking for gz-physics7-mesh -- found version 7.3.0
[3.121s] -- Searching for dependencies of gz-physics7-mesh
[3.121s] -- Looking for gz-common5 -- found version 5.6.0
[3.122s] -- Searching for <gz-physics7> component [sdf]
[3.123s] -- Looking for gz-physics7-sdf -- found version 7.3.0
[3.123s] -- Searching for dependencies of gz-physics7-sdf
[3.123s] -- Looking for sdformat14 -- found version 14.5.0
[3.124s] -- Looking for gz-sensors8 -- found version 8.2.0
[3.124s] -- Searching for dependencies of gz-sensors8
[3.139s] -- Looking for gz-math7 -- found version 7.5.0
[3.139s] -- Looking for gz-common5 -- found version 5.6.0
[3.139s] -- Looking for gz-transport13 -- found version 13.4.0
[3.139s] -- Looking for gz-rendering8 -- found version 8.2.0
[3.140s] -- Looking for gz-msgs10 -- found version 10.3.0
[3.140s] -- Looking for sdformat14 -- found version 14.5.0
[3.140s] -- Searching for <gz-sensors8> component [air_pressure]
[3.141s] -- Looking for gz-sensors8-air_pressure -- found version 8.2.0
[3.141s] -- Searching for dependencies of gz-sensors8-air_pressure
[3.142s] -- Searching for <gz-sensors8> component [air_speed]
[3.143s] -- Looking for gz-sensors8-air_speed -- found version 8.2.0
[3.143s] -- Searching for dependencies of gz-sensors8-air_speed
[3.144s] -- Searching for <gz-sensors8> component [altimeter]
[3.145s] -- Looking for gz-sensors8-altimeter -- found version 8.2.0
[3.145s] -- Searching for dependencies of gz-sensors8-altimeter
[3.146s] -- Searching for <gz-sensors8> component [imu]
[3.147s] -- Looking for gz-sensors8-imu -- found version 8.2.0
[3.147s] -- Searching for dependencies of gz-sensors8-imu
[3.147s] -- Searching for <gz-sensors8> component [force_torque]
[3.148s] -- Looking for gz-sensors8-force_torque -- found version 8.2.0
[3.148s] -- Searching for dependencies of gz-sensors8-force_torque
[3.148s] -- Searching for <gz-sensors8> component [logical_camera]
[3.149s] -- Looking for gz-sensors8-logical_camera -- found version 8.2.0
[3.149s] -- Searching for dependencies of gz-sensors8-logical_camera
[3.149s] -- Searching for <gz-sensors8> component [magnetometer]
[3.150s] -- Looking for gz-sensors8-magnetometer -- found version 8.2.0
[3.150s] -- Searching for dependencies of gz-sensors8-magnetometer
[3.150s] -- Searching for <gz-sensors8> component [navsat]
[3.151s] -- Looking for gz-sensors8-navsat -- found version 8.2.0
[3.151s] -- Searching for dependencies of gz-sensors8-navsat
[3.151s] -- Searching for <gz-sensors8> component [dvl]
[3.152s] -- Looking for gz-sensors8-dvl -- found version 8.2.0
[3.152s] -- Searching for dependencies of gz-sensors8-dvl
[3.152s] -- Looking for gz-sensors8 -- found version 8.2.0
[3.152s] -- Searching for dependencies of gz-sensors8
[3.170s] -- Looking for gz-math7 -- found version 7.5.0
[3.171s] -- Looking for gz-common5 -- found version 5.6.0
[3.171s] -- Looking for gz-transport13 -- found version 13.4.0
[3.172s] -- Looking for gz-rendering8 -- found version 8.2.0
[3.172s] -- Looking for gz-msgs10 -- found version 10.3.0
[3.173s] -- Looking for sdformat14 -- found version 14.5.0
[3.173s] -- Searching for <gz-sensors8> component [rendering]
[3.174s] -- Looking for gz-sensors8-rendering -- found version 8.2.0
[3.175s] -- Searching for dependencies of gz-sensors8-rendering
[3.176s] -- Searching for <gz-sensors8> component [rendering]
[3.177s] -- Searching for <gz-sensors8> component [lidar]
[3.178s] -- Looking for gz-sensors8-lidar -- found version 8.2.0
[3.178s] -- Searching for dependencies of gz-sensors8-lidar
[3.179s] -- Looking for gz-sensors8 -- found version 8.2.0
[3.180s] -- Searching for <gz-sensors8> component [gpu_lidar]
[3.182s] -- Looking for gz-sensors8-gpu_lidar -- found version 8.2.0
[3.182s] -- Searching for dependencies of gz-sensors8-gpu_lidar
[3.183s] -- Looking for gz-sensors8 -- found version 8.2.0
[3.184s] -- Searching for <gz-sensors8> component [camera]
[3.185s] -- Looking for gz-sensors8-camera -- found version 8.2.0
[3.185s] -- Searching for dependencies of gz-sensors8-camera
[3.186s] -- Looking for gz-sensors8 -- found version 8.2.0
[3.187s] -- Searching for <gz-sensors8> component [boundingbox_camera]
[3.188s] -- Looking for gz-sensors8-boundingbox_camera -- found version 8.2.0
[3.188s] -- Searching for dependencies of gz-sensors8-boundingbox_camera
[3.189s] -- Searching for <gz-sensors8> component [segmentation_camera]
[3.190s] -- Looking for gz-sensors8-segmentation_camera -- found version 8.2.0
[3.190s] -- Searching for dependencies of gz-sensors8-segmentation_camera
[3.191s] -- Searching for <gz-sensors8> component [depth_camera]
[3.192s] -- Looking for gz-sensors8-depth_camera -- found version 8.2.0
[3.192s] -- Searching for dependencies of gz-sensors8-depth_camera
[3.193s] -- Looking for gz-sensors8 -- found version 8.2.0
[3.194s] -- Searching for <gz-sensors8> component [rgbd_camera]
[3.195s] -- Looking for gz-sensors8-rgbd_camera -- found version 8.2.0
[3.195s] -- Searching for dependencies of gz-sensors8-rgbd_camera
[3.195s] -- Looking for gz-sensors8 -- found version 8.2.0
[3.196s] -- Searching for <gz-sensors8> component [thermal_camera]
[3.197s] -- Looking for gz-sensors8-thermal_camera -- found version 8.2.0
[3.197s] -- Searching for dependencies of gz-sensors8-thermal_camera
[3.197s] -- Looking for gz-sensors8 -- found version 8.2.0
[3.198s] -- Searching for <gz-sensors8> component [wide_angle_camera]
[3.199s] -- Looking for gz-sensors8-wide_angle_camera -- found version 8.2.0
[3.199s] -- Searching for dependencies of gz-sensors8-wide_angle_camera
[3.200s] -- Looking for gz-rendering8 -- found version 8.2.0
[3.200s] -- Looking for gz-math7 -- found version 7.5.0
[3.200s] -- Looking for gz-utils2 -- found version 2.2.0
[3.218s] -- Found trajectory_msgs: 5.3.5 (/opt/ros/jazzy/share/trajectory_msgs/cmake)
[3.301s] -- Configuring done (3.3s)
[3.305s] -- Generating done (0.0s)
[3.307s] -- Build files have been written to: /home/pablo_kevin/ProyectoTecnologo_RoboticHandDRL/Desarrollo/simulation/ros2_robotic_hand_ws/build/robotic_hand
[3.319s] Invoked command in '/home/pablo_kevin/ProyectoTecnologo_RoboticHandDRL/Desarrollo/simulation/ros2_robotic_hand_ws/build/robotic_hand' returned '0': CMAKE_PREFIX_PATH=${CMAKE_PREFIX_PATH}:/home/pablo_kevin/ros2_robotic_hand_ws/install/robotic_hand:/opt/ros/jazzy DEBUGINFOD_URLS=https://debuginfod.ubuntu.com /usr/bin/cmake /home/pablo_kevin/ProyectoTecnologo_RoboticHandDRL/Desarrollo/simulation/ros2_robotic_hand_ws/src/robotic_hand -DCMAKE_INSTALL_PREFIX=/home/pablo_kevin/ProyectoTecnologo_RoboticHandDRL/Desarrollo/simulation/ros2_robotic_hand_ws/install/robotic_hand
[3.320s] Invoking command in '/home/pablo_kevin/ProyectoTecnologo_RoboticHandDRL/Desarrollo/simulation/ros2_robotic_hand_ws/build/robotic_hand': CMAKE_PREFIX_PATH=${CMAKE_PREFIX_PATH}:/home/pablo_kevin/ros2_robotic_hand_ws/install/robotic_hand:/opt/ros/jazzy DEBUGINFOD_URLS=https://debuginfod.ubuntu.com /usr/bin/cmake --build /home/pablo_kevin/ProyectoTecnologo_RoboticHandDRL/Desarrollo/simulation/ros2_robotic_hand_ws/build/robotic_hand -- -j20 -l20
[3.397s] Invoked command in '/home/pablo_kevin/ProyectoTecnologo_RoboticHandDRL/Desarrollo/simulation/ros2_robotic_hand_ws/build/robotic_hand' returned '0': CMAKE_PREFIX_PATH=${CMAKE_PREFIX_PATH}:/home/pablo_kevin/ros2_robotic_hand_ws/install/robotic_hand:/opt/ros/jazzy DEBUGINFOD_URLS=https://debuginfod.ubuntu.com /usr/bin/cmake --build /home/pablo_kevin/ProyectoTecnologo_RoboticHandDRL/Desarrollo/simulation/ros2_robotic_hand_ws/build/robotic_hand -- -j20 -l20
[3.498s] Invoking command in '/home/pablo_kevin/ProyectoTecnologo_RoboticHandDRL/Desarrollo/simulation/ros2_robotic_hand_ws/build/robotic_hand': CMAKE_PREFIX_PATH=${CMAKE_PREFIX_PATH}:/home/pablo_kevin/ros2_robotic_hand_ws/install/robotic_hand:/opt/ros/jazzy DEBUGINFOD_URLS=https://debuginfod.ubuntu.com /usr/bin/cmake --install /home/pablo_kevin/ProyectoTecnologo_RoboticHandDRL/Desarrollo/simulation/ros2_robotic_hand_ws/build/robotic_hand
[3.519s] -- Install configuration: ""
[3.519s] -- Installing: /home/pablo_kevin/ProyectoTecnologo_RoboticHandDRL/Desarrollo/simulation/ros2_robotic_hand_ws/install/robotic_hand/share/robotic_hand//urdf
[3.520s] -- Installing: /home/pablo_kevin/ProyectoTecnologo_RoboticHandDRL/Desarrollo/simulation/ros2_robotic_hand_ws/install/robotic_hand/share/robotic_hand//urdf/robotic_hand.sdf
[3.520s] -- Installing: /home/pablo_kevin/ProyectoTecnologo_RoboticHandDRL/Desarrollo/simulation/ros2_robotic_hand_ws/install/robotic_hand/share/robotic_hand//meshes
[3.520s] -- Installing: /home/pablo_kevin/ProyectoTecnologo_RoboticHandDRL/Desarrollo/simulation/ros2_robotic_hand_ws/install/robotic_hand/share/robotic_hand//meshes/medio_link1.STL
[3.521s] -- Installing: /home/pablo_kevin/ProyectoTecnologo_RoboticHandDRL/Desarrollo/simulation/ros2_robotic_hand_ws/install/robotic_hand/share/robotic_hand//meshes/conectores_links.STL
[3.521s] -- Installing: /home/pablo_kevin/ProyectoTecnologo_RoboticHandDRL/Desarrollo/simulation/ros2_robotic_hand_ws/install/robotic_hand/share/robotic_hand//meshes/anular_link1.STL
[3.521s] -- Installing: /home/pablo_kevin/ProyectoTecnologo_RoboticHandDRL/Desarrollo/simulation/ros2_robotic_hand_ws/install/robotic_hand/share/robotic_hand//meshes/indice_link1.STL
[3.521s] -- Installing: /home/pablo_kevin/ProyectoTecnologo_RoboticHandDRL/Desarrollo/simulation/ros2_robotic_hand_ws/install/robotic_hand/share/robotic_hand//meshes/anular_link2.STL
[3.521s] -- Installing: /home/pablo_kevin/ProyectoTecnologo_RoboticHandDRL/Desarrollo/simulation/ros2_robotic_hand_ws/install/robotic_hand/share/robotic_hand//meshes/menique_link2.STL
[3.522s] -- Installing: /home/pablo_kevin/ProyectoTecnologo_RoboticHandDRL/Desarrollo/simulation/ros2_robotic_hand_ws/install/robotic_hand/share/robotic_hand//meshes/indice_link2.STL
[3.522s] -- Installing: /home/pablo_kevin/ProyectoTecnologo_RoboticHandDRL/Desarrollo/simulation/ros2_robotic_hand_ws/install/robotic_hand/share/robotic_hand//meshes/pulgar_link0.STL
[3.522s] -- Installing: /home/pablo_kevin/ProyectoTecnologo_RoboticHandDRL/Desarrollo/simulation/ros2_robotic_hand_ws/install/robotic_hand/share/robotic_hand//meshes/medio_link0.STL
[3.522s] -- Installing: /home/pablo_kevin/ProyectoTecnologo_RoboticHandDRL/Desarrollo/simulation/ros2_robotic_hand_ws/install/robotic_hand/share/robotic_hand//meshes/menique_link0.STL
[3.523s] -- Installing: /home/pablo_kevin/ProyectoTecnologo_RoboticHandDRL/Desarrollo/simulation/ros2_robotic_hand_ws/install/robotic_hand/share/robotic_hand//meshes/palma_dorso_link.STL
[3.523s] -- Installing: /home/pablo_kevin/ProyectoTecnologo_RoboticHandDRL/Desarrollo/simulation/ros2_robotic_hand_ws/install/robotic_hand/share/robotic_hand//meshes/anular_link0.STL
[3.524s] -- Installing: /home/pablo_kevin/ProyectoTecnologo_RoboticHandDRL/Desarrollo/simulation/ros2_robotic_hand_ws/install/robotic_hand/share/robotic_hand//meshes/menique_link1.STL
[3.524s] -- Installing: /home/pablo_kevin/ProyectoTecnologo_RoboticHandDRL/Desarrollo/simulation/ros2_robotic_hand_ws/install/robotic_hand/share/robotic_hand//meshes/medio_link2.STL
[3.524s] -- Installing: /home/pablo_kevin/ProyectoTecnologo_RoboticHandDRL/Desarrollo/simulation/ros2_robotic_hand_ws/install/robotic_hand/share/robotic_hand//meshes/pulgar_link1.STL
[3.524s] -- Installing: /home/pablo_kevin/ProyectoTecnologo_RoboticHandDRL/Desarrollo/simulation/ros2_robotic_hand_ws/install/robotic_hand/share/robotic_hand//meshes/indice_link0.STL
[3.524s] -- Installing: /home/pablo_kevin/ProyectoTecnologo_RoboticHandDRL/Desarrollo/simulation/ros2_robotic_hand_ws/install/robotic_hand/share/robotic_hand//launch
[3.525s] -- Installing: /home/pablo_kevin/ProyectoTecnologo_RoboticHandDRL/Desarrollo/simulation/ros2_robotic_hand_ws/install/robotic_hand/share/robotic_hand//launch/robotic_hand_gazebo.launch.py
[3.525s] -- Installing: /home/pablo_kevin/ProyectoTecnologo_RoboticHandDRL/Desarrollo/simulation/ros2_robotic_hand_ws/install/robotic_hand/lib/robotic_hand/finger_control.py
[3.525s] -- Installing: /home/pablo_kevin/ProyectoTecnologo_RoboticHandDRL/Desarrollo/simulation/ros2_robotic_hand_ws/install/robotic_hand/share/robotic_hand//config
[3.525s] -- Installing: /home/pablo_kevin/ProyectoTecnologo_RoboticHandDRL/Desarrollo/simulation/ros2_robotic_hand_ws/install/robotic_hand/share/robotic_hand//config/hand_controllers.yaml
[3.525s] -- Installing: /home/pablo_kevin/ProyectoTecnologo_RoboticHandDRL/Desarrollo/simulation/ros2_robotic_hand_ws/install/robotic_hand/share/ament_index/resource_index/package_run_dependencies/robotic_hand
[3.525s] -- Installing: /home/pablo_kevin/ProyectoTecnologo_RoboticHandDRL/Desarrollo/simulation/ros2_robotic_hand_ws/install/robotic_hand/share/ament_index/resource_index/parent_prefix_path/robotic_hand
[3.525s] -- Installing: /home/pablo_kevin/ProyectoTecnologo_RoboticHandDRL/Desarrollo/simulation/ros2_robotic_hand_ws/install/robotic_hand/share/robotic_hand/environment/ament_prefix_path.sh
[3.525s] -- Installing: /home/pablo_kevin/ProyectoTecnologo_RoboticHandDRL/Desarrollo/simulation/ros2_robotic_hand_ws/install/robotic_hand/share/robotic_hand/environment/ament_prefix_path.dsv
[3.526s] -- Installing: /home/pablo_kevin/ProyectoTecnologo_RoboticHandDRL/Desarrollo/simulation/ros2_robotic_hand_ws/install/robotic_hand/share/robotic_hand/environment/path.sh
[3.526s] -- Installing: /home/pablo_kevin/ProyectoTecnologo_RoboticHandDRL/Desarrollo/simulation/ros2_robotic_hand_ws/install/robotic_hand/share/robotic_hand/environment/path.dsv
[3.526s] -- Installing: /home/pablo_kevin/ProyectoTecnologo_RoboticHandDRL/Desarrollo/simulation/ros2_robotic_hand_ws/install/robotic_hand/share/robotic_hand/local_setup.bash
[3.526s] -- Installing: /home/pablo_kevin/ProyectoTecnologo_RoboticHandDRL/Desarrollo/simulation/ros2_robotic_hand_ws/install/robotic_hand/share/robotic_hand/local_setup.sh
[3.526s] -- Installing: /home/pablo_kevin/ProyectoTecnologo_RoboticHandDRL/Desarrollo/simulation/ros2_robotic_hand_ws/install/robotic_hand/share/robotic_hand/local_setup.zsh
[3.526s] -- Installing: /home/pablo_kevin/ProyectoTecnologo_RoboticHandDRL/Desarrollo/simulation/ros2_robotic_hand_ws/install/robotic_hand/share/robotic_hand/local_setup.dsv
[3.526s] -- Installing: /home/pablo_kevin/ProyectoTecnologo_RoboticHandDRL/Desarrollo/simulation/ros2_robotic_hand_ws/install/robotic_hand/share/robotic_hand/package.dsv
[3.526s] -- Installing: /home/pablo_kevin/ProyectoTecnologo_RoboticHandDRL/Desarrollo/simulation/ros2_robotic_hand_ws/install/robotic_hand/share/ament_index/resource_index/packages/robotic_hand
[3.526s] -- Installing: /home/pablo_kevin/ProyectoTecnologo_RoboticHandDRL/Desarrollo/simulation/ros2_robotic_hand_ws/install/robotic_hand/share/robotic_hand/cmake/robotic_handConfig.cmake
[3.526s] -- Installing: /home/pablo_kevin/ProyectoTecnologo_RoboticHandDRL/Desarrollo/simulation/ros2_robotic_hand_ws/install/robotic_hand/share/robotic_hand/cmake/robotic_handConfig-version.cmake
[3.526s] -- Installing: /home/pablo_kevin/ProyectoTecnologo_RoboticHandDRL/Desarrollo/simulation/ros2_robotic_hand_ws/install/robotic_hand/share/robotic_hand/package.xml
[3.528s] Invoked command in '/home/pablo_kevin/ProyectoTecnologo_RoboticHandDRL/Desarrollo/simulation/ros2_robotic_hand_ws/build/robotic_hand' returned '0': CMAKE_PREFIX_PATH=${CMAKE_PREFIX_PATH}:/home/pablo_kevin/ros2_robotic_hand_ws/install/robotic_hand:/opt/ros/jazzy DEBUGINFOD_URLS=https://debuginfod.ubuntu.com /usr/bin/cmake --install /home/pablo_kevin/ProyectoTecnologo_RoboticHandDRL/Desarrollo/simulation/ros2_robotic_hand_ws/build/robotic_hand
