[0.007s] Invoking command in '/home/pablo_kevin/ProyectoTecnologo_RoboticHandDRL/Desarrollo/simulation/ros2_robotic_hand_ws/build/robotic_hand': CMAKE_PREFIX_PATH=${CMAKE_PREFIX_PATH}:/opt/ros/jazzy CONDA_PROMPT_MODIFIER=(base) DEBUGINFOD_URLS=https://debuginfod.ubuntu.com /usr/bin/cmake /home/pablo_kevin/ProyectoTecnologo_RoboticHandDRL/Desarrollo/simulation/ros2_robotic_hand_ws/src/robotic_hand -DCMAKE_INSTALL_PREFIX=/home/pablo_kevin/ProyectoTecnologo_RoboticHandDRL/Desarrollo/simulation/ros2_robotic_hand_ws/install/robotic_hand
[0.186s] -- Found ament_cmake: 2.5.3 (/opt/ros/jazzy/share/ament_cmake/cmake)
[0.250s] -- Override CMake install command with custom implementation using symlinks instead of copying resources
[0.262s] -- Found rclpy: 7.1.3 (/opt/ros/jazzy/share/rclpy/cmake)
[0.262s] -- Found std_msgs: 5.3.5 (/opt/ros/jazzy/share/std_msgs/cmake)
[0.294s] -- Found rosidl_generator_c: 4.6.5 (/opt/ros/jazzy/share/rosidl_generator_c/cmake)
[0.303s] -- Found rosidl_generator_cpp: 4.6.5 (/opt/ros/jazzy/share/rosidl_generator_cpp/cmake)
[0.320s] -- Using all available rosidl_typesupport_c: rosidl_typesupport_fastrtps_c;rosidl_typesupport_introspection_c
[0.367s] -- Using all available rosidl_typesupport_cpp: rosidl_typesupport_fastrtps_cpp;rosidl_typesupport_introspection_cpp
[0.405s] -- Found sensor_msgs: 5.3.5 (/opt/ros/jazzy/share/sensor_msgs/cmake)
[0.446s] -- Found urdf: 2.10.0 (/opt/ros/jazzy/share/urdf/cmake)
[0.455s] -- Found TinyXML2 via Config file: /usr/lib/x86_64-linux-gnu/cmake/tinyxml2
[0.460s] -- Looking for gz-sim8 -- found version 8.7.0
[0.467s] -- Searching for dependencies of gz-sim8
[0.468s] -- Looking for sdformat14 -- found version 14.6.0
[0.468s] -- Searching for dependencies of sdformat14
[0.475s] -- Checking for module 'tinyxml2'
[0.494s] --   Found tinyxml2, version 10.0.0
[0.536s] -- Looking for gz-math7 -- found version 7.5.1
[0.537s] -- Searching for dependencies of gz-math7
[0.538s] -- Looking for gz-utils2 -- found version 2.2.0
[0.538s] -- Searching for dependencies of gz-utils2
[0.542s] -- Looking for gz-utils2 -- found version 2.2.0
[0.542s] -- Searching for dependencies of gz-utils2
[0.543s] -- Searching for <gz-utils2> component [cli]
[0.545s] -- Looking for gz-utils2-cli -- found version 2.2.0
[0.545s] -- Searching for dependencies of gz-utils2-cli
[0.549s] -- Looking for gz-plugin2 -- found version 2.0.3
[0.549s] -- Searching for dependencies of gz-plugin2
[0.550s] -- Looking for gz-utils2 -- found version 2.2.0
[0.551s] -- Searching for <gz-plugin2> component [loader]
[0.553s] -- Looking for gz-plugin2-loader -- found version 2.0.3
[0.553s] -- Searching for dependencies of gz-plugin2-loader
[0.554s] -- Searching for <gz-plugin2> component [register]
[0.555s] -- Looking for gz-plugin2-register -- found version 2.0.3
[0.556s] -- Searching for dependencies of gz-plugin2-register
[0.558s] -- Looking for gz-transport13 -- found version 13.4.0
[0.559s] -- Searching for dependencies of gz-transport13
[0.627s] -- Config-file not installed for ZeroMQ -- checking for pkg-config
[0.636s] -- Checking for module 'libzmq >= 4'
[0.672s] --   Found libzmq, version 4.3.5
[0.785s] -- Checking for module 'uuid'
[0.819s] --   Found uuid, version 2.39.3
[0.897s] -- Looking for gz-utils2 -- found version 2.2.0
[0.899s] -- Looking for gz-msgs10 -- found version 10.3.1
[0.899s] -- Searching for dependencies of gz-msgs10
[0.925s] -- Looking for gz-utils2 -- found version 2.2.0
[0.925s] -- Looking for gz-math7 -- found version 7.5.1
[1.065s] -- Searching for <gz-transport13> component [log]
[1.065s] -- Looking for gz-transport13-log -- found version 13.4.0
[1.065s] -- Searching for dependencies of gz-transport13-log
[1.066s] -- Searching for <gz-transport13> component [parameters]
[1.067s] -- Looking for gz-transport13-parameters -- found version 13.4.0
[1.067s] -- Searching for dependencies of gz-transport13-parameters
[1.068s] -- Looking for gz-msgs10 -- found version 10.3.1
[1.068s] -- Looking for gz-common5 -- found version 5.7.0
[1.068s] -- Searching for dependencies of gz-common5
[1.068s] -- Looking for gz-utils2 -- found version 2.2.0
[1.068s] -- Looking for dlfcn.h - found
[1.069s] -- Looking for libdl - found
[1.075s] -- Searching for <gz-common5> component [av]
[1.076s] -- Looking for gz-common5-av -- found version 5.7.0
[1.076s] -- Searching for dependencies of gz-common5-av
[1.083s] -- Checking for module 'libswscale'
[1.123s] --   Found libswscale, version 7.5.100
[1.235s] -- Checking for module 'libavdevice >= 56.4.100'
[1.275s] --   Found libavdevice, version 60.3.100
[1.394s] -- Checking for module 'libavformat'
[1.434s] --   Found libavformat, version 60.16.100
[1.542s] -- Checking for module 'libavcodec'
[1.576s] --   Found libavcodec, version 60.31.102
[1.677s] -- Checking for module 'libavutil'
[1.710s] --   Found libavutil, version 58.29.100
[1.797s] -- Searching for <gz-common5> component [events]
[1.798s] -- Looking for gz-common5-events -- found version 5.7.0
[1.798s] -- Searching for dependencies of gz-common5-events
[1.800s] -- Looking for gz-math7 -- found version 7.5.1
[1.801s] -- Searching for <gz-common5> component [graphics]
[1.803s] -- Looking for gz-common5-graphics -- found version 5.7.0
[1.803s] -- Searching for dependencies of gz-common5-graphics
[1.805s] -- Looking for gz-math7 -- found version 7.5.1
[1.812s] -- Searching for <gz-common5> component [io]
[1.813s] -- Looking for gz-common5-io -- found version 5.7.0
[1.813s] -- Searching for dependencies of gz-common5-io
[1.814s] -- Searching for <gz-common5> component [profiler]
[1.815s] -- Looking for gz-common5-profiler -- found version 5.7.0
[1.816s] -- Searching for dependencies of gz-common5-profiler
[1.818s] -- Looking for gz-fuel_tools9 -- found version 9.1.0
[1.819s] -- Searching for dependencies of gz-fuel_tools9
[1.896s] -- Checking for module 'jsoncpp'
[1.934s] --   Found jsoncpp, version 1.9.5
[2.063s] -- Checking for module 'yaml-0.1'
[2.084s] --   Found yaml-0.1, version 0.2.5
[2.184s] -- Checking for module 'libzip'
[2.221s] --   Found libzip, version 1.7.3
[2.318s] -- Looking for gz-utils2 -- found version 2.2.0
[2.319s] -- Looking for gz-common5 -- found version 5.7.0
[2.320s] -- Searching for dependencies of gz-common5
[2.321s] -- Looking for gz-utils2 -- found version 2.2.0
[2.321s] -- Looking for dlfcn.h - found
[2.322s] -- Looking for libdl - found
[2.334s] -- Searching for <gz-common5> component [testing]
[2.335s] -- Looking for gz-common5-testing -- found version 5.7.0
[2.336s] -- Searching for dependencies of gz-common5-testing
[2.338s] -- Looking for gz-math7 -- found version 7.5.1
[2.339s] -- Looking for gz-msgs10 -- found version 10.3.1
[2.343s] -- Looking for gz-gui8 -- found version 8.3.0
[2.343s] -- Searching for dependencies of gz-gui8
[2.368s] -- Looking for gz-utils2 -- found version 2.2.0
[2.368s] -- Looking for gz-math7 -- found version 7.5.1
[2.368s] -- Looking for gz-common5 -- found version 5.7.0
[2.368s] -- Looking for gz-plugin2 -- found version 2.0.3
[2.369s] -- Looking for gz-transport13 -- found version 13.4.0
[2.369s] -- Looking for gz-rendering8 -- found version 8.2.1
[2.369s] -- Searching for dependencies of gz-rendering8
[2.370s] -- Looking for gz-math7 -- found version 7.5.1
[2.370s] -- Searching for dependencies of gz-math7
[2.370s] -- Looking for gz-utils2 -- found version 2.2.0
[2.370s] -- Searching for <gz-math7> component [eigen3]
[2.371s] -- Looking for gz-math7-eigen3 -- found version 7.5.1
[2.371s] -- Searching for dependencies of gz-math7-eigen3
[2.374s] -- Looking for gz-common5 -- found version 5.7.0
[2.374s] -- Searching for dependencies of gz-common5
[2.374s] -- Looking for gz-utils2 -- found version 2.2.0
[2.375s] -- Looking for dlfcn.h - found
[2.375s] -- Looking for libdl - found
[2.396s] -- Searching for <gz-common5> component [graphics]
[2.396s] -- Searching for <gz-common5> component [events]
[2.396s] -- Searching for <gz-common5> component [geospatial]
[2.397s] -- Looking for gz-common5-geospatial -- found version 5.7.0
[2.398s] -- Searching for dependencies of gz-common5-geospatial
[2.399s] -- Looking for gz-math7 -- found version 7.5.1
[2.400s] -- Looking for gz-common5 -- found version 5.7.0
[2.403s] -- Looking for gz-plugin2 -- found version 2.0.3
[2.404s] -- Searching for dependencies of gz-plugin2
[2.404s] -- Looking for gz-utils2 -- found version 2.2.0
[2.404s] -- Searching for <gz-plugin2> component [all]
[2.405s] -- Looking for all libraries of gz-plugin2 -- found version 2.0.3
[2.406s] -- Looking for gz-plugin2 -- found version 2.0.3
[2.407s] -- Looking for gz-utils2 -- found version 2.2.0
[2.412s] -- Looking for gz-msgs10 -- found version 10.3.1
[2.434s] -- Looking for gz-physics7 -- found version 7.4.0
[2.434s] -- Searching for dependencies of gz-physics7
[2.434s] -- Looking for gz-common5 -- found version 5.7.0
[2.434s] -- Looking for gz-math7 -- found version 7.5.1
[2.434s] -- Looking for gz-plugin2 -- found version 2.0.3
[2.435s] -- Looking for gz-utils2 -- found version 2.2.0
[2.436s] -- Searching for <gz-physics7> component [heightmap]
[2.436s] -- Looking for gz-physics7-heightmap -- found version 7.4.0
[2.436s] -- Searching for dependencies of gz-physics7-heightmap
[2.436s] -- Looking for gz-common5 -- found version 5.7.0
[2.437s] -- Searching for <gz-physics7> component [mesh]
[2.438s] -- Looking for gz-physics7-mesh -- found version 7.4.0
[2.438s] -- Searching for dependencies of gz-physics7-mesh
[2.438s] -- Looking for gz-common5 -- found version 5.7.0
[2.438s] -- Searching for <gz-physics7> component [sdf]
[2.439s] -- Looking for gz-physics7-sdf -- found version 7.4.0
[2.439s] -- Searching for dependencies of gz-physics7-sdf
[2.439s] -- Looking for sdformat14 -- found version 14.6.0
[2.440s] -- Looking for gz-sensors8 -- found version 8.2.1
[2.440s] -- Searching for dependencies of gz-sensors8
[2.455s] -- Looking for gz-math7 -- found version 7.5.1
[2.456s] -- Looking for gz-common5 -- found version 5.7.0
[2.456s] -- Looking for gz-transport13 -- found version 13.4.0
[2.456s] -- Looking for gz-rendering8 -- found version 8.2.1
[2.456s] -- Looking for gz-msgs10 -- found version 10.3.1
[2.457s] -- Looking for sdformat14 -- found version 14.6.0
[2.457s] -- Searching for <gz-sensors8> component [air_pressure]
[2.458s] -- Looking for gz-sensors8-air_pressure -- found version 8.2.1
[2.458s] -- Searching for dependencies of gz-sensors8-air_pressure
[2.459s] -- Searching for <gz-sensors8> component [air_speed]
[2.459s] -- Looking for gz-sensors8-air_speed -- found version 8.2.1
[2.459s] -- Searching for dependencies of gz-sensors8-air_speed
[2.460s] -- Searching for <gz-sensors8> component [altimeter]
[2.460s] -- Looking for gz-sensors8-altimeter -- found version 8.2.1
[2.460s] -- Searching for dependencies of gz-sensors8-altimeter
[2.461s] -- Searching for <gz-sensors8> component [imu]
[2.461s] -- Looking for gz-sensors8-imu -- found version 8.2.1
[2.461s] -- Searching for dependencies of gz-sensors8-imu
[2.462s] -- Searching for <gz-sensors8> component [force_torque]
[2.462s] -- Looking for gz-sensors8-force_torque -- found version 8.2.1
[2.462s] -- Searching for dependencies of gz-sensors8-force_torque
[2.463s] -- Searching for <gz-sensors8> component [logical_camera]
[2.463s] -- Looking for gz-sensors8-logical_camera -- found version 8.2.1
[2.463s] -- Searching for dependencies of gz-sensors8-logical_camera
[2.464s] -- Searching for <gz-sensors8> component [magnetometer]
[2.465s] -- Looking for gz-sensors8-magnetometer -- found version 8.2.1
[2.465s] -- Searching for dependencies of gz-sensors8-magnetometer
[2.465s] -- Searching for <gz-sensors8> component [navsat]
[2.465s] -- Looking for gz-sensors8-navsat -- found version 8.2.1
[2.466s] -- Searching for dependencies of gz-sensors8-navsat
[2.466s] -- Searching for <gz-sensors8> component [dvl]
[2.467s] -- Looking for gz-sensors8-dvl -- found version 8.2.1
[2.467s] -- Searching for dependencies of gz-sensors8-dvl
[2.467s] -- Looking for gz-sensors8 -- found version 8.2.1
[2.467s] -- Searching for dependencies of gz-sensors8
[2.485s] -- Looking for gz-math7 -- found version 7.5.1
[2.485s] -- Looking for gz-common5 -- found version 5.7.0
[2.485s] -- Looking for gz-transport13 -- found version 13.4.0
[2.486s] -- Looking for gz-rendering8 -- found version 8.2.1
[2.486s] -- Looking for gz-msgs10 -- found version 10.3.1
[2.486s] -- Looking for sdformat14 -- found version 14.6.0
[2.487s] -- Searching for <gz-sensors8> component [rendering]
[2.487s] -- Looking for gz-sensors8-rendering -- found version 8.2.1
[2.487s] -- Searching for dependencies of gz-sensors8-rendering
[2.488s] -- Searching for <gz-sensors8> component [rendering]
[2.488s] -- Searching for <gz-sensors8> component [lidar]
[2.489s] -- Looking for gz-sensors8-lidar -- found version 8.2.1
[2.489s] -- Searching for dependencies of gz-sensors8-lidar
[2.489s] -- Looking for gz-sensors8 -- found version 8.2.1
[2.490s] -- Searching for <gz-sensors8> component [gpu_lidar]
[2.490s] -- Looking for gz-sensors8-gpu_lidar -- found version 8.2.1
[2.490s] -- Searching for dependencies of gz-sensors8-gpu_lidar
[2.491s] -- Looking for gz-sensors8 -- found version 8.2.1
[2.491s] -- Searching for <gz-sensors8> component [camera]
[2.492s] -- Looking for gz-sensors8-camera -- found version 8.2.1
[2.492s] -- Searching for dependencies of gz-sensors8-camera
[2.492s] -- Looking for gz-sensors8 -- found version 8.2.1
[2.493s] -- Searching for <gz-sensors8> component [boundingbox_camera]
[2.494s] -- Looking for gz-sensors8-boundingbox_camera -- found version 8.2.1
[2.494s] -- Searching for dependencies of gz-sensors8-boundingbox_camera
[2.494s] -- Searching for <gz-sensors8> component [segmentation_camera]
[2.495s] -- Looking for gz-sensors8-segmentation_camera -- found version 8.2.1
[2.495s] -- Searching for dependencies of gz-sensors8-segmentation_camera
[2.496s] -- Searching for <gz-sensors8> component [depth_camera]
[2.496s] -- Looking for gz-sensors8-depth_camera -- found version 8.2.1
[2.496s] -- Searching for dependencies of gz-sensors8-depth_camera
[2.497s] -- Looking for gz-sensors8 -- found version 8.2.1
[2.497s] -- Searching for <gz-sensors8> component [rgbd_camera]
[2.498s] -- Looking for gz-sensors8-rgbd_camera -- found version 8.2.1
[2.498s] -- Searching for dependencies of gz-sensors8-rgbd_camera
[2.498s] -- Looking for gz-sensors8 -- found version 8.2.1
[2.499s] -- Searching for <gz-sensors8> component [thermal_camera]
[2.499s] -- Looking for gz-sensors8-thermal_camera -- found version 8.2.1
[2.499s] -- Searching for dependencies of gz-sensors8-thermal_camera
[2.499s] -- Looking for gz-sensors8 -- found version 8.2.1
[2.500s] -- Searching for <gz-sensors8> component [wide_angle_camera]
[2.501s] -- Looking for gz-sensors8-wide_angle_camera -- found version 8.2.1
[2.501s] -- Searching for dependencies of gz-sensors8-wide_angle_camera
[2.502s] -- Looking for gz-rendering8 -- found version 8.2.1
[2.502s] -- Looking for gz-math7 -- found version 7.5.1
[2.502s] -- Looking for gz-utils2 -- found version 2.2.0
[2.519s] -- Found trajectory_msgs: 5.3.5 (/opt/ros/jazzy/share/trajectory_msgs/cmake)
[2.630s] -- Configuring done (2.6s)
[2.639s] -- Generating done (0.0s)
[2.641s] -- Build files have been written to: /home/pablo_kevin/ProyectoTecnologo_RoboticHandDRL/Desarrollo/simulation/ros2_robotic_hand_ws/build/robotic_hand
[2.651s] Invoked command in '/home/pablo_kevin/ProyectoTecnologo_RoboticHandDRL/Desarrollo/simulation/ros2_robotic_hand_ws/build/robotic_hand' returned '0': CMAKE_PREFIX_PATH=${CMAKE_PREFIX_PATH}:/opt/ros/jazzy CONDA_PROMPT_MODIFIER=(base) DEBUGINFOD_URLS=https://debuginfod.ubuntu.com /usr/bin/cmake /home/pablo_kevin/ProyectoTecnologo_RoboticHandDRL/Desarrollo/simulation/ros2_robotic_hand_ws/src/robotic_hand -DCMAKE_INSTALL_PREFIX=/home/pablo_kevin/ProyectoTecnologo_RoboticHandDRL/Desarrollo/simulation/ros2_robotic_hand_ws/install/robotic_hand
[2.653s] Invoking command in '/home/pablo_kevin/ProyectoTecnologo_RoboticHandDRL/Desarrollo/simulation/ros2_robotic_hand_ws/build/robotic_hand': CMAKE_PREFIX_PATH=${CMAKE_PREFIX_PATH}:/opt/ros/jazzy CONDA_PROMPT_MODIFIER=(base) DEBUGINFOD_URLS=https://debuginfod.ubuntu.com /usr/bin/cmake --build /home/pablo_kevin/ProyectoTecnologo_RoboticHandDRL/Desarrollo/simulation/ros2_robotic_hand_ws/build/robotic_hand -- -j20 -l20
[2.706s] Invoked command in '/home/pablo_kevin/ProyectoTecnologo_RoboticHandDRL/Desarrollo/simulation/ros2_robotic_hand_ws/build/robotic_hand' returned '0': CMAKE_PREFIX_PATH=${CMAKE_PREFIX_PATH}:/opt/ros/jazzy CONDA_PROMPT_MODIFIER=(base) DEBUGINFOD_URLS=https://debuginfod.ubuntu.com /usr/bin/cmake --build /home/pablo_kevin/ProyectoTecnologo_RoboticHandDRL/Desarrollo/simulation/ros2_robotic_hand_ws/build/robotic_hand -- -j20 -l20
[2.719s] Invoking command in '/home/pablo_kevin/ProyectoTecnologo_RoboticHandDRL/Desarrollo/simulation/ros2_robotic_hand_ws/build/robotic_hand': CMAKE_PREFIX_PATH=${CMAKE_PREFIX_PATH}:/opt/ros/jazzy CONDA_PROMPT_MODIFIER=(base) DEBUGINFOD_URLS=https://debuginfod.ubuntu.com /usr/bin/cmake --install /home/pablo_kevin/ProyectoTecnologo_RoboticHandDRL/Desarrollo/simulation/ros2_robotic_hand_ws/build/robotic_hand
[2.735s] -- Install configuration: ""
[2.736s] -- Execute custom install script
[2.737s] -- Up-to-date symlink: /home/pablo_kevin/ProyectoTecnologo_RoboticHandDRL/Desarrollo/simulation/ros2_robotic_hand_ws/install/robotic_hand/share/robotic_hand//urdf/robotic_hand.sdf
[2.737s] -- Up-to-date symlink: /home/pablo_kevin/ProyectoTecnologo_RoboticHandDRL/Desarrollo/simulation/ros2_robotic_hand_ws/install/robotic_hand/share/robotic_hand//urdf/ros2_control/gazebo/robotic_hand.urdf.xacro
[2.737s] -- Up-to-date symlink: /home/pablo_kevin/ProyectoTecnologo_RoboticHandDRL/Desarrollo/simulation/ros2_robotic_hand_ws/install/robotic_hand/share/robotic_hand//urdf/ros2_control/gazebo/robotic_hand_ros2_control.xacro
[2.738s] -- Up-to-date symlink: /home/pablo_kevin/ProyectoTecnologo_RoboticHandDRL/Desarrollo/simulation/ros2_robotic_hand_ws/install/robotic_hand/share/robotic_hand//meshes/anular_link0.STL
[2.738s] -- Up-to-date symlink: /home/pablo_kevin/ProyectoTecnologo_RoboticHandDRL/Desarrollo/simulation/ros2_robotic_hand_ws/install/robotic_hand/share/robotic_hand//meshes/anular_link1.STL
[2.738s] -- Up-to-date symlink: /home/pablo_kevin/ProyectoTecnologo_RoboticHandDRL/Desarrollo/simulation/ros2_robotic_hand_ws/install/robotic_hand/share/robotic_hand//meshes/anular_link2.STL
[2.738s] -- Up-to-date symlink: /home/pablo_kevin/ProyectoTecnologo_RoboticHandDRL/Desarrollo/simulation/ros2_robotic_hand_ws/install/robotic_hand/share/robotic_hand//meshes/conectores_links.STL
[2.738s] -- Up-to-date symlink: /home/pablo_kevin/ProyectoTecnologo_RoboticHandDRL/Desarrollo/simulation/ros2_robotic_hand_ws/install/robotic_hand/share/robotic_hand//meshes/indice_link0.STL
[2.739s] -- Up-to-date symlink: /home/pablo_kevin/ProyectoTecnologo_RoboticHandDRL/Desarrollo/simulation/ros2_robotic_hand_ws/install/robotic_hand/share/robotic_hand//meshes/indice_link1.STL
[2.739s] -- Up-to-date symlink: /home/pablo_kevin/ProyectoTecnologo_RoboticHandDRL/Desarrollo/simulation/ros2_robotic_hand_ws/install/robotic_hand/share/robotic_hand//meshes/indice_link2.STL
[2.739s] -- Up-to-date symlink: /home/pablo_kevin/ProyectoTecnologo_RoboticHandDRL/Desarrollo/simulation/ros2_robotic_hand_ws/install/robotic_hand/share/robotic_hand//meshes/medio_link0.STL
[2.739s] -- Up-to-date symlink: /home/pablo_kevin/ProyectoTecnologo_RoboticHandDRL/Desarrollo/simulation/ros2_robotic_hand_ws/install/robotic_hand/share/robotic_hand//meshes/medio_link1.STL
[2.739s] -- Up-to-date symlink: /home/pablo_kevin/ProyectoTecnologo_RoboticHandDRL/Desarrollo/simulation/ros2_robotic_hand_ws/install/robotic_hand/share/robotic_hand//meshes/medio_link2.STL
[2.739s] -- Up-to-date symlink: /home/pablo_kevin/ProyectoTecnologo_RoboticHandDRL/Desarrollo/simulation/ros2_robotic_hand_ws/install/robotic_hand/share/robotic_hand//meshes/menique_link0.STL
[2.739s] -- Up-to-date symlink: /home/pablo_kevin/ProyectoTecnologo_RoboticHandDRL/Desarrollo/simulation/ros2_robotic_hand_ws/install/robotic_hand/share/robotic_hand//meshes/menique_link1.STL
[2.740s] -- Up-to-date symlink: /home/pablo_kevin/ProyectoTecnologo_RoboticHandDRL/Desarrollo/simulation/ros2_robotic_hand_ws/install/robotic_hand/share/robotic_hand//meshes/menique_link2.STL
[2.740s] -- Up-to-date symlink: /home/pablo_kevin/ProyectoTecnologo_RoboticHandDRL/Desarrollo/simulation/ros2_robotic_hand_ws/install/robotic_hand/share/robotic_hand//meshes/palma_dorso_link.STL
[2.740s] -- Up-to-date symlink: /home/pablo_kevin/ProyectoTecnologo_RoboticHandDRL/Desarrollo/simulation/ros2_robotic_hand_ws/install/robotic_hand/share/robotic_hand//meshes/pulgar_link0.STL
[2.740s] -- Up-to-date symlink: /home/pablo_kevin/ProyectoTecnologo_RoboticHandDRL/Desarrollo/simulation/ros2_robotic_hand_ws/install/robotic_hand/share/robotic_hand//meshes/pulgar_link1.STL
[2.740s] -- Up-to-date symlink: /home/pablo_kevin/ProyectoTecnologo_RoboticHandDRL/Desarrollo/simulation/ros2_robotic_hand_ws/install/robotic_hand/share/robotic_hand//launch/robotic_hand_gazebo.launch.py
[2.741s] -- Symlinking: /home/pablo_kevin/ProyectoTecnologo_RoboticHandDRL/Desarrollo/simulation/ros2_robotic_hand_ws/install/robotic_hand/share/robotic_hand//launch/ros_gazebo.launch.py
[2.753s] -- Up-to-date symlink: /home/pablo_kevin/ProyectoTecnologo_RoboticHandDRL/Desarrollo/simulation/ros2_robotic_hand_ws/install/robotic_hand/lib/robotic_hand/finger_control.py
[2.753s] -- Up-to-date symlink: /home/pablo_kevin/ProyectoTecnologo_RoboticHandDRL/Desarrollo/simulation/ros2_robotic_hand_ws/install/robotic_hand/share/robotic_hand//config/hand_controllers.yaml
[2.753s] -- Up-to-date symlink: /home/pablo_kevin/ProyectoTecnologo_RoboticHandDRL/Desarrollo/simulation/ros2_robotic_hand_ws/install/robotic_hand/share/robotic_hand/worlds/empty.sdf
[2.753s] -- Up-to-date symlink: /home/pablo_kevin/ProyectoTecnologo_RoboticHandDRL/Desarrollo/simulation/ros2_robotic_hand_ws/install/robotic_hand/share/ament_index/resource_index/package_run_dependencies/robotic_hand
[2.754s] -- Up-to-date symlink: /home/pablo_kevin/ProyectoTecnologo_RoboticHandDRL/Desarrollo/simulation/ros2_robotic_hand_ws/install/robotic_hand/share/ament_index/resource_index/parent_prefix_path/robotic_hand
[2.754s] -- Up-to-date symlink: /home/pablo_kevin/ProyectoTecnologo_RoboticHandDRL/Desarrollo/simulation/ros2_robotic_hand_ws/install/robotic_hand/share/robotic_hand/environment/ament_prefix_path.sh
[2.754s] -- Up-to-date symlink: /home/pablo_kevin/ProyectoTecnologo_RoboticHandDRL/Desarrollo/simulation/ros2_robotic_hand_ws/install/robotic_hand/share/robotic_hand/environment/ament_prefix_path.dsv
[2.754s] -- Up-to-date symlink: /home/pablo_kevin/ProyectoTecnologo_RoboticHandDRL/Desarrollo/simulation/ros2_robotic_hand_ws/install/robotic_hand/share/robotic_hand/environment/path.sh
[2.754s] -- Up-to-date symlink: /home/pablo_kevin/ProyectoTecnologo_RoboticHandDRL/Desarrollo/simulation/ros2_robotic_hand_ws/install/robotic_hand/share/robotic_hand/environment/path.dsv
[2.754s] -- Up-to-date symlink: /home/pablo_kevin/ProyectoTecnologo_RoboticHandDRL/Desarrollo/simulation/ros2_robotic_hand_ws/install/robotic_hand/share/robotic_hand/local_setup.bash
[2.754s] -- Up-to-date symlink: /home/pablo_kevin/ProyectoTecnologo_RoboticHandDRL/Desarrollo/simulation/ros2_robotic_hand_ws/install/robotic_hand/share/robotic_hand/local_setup.sh
[2.754s] -- Up-to-date symlink: /home/pablo_kevin/ProyectoTecnologo_RoboticHandDRL/Desarrollo/simulation/ros2_robotic_hand_ws/install/robotic_hand/share/robotic_hand/local_setup.zsh
[2.754s] -- Up-to-date symlink: /home/pablo_kevin/ProyectoTecnologo_RoboticHandDRL/Desarrollo/simulation/ros2_robotic_hand_ws/install/robotic_hand/share/robotic_hand/local_setup.dsv
[2.755s] -- Symlinking: /home/pablo_kevin/ProyectoTecnologo_RoboticHandDRL/Desarrollo/simulation/ros2_robotic_hand_ws/install/robotic_hand/share/robotic_hand/package.dsv
[2.763s] -- Up-to-date symlink: /home/pablo_kevin/ProyectoTecnologo_RoboticHandDRL/Desarrollo/simulation/ros2_robotic_hand_ws/install/robotic_hand/share/ament_index/resource_index/packages/robotic_hand
[2.763s] -- Up-to-date symlink: /home/pablo_kevin/ProyectoTecnologo_RoboticHandDRL/Desarrollo/simulation/ros2_robotic_hand_ws/install/robotic_hand/share/robotic_hand/cmake/robotic_handConfig.cmake
[2.763s] -- Up-to-date symlink: /home/pablo_kevin/ProyectoTecnologo_RoboticHandDRL/Desarrollo/simulation/ros2_robotic_hand_ws/install/robotic_hand/share/robotic_hand/cmake/robotic_handConfig-version.cmake
[2.763s] -- Up-to-date symlink: /home/pablo_kevin/ProyectoTecnologo_RoboticHandDRL/Desarrollo/simulation/ros2_robotic_hand_ws/install/robotic_hand/share/robotic_hand/package.xml
[2.764s] Invoked command in '/home/pablo_kevin/ProyectoTecnologo_RoboticHandDRL/Desarrollo/simulation/ros2_robotic_hand_ws/build/robotic_hand' returned '0': CMAKE_PREFIX_PATH=${CMAKE_PREFIX_PATH}:/opt/ros/jazzy CONDA_PROMPT_MODIFIER=(base) DEBUGINFOD_URLS=https://debuginfod.ubuntu.com /usr/bin/cmake --install /home/pablo_kevin/ProyectoTecnologo_RoboticHandDRL/Desarrollo/simulation/ros2_robotic_hand_ws/build/robotic_hand
