[0.008s] Invoking command in '/home/pablo_kevin/ProyectoTecnologo_RoboticHandDRL/Desarrollo/simulation/ros2_robotic_hand_ws/build/robotic_hand': CMAKE_PREFIX_PATH=${CMAKE_PREFIX_PATH}:/opt/ros/jazzy CONDA_PROMPT_MODIFIER=(base) DEBUGINFOD_URLS=https://debuginfod.ubuntu.com /usr/bin/cmake /home/pablo_kevin/ProyectoTecnologo_RoboticHandDRL/Desarrollo/simulation/ros2_robotic_hand_ws/src/robotic_hand -DCMAKE_INSTALL_PREFIX=/home/pablo_kevin/ProyectoTecnologo_RoboticHandDRL/Desarrollo/simulation/ros2_robotic_hand_ws/install/robotic_hand
[0.155s] -- Found ament_cmake: 2.5.3 (/opt/ros/jazzy/share/ament_cmake/cmake)
[0.223s] -- Override CMake install command with custom implementation using symlinks instead of copying resources
[0.228s] -- Found rclpy: 7.1.3 (/opt/ros/jazzy/share/rclpy/cmake)
[0.228s] -- Found std_msgs: 5.3.5 (/opt/ros/jazzy/share/std_msgs/cmake)
[0.247s] -- Found rosidl_generator_c: 4.6.5 (/opt/ros/jazzy/share/rosidl_generator_c/cmake)
[0.254s] -- Found rosidl_generator_cpp: 4.6.5 (/opt/ros/jazzy/share/rosidl_generator_cpp/cmake)
[0.262s] -- Using all available rosidl_typesupport_c: rosidl_typesupport_fastrtps_c;rosidl_typesupport_introspection_c
[0.271s] -- Using all available rosidl_typesupport_cpp: rosidl_typesupport_fastrtps_cpp;rosidl_typesupport_introspection_cpp
[0.290s] -- Found sensor_msgs: 5.3.5 (/opt/ros/jazzy/share/sensor_msgs/cmake)
[0.326s] -- Found urdf: 2.10.0 (/opt/ros/jazzy/share/urdf/cmake)
[0.331s] -- Found TinyXML2 via Config file: /usr/lib/x86_64-linux-gnu/cmake/tinyxml2
[0.334s] -- Looking for gz-sim8 -- found version 8.7.0
[0.338s] -- Searching for dependencies of gz-sim8
[0.339s] -- Looking for sdformat14 -- found version 14.6.0
[0.339s] -- Searching for dependencies of sdformat14
[0.344s] -- Checking for module 'tinyxml2'
[0.360s] --   Found tinyxml2, version 10.0.0
[0.422s] -- Looking for gz-math7 -- found version 7.5.1
[0.422s] -- Searching for dependencies of gz-math7
[0.423s] -- Looking for gz-utils2 -- found version 2.2.0
[0.423s] -- Searching for dependencies of gz-utils2
[0.425s] -- Looking for gz-utils2 -- found version 2.2.0
[0.425s] -- Searching for dependencies of gz-utils2
[0.425s] -- Searching for <gz-utils2> component [cli]
[0.426s] -- Looking for gz-utils2-cli -- found version 2.2.0
[0.426s] -- Searching for dependencies of gz-utils2-cli
[0.429s] -- Looking for gz-plugin2 -- found version 2.0.3
[0.429s] -- Searching for dependencies of gz-plugin2
[0.430s] -- Looking for gz-utils2 -- found version 2.2.0
[0.431s] -- Searching for <gz-plugin2> component [loader]
[0.432s] -- Looking for gz-plugin2-loader -- found version 2.0.3
[0.432s] -- Searching for dependencies of gz-plugin2-loader
[0.432s] -- Searching for <gz-plugin2> component [register]
[0.433s] -- Looking for gz-plugin2-register -- found version 2.0.3
[0.433s] -- Searching for dependencies of gz-plugin2-register
[0.434s] -- Looking for gz-transport13 -- found version 13.4.0
[0.435s] -- Searching for dependencies of gz-transport13
[0.461s] -- Config-file not installed for ZeroMQ -- checking for pkg-config
[0.468s] -- Checking for module 'libzmq >= 4'
[0.498s] --   Found libzmq, version 4.3.5
[0.571s] -- Checking for module 'uuid'
[0.594s] --   Found uuid, version 2.39.3
[0.646s] -- Looking for gz-utils2 -- found version 2.2.0
[0.647s] -- Looking for gz-msgs10 -- found version 10.3.1
[0.648s] -- Searching for dependencies of gz-msgs10
[0.669s] -- Looking for gz-utils2 -- found version 2.2.0
[0.670s] -- Looking for gz-math7 -- found version 7.5.1
[0.850s] -- Searching for <gz-transport13> component [log]
[0.850s] -- Looking for gz-transport13-log -- found version 13.4.0
[0.850s] -- Searching for dependencies of gz-transport13-log
[0.851s] -- Searching for <gz-transport13> component [parameters]
[0.851s] -- Looking for gz-transport13-parameters -- found version 13.4.0
[0.851s] -- Searching for dependencies of gz-transport13-parameters
[0.852s] -- Looking for gz-msgs10 -- found version 10.3.1
[0.852s] -- Looking for gz-common5 -- found version 5.7.0
[0.852s] -- Searching for dependencies of gz-common5
[0.853s] -- Looking for gz-utils2 -- found version 2.2.0
[0.853s] -- Looking for dlfcn.h - found
[0.853s] -- Looking for libdl - found
[0.863s] -- Searching for <gz-common5> component [av]
[0.864s] -- Looking for gz-common5-av -- found version 5.7.0
[0.864s] -- Searching for dependencies of gz-common5-av
[0.872s] -- Checking for module 'libswscale'
[0.904s] --   Found libswscale, version 7.5.100
[0.986s] -- Checking for module 'libavdevice >= 56.4.100'
[1.018s] --   Found libavdevice, version 60.3.100
[1.150s] -- Checking for module 'libavformat'
[1.195s] --   Found libavformat, version 60.16.100
[1.291s] -- Checking for module 'libavcodec'
[1.326s] --   Found libavcodec, version 60.31.102
[1.421s] -- Checking for module 'libavutil'
[1.456s] --   Found libavutil, version 58.29.100
[1.541s] -- Searching for <gz-common5> component [events]
[1.542s] -- Looking for gz-common5-events -- found version 5.7.0
[1.543s] -- Searching for dependencies of gz-common5-events
[1.543s] -- Looking for gz-math7 -- found version 7.5.1
[1.545s] -- Searching for <gz-common5> component [graphics]
[1.546s] -- Looking for gz-common5-graphics -- found version 5.7.0
[1.546s] -- Searching for dependencies of gz-common5-graphics
[1.547s] -- Looking for gz-math7 -- found version 7.5.1
[1.551s] -- Searching for <gz-common5> component [io]
[1.552s] -- Looking for gz-common5-io -- found version 5.7.0
[1.552s] -- Searching for dependencies of gz-common5-io
[1.553s] -- Searching for <gz-common5> component [profiler]
[1.553s] -- Looking for gz-common5-profiler -- found version 5.7.0
[1.553s] -- Searching for dependencies of gz-common5-profiler
[1.554s] -- Looking for gz-fuel_tools9 -- found version 9.1.0
[1.554s] -- Searching for dependencies of gz-fuel_tools9
[1.603s] -- Checking for module 'jsoncpp'
[1.631s] --   Found jsoncpp, version 1.9.5
[1.728s] -- Checking for module 'yaml-0.1'
[1.757s] --   Found yaml-0.1, version 0.2.5
[1.852s] -- Checking for module 'libzip'
[1.889s] --   Found libzip, version 1.7.3
[1.974s] -- Looking for gz-utils2 -- found version 2.2.0
[1.974s] -- Looking for gz-common5 -- found version 5.7.0
[1.975s] -- Searching for dependencies of gz-common5
[1.976s] -- Looking for gz-utils2 -- found version 2.2.0
[1.976s] -- Looking for dlfcn.h - found
[1.976s] -- Looking for libdl - found
[1.991s] -- Searching for <gz-common5> component [testing]
[1.992s] -- Looking for gz-common5-testing -- found version 5.7.0
[1.992s] -- Searching for dependencies of gz-common5-testing
[1.994s] -- Looking for gz-math7 -- found version 7.5.1
[1.995s] -- Looking for gz-msgs10 -- found version 10.3.1
[1.997s] -- Looking for gz-gui8 -- found version 8.3.0
[1.997s] -- Searching for dependencies of gz-gui8
[2.022s] -- Looking for gz-utils2 -- found version 2.2.0
[2.022s] -- Looking for gz-math7 -- found version 7.5.1
[2.022s] -- Looking for gz-common5 -- found version 5.7.0
[2.023s] -- Looking for gz-plugin2 -- found version 2.0.3
[2.023s] -- Looking for gz-transport13 -- found version 13.4.0
[2.023s] -- Looking for gz-rendering8 -- found version 8.2.1
[2.023s] -- Searching for dependencies of gz-rendering8
[2.024s] -- Looking for gz-math7 -- found version 7.5.1
[2.024s] -- Searching for dependencies of gz-math7
[2.024s] -- Looking for gz-utils2 -- found version 2.2.0
[2.024s] -- Searching for <gz-math7> component [eigen3]
[2.025s] -- Looking for gz-math7-eigen3 -- found version 7.5.1
[2.025s] -- Searching for dependencies of gz-math7-eigen3
[2.027s] -- Looking for gz-common5 -- found version 5.7.0
[2.027s] -- Searching for dependencies of gz-common5
[2.027s] -- Looking for gz-utils2 -- found version 2.2.0
[2.028s] -- Looking for dlfcn.h - found
[2.028s] -- Looking for libdl - found
[2.039s] -- Searching for <gz-common5> component [graphics]
[2.039s] -- Searching for <gz-common5> component [events]
[2.039s] -- Searching for <gz-common5> component [geospatial]
[2.039s] -- Looking for gz-common5-geospatial -- found version 5.7.0
[2.039s] -- Searching for dependencies of gz-common5-geospatial
[2.040s] -- Looking for gz-math7 -- found version 7.5.1
[2.040s] -- Looking for gz-common5 -- found version 5.7.0
[2.041s] -- Looking for gz-plugin2 -- found version 2.0.3
[2.041s] -- Searching for dependencies of gz-plugin2
[2.041s] -- Looking for gz-utils2 -- found version 2.2.0
[2.041s] -- Searching for <gz-plugin2> component [all]
[2.042s] -- Looking for all libraries of gz-plugin2 -- found version 2.0.3
[2.042s] -- Looking for gz-plugin2 -- found version 2.0.3
[2.043s] -- Looking for gz-utils2 -- found version 2.2.0
[2.045s] -- Looking for gz-msgs10 -- found version 10.3.1
[2.057s] -- Looking for gz-physics7 -- found version 7.4.0
[2.057s] -- Searching for dependencies of gz-physics7
[2.058s] -- Looking for gz-common5 -- found version 5.7.0
[2.058s] -- Looking for gz-math7 -- found version 7.5.1
[2.058s] -- Looking for gz-plugin2 -- found version 2.0.3
[2.058s] -- Looking for gz-utils2 -- found version 2.2.0
[2.059s] -- Searching for <gz-physics7> component [heightmap]
[2.060s] -- Looking for gz-physics7-heightmap -- found version 7.4.0
[2.060s] -- Searching for dependencies of gz-physics7-heightmap
[2.060s] -- Looking for gz-common5 -- found version 5.7.0
[2.060s] -- Searching for <gz-physics7> component [mesh]
[2.061s] -- Looking for gz-physics7-mesh -- found version 7.4.0
[2.061s] -- Searching for dependencies of gz-physics7-mesh
[2.061s] -- Looking for gz-common5 -- found version 5.7.0
[2.061s] -- Searching for <gz-physics7> component [sdf]
[2.061s] -- Looking for gz-physics7-sdf -- found version 7.4.0
[2.062s] -- Searching for dependencies of gz-physics7-sdf
[2.062s] -- Looking for sdformat14 -- found version 14.6.0
[2.063s] -- Looking for gz-sensors8 -- found version 8.2.1
[2.063s] -- Searching for dependencies of gz-sensors8
[2.078s] -- Looking for gz-math7 -- found version 7.5.1
[2.079s] -- Looking for gz-common5 -- found version 5.7.0
[2.079s] -- Looking for gz-transport13 -- found version 13.4.0
[2.079s] -- Looking for gz-rendering8 -- found version 8.2.1
[2.079s] -- Looking for gz-msgs10 -- found version 10.3.1
[2.080s] -- Looking for sdformat14 -- found version 14.6.0
[2.080s] -- Searching for <gz-sensors8> component [air_pressure]
[2.081s] -- Looking for gz-sensors8-air_pressure -- found version 8.2.1
[2.081s] -- Searching for dependencies of gz-sensors8-air_pressure
[2.081s] -- Searching for <gz-sensors8> component [air_speed]
[2.081s] -- Looking for gz-sensors8-air_speed -- found version 8.2.1
[2.081s] -- Searching for dependencies of gz-sensors8-air_speed
[2.082s] -- Searching for <gz-sensors8> component [altimeter]
[2.082s] -- Looking for gz-sensors8-altimeter -- found version 8.2.1
[2.082s] -- Searching for dependencies of gz-sensors8-altimeter
[2.083s] -- Searching for <gz-sensors8> component [imu]
[2.083s] -- Looking for gz-sensors8-imu -- found version 8.2.1
[2.083s] -- Searching for dependencies of gz-sensors8-imu
[2.083s] -- Searching for <gz-sensors8> component [force_torque]
[2.084s] -- Looking for gz-sensors8-force_torque -- found version 8.2.1
[2.084s] -- Searching for dependencies of gz-sensors8-force_torque
[2.084s] -- Searching for <gz-sensors8> component [logical_camera]
[2.084s] -- Looking for gz-sensors8-logical_camera -- found version 8.2.1
[2.084s] -- Searching for dependencies of gz-sensors8-logical_camera
[2.085s] -- Searching for <gz-sensors8> component [magnetometer]
[2.085s] -- Looking for gz-sensors8-magnetometer -- found version 8.2.1
[2.085s] -- Searching for dependencies of gz-sensors8-magnetometer
[2.085s] -- Searching for <gz-sensors8> component [navsat]
[2.086s] -- Looking for gz-sensors8-navsat -- found version 8.2.1
[2.086s] -- Searching for dependencies of gz-sensors8-navsat
[2.086s] -- Searching for <gz-sensors8> component [dvl]
[2.086s] -- Looking for gz-sensors8-dvl -- found version 8.2.1
[2.086s] -- Searching for dependencies of gz-sensors8-dvl
[2.087s] -- Looking for gz-sensors8 -- found version 8.2.1
[2.087s] -- Searching for dependencies of gz-sensors8
[2.105s] -- Looking for gz-math7 -- found version 7.5.1
[2.105s] -- Looking for gz-common5 -- found version 5.7.0
[2.106s] -- Looking for gz-transport13 -- found version 13.4.0
[2.107s] -- Looking for gz-rendering8 -- found version 8.2.1
[2.107s] -- Looking for gz-msgs10 -- found version 10.3.1
[2.107s] -- Looking for sdformat14 -- found version 14.6.0
[2.107s] -- Searching for <gz-sensors8> component [rendering]
[2.108s] -- Looking for gz-sensors8-rendering -- found version 8.2.1
[2.108s] -- Searching for dependencies of gz-sensors8-rendering
[2.109s] -- Searching for <gz-sensors8> component [rendering]
[2.109s] -- Searching for <gz-sensors8> component [lidar]
[2.110s] -- Looking for gz-sensors8-lidar -- found version 8.2.1
[2.110s] -- Searching for dependencies of gz-sensors8-lidar
[2.110s] -- Looking for gz-sensors8 -- found version 8.2.1
[2.111s] -- Searching for <gz-sensors8> component [gpu_lidar]
[2.111s] -- Looking for gz-sensors8-gpu_lidar -- found version 8.2.1
[2.111s] -- Searching for dependencies of gz-sensors8-gpu_lidar
[2.112s] -- Looking for gz-sensors8 -- found version 8.2.1
[2.112s] -- Searching for <gz-sensors8> component [camera]
[2.112s] -- Looking for gz-sensors8-camera -- found version 8.2.1
[2.113s] -- Searching for dependencies of gz-sensors8-camera
[2.113s] -- Looking for gz-sensors8 -- found version 8.2.1
[2.113s] -- Searching for <gz-sensors8> component [boundingbox_camera]
[2.114s] -- Looking for gz-sensors8-boundingbox_camera -- found version 8.2.1
[2.114s] -- Searching for dependencies of gz-sensors8-boundingbox_camera
[2.114s] -- Searching for <gz-sensors8> component [segmentation_camera]
[2.115s] -- Looking for gz-sensors8-segmentation_camera -- found version 8.2.1
[2.115s] -- Searching for dependencies of gz-sensors8-segmentation_camera
[2.115s] -- Searching for <gz-sensors8> component [depth_camera]
[2.116s] -- Looking for gz-sensors8-depth_camera -- found version 8.2.1
[2.116s] -- Searching for dependencies of gz-sensors8-depth_camera
[2.116s] -- Looking for gz-sensors8 -- found version 8.2.1
[2.116s] -- Searching for <gz-sensors8> component [rgbd_camera]
[2.117s] -- Looking for gz-sensors8-rgbd_camera -- found version 8.2.1
[2.117s] -- Searching for dependencies of gz-sensors8-rgbd_camera
[2.117s] -- Looking for gz-sensors8 -- found version 8.2.1
[2.118s] -- Searching for <gz-sensors8> component [thermal_camera]
[2.118s] -- Looking for gz-sensors8-thermal_camera -- found version 8.2.1
[2.118s] -- Searching for dependencies of gz-sensors8-thermal_camera
[2.119s] -- Looking for gz-sensors8 -- found version 8.2.1
[2.119s] -- Searching for <gz-sensors8> component [wide_angle_camera]
[2.119s] -- Looking for gz-sensors8-wide_angle_camera -- found version 8.2.1
[2.119s] -- Searching for dependencies of gz-sensors8-wide_angle_camera
[2.120s] -- Looking for gz-rendering8 -- found version 8.2.1
[2.121s] -- Looking for gz-math7 -- found version 7.5.1
[2.121s] -- Looking for gz-utils2 -- found version 2.2.0
[2.142s] -- Found trajectory_msgs: 5.3.5 (/opt/ros/jazzy/share/trajectory_msgs/cmake)
[2.228s] -- Configuring done (2.2s)
[2.232s] -- Generating done (0.0s)
[2.234s] -- Build files have been written to: /home/pablo_kevin/ProyectoTecnologo_RoboticHandDRL/Desarrollo/simulation/ros2_robotic_hand_ws/build/robotic_hand
[2.244s] Invoked command in '/home/pablo_kevin/ProyectoTecnologo_RoboticHandDRL/Desarrollo/simulation/ros2_robotic_hand_ws/build/robotic_hand' returned '0': CMAKE_PREFIX_PATH=${CMAKE_PREFIX_PATH}:/opt/ros/jazzy CONDA_PROMPT_MODIFIER=(base) DEBUGINFOD_URLS=https://debuginfod.ubuntu.com /usr/bin/cmake /home/pablo_kevin/ProyectoTecnologo_RoboticHandDRL/Desarrollo/simulation/ros2_robotic_hand_ws/src/robotic_hand -DCMAKE_INSTALL_PREFIX=/home/pablo_kevin/ProyectoTecnologo_RoboticHandDRL/Desarrollo/simulation/ros2_robotic_hand_ws/install/robotic_hand
[2.245s] Invoking command in '/home/pablo_kevin/ProyectoTecnologo_RoboticHandDRL/Desarrollo/simulation/ros2_robotic_hand_ws/build/robotic_hand': CMAKE_PREFIX_PATH=${CMAKE_PREFIX_PATH}:/opt/ros/jazzy CONDA_PROMPT_MODIFIER=(base) DEBUGINFOD_URLS=https://debuginfod.ubuntu.com /usr/bin/cmake --build /home/pablo_kevin/ProyectoTecnologo_RoboticHandDRL/Desarrollo/simulation/ros2_robotic_hand_ws/build/robotic_hand -- -j20 -l20
[2.304s] Invoked command in '/home/pablo_kevin/ProyectoTecnologo_RoboticHandDRL/Desarrollo/simulation/ros2_robotic_hand_ws/build/robotic_hand' returned '0': CMAKE_PREFIX_PATH=${CMAKE_PREFIX_PATH}:/opt/ros/jazzy CONDA_PROMPT_MODIFIER=(base) DEBUGINFOD_URLS=https://debuginfod.ubuntu.com /usr/bin/cmake --build /home/pablo_kevin/ProyectoTecnologo_RoboticHandDRL/Desarrollo/simulation/ros2_robotic_hand_ws/build/robotic_hand -- -j20 -l20
[2.323s] Invoking command in '/home/pablo_kevin/ProyectoTecnologo_RoboticHandDRL/Desarrollo/simulation/ros2_robotic_hand_ws/build/robotic_hand': CMAKE_PREFIX_PATH=${CMAKE_PREFIX_PATH}:/opt/ros/jazzy CONDA_PROMPT_MODIFIER=(base) DEBUGINFOD_URLS=https://debuginfod.ubuntu.com /usr/bin/cmake --install /home/pablo_kevin/ProyectoTecnologo_RoboticHandDRL/Desarrollo/simulation/ros2_robotic_hand_ws/build/robotic_hand
[2.341s] -- Install configuration: ""
[2.342s] -- Execute custom install script
[2.342s] -- Up-to-date symlink: /home/pablo_kevin/ProyectoTecnologo_RoboticHandDRL/Desarrollo/simulation/ros2_robotic_hand_ws/install/robotic_hand/share/robotic_hand//urdf/robotic_hand.sdf
[2.342s] -- Up-to-date symlink: /home/pablo_kevin/ProyectoTecnologo_RoboticHandDRL/Desarrollo/simulation/ros2_robotic_hand_ws/install/robotic_hand/share/robotic_hand//urdf/ros2_control/gazebo/robotic_hand.urdf.xacro
[2.343s] -- Up-to-date symlink: /home/pablo_kevin/ProyectoTecnologo_RoboticHandDRL/Desarrollo/simulation/ros2_robotic_hand_ws/install/robotic_hand/share/robotic_hand//urdf/ros2_control/gazebo/robotic_hand_ros2_control.xacro
[2.343s] -- Up-to-date symlink: /home/pablo_kevin/ProyectoTecnologo_RoboticHandDRL/Desarrollo/simulation/ros2_robotic_hand_ws/install/robotic_hand/share/robotic_hand//meshes/anular_link0.STL
[2.343s] -- Up-to-date symlink: /home/pablo_kevin/ProyectoTecnologo_RoboticHandDRL/Desarrollo/simulation/ros2_robotic_hand_ws/install/robotic_hand/share/robotic_hand//meshes/anular_link1.STL
[2.343s] -- Up-to-date symlink: /home/pablo_kevin/ProyectoTecnologo_RoboticHandDRL/Desarrollo/simulation/ros2_robotic_hand_ws/install/robotic_hand/share/robotic_hand//meshes/anular_link2.STL
[2.343s] -- Up-to-date symlink: /home/pablo_kevin/ProyectoTecnologo_RoboticHandDRL/Desarrollo/simulation/ros2_robotic_hand_ws/install/robotic_hand/share/robotic_hand//meshes/conectores_links.STL
[2.344s] -- Up-to-date symlink: /home/pablo_kevin/ProyectoTecnologo_RoboticHandDRL/Desarrollo/simulation/ros2_robotic_hand_ws/install/robotic_hand/share/robotic_hand//meshes/indice_link0.STL
[2.344s] -- Up-to-date symlink: /home/pablo_kevin/ProyectoTecnologo_RoboticHandDRL/Desarrollo/simulation/ros2_robotic_hand_ws/install/robotic_hand/share/robotic_hand//meshes/indice_link1.STL
[2.344s] -- Up-to-date symlink: /home/pablo_kevin/ProyectoTecnologo_RoboticHandDRL/Desarrollo/simulation/ros2_robotic_hand_ws/install/robotic_hand/share/robotic_hand//meshes/indice_link2.STL
[2.344s] -- Up-to-date symlink: /home/pablo_kevin/ProyectoTecnologo_RoboticHandDRL/Desarrollo/simulation/ros2_robotic_hand_ws/install/robotic_hand/share/robotic_hand//meshes/medio_link0.STL
[2.344s] -- Up-to-date symlink: /home/pablo_kevin/ProyectoTecnologo_RoboticHandDRL/Desarrollo/simulation/ros2_robotic_hand_ws/install/robotic_hand/share/robotic_hand//meshes/medio_link1.STL
[2.344s] -- Up-to-date symlink: /home/pablo_kevin/ProyectoTecnologo_RoboticHandDRL/Desarrollo/simulation/ros2_robotic_hand_ws/install/robotic_hand/share/robotic_hand//meshes/medio_link2.STL
[2.344s] -- Up-to-date symlink: /home/pablo_kevin/ProyectoTecnologo_RoboticHandDRL/Desarrollo/simulation/ros2_robotic_hand_ws/install/robotic_hand/share/robotic_hand//meshes/menique_link0.STL
[2.344s] -- Up-to-date symlink: /home/pablo_kevin/ProyectoTecnologo_RoboticHandDRL/Desarrollo/simulation/ros2_robotic_hand_ws/install/robotic_hand/share/robotic_hand//meshes/menique_link1.STL
[2.344s] -- Up-to-date symlink: /home/pablo_kevin/ProyectoTecnologo_RoboticHandDRL/Desarrollo/simulation/ros2_robotic_hand_ws/install/robotic_hand/share/robotic_hand//meshes/menique_link2.STL
[2.344s] -- Up-to-date symlink: /home/pablo_kevin/ProyectoTecnologo_RoboticHandDRL/Desarrollo/simulation/ros2_robotic_hand_ws/install/robotic_hand/share/robotic_hand//meshes/palma_dorso_link.STL
[2.344s] -- Up-to-date symlink: /home/pablo_kevin/ProyectoTecnologo_RoboticHandDRL/Desarrollo/simulation/ros2_robotic_hand_ws/install/robotic_hand/share/robotic_hand//meshes/pulgar_link0.STL
[2.345s] -- Up-to-date symlink: /home/pablo_kevin/ProyectoTecnologo_RoboticHandDRL/Desarrollo/simulation/ros2_robotic_hand_ws/install/robotic_hand/share/robotic_hand//meshes/pulgar_link1.STL
[2.345s] -- Up-to-date symlink: /home/pablo_kevin/ProyectoTecnologo_RoboticHandDRL/Desarrollo/simulation/ros2_robotic_hand_ws/install/robotic_hand/share/robotic_hand//launch/robotic_hand_gazebo.launch.py
[2.345s] -- Up-to-date symlink: /home/pablo_kevin/ProyectoTecnologo_RoboticHandDRL/Desarrollo/simulation/ros2_robotic_hand_ws/install/robotic_hand/share/robotic_hand//launch/ros_gazebo.launch.py
[2.345s] -- Up-to-date symlink: /home/pablo_kevin/ProyectoTecnologo_RoboticHandDRL/Desarrollo/simulation/ros2_robotic_hand_ws/install/robotic_hand/lib/robotic_hand/finger_control.py
[2.345s] -- Up-to-date symlink: /home/pablo_kevin/ProyectoTecnologo_RoboticHandDRL/Desarrollo/simulation/ros2_robotic_hand_ws/install/robotic_hand/share/robotic_hand//config/hand_controllers.yaml
[2.346s] -- Up-to-date symlink: /home/pablo_kevin/ProyectoTecnologo_RoboticHandDRL/Desarrollo/simulation/ros2_robotic_hand_ws/install/robotic_hand/share/robotic_hand/worlds/empty.sdf
[2.346s] -- Up-to-date symlink: /home/pablo_kevin/ProyectoTecnologo_RoboticHandDRL/Desarrollo/simulation/ros2_robotic_hand_ws/install/robotic_hand/share/robotic_hand/description/robotic_hand.urdf.xacro
[2.346s] -- Up-to-date symlink: /home/pablo_kevin/ProyectoTecnologo_RoboticHandDRL/Desarrollo/simulation/ros2_robotic_hand_ws/install/robotic_hand/share/ament_index/resource_index/package_run_dependencies/robotic_hand
[2.346s] -- Up-to-date symlink: /home/pablo_kevin/ProyectoTecnologo_RoboticHandDRL/Desarrollo/simulation/ros2_robotic_hand_ws/install/robotic_hand/share/ament_index/resource_index/parent_prefix_path/robotic_hand
[2.346s] -- Up-to-date symlink: /home/pablo_kevin/ProyectoTecnologo_RoboticHandDRL/Desarrollo/simulation/ros2_robotic_hand_ws/install/robotic_hand/share/robotic_hand/environment/ament_prefix_path.sh
[2.346s] -- Up-to-date symlink: /home/pablo_kevin/ProyectoTecnologo_RoboticHandDRL/Desarrollo/simulation/ros2_robotic_hand_ws/install/robotic_hand/share/robotic_hand/environment/ament_prefix_path.dsv
[2.346s] -- Up-to-date symlink: /home/pablo_kevin/ProyectoTecnologo_RoboticHandDRL/Desarrollo/simulation/ros2_robotic_hand_ws/install/robotic_hand/share/robotic_hand/environment/path.sh
[2.347s] -- Up-to-date symlink: /home/pablo_kevin/ProyectoTecnologo_RoboticHandDRL/Desarrollo/simulation/ros2_robotic_hand_ws/install/robotic_hand/share/robotic_hand/environment/path.dsv
[2.347s] -- Up-to-date symlink: /home/pablo_kevin/ProyectoTecnologo_RoboticHandDRL/Desarrollo/simulation/ros2_robotic_hand_ws/install/robotic_hand/share/robotic_hand/local_setup.bash
[2.347s] -- Up-to-date symlink: /home/pablo_kevin/ProyectoTecnologo_RoboticHandDRL/Desarrollo/simulation/ros2_robotic_hand_ws/install/robotic_hand/share/robotic_hand/local_setup.sh
[2.347s] -- Up-to-date symlink: /home/pablo_kevin/ProyectoTecnologo_RoboticHandDRL/Desarrollo/simulation/ros2_robotic_hand_ws/install/robotic_hand/share/robotic_hand/local_setup.zsh
[2.347s] -- Up-to-date symlink: /home/pablo_kevin/ProyectoTecnologo_RoboticHandDRL/Desarrollo/simulation/ros2_robotic_hand_ws/install/robotic_hand/share/robotic_hand/local_setup.dsv
[2.347s] -- Symlinking: /home/pablo_kevin/ProyectoTecnologo_RoboticHandDRL/Desarrollo/simulation/ros2_robotic_hand_ws/install/robotic_hand/share/robotic_hand/package.dsv
[2.358s] -- Up-to-date symlink: /home/pablo_kevin/ProyectoTecnologo_RoboticHandDRL/Desarrollo/simulation/ros2_robotic_hand_ws/install/robotic_hand/share/ament_index/resource_index/packages/robotic_hand
[2.358s] -- Up-to-date symlink: /home/pablo_kevin/ProyectoTecnologo_RoboticHandDRL/Desarrollo/simulation/ros2_robotic_hand_ws/install/robotic_hand/share/robotic_hand/cmake/robotic_handConfig.cmake
[2.358s] -- Up-to-date symlink: /home/pablo_kevin/ProyectoTecnologo_RoboticHandDRL/Desarrollo/simulation/ros2_robotic_hand_ws/install/robotic_hand/share/robotic_hand/cmake/robotic_handConfig-version.cmake
[2.358s] -- Up-to-date symlink: /home/pablo_kevin/ProyectoTecnologo_RoboticHandDRL/Desarrollo/simulation/ros2_robotic_hand_ws/install/robotic_hand/share/robotic_hand/package.xml
[2.359s] Invoked command in '/home/pablo_kevin/ProyectoTecnologo_RoboticHandDRL/Desarrollo/simulation/ros2_robotic_hand_ws/build/robotic_hand' returned '0': CMAKE_PREFIX_PATH=${CMAKE_PREFIX_PATH}:/opt/ros/jazzy CONDA_PROMPT_MODIFIER=(base) DEBUGINFOD_URLS=https://debuginfod.ubuntu.com /usr/bin/cmake --install /home/pablo_kevin/ProyectoTecnologo_RoboticHandDRL/Desarrollo/simulation/ros2_robotic_hand_ws/build/robotic_hand
