-- Install configuration: ""
-- Up-to-date: /home/pablo_kevin/ros2_robotic_hand_ws/install/robotic_hand/share/robotic_hand//urdf
-- Up-to-date: /home/pablo_kevin/ros2_robotic_hand_ws/install/robotic_hand/share/robotic_hand//urdf/robotic_hand.sdf
-- Up-to-date: /home/pablo_kevin/ros2_robotic_hand_ws/install/robotic_hand/share/robotic_hand//meshes
-- Up-to-date: /home/pablo_kevin/ros2_robotic_hand_ws/install/robotic_hand/share/robotic_hand//meshes/medio_link1.STL
-- Up-to-date: /home/pablo_kevin/ros2_robotic_hand_ws/install/robotic_hand/share/robotic_hand//meshes/conectores_links.STL
-- Up-to-date: /home/pablo_kevin/ros2_robotic_hand_ws/install/robotic_hand/share/robotic_hand//meshes/anular_link1.STL
-- Up-to-date: /home/pablo_kevin/ros2_robotic_hand_ws/install/robotic_hand/share/robotic_hand//meshes/indice_link1.STL
-- Up-to-date: /home/pablo_kevin/ros2_robotic_hand_ws/install/robotic_hand/share/robotic_hand//meshes/anular_link2.STL
-- Up-to-date: /home/pablo_kevin/ros2_robotic_hand_ws/install/robotic_hand/share/robotic_hand//meshes/menique_link2.STL
-- Up-to-date: /home/pablo_kevin/ros2_robotic_hand_ws/install/robotic_hand/share/robotic_hand//meshes/indice_link2.STL
-- Up-to-date: /home/pablo_kevin/ros2_robotic_hand_ws/install/robotic_hand/share/robotic_hand//meshes/pulgar_link0.STL
-- Up-to-date: /home/pablo_kevin/ros2_robotic_hand_ws/install/robotic_hand/share/robotic_hand//meshes/medio_link0.STL
-- Up-to-date: /home/pablo_kevin/ros2_robotic_hand_ws/install/robotic_hand/share/robotic_hand//meshes/menique_link0.STL
-- Up-to-date: /home/pablo_kevin/ros2_robotic_hand_ws/install/robotic_hand/share/robotic_hand//meshes/palma_dorso_link.STL
-- Up-to-date: /home/pablo_kevin/ros2_robotic_hand_ws/install/robotic_hand/share/robotic_hand//meshes/anular_link0.STL
-- Up-to-date: /home/pablo_kevin/ros2_robotic_hand_ws/install/robotic_hand/share/robotic_hand//meshes/menique_link1.STL
-- Up-to-date: /home/pablo_kevin/ros2_robotic_hand_ws/install/robotic_hand/share/robotic_hand//meshes/medio_link2.STL
-- Up-to-date: /home/pablo_kevin/ros2_robotic_hand_ws/install/robotic_hand/share/robotic_hand//meshes/pulgar_link1.STL
-- Up-to-date: /home/pablo_kevin/ros2_robotic_hand_ws/install/robotic_hand/share/robotic_hand//meshes/indice_link0.STL
-- Up-to-date: /home/pablo_kevin/ros2_robotic_hand_ws/install/robotic_hand/share/robotic_hand//launch
-- Up-to-date: /home/pablo_kevin/ros2_robotic_hand_ws/install/robotic_hand/share/robotic_hand//launch/robotic_hand_gazebo.launch.py
-- Up-to-date: /home/pablo_kevin/ros2_robotic_hand_ws/install/robotic_hand/lib/robotic_hand/finger_control.py
-- Up-to-date: /home/pablo_kevin/ros2_robotic_hand_ws/install/robotic_hand/share/robotic_hand//config
-- Up-to-date: /home/pablo_kevin/ros2_robotic_hand_ws/install/robotic_hand/share/robotic_hand//config/hand_controllers.yaml
-- Up-to-date: /home/pablo_kevin/ros2_robotic_hand_ws/install/robotic_hand/share/ament_index/resource_index/package_run_dependencies/robotic_hand
-- Up-to-date: /home/pablo_kevin/ros2_robotic_hand_ws/install/robotic_hand/share/ament_index/resource_index/parent_prefix_path/robotic_hand
-- Up-to-date: /home/pablo_kevin/ros2_robotic_hand_ws/install/robotic_hand/share/robotic_hand/environment/ament_prefix_path.sh
-- Up-to-date: /home/pablo_kevin/ros2_robotic_hand_ws/install/robotic_hand/share/robotic_hand/environment/ament_prefix_path.dsv
-- Up-to-date: /home/pablo_kevin/ros2_robotic_hand_ws/install/robotic_hand/share/robotic_hand/environment/path.sh
-- Up-to-date: /home/pablo_kevin/ros2_robotic_hand_ws/install/robotic_hand/share/robotic_hand/environment/path.dsv
-- Up-to-date: /home/pablo_kevin/ros2_robotic_hand_ws/install/robotic_hand/share/robotic_hand/local_setup.bash
-- Up-to-date: /home/pablo_kevin/ros2_robotic_hand_ws/install/robotic_hand/share/robotic_hand/local_setup.sh
-- Up-to-date: /home/pablo_kevin/ros2_robotic_hand_ws/install/robotic_hand/share/robotic_hand/local_setup.zsh
-- Up-to-date: /home/pablo_kevin/ros2_robotic_hand_ws/install/robotic_hand/share/robotic_hand/local_setup.dsv
-- Up-to-date: /home/pablo_kevin/ros2_robotic_hand_ws/install/robotic_hand/share/robotic_hand/package.dsv
-- Up-to-date: /home/pablo_kevin/ros2_robotic_hand_ws/install/robotic_hand/share/ament_index/resource_index/packages/robotic_hand
-- Up-to-date: /home/pablo_kevin/ros2_robotic_hand_ws/install/robotic_hand/share/robotic_hand/cmake/robotic_handConfig.cmake
-- Up-to-date: /home/pablo_kevin/ros2_robotic_hand_ws/install/robotic_hand/share/robotic_hand/cmake/robotic_handConfig-version.cmake
-- Up-to-date: /home/pablo_kevin/ros2_robotic_hand_ws/install/robotic_hand/share/robotic_hand/package.xml
