[0.009s] Invoking command in '/home/pablo_kevin/ProyectoTecnologo_RoboticHandDRL/Desarrollo/simulation/ros2_robotic_hand_ws/build/robotic_hand': CMAKE_PREFIX_PATH=${CMAKE_PREFIX_PATH}:/opt/ros/jazzy CONDA_PROMPT_MODIFIER=(base) DEBUGINFOD_URLS=https://debuginfod.ubuntu.com /usr/bin/cmake --build /home/pablo_kevin/ProyectoTecnologo_RoboticHandDRL/Desarrollo/simulation/ros2_robotic_hand_ws/build/robotic_hand -- -j20 -l20
[0.198s] -- Found ament_cmake: 2.5.3 (/opt/ros/jazzy/share/ament_cmake/cmake)
[0.253s] -- Override CMake install command with custom implementation using symlinks instead of copying resources
[0.258s] -- Found rclpy: 7.1.3 (/opt/ros/jazzy/share/rclpy/cmake)
[0.258s] -- Found std_msgs: 5.3.5 (/opt/ros/jazzy/share/std_msgs/cmake)
[0.277s] -- Found rosidl_generator_c: 4.6.5 (/opt/ros/jazzy/share/rosidl_generator_c/cmake)
[0.283s] -- Found rosidl_generator_cpp: 4.6.5 (/opt/ros/jazzy/share/rosidl_generator_cpp/cmake)
[0.291s] -- Using all available rosidl_typesupport_c: rosidl_typesupport_fastrtps_c;rosidl_typesupport_introspection_c
[0.301s] -- Using all available rosidl_typesupport_cpp: rosidl_typesupport_fastrtps_cpp;rosidl_typesupport_introspection_cpp
[0.319s] -- Found sensor_msgs: 5.3.5 (/opt/ros/jazzy/share/sensor_msgs/cmake)
[0.355s] -- Found urdf: 2.10.0 (/opt/ros/jazzy/share/urdf/cmake)
[0.360s] -- Found TinyXML2 via Config file: /usr/lib/x86_64-linux-gnu/cmake/tinyxml2
[0.364s] -- Looking for gz-sim8 -- found version 8.7.0
[0.368s] -- Searching for dependencies of gz-sim8
[0.368s] -- Looking for sdformat14 -- found version 14.6.0
[0.368s] -- Searching for dependencies of sdformat14
[0.372s] -- Checking for module 'tinyxml2'
[0.389s] --   Found tinyxml2, version 10.0.0
[0.468s] -- Looking for gz-math7 -- found version 7.5.1
[0.469s] -- Searching for dependencies of gz-math7
[0.470s] -- Looking for gz-utils2 -- found version 2.2.0
[0.470s] -- Searching for dependencies of gz-utils2
[0.475s] -- Looking for gz-utils2 -- found version 2.2.0
[0.476s] -- Searching for dependencies of gz-utils2
[0.476s] -- Searching for <gz-utils2> component [cli]
[0.477s] -- Looking for gz-utils2-cli -- found version 2.2.0
[0.477s] -- Searching for dependencies of gz-utils2-cli
[0.480s] -- Looking for gz-plugin2 -- found version 2.0.3
[0.481s] -- Searching for dependencies of gz-plugin2
[0.481s] -- Looking for gz-utils2 -- found version 2.2.0
[0.482s] -- Searching for <gz-plugin2> component [loader]
[0.483s] -- Looking for gz-plugin2-loader -- found version 2.0.3
[0.483s] -- Searching for dependencies of gz-plugin2-loader
[0.483s] -- Searching for <gz-plugin2> component [register]
[0.484s] -- Looking for gz-plugin2-register -- found version 2.0.3
[0.484s] -- Searching for dependencies of gz-plugin2-register
[0.485s] -- Looking for gz-transport13 -- found version 13.4.0
[0.485s] -- Searching for dependencies of gz-transport13
[0.508s] -- Config-file not installed for ZeroMQ -- checking for pkg-config
[0.512s] -- Checking for module 'libzmq >= 4'
[0.526s] --   Found libzmq, version 4.3.5
[0.596s] -- Checking for module 'uuid'
[0.645s] --   Found uuid, version 2.39.3
[0.689s] -- Looking for gz-utils2 -- found version 2.2.0
[0.690s] -- Looking for gz-msgs10 -- found version 10.3.1
[0.690s] -- Searching for dependencies of gz-msgs10
[0.707s] -- Looking for gz-utils2 -- found version 2.2.0
[0.707s] -- Looking for gz-math7 -- found version 7.5.1
[0.862s] -- Searching for <gz-transport13> component [log]
[0.862s] -- Looking for gz-transport13-log -- found version 13.4.0
[0.862s] -- Searching for dependencies of gz-transport13-log
[0.863s] -- Searching for <gz-transport13> component [parameters]
[0.863s] -- Looking for gz-transport13-parameters -- found version 13.4.0
[0.863s] -- Searching for dependencies of gz-transport13-parameters
[0.864s] -- Looking for gz-msgs10 -- found version 10.3.1
[0.864s] -- Looking for gz-common5 -- found version 5.7.0
[0.865s] -- Searching for dependencies of gz-common5
[0.865s] -- Looking for gz-utils2 -- found version 2.2.0
[0.865s] -- Looking for dlfcn.h - found
[0.865s] -- Looking for libdl - found
[0.874s] -- Searching for <gz-common5> component [av]
[0.875s] -- Looking for gz-common5-av -- found version 5.7.0
[0.875s] -- Searching for dependencies of gz-common5-av
[0.881s] -- Checking for module 'libswscale'
[0.915s] --   Found libswscale, version 7.5.100
[1.030s] -- Checking for module 'libavdevice >= 56.4.100'
[1.074s] --   Found libavdevice, version 60.3.100
[1.186s] -- Checking for module 'libavformat'
[1.216s] --   Found libavformat, version 60.16.100
[1.317s] -- Checking for module 'libavcodec'
[1.353s] --   Found libavcodec, version 60.31.102
[1.457s] -- Checking for module 'libavutil'
[1.488s] --   Found libavutil, version 58.29.100
[1.579s] -- Searching for <gz-common5> component [events]
[1.580s] -- Looking for gz-common5-events -- found version 5.7.0
[1.581s] -- Searching for dependencies of gz-common5-events
[1.582s] -- Looking for gz-math7 -- found version 7.5.1
[1.583s] -- Searching for <gz-common5> component [graphics]
[1.584s] -- Looking for gz-common5-graphics -- found version 5.7.0
[1.585s] -- Searching for dependencies of gz-common5-graphics
[1.585s] -- Looking for gz-math7 -- found version 7.5.1
[1.590s] -- Searching for <gz-common5> component [io]
[1.590s] -- Looking for gz-common5-io -- found version 5.7.0
[1.591s] -- Searching for dependencies of gz-common5-io
[1.591s] -- Searching for <gz-common5> component [profiler]
[1.592s] -- Looking for gz-common5-profiler -- found version 5.7.0
[1.592s] -- Searching for dependencies of gz-common5-profiler
[1.593s] -- Looking for gz-fuel_tools9 -- found version 9.1.0
[1.593s] -- Searching for dependencies of gz-fuel_tools9
[1.629s] -- Checking for module 'jsoncpp'
[1.645s] --   Found jsoncpp, version 1.9.5
[1.758s] -- Checking for module 'yaml-0.1'
[1.789s] --   Found yaml-0.1, version 0.2.5
[1.895s] -- Checking for module 'libzip'
[1.944s] --   Found libzip, version 1.7.3
[2.040s] -- Looking for gz-utils2 -- found version 2.2.0
[2.041s] -- Looking for gz-common5 -- found version 5.7.0
[2.042s] -- Searching for dependencies of gz-common5
[2.043s] -- Looking for gz-utils2 -- found version 2.2.0
[2.043s] -- Looking for dlfcn.h - found
[2.043s] -- Looking for libdl - found
[2.055s] -- Searching for <gz-common5> component [testing]
[2.055s] -- Looking for gz-common5-testing -- found version 5.7.0
[2.056s] -- Searching for dependencies of gz-common5-testing
[2.058s] -- Looking for gz-math7 -- found version 7.5.1
[2.058s] -- Looking for gz-msgs10 -- found version 10.3.1
[2.060s] -- Looking for gz-gui8 -- found version 8.3.0
[2.061s] -- Searching for dependencies of gz-gui8
[2.085s] -- Looking for gz-utils2 -- found version 2.2.0
[2.085s] -- Looking for gz-math7 -- found version 7.5.1
[2.086s] -- Looking for gz-common5 -- found version 5.7.0
[2.086s] -- Looking for gz-plugin2 -- found version 2.0.3
[2.086s] -- Looking for gz-transport13 -- found version 13.4.0
[2.087s] -- Looking for gz-rendering8 -- found version 8.2.1
[2.087s] -- Searching for dependencies of gz-rendering8
[2.087s] -- Looking for gz-math7 -- found version 7.5.1
[2.087s] -- Searching for dependencies of gz-math7
[2.088s] -- Looking for gz-utils2 -- found version 2.2.0
[2.088s] -- Searching for <gz-math7> component [eigen3]
[2.088s] -- Looking for gz-math7-eigen3 -- found version 7.5.1
[2.088s] -- Searching for dependencies of gz-math7-eigen3
[2.090s] -- Looking for gz-common5 -- found version 5.7.0
[2.090s] -- Searching for dependencies of gz-common5
[2.090s] -- Looking for gz-utils2 -- found version 2.2.0
[2.090s] -- Looking for dlfcn.h - found
[2.090s] -- Looking for libdl - found
[2.097s] -- Searching for <gz-common5> component [graphics]
[2.097s] -- Searching for <gz-common5> component [events]
[2.098s] -- Searching for <gz-common5> component [geospatial]
[2.098s] -- Looking for gz-common5-geospatial -- found version 5.7.0
[2.098s] -- Searching for dependencies of gz-common5-geospatial
[2.098s] -- Looking for gz-math7 -- found version 7.5.1
[2.098s] -- Looking for gz-common5 -- found version 5.7.0
[2.099s] -- Looking for gz-plugin2 -- found version 2.0.3
[2.099s] -- Searching for dependencies of gz-plugin2
[2.099s] -- Looking for gz-utils2 -- found version 2.2.0
[2.100s] -- Searching for <gz-plugin2> component [all]
[2.100s] -- Looking for all libraries of gz-plugin2 -- found version 2.0.3
[2.100s] -- Looking for gz-plugin2 -- found version 2.0.3
[2.101s] -- Looking for gz-utils2 -- found version 2.2.0
[2.103s] -- Looking for gz-msgs10 -- found version 10.3.1
[2.115s] -- Looking for gz-physics7 -- found version 7.4.0
[2.115s] -- Searching for dependencies of gz-physics7
[2.115s] -- Looking for gz-common5 -- found version 5.7.0
[2.115s] -- Looking for gz-math7 -- found version 7.5.1
[2.115s] -- Looking for gz-plugin2 -- found version 2.0.3
[2.116s] -- Looking for gz-utils2 -- found version 2.2.0
[2.117s] -- Searching for <gz-physics7> component [heightmap]
[2.117s] -- Looking for gz-physics7-heightmap -- found version 7.4.0
[2.117s] -- Searching for dependencies of gz-physics7-heightmap
[2.117s] -- Looking for gz-common5 -- found version 5.7.0
[2.118s] -- Searching for <gz-physics7> component [mesh]
[2.118s] -- Looking for gz-physics7-mesh -- found version 7.4.0
[2.118s] -- Searching for dependencies of gz-physics7-mesh
[2.118s] -- Looking for gz-common5 -- found version 5.7.0
[2.118s] -- Searching for <gz-physics7> component [sdf]
[2.119s] -- Looking for gz-physics7-sdf -- found version 7.4.0
[2.119s] -- Searching for dependencies of gz-physics7-sdf
[2.119s] -- Looking for sdformat14 -- found version 14.6.0
[2.120s] -- Looking for gz-sensors8 -- found version 8.2.1
[2.120s] -- Searching for dependencies of gz-sensors8
[2.135s] -- Looking for gz-math7 -- found version 7.5.1
[2.135s] -- Looking for gz-common5 -- found version 5.7.0
[2.136s] -- Looking for gz-transport13 -- found version 13.4.0
[2.136s] -- Looking for gz-rendering8 -- found version 8.2.1
[2.136s] -- Looking for gz-msgs10 -- found version 10.3.1
[2.136s] -- Looking for sdformat14 -- found version 14.6.0
[2.137s] -- Searching for <gz-sensors8> component [air_pressure]
[2.137s] -- Looking for gz-sensors8-air_pressure -- found version 8.2.1
[2.137s] -- Searching for dependencies of gz-sensors8-air_pressure
[2.138s] -- Searching for <gz-sensors8> component [air_speed]
[2.138s] -- Looking for gz-sensors8-air_speed -- found version 8.2.1
[2.138s] -- Searching for dependencies of gz-sensors8-air_speed
[2.138s] -- Searching for <gz-sensors8> component [altimeter]
[2.139s] -- Looking for gz-sensors8-altimeter -- found version 8.2.1
[2.139s] -- Searching for dependencies of gz-sensors8-altimeter
[2.139s] -- Searching for <gz-sensors8> component [imu]
[2.139s] -- Looking for gz-sensors8-imu -- found version 8.2.1
[2.139s] -- Searching for dependencies of gz-sensors8-imu
[2.140s] -- Searching for <gz-sensors8> component [force_torque]
[2.140s] -- Looking for gz-sensors8-force_torque -- found version 8.2.1
[2.140s] -- Searching for dependencies of gz-sensors8-force_torque
[2.140s] -- Searching for <gz-sensors8> component [logical_camera]
[2.141s] -- Looking for gz-sensors8-logical_camera -- found version 8.2.1
[2.141s] -- Searching for dependencies of gz-sensors8-logical_camera
[2.141s] -- Searching for <gz-sensors8> component [magnetometer]
[2.141s] -- Looking for gz-sensors8-magnetometer -- found version 8.2.1
[2.142s] -- Searching for dependencies of gz-sensors8-magnetometer
[2.142s] -- Searching for <gz-sensors8> component [navsat]
[2.142s] -- Looking for gz-sensors8-navsat -- found version 8.2.1
[2.142s] -- Searching for dependencies of gz-sensors8-navsat
[2.143s] -- Searching for <gz-sensors8> component [dvl]
[2.143s] -- Looking for gz-sensors8-dvl -- found version 8.2.1
[2.143s] -- Searching for dependencies of gz-sensors8-dvl
[2.143s] -- Looking for gz-sensors8 -- found version 8.2.1
[2.143s] -- Searching for dependencies of gz-sensors8
[2.158s] -- Looking for gz-math7 -- found version 7.5.1
[2.159s] -- Looking for gz-common5 -- found version 5.7.0
[2.159s] -- Looking for gz-transport13 -- found version 13.4.0
[2.159s] -- Looking for gz-rendering8 -- found version 8.2.1
[2.160s] -- Looking for gz-msgs10 -- found version 10.3.1
[2.160s] -- Looking for sdformat14 -- found version 14.6.0
[2.160s] -- Searching for <gz-sensors8> component [rendering]
[2.161s] -- Looking for gz-sensors8-rendering -- found version 8.2.1
[2.161s] -- Searching for dependencies of gz-sensors8-rendering
[2.162s] -- Searching for <gz-sensors8> component [rendering]
[2.162s] -- Searching for <gz-sensors8> component [lidar]
[2.162s] -- Looking for gz-sensors8-lidar -- found version 8.2.1
[2.162s] -- Searching for dependencies of gz-sensors8-lidar
[2.162s] -- Looking for gz-sensors8 -- found version 8.2.1
[2.163s] -- Searching for <gz-sensors8> component [gpu_lidar]
[2.163s] -- Looking for gz-sensors8-gpu_lidar -- found version 8.2.1
[2.164s] -- Searching for dependencies of gz-sensors8-gpu_lidar
[2.164s] -- Looking for gz-sensors8 -- found version 8.2.1
[2.164s] -- Searching for <gz-sensors8> component [camera]
[2.165s] -- Looking for gz-sensors8-camera -- found version 8.2.1
[2.165s] -- Searching for dependencies of gz-sensors8-camera
[2.165s] -- Looking for gz-sensors8 -- found version 8.2.1
[2.165s] -- Searching for <gz-sensors8> component [boundingbox_camera]
[2.166s] -- Looking for gz-sensors8-boundingbox_camera -- found version 8.2.1
[2.166s] -- Searching for dependencies of gz-sensors8-boundingbox_camera
[2.166s] -- Searching for <gz-sensors8> component [segmentation_camera]
[2.166s] -- Looking for gz-sensors8-segmentation_camera -- found version 8.2.1
[2.166s] -- Searching for dependencies of gz-sensors8-segmentation_camera
[2.167s] -- Searching for <gz-sensors8> component [depth_camera]
[2.167s] -- Looking for gz-sensors8-depth_camera -- found version 8.2.1
[2.167s] -- Searching for dependencies of gz-sensors8-depth_camera
[2.168s] -- Looking for gz-sensors8 -- found version 8.2.1
[2.168s] -- Searching for <gz-sensors8> component [rgbd_camera]
[2.168s] -- Looking for gz-sensors8-rgbd_camera -- found version 8.2.1
[2.169s] -- Searching for dependencies of gz-sensors8-rgbd_camera
[2.169s] -- Looking for gz-sensors8 -- found version 8.2.1
[2.169s] -- Searching for <gz-sensors8> component [thermal_camera]
[2.170s] -- Looking for gz-sensors8-thermal_camera -- found version 8.2.1
[2.170s] -- Searching for dependencies of gz-sensors8-thermal_camera
[2.170s] -- Looking for gz-sensors8 -- found version 8.2.1
[2.171s] -- Searching for <gz-sensors8> component [wide_angle_camera]
[2.171s] -- Looking for gz-sensors8-wide_angle_camera -- found version 8.2.1
[2.171s] -- Searching for dependencies of gz-sensors8-wide_angle_camera
[2.172s] -- Looking for gz-rendering8 -- found version 8.2.1
[2.172s] -- Looking for gz-math7 -- found version 7.5.1
[2.172s] -- Looking for gz-utils2 -- found version 2.2.0
[2.188s] -- Found trajectory_msgs: 5.3.5 (/opt/ros/jazzy/share/trajectory_msgs/cmake)
[2.271s] -- Configuring done (2.2s)
[2.275s] -- Generating done (0.0s)
[2.276s] -- Build files have been written to: /home/pablo_kevin/ProyectoTecnologo_RoboticHandDRL/Desarrollo/simulation/ros2_robotic_hand_ws/build/robotic_hand
[2.318s] Invoked command in '/home/pablo_kevin/ProyectoTecnologo_RoboticHandDRL/Desarrollo/simulation/ros2_robotic_hand_ws/build/robotic_hand' returned '0': CMAKE_PREFIX_PATH=${CMAKE_PREFIX_PATH}:/opt/ros/jazzy CONDA_PROMPT_MODIFIER=(base) DEBUGINFOD_URLS=https://debuginfod.ubuntu.com /usr/bin/cmake --build /home/pablo_kevin/ProyectoTecnologo_RoboticHandDRL/Desarrollo/simulation/ros2_robotic_hand_ws/build/robotic_hand -- -j20 -l20
[2.333s] Invoking command in '/home/pablo_kevin/ProyectoTecnologo_RoboticHandDRL/Desarrollo/simulation/ros2_robotic_hand_ws/build/robotic_hand': CMAKE_PREFIX_PATH=${CMAKE_PREFIX_PATH}:/opt/ros/jazzy CONDA_PROMPT_MODIFIER=(base) DEBUGINFOD_URLS=https://debuginfod.ubuntu.com /usr/bin/cmake --install /home/pablo_kevin/ProyectoTecnologo_RoboticHandDRL/Desarrollo/simulation/ros2_robotic_hand_ws/build/robotic_hand
[2.345s] -- Install configuration: ""
[2.345s] -- Execute custom install script
[2.346s] -- Up-to-date symlink: /home/pablo_kevin/ProyectoTecnologo_RoboticHandDRL/Desarrollo/simulation/ros2_robotic_hand_ws/install/robotic_hand/share/robotic_hand//urdf/robotic_hand.sdf
[2.346s] -- Up-to-date symlink: /home/pablo_kevin/ProyectoTecnologo_RoboticHandDRL/Desarrollo/simulation/ros2_robotic_hand_ws/install/robotic_hand/share/robotic_hand//urdf/ros2_control/gazebo/robotic_hand.urdf.xacro
[2.346s] -- Up-to-date symlink: /home/pablo_kevin/ProyectoTecnologo_RoboticHandDRL/Desarrollo/simulation/ros2_robotic_hand_ws/install/robotic_hand/share/robotic_hand//urdf/ros2_control/gazebo/robotic_hand_ros2_control.xacro
[2.346s] -- Up-to-date symlink: /home/pablo_kevin/ProyectoTecnologo_RoboticHandDRL/Desarrollo/simulation/ros2_robotic_hand_ws/install/robotic_hand/share/robotic_hand//meshes/anular_link0.STL
[2.346s] -- Up-to-date symlink: /home/pablo_kevin/ProyectoTecnologo_RoboticHandDRL/Desarrollo/simulation/ros2_robotic_hand_ws/install/robotic_hand/share/robotic_hand//meshes/anular_link1.STL
[2.347s] -- Up-to-date symlink: /home/pablo_kevin/ProyectoTecnologo_RoboticHandDRL/Desarrollo/simulation/ros2_robotic_hand_ws/install/robotic_hand/share/robotic_hand//meshes/anular_link2.STL
[2.347s] -- Up-to-date symlink: /home/pablo_kevin/ProyectoTecnologo_RoboticHandDRL/Desarrollo/simulation/ros2_robotic_hand_ws/install/robotic_hand/share/robotic_hand//meshes/conectores_links.STL
[2.347s] -- Up-to-date symlink: /home/pablo_kevin/ProyectoTecnologo_RoboticHandDRL/Desarrollo/simulation/ros2_robotic_hand_ws/install/robotic_hand/share/robotic_hand//meshes/indice_link0.STL
[2.347s] -- Up-to-date symlink: /home/pablo_kevin/ProyectoTecnologo_RoboticHandDRL/Desarrollo/simulation/ros2_robotic_hand_ws/install/robotic_hand/share/robotic_hand//meshes/indice_link1.STL
[2.347s] -- Up-to-date symlink: /home/pablo_kevin/ProyectoTecnologo_RoboticHandDRL/Desarrollo/simulation/ros2_robotic_hand_ws/install/robotic_hand/share/robotic_hand//meshes/indice_link2.STL
[2.347s] -- Up-to-date symlink: /home/pablo_kevin/ProyectoTecnologo_RoboticHandDRL/Desarrollo/simulation/ros2_robotic_hand_ws/install/robotic_hand/share/robotic_hand//meshes/medio_link0.STL
[2.347s] -- Up-to-date symlink: /home/pablo_kevin/ProyectoTecnologo_RoboticHandDRL/Desarrollo/simulation/ros2_robotic_hand_ws/install/robotic_hand/share/robotic_hand//meshes/medio_link1.STL
[2.347s] -- Up-to-date symlink: /home/pablo_kevin/ProyectoTecnologo_RoboticHandDRL/Desarrollo/simulation/ros2_robotic_hand_ws/install/robotic_hand/share/robotic_hand//meshes/medio_link2.STL
[2.348s] -- Up-to-date symlink: /home/pablo_kevin/ProyectoTecnologo_RoboticHandDRL/Desarrollo/simulation/ros2_robotic_hand_ws/install/robotic_hand/share/robotic_hand//meshes/menique_link0.STL
[2.348s] -- Up-to-date symlink: /home/pablo_kevin/ProyectoTecnologo_RoboticHandDRL/Desarrollo/simulation/ros2_robotic_hand_ws/install/robotic_hand/share/robotic_hand//meshes/menique_link1.STL
[2.348s] -- Up-to-date symlink: /home/pablo_kevin/ProyectoTecnologo_RoboticHandDRL/Desarrollo/simulation/ros2_robotic_hand_ws/install/robotic_hand/share/robotic_hand//meshes/menique_link2.STL
[2.348s] -- Up-to-date symlink: /home/pablo_kevin/ProyectoTecnologo_RoboticHandDRL/Desarrollo/simulation/ros2_robotic_hand_ws/install/robotic_hand/share/robotic_hand//meshes/palma_dorso_link.STL
[2.348s] -- Up-to-date symlink: /home/pablo_kevin/ProyectoTecnologo_RoboticHandDRL/Desarrollo/simulation/ros2_robotic_hand_ws/install/robotic_hand/share/robotic_hand//meshes/pulgar_link0.STL
[2.348s] -- Up-to-date symlink: /home/pablo_kevin/ProyectoTecnologo_RoboticHandDRL/Desarrollo/simulation/ros2_robotic_hand_ws/install/robotic_hand/share/robotic_hand//meshes/pulgar_link1.STL
[2.348s] -- Up-to-date symlink: /home/pablo_kevin/ProyectoTecnologo_RoboticHandDRL/Desarrollo/simulation/ros2_robotic_hand_ws/install/robotic_hand/share/robotic_hand//launch/robotic_hand_gazebo.launch.py
[2.348s] -- Up-to-date symlink: /home/pablo_kevin/ProyectoTecnologo_RoboticHandDRL/Desarrollo/simulation/ros2_robotic_hand_ws/install/robotic_hand/share/robotic_hand//launch/ros_gazebo.launch.py
[2.349s] -- Up-to-date symlink: /home/pablo_kevin/ProyectoTecnologo_RoboticHandDRL/Desarrollo/simulation/ros2_robotic_hand_ws/install/robotic_hand/lib/robotic_hand/finger_control.py
[2.349s] -- Up-to-date symlink: /home/pablo_kevin/ProyectoTecnologo_RoboticHandDRL/Desarrollo/simulation/ros2_robotic_hand_ws/install/robotic_hand/share/robotic_hand//config/hand_controllers.yaml
[2.349s] -- Up-to-date symlink: /home/pablo_kevin/ProyectoTecnologo_RoboticHandDRL/Desarrollo/simulation/ros2_robotic_hand_ws/install/robotic_hand/share/robotic_hand/worlds/empty.sdf
[2.349s] -- Symlinking: /home/pablo_kevin/ProyectoTecnologo_RoboticHandDRL/Desarrollo/simulation/ros2_robotic_hand_ws/install/robotic_hand/share/robotic_hand/description/robotic_hand.urdf.xacro
[2.356s] -- Up-to-date symlink: /home/pablo_kevin/ProyectoTecnologo_RoboticHandDRL/Desarrollo/simulation/ros2_robotic_hand_ws/install/robotic_hand/share/ament_index/resource_index/package_run_dependencies/robotic_hand
[2.356s] -- Up-to-date symlink: /home/pablo_kevin/ProyectoTecnologo_RoboticHandDRL/Desarrollo/simulation/ros2_robotic_hand_ws/install/robotic_hand/share/ament_index/resource_index/parent_prefix_path/robotic_hand
[2.356s] -- Up-to-date symlink: /home/pablo_kevin/ProyectoTecnologo_RoboticHandDRL/Desarrollo/simulation/ros2_robotic_hand_ws/install/robotic_hand/share/robotic_hand/environment/ament_prefix_path.sh
[2.357s] -- Up-to-date symlink: /home/pablo_kevin/ProyectoTecnologo_RoboticHandDRL/Desarrollo/simulation/ros2_robotic_hand_ws/install/robotic_hand/share/robotic_hand/environment/ament_prefix_path.dsv
[2.357s] -- Up-to-date symlink: /home/pablo_kevin/ProyectoTecnologo_RoboticHandDRL/Desarrollo/simulation/ros2_robotic_hand_ws/install/robotic_hand/share/robotic_hand/environment/path.sh
[2.357s] -- Up-to-date symlink: /home/pablo_kevin/ProyectoTecnologo_RoboticHandDRL/Desarrollo/simulation/ros2_robotic_hand_ws/install/robotic_hand/share/robotic_hand/environment/path.dsv
[2.357s] -- Up-to-date symlink: /home/pablo_kevin/ProyectoTecnologo_RoboticHandDRL/Desarrollo/simulation/ros2_robotic_hand_ws/install/robotic_hand/share/robotic_hand/local_setup.bash
[2.357s] -- Up-to-date symlink: /home/pablo_kevin/ProyectoTecnologo_RoboticHandDRL/Desarrollo/simulation/ros2_robotic_hand_ws/install/robotic_hand/share/robotic_hand/local_setup.sh
[2.357s] -- Up-to-date symlink: /home/pablo_kevin/ProyectoTecnologo_RoboticHandDRL/Desarrollo/simulation/ros2_robotic_hand_ws/install/robotic_hand/share/robotic_hand/local_setup.zsh
[2.357s] -- Up-to-date symlink: /home/pablo_kevin/ProyectoTecnologo_RoboticHandDRL/Desarrollo/simulation/ros2_robotic_hand_ws/install/robotic_hand/share/robotic_hand/local_setup.dsv
[2.357s] -- Symlinking: /home/pablo_kevin/ProyectoTecnologo_RoboticHandDRL/Desarrollo/simulation/ros2_robotic_hand_ws/install/robotic_hand/share/robotic_hand/package.dsv
[2.365s] -- Up-to-date symlink: /home/pablo_kevin/ProyectoTecnologo_RoboticHandDRL/Desarrollo/simulation/ros2_robotic_hand_ws/install/robotic_hand/share/ament_index/resource_index/packages/robotic_hand
[2.366s] -- Up-to-date symlink: /home/pablo_kevin/ProyectoTecnologo_RoboticHandDRL/Desarrollo/simulation/ros2_robotic_hand_ws/install/robotic_hand/share/robotic_hand/cmake/robotic_handConfig.cmake
[2.366s] -- Up-to-date symlink: /home/pablo_kevin/ProyectoTecnologo_RoboticHandDRL/Desarrollo/simulation/ros2_robotic_hand_ws/install/robotic_hand/share/robotic_hand/cmake/robotic_handConfig-version.cmake
[2.366s] -- Up-to-date symlink: /home/pablo_kevin/ProyectoTecnologo_RoboticHandDRL/Desarrollo/simulation/ros2_robotic_hand_ws/install/robotic_hand/share/robotic_hand/package.xml
[2.367s] Invoked command in '/home/pablo_kevin/ProyectoTecnologo_RoboticHandDRL/Desarrollo/simulation/ros2_robotic_hand_ws/build/robotic_hand' returned '0': CMAKE_PREFIX_PATH=${CMAKE_PREFIX_PATH}:/opt/ros/jazzy CONDA_PROMPT_MODIFIER=(base) DEBUGINFOD_URLS=https://debuginfod.ubuntu.com /usr/bin/cmake --install /home/pablo_kevin/ProyectoTecnologo_RoboticHandDRL/Desarrollo/simulation/ros2_robotic_hand_ws/build/robotic_hand
