[0.007s] Invoking command in '/home/pablo_kevin/github_ProyectoTecnologo/ProyectoTecnologo_RoboticHandDRL/Desarrollo/simulation/ros2_robotic_hand_ws/build/robotic_hand': CMAKE_PREFIX_PATH=${CMAKE_PREFIX_PATH}:/opt/ros/jazzy DEBUGINFOD_URLS=https://debuginfod.ubuntu.com /usr/bin/cmake /home/pablo_kevin/github_ProyectoTecnologo/ProyectoTecnologo_RoboticHandDRL/Desarrollo/simulation/ros2_robotic_hand_ws/src/robotic_hand -DCMAKE_INSTALL_PREFIX=/home/pablo_kevin/github_ProyectoTecnologo/ProyectoTecnologo_RoboticHandDRL/Desarrollo/simulation/ros2_robotic_hand_ws/install/robotic_hand
[0.226s] -- The C compiler identification is GNU 13.2.0
[0.374s] -- The CXX compiler identification is GNU 13.2.0
[0.406s] -- Detecting C compiler ABI info
[0.577s] -- Detecting C compiler ABI info - done
[0.587s] -- Check for working C compiler: /usr/bin/cc - skipped
[0.588s] -- Detecting C compile features
[0.588s] -- Detecting C compile features - done
[0.608s] -- Detecting CXX compiler ABI info
[0.796s] -- Detecting CXX compiler ABI info - done
[0.803s] -- Check for working CXX compiler: /usr/bin/c++ - skipped
[0.803s] -- Detecting CXX compile features
[0.803s] -- Detecting CXX compile features - done
[0.953s] -- Found Python3: /usr/bin/python3 (found version "3.12.3") found components: Interpreter 
[0.957s] -- Found ament_cmake: 2.5.2 (/opt/ros/jazzy/share/ament_cmake/cmake)
[1.072s] -- Found rclpy: 7.1.2 (/opt/ros/jazzy/share/rclpy/cmake)
[1.074s] -- Found std_msgs: 5.3.5 (/opt/ros/jazzy/share/std_msgs/cmake)
[1.115s] -- Found rosidl_generator_c: 4.6.4 (/opt/ros/jazzy/share/rosidl_generator_c/cmake)
[1.127s] -- Found rosidl_generator_cpp: 4.6.4 (/opt/ros/jazzy/share/rosidl_generator_cpp/cmake)
[1.144s] -- Using all available rosidl_typesupport_c: rosidl_typesupport_fastrtps_c;rosidl_typesupport_introspection_c
[1.162s] -- Using all available rosidl_typesupport_cpp: rosidl_typesupport_fastrtps_cpp;rosidl_typesupport_introspection_cpp
[1.191s] -- Found sensor_msgs: 5.3.5 (/opt/ros/jazzy/share/sensor_msgs/cmake)
[1.236s] -- Found urdf: 2.10.0 (/opt/ros/jazzy/share/urdf/cmake)
[1.256s] -- Found TinyXML2 via Config file: /usr/lib/x86_64-linux-gnu/cmake/tinyxml2
[1.265s] -- Looking for gz-sim8 -- found version 8.6.0
[1.272s] -- Searching for dependencies of gz-sim8
[1.273s] -- Looking for sdformat14 -- found version 14.5.0
[1.273s] -- Searching for dependencies of sdformat14
[1.279s] -- Checking for module 'tinyxml2'
[1.294s] --   Found tinyxml2, version 10.0.0
[1.380s] -- Looking for gz-math7 -- found version 7.5.0
[1.381s] -- Searching for dependencies of gz-math7
[1.386s] -- Looking for gz-utils2 -- found version 2.2.0
[1.386s] -- Searching for dependencies of gz-utils2
[1.389s] -- Looking for gz-utils2 -- found version 2.2.0
[1.389s] -- Searching for dependencies of gz-utils2
[1.389s] -- Searching for <gz-utils2> component [cli]
[1.391s] -- Looking for gz-utils2-cli -- found version 2.2.0
[1.392s] -- Searching for dependencies of gz-utils2-cli
[1.394s] -- Looking for gz-plugin2 -- found version 2.0.3
[1.394s] -- Searching for dependencies of gz-plugin2
[1.394s] -- Looking for gz-utils2 -- found version 2.2.0
[1.395s] -- Searching for <gz-plugin2> component [loader]
[1.396s] -- Looking for gz-plugin2-loader -- found version 2.0.3
[1.396s] -- Searching for dependencies of gz-plugin2-loader
[1.397s] -- Searching for <gz-plugin2> component [register]
[1.398s] -- Looking for gz-plugin2-register -- found version 2.0.3
[1.398s] -- Searching for dependencies of gz-plugin2-register
[1.400s] -- Looking for gz-transport13 -- found version 13.4.0
[1.400s] -- Searching for dependencies of gz-transport13
[1.540s] -- Found Protobuf: /usr/lib/x86_64-linux-gnu/libprotobuf.so (found version "3.21.12") 
[1.547s] -- Config-file not installed for ZeroMQ -- checking for pkg-config
[1.551s] -- Checking for module 'libzmq >= 4'
[1.570s] --   Found libzmq, version 4.3.5
[1.650s] -- Found ZeroMQ: TRUE (Required is at least version "4") 
[1.670s] -- Checking for module 'uuid'
[1.712s] --   Found uuid, version 2.39.3
[1.797s] -- Found UUID: TRUE  
[1.798s] -- Looking for gz-utils2 -- found version 2.2.0
[1.803s] -- Looking for gz-msgs10 -- found version 10.3.0
[1.803s] -- Searching for dependencies of gz-msgs10
[1.823s] -- Looking for gz-utils2 -- found version 2.2.0
[1.823s] -- Looking for gz-math7 -- found version 7.5.0
[1.991s] -- Searching for <gz-transport13> component [log]
[1.992s] -- Looking for gz-transport13-log -- found version 13.4.0
[1.992s] -- Searching for dependencies of gz-transport13-log
[1.993s] -- Searching for <gz-transport13> component [parameters]
[1.994s] -- Looking for gz-transport13-parameters -- found version 13.4.0
[1.994s] -- Searching for dependencies of gz-transport13-parameters
[1.995s] -- Looking for gz-msgs10 -- found version 10.3.0
[1.996s] -- Looking for gz-common5 -- found version 5.6.0
[1.996s] -- Searching for dependencies of gz-common5
[1.997s] -- Looking for gz-utils2 -- found version 2.2.0
[1.997s] -- Looking for dlfcn.h - found
[1.998s] -- Looking for libdl - found
[1.999s] -- Found DL: TRUE  
[2.005s] -- Searching for <gz-common5> component [av]
[2.006s] -- Looking for gz-common5-av -- found version 5.6.0
[2.006s] -- Searching for dependencies of gz-common5-av
[2.011s] -- Checking for module 'libswscale'
[2.031s] --   Found libswscale, version 7.5.100
[2.104s] -- Found SWSCALE: TRUE  
[2.116s] -- Checking for module 'libavdevice >= 56.4.100'
[2.151s] --   Found libavdevice, version 60.3.100
[2.289s] -- Found AVDEVICE: TRUE (Required is at least version "56.4.100") 
[2.306s] -- Checking for module 'libavformat'
[2.342s] --   Found libavformat, version 60.16.100
[2.427s] -- Found AVFORMAT: TRUE  
[2.439s] -- Checking for module 'libavcodec'
[2.478s] --   Found libavcodec, version 60.31.102
[2.591s] -- Found AVCODEC: TRUE  
[2.608s] -- Checking for module 'libavutil'
[2.634s] --   Found libavutil, version 58.29.100
[2.732s] -- Found AVUTIL: TRUE  
[2.734s] -- Searching for <gz-common5> component [events]
[2.738s] -- Looking for gz-common5-events -- found version 5.6.0
[2.738s] -- Searching for dependencies of gz-common5-events
[2.739s] -- Looking for gz-math7 -- found version 7.5.0
[2.739s] -- Searching for <gz-common5> component [graphics]
[2.742s] -- Looking for gz-common5-graphics -- found version 5.6.0
[2.742s] -- Searching for dependencies of gz-common5-graphics
[2.743s] -- Looking for gz-math7 -- found version 7.5.0
[2.752s] -- Found GzAssimp: TRUE (found version "5.3.0") 
[2.754s] -- Searching for <gz-common5> component [io]
[2.757s] -- Looking for gz-common5-io -- found version 5.6.0
[2.757s] -- Searching for dependencies of gz-common5-io
[2.758s] -- Searching for <gz-common5> component [profiler]
[2.760s] -- Looking for gz-common5-profiler -- found version 5.6.0
[2.760s] -- Searching for dependencies of gz-common5-profiler
[2.762s] -- Looking for gz-fuel_tools9 -- found version 9.1.0
[2.762s] -- Searching for dependencies of gz-fuel_tools9
[2.902s] -- Found CURL: /usr/lib/x86_64-linux-gnu/libcurl.so (found version "8.5.0")  
[2.918s] -- Checking for module 'jsoncpp'
[2.946s] --   Found jsoncpp, version 1.9.5
[3.031s] -- Found JSONCPP: TRUE  
[3.062s] -- Checking for module 'yaml-0.1'
[3.107s] --   Found yaml-0.1, version 0.2.5
[3.207s] -- Found YAML: TRUE  
[3.225s] -- Checking for module 'libzip'
[3.273s] --   Found libzip, version 1.7.3
[3.375s] -- Found ZIP: TRUE  
[3.377s] -- Looking for gz-utils2 -- found version 2.2.0
[3.378s] -- Looking for gz-common5 -- found version 5.6.0
[3.379s] -- Searching for dependencies of gz-common5
[3.380s] -- Looking for gz-utils2 -- found version 2.2.0
[3.381s] -- Looking for dlfcn.h - found
[3.381s] -- Looking for libdl - found
[3.398s] -- Searching for <gz-common5> component [testing]
[3.400s] -- Looking for gz-common5-testing -- found version 5.6.0
[3.400s] -- Searching for dependencies of gz-common5-testing
[3.401s] -- Looking for gz-math7 -- found version 7.5.0
[3.401s] -- Looking for gz-msgs10 -- found version 10.3.0
[3.403s] -- Looking for gz-gui8 -- found version 8.3.0
[3.403s] -- Searching for dependencies of gz-gui8
[3.424s] -- Looking for gz-utils2 -- found version 2.2.0
[3.424s] -- Looking for gz-math7 -- found version 7.5.0
[3.424s] -- Looking for gz-common5 -- found version 5.6.0
[3.425s] -- Looking for gz-plugin2 -- found version 2.0.3
[3.425s] -- Looking for gz-transport13 -- found version 13.4.0
[3.426s] -- Looking for gz-rendering8 -- found version 8.2.0
[3.426s] -- Searching for dependencies of gz-rendering8
[3.427s] -- Looking for gz-math7 -- found version 7.5.0
[3.427s] -- Searching for dependencies of gz-math7
[3.427s] -- Looking for gz-utils2 -- found version 2.2.0
[3.427s] -- Searching for <gz-math7> component [eigen3]
[3.429s] -- Looking for gz-math7-eigen3 -- found version 7.5.0
[3.429s] -- Searching for dependencies of gz-math7-eigen3
[3.435s] -- Looking for gz-common5 -- found version 5.6.0
[3.435s] -- Searching for dependencies of gz-common5
[3.435s] -- Looking for gz-utils2 -- found version 2.2.0
[3.436s] -- Looking for dlfcn.h - found
[3.436s] -- Looking for libdl - found
[3.444s] -- Searching for <gz-common5> component [graphics]
[3.444s] -- Searching for <gz-common5> component [events]
[3.444s] -- Searching for <gz-common5> component [geospatial]
[3.445s] -- Looking for gz-common5-geospatial -- found version 5.6.0
[3.445s] -- Searching for dependencies of gz-common5-geospatial
[3.446s] -- Looking for gz-math7 -- found version 7.5.0
[3.446s] -- Looking for gz-common5 -- found version 5.6.0
[3.448s] -- Looking for gz-plugin2 -- found version 2.0.3
[3.448s] -- Searching for dependencies of gz-plugin2
[3.449s] -- Looking for gz-utils2 -- found version 2.2.0
[3.449s] -- Searching for <gz-plugin2> component [all]
[3.451s] -- Looking for all libraries of gz-plugin2 -- found version 2.0.3
[3.452s] -- Looking for gz-plugin2 -- found version 2.0.3
[3.454s] -- Looking for gz-utils2 -- found version 2.2.0
[3.469s] -- Found OpenGL: /usr/lib/x86_64-linux-gnu/libOpenGL.so  found components: OpenGL 
[3.471s] -- Looking for gz-msgs10 -- found version 10.3.0
[3.493s] -- Looking for gz-physics7 -- found version 7.3.0
[3.494s] -- Searching for dependencies of gz-physics7
[3.494s] -- Looking for gz-common5 -- found version 5.6.0
[3.494s] -- Looking for gz-math7 -- found version 7.5.0
[3.494s] -- Looking for gz-plugin2 -- found version 2.0.3
[3.494s] -- Looking for gz-utils2 -- found version 2.2.0
[3.496s] -- Searching for <gz-physics7> component [heightmap]
[3.497s] -- Looking for gz-physics7-heightmap -- found version 7.3.0
[3.497s] -- Searching for dependencies of gz-physics7-heightmap
[3.497s] -- Looking for gz-common5 -- found version 5.6.0
[3.498s] -- Searching for <gz-physics7> component [mesh]
[3.499s] -- Looking for gz-physics7-mesh -- found version 7.3.0
[3.499s] -- Searching for dependencies of gz-physics7-mesh
[3.499s] -- Looking for gz-common5 -- found version 5.6.0
[3.500s] -- Searching for <gz-physics7> component [sdf]
[3.501s] -- Looking for gz-physics7-sdf -- found version 7.3.0
[3.501s] -- Searching for dependencies of gz-physics7-sdf
[3.502s] -- Looking for sdformat14 -- found version 14.5.0
[3.503s] -- Looking for gz-sensors8 -- found version 8.2.0
[3.504s] -- Searching for dependencies of gz-sensors8
[3.519s] -- Looking for gz-math7 -- found version 7.5.0
[3.520s] -- Looking for gz-common5 -- found version 5.6.0
[3.520s] -- Looking for gz-transport13 -- found version 13.4.0
[3.520s] -- Looking for gz-rendering8 -- found version 8.2.0
[3.520s] -- Looking for gz-msgs10 -- found version 10.3.0
[3.521s] -- Looking for sdformat14 -- found version 14.5.0
[3.522s] -- Searching for <gz-sensors8> component [air_pressure]
[3.523s] -- Looking for gz-sensors8-air_pressure -- found version 8.2.0
[3.523s] -- Searching for dependencies of gz-sensors8-air_pressure
[3.523s] -- Searching for <gz-sensors8> component [air_speed]
[3.524s] -- Looking for gz-sensors8-air_speed -- found version 8.2.0
[3.524s] -- Searching for dependencies of gz-sensors8-air_speed
[3.525s] -- Searching for <gz-sensors8> component [altimeter]
[3.526s] -- Looking for gz-sensors8-altimeter -- found version 8.2.0
[3.526s] -- Searching for dependencies of gz-sensors8-altimeter
[3.527s] -- Searching for <gz-sensors8> component [imu]
[3.527s] -- Looking for gz-sensors8-imu -- found version 8.2.0
[3.527s] -- Searching for dependencies of gz-sensors8-imu
[3.528s] -- Searching for <gz-sensors8> component [force_torque]
[3.529s] -- Looking for gz-sensors8-force_torque -- found version 8.2.0
[3.529s] -- Searching for dependencies of gz-sensors8-force_torque
[3.530s] -- Searching for <gz-sensors8> component [logical_camera]
[3.530s] -- Looking for gz-sensors8-logical_camera -- found version 8.2.0
[3.530s] -- Searching for dependencies of gz-sensors8-logical_camera
[3.531s] -- Searching for <gz-sensors8> component [magnetometer]
[3.532s] -- Looking for gz-sensors8-magnetometer -- found version 8.2.0
[3.532s] -- Searching for dependencies of gz-sensors8-magnetometer
[3.532s] -- Searching for <gz-sensors8> component [navsat]
[3.533s] -- Looking for gz-sensors8-navsat -- found version 8.2.0
[3.533s] -- Searching for dependencies of gz-sensors8-navsat
[3.534s] -- Searching for <gz-sensors8> component [dvl]
[3.535s] -- Looking for gz-sensors8-dvl -- found version 8.2.0
[3.535s] -- Searching for dependencies of gz-sensors8-dvl
[3.535s] -- Looking for gz-sensors8 -- found version 8.2.0
[3.535s] -- Searching for dependencies of gz-sensors8
[3.548s] -- Looking for gz-math7 -- found version 7.5.0
[3.549s] -- Looking for gz-common5 -- found version 5.6.0
[3.549s] -- Looking for gz-transport13 -- found version 13.4.0
[3.549s] -- Looking for gz-rendering8 -- found version 8.2.0
[3.549s] -- Looking for gz-msgs10 -- found version 10.3.0
[3.550s] -- Looking for sdformat14 -- found version 14.5.0
[3.550s] -- Searching for <gz-sensors8> component [rendering]
[3.551s] -- Looking for gz-sensors8-rendering -- found version 8.2.0
[3.551s] -- Searching for dependencies of gz-sensors8-rendering
[3.552s] -- Searching for <gz-sensors8> component [rendering]
[3.552s] -- Searching for <gz-sensors8> component [lidar]
[3.553s] -- Looking for gz-sensors8-lidar -- found version 8.2.0
[3.553s] -- Searching for dependencies of gz-sensors8-lidar
[3.553s] -- Looking for gz-sensors8 -- found version 8.2.0
[3.554s] -- Searching for <gz-sensors8> component [gpu_lidar]
[3.555s] -- Looking for gz-sensors8-gpu_lidar -- found version 8.2.0
[3.555s] -- Searching for dependencies of gz-sensors8-gpu_lidar
[3.555s] -- Looking for gz-sensors8 -- found version 8.2.0
[3.556s] -- Searching for <gz-sensors8> component [camera]
[3.556s] -- Looking for gz-sensors8-camera -- found version 8.2.0
[3.556s] -- Searching for dependencies of gz-sensors8-camera
[3.557s] -- Looking for gz-sensors8 -- found version 8.2.0
[3.557s] -- Searching for <gz-sensors8> component [boundingbox_camera]
[3.558s] -- Looking for gz-sensors8-boundingbox_camera -- found version 8.2.0
[3.558s] -- Searching for dependencies of gz-sensors8-boundingbox_camera
[3.559s] -- Searching for <gz-sensors8> component [segmentation_camera]
[3.560s] -- Looking for gz-sensors8-segmentation_camera -- found version 8.2.0
[3.560s] -- Searching for dependencies of gz-sensors8-segmentation_camera
[3.560s] -- Searching for <gz-sensors8> component [depth_camera]
[3.561s] -- Looking for gz-sensors8-depth_camera -- found version 8.2.0
[3.561s] -- Searching for dependencies of gz-sensors8-depth_camera
[3.561s] -- Looking for gz-sensors8 -- found version 8.2.0
[3.562s] -- Searching for <gz-sensors8> component [rgbd_camera]
[3.563s] -- Looking for gz-sensors8-rgbd_camera -- found version 8.2.0
[3.563s] -- Searching for dependencies of gz-sensors8-rgbd_camera
[3.563s] -- Looking for gz-sensors8 -- found version 8.2.0
[3.563s] -- Searching for <gz-sensors8> component [thermal_camera]
[3.564s] -- Looking for gz-sensors8-thermal_camera -- found version 8.2.0
[3.564s] -- Searching for dependencies of gz-sensors8-thermal_camera
[3.565s] -- Looking for gz-sensors8 -- found version 8.2.0
[3.565s] -- Searching for <gz-sensors8> component [wide_angle_camera]
[3.566s] -- Looking for gz-sensors8-wide_angle_camera -- found version 8.2.0
[3.566s] -- Searching for dependencies of gz-sensors8-wide_angle_camera
[3.567s] -- Looking for gz-rendering8 -- found version 8.2.0
[3.567s] -- Looking for gz-math7 -- found version 7.5.0
[3.568s] -- Looking for gz-utils2 -- found version 2.2.0
[3.585s] -- Found trajectory_msgs: 5.3.5 (/opt/ros/jazzy/share/trajectory_msgs/cmake)
[3.673s] -- Configuring done (3.7s)
[3.677s] -- Generating done (0.0s)
[3.678s] -- Build files have been written to: /home/pablo_kevin/github_ProyectoTecnologo/ProyectoTecnologo_RoboticHandDRL/Desarrollo/simulation/ros2_robotic_hand_ws/build/robotic_hand
[3.690s] Invoked command in '/home/pablo_kevin/github_ProyectoTecnologo/ProyectoTecnologo_RoboticHandDRL/Desarrollo/simulation/ros2_robotic_hand_ws/build/robotic_hand' returned '0': CMAKE_PREFIX_PATH=${CMAKE_PREFIX_PATH}:/opt/ros/jazzy DEBUGINFOD_URLS=https://debuginfod.ubuntu.com /usr/bin/cmake /home/pablo_kevin/github_ProyectoTecnologo/ProyectoTecnologo_RoboticHandDRL/Desarrollo/simulation/ros2_robotic_hand_ws/src/robotic_hand -DCMAKE_INSTALL_PREFIX=/home/pablo_kevin/github_ProyectoTecnologo/ProyectoTecnologo_RoboticHandDRL/Desarrollo/simulation/ros2_robotic_hand_ws/install/robotic_hand
[3.691s] Invoking command in '/home/pablo_kevin/github_ProyectoTecnologo/ProyectoTecnologo_RoboticHandDRL/Desarrollo/simulation/ros2_robotic_hand_ws/build/robotic_hand': CMAKE_PREFIX_PATH=${CMAKE_PREFIX_PATH}:/opt/ros/jazzy DEBUGINFOD_URLS=https://debuginfod.ubuntu.com /usr/bin/cmake --build /home/pablo_kevin/github_ProyectoTecnologo/ProyectoTecnologo_RoboticHandDRL/Desarrollo/simulation/ros2_robotic_hand_ws/build/robotic_hand -- -j20 -l20
[3.764s] Invoked command in '/home/pablo_kevin/github_ProyectoTecnologo/ProyectoTecnologo_RoboticHandDRL/Desarrollo/simulation/ros2_robotic_hand_ws/build/robotic_hand' returned '0': CMAKE_PREFIX_PATH=${CMAKE_PREFIX_PATH}:/opt/ros/jazzy DEBUGINFOD_URLS=https://debuginfod.ubuntu.com /usr/bin/cmake --build /home/pablo_kevin/github_ProyectoTecnologo/ProyectoTecnologo_RoboticHandDRL/Desarrollo/simulation/ros2_robotic_hand_ws/build/robotic_hand -- -j20 -l20
[3.856s] Invoking command in '/home/pablo_kevin/github_ProyectoTecnologo/ProyectoTecnologo_RoboticHandDRL/Desarrollo/simulation/ros2_robotic_hand_ws/build/robotic_hand': CMAKE_PREFIX_PATH=${CMAKE_PREFIX_PATH}:/opt/ros/jazzy DEBUGINFOD_URLS=https://debuginfod.ubuntu.com /usr/bin/cmake --install /home/pablo_kevin/github_ProyectoTecnologo/ProyectoTecnologo_RoboticHandDRL/Desarrollo/simulation/ros2_robotic_hand_ws/build/robotic_hand
[3.878s] -- Install configuration: ""
[3.879s] -- Installing: /home/pablo_kevin/github_ProyectoTecnologo/ProyectoTecnologo_RoboticHandDRL/Desarrollo/simulation/ros2_robotic_hand_ws/install/robotic_hand/share/robotic_hand//urdf
[3.879s] -- Installing: /home/pablo_kevin/github_ProyectoTecnologo/ProyectoTecnologo_RoboticHandDRL/Desarrollo/simulation/ros2_robotic_hand_ws/install/robotic_hand/share/robotic_hand//urdf/robotic_hand.sdf
[3.879s] -- Installing: /home/pablo_kevin/github_ProyectoTecnologo/ProyectoTecnologo_RoboticHandDRL/Desarrollo/simulation/ros2_robotic_hand_ws/install/robotic_hand/share/robotic_hand//meshes
[3.879s] -- Installing: /home/pablo_kevin/github_ProyectoTecnologo/ProyectoTecnologo_RoboticHandDRL/Desarrollo/simulation/ros2_robotic_hand_ws/install/robotic_hand/share/robotic_hand//meshes/medio_link1.STL
[3.880s] -- Installing: /home/pablo_kevin/github_ProyectoTecnologo/ProyectoTecnologo_RoboticHandDRL/Desarrollo/simulation/ros2_robotic_hand_ws/install/robotic_hand/share/robotic_hand//meshes/conectores_links.STL
[3.880s] -- Installing: /home/pablo_kevin/github_ProyectoTecnologo/ProyectoTecnologo_RoboticHandDRL/Desarrollo/simulation/ros2_robotic_hand_ws/install/robotic_hand/share/robotic_hand//meshes/anular_link1.STL
[3.880s] -- Installing: /home/pablo_kevin/github_ProyectoTecnologo/ProyectoTecnologo_RoboticHandDRL/Desarrollo/simulation/ros2_robotic_hand_ws/install/robotic_hand/share/robotic_hand//meshes/indice_link1.STL
[3.880s] -- Installing: /home/pablo_kevin/github_ProyectoTecnologo/ProyectoTecnologo_RoboticHandDRL/Desarrollo/simulation/ros2_robotic_hand_ws/install/robotic_hand/share/robotic_hand//meshes/anular_link2.STL
[3.880s] -- Installing: /home/pablo_kevin/github_ProyectoTecnologo/ProyectoTecnologo_RoboticHandDRL/Desarrollo/simulation/ros2_robotic_hand_ws/install/robotic_hand/share/robotic_hand//meshes/menique_link2.STL
[3.880s] -- Installing: /home/pablo_kevin/github_ProyectoTecnologo/ProyectoTecnologo_RoboticHandDRL/Desarrollo/simulation/ros2_robotic_hand_ws/install/robotic_hand/share/robotic_hand//meshes/indice_link2.STL
[3.881s] -- Installing: /home/pablo_kevin/github_ProyectoTecnologo/ProyectoTecnologo_RoboticHandDRL/Desarrollo/simulation/ros2_robotic_hand_ws/install/robotic_hand/share/robotic_hand//meshes/pulgar_link0.STL
[3.881s] -- Installing: /home/pablo_kevin/github_ProyectoTecnologo/ProyectoTecnologo_RoboticHandDRL/Desarrollo/simulation/ros2_robotic_hand_ws/install/robotic_hand/share/robotic_hand//meshes/medio_link0.STL
[3.881s] -- Installing: /home/pablo_kevin/github_ProyectoTecnologo/ProyectoTecnologo_RoboticHandDRL/Desarrollo/simulation/ros2_robotic_hand_ws/install/robotic_hand/share/robotic_hand//meshes/menique_link0.STL
[3.881s] -- Installing: /home/pablo_kevin/github_ProyectoTecnologo/ProyectoTecnologo_RoboticHandDRL/Desarrollo/simulation/ros2_robotic_hand_ws/install/robotic_hand/share/robotic_hand//meshes/palma_dorso_link.STL
[3.882s] -- Installing: /home/pablo_kevin/github_ProyectoTecnologo/ProyectoTecnologo_RoboticHandDRL/Desarrollo/simulation/ros2_robotic_hand_ws/install/robotic_hand/share/robotic_hand//meshes/anular_link0.STL
[3.882s] -- Installing: /home/pablo_kevin/github_ProyectoTecnologo/ProyectoTecnologo_RoboticHandDRL/Desarrollo/simulation/ros2_robotic_hand_ws/install/robotic_hand/share/robotic_hand//meshes/menique_link1.STL
[3.882s] -- Installing: /home/pablo_kevin/github_ProyectoTecnologo/ProyectoTecnologo_RoboticHandDRL/Desarrollo/simulation/ros2_robotic_hand_ws/install/robotic_hand/share/robotic_hand//meshes/medio_link2.STL
[3.883s] -- Installing: /home/pablo_kevin/github_ProyectoTecnologo/ProyectoTecnologo_RoboticHandDRL/Desarrollo/simulation/ros2_robotic_hand_ws/install/robotic_hand/share/robotic_hand//meshes/pulgar_link1.STL
[3.883s] -- Installing: /home/pablo_kevin/github_ProyectoTecnologo/ProyectoTecnologo_RoboticHandDRL/Desarrollo/simulation/ros2_robotic_hand_ws/install/robotic_hand/share/robotic_hand//meshes/indice_link0.STL
[3.883s] -- Installing: /home/pablo_kevin/github_ProyectoTecnologo/ProyectoTecnologo_RoboticHandDRL/Desarrollo/simulation/ros2_robotic_hand_ws/install/robotic_hand/share/robotic_hand//launch
[3.883s] -- Installing: /home/pablo_kevin/github_ProyectoTecnologo/ProyectoTecnologo_RoboticHandDRL/Desarrollo/simulation/ros2_robotic_hand_ws/install/robotic_hand/share/robotic_hand//launch/robotic_hand_gazebo.launch.py
[3.884s] -- Installing: /home/pablo_kevin/github_ProyectoTecnologo/ProyectoTecnologo_RoboticHandDRL/Desarrollo/simulation/ros2_robotic_hand_ws/install/robotic_hand/lib/robotic_hand/finger_control.py
[3.884s] -- Installing: /home/pablo_kevin/github_ProyectoTecnologo/ProyectoTecnologo_RoboticHandDRL/Desarrollo/simulation/ros2_robotic_hand_ws/install/robotic_hand/share/robotic_hand//config
[3.884s] -- Installing: /home/pablo_kevin/github_ProyectoTecnologo/ProyectoTecnologo_RoboticHandDRL/Desarrollo/simulation/ros2_robotic_hand_ws/install/robotic_hand/share/robotic_hand//config/hand_controllers.yaml
[3.884s] -- Installing: /home/pablo_kevin/github_ProyectoTecnologo/ProyectoTecnologo_RoboticHandDRL/Desarrollo/simulation/ros2_robotic_hand_ws/install/robotic_hand/share/ament_index/resource_index/package_run_dependencies/robotic_hand
[3.884s] -- Installing: /home/pablo_kevin/github_ProyectoTecnologo/ProyectoTecnologo_RoboticHandDRL/Desarrollo/simulation/ros2_robotic_hand_ws/install/robotic_hand/share/ament_index/resource_index/parent_prefix_path/robotic_hand
[3.884s] -- Installing: /home/pablo_kevin/github_ProyectoTecnologo/ProyectoTecnologo_RoboticHandDRL/Desarrollo/simulation/ros2_robotic_hand_ws/install/robotic_hand/share/robotic_hand/environment/ament_prefix_path.sh
[3.885s] -- Installing: /home/pablo_kevin/github_ProyectoTecnologo/ProyectoTecnologo_RoboticHandDRL/Desarrollo/simulation/ros2_robotic_hand_ws/install/robotic_hand/share/robotic_hand/environment/ament_prefix_path.dsv
[3.885s] -- Installing: /home/pablo_kevin/github_ProyectoTecnologo/ProyectoTecnologo_RoboticHandDRL/Desarrollo/simulation/ros2_robotic_hand_ws/install/robotic_hand/share/robotic_hand/environment/path.sh
[3.885s] -- Installing: /home/pablo_kevin/github_ProyectoTecnologo/ProyectoTecnologo_RoboticHandDRL/Desarrollo/simulation/ros2_robotic_hand_ws/install/robotic_hand/share/robotic_hand/environment/path.dsv
[3.885s] -- Installing: /home/pablo_kevin/github_ProyectoTecnologo/ProyectoTecnologo_RoboticHandDRL/Desarrollo/simulation/ros2_robotic_hand_ws/install/robotic_hand/share/robotic_hand/local_setup.bash
[3.885s] -- Installing: /home/pablo_kevin/github_ProyectoTecnologo/ProyectoTecnologo_RoboticHandDRL/Desarrollo/simulation/ros2_robotic_hand_ws/install/robotic_hand/share/robotic_hand/local_setup.sh
[3.885s] -- Installing: /home/pablo_kevin/github_ProyectoTecnologo/ProyectoTecnologo_RoboticHandDRL/Desarrollo/simulation/ros2_robotic_hand_ws/install/robotic_hand/share/robotic_hand/local_setup.zsh
[3.885s] -- Installing: /home/pablo_kevin/github_ProyectoTecnologo/ProyectoTecnologo_RoboticHandDRL/Desarrollo/simulation/ros2_robotic_hand_ws/install/robotic_hand/share/robotic_hand/local_setup.dsv
[3.885s] -- Installing: /home/pablo_kevin/github_ProyectoTecnologo/ProyectoTecnologo_RoboticHandDRL/Desarrollo/simulation/ros2_robotic_hand_ws/install/robotic_hand/share/robotic_hand/package.dsv
[3.885s] -- Installing: /home/pablo_kevin/github_ProyectoTecnologo/ProyectoTecnologo_RoboticHandDRL/Desarrollo/simulation/ros2_robotic_hand_ws/install/robotic_hand/share/ament_index/resource_index/packages/robotic_hand
[3.885s] -- Installing: /home/pablo_kevin/github_ProyectoTecnologo/ProyectoTecnologo_RoboticHandDRL/Desarrollo/simulation/ros2_robotic_hand_ws/install/robotic_hand/share/robotic_hand/cmake/robotic_handConfig.cmake
[3.885s] -- Installing: /home/pablo_kevin/github_ProyectoTecnologo/ProyectoTecnologo_RoboticHandDRL/Desarrollo/simulation/ros2_robotic_hand_ws/install/robotic_hand/share/robotic_hand/cmake/robotic_handConfig-version.cmake
[3.885s] -- Installing: /home/pablo_kevin/github_ProyectoTecnologo/ProyectoTecnologo_RoboticHandDRL/Desarrollo/simulation/ros2_robotic_hand_ws/install/robotic_hand/share/robotic_hand/package.xml
[3.887s] Invoked command in '/home/pablo_kevin/github_ProyectoTecnologo/ProyectoTecnologo_RoboticHandDRL/Desarrollo/simulation/ros2_robotic_hand_ws/build/robotic_hand' returned '0': CMAKE_PREFIX_PATH=${CMAKE_PREFIX_PATH}:/opt/ros/jazzy DEBUGINFOD_URLS=https://debuginfod.ubuntu.com /usr/bin/cmake --install /home/pablo_kevin/github_ProyectoTecnologo/ProyectoTecnologo_RoboticHandDRL/Desarrollo/simulation/ros2_robotic_hand_ws/build/robotic_hand
