[0.008s] Invoking command in '/home/pablo_kevin/ProyectoTecnologo_RoboticHandDRL/Desarrollo/simulation/ros2_robotic_hand_ws/build/robotic_hand': CMAKE_PREFIX_PATH=${CMAKE_PREFIX_PATH}:/opt/ros/jazzy CONDA_PROMPT_MODIFIER=(base) DEBUGINFOD_URLS=https://debuginfod.ubuntu.com /usr/bin/cmake /home/pablo_kevin/ProyectoTecnologo_RoboticHandDRL/Desarrollo/simulation/ros2_robotic_hand_ws/src/robotic_hand -DAMENT_CMAKE_SYMLINK_INSTALL=1 -DCMAKE_INSTALL_PREFIX=/home/pablo_kevin/ProyectoTecnologo_RoboticHandDRL/Desarrollo/simulation/ros2_robotic_hand_ws/install/robotic_hand
[0.150s] -- Found ament_cmake: 2.5.3 (/opt/ros/jazzy/share/ament_cmake/cmake)
[0.205s] -- Override CMake install command with custom implementation using symlinks instead of copying resources
[0.210s] -- Found rclpy: 7.1.3 (/opt/ros/jazzy/share/rclpy/cmake)
[0.210s] -- Found std_msgs: 5.3.5 (/opt/ros/jazzy/share/std_msgs/cmake)
[0.229s] -- Found rosidl_generator_c: 4.6.5 (/opt/ros/jazzy/share/rosidl_generator_c/cmake)
[0.236s] -- Found rosidl_generator_cpp: 4.6.5 (/opt/ros/jazzy/share/rosidl_generator_cpp/cmake)
[0.244s] -- Using all available rosidl_typesupport_c: rosidl_typesupport_fastrtps_c;rosidl_typesupport_introspection_c
[0.253s] -- Using all available rosidl_typesupport_cpp: rosidl_typesupport_fastrtps_cpp;rosidl_typesupport_introspection_cpp
[0.272s] -- Found sensor_msgs: 5.3.5 (/opt/ros/jazzy/share/sensor_msgs/cmake)
[0.308s] -- Found urdf: 2.10.0 (/opt/ros/jazzy/share/urdf/cmake)
[0.313s] -- Found TinyXML2 via Config file: /usr/lib/x86_64-linux-gnu/cmake/tinyxml2
[0.316s] -- Looking for gz-sim8 -- found version 8.7.0
[0.320s] -- Searching for dependencies of gz-sim8
[0.320s] -- Looking for sdformat14 -- found version 14.6.0
[0.320s] -- Searching for dependencies of sdformat14
[0.325s] -- Checking for module 'tinyxml2'
[0.339s] --   Found tinyxml2, version 10.0.0
[0.406s] -- Looking for gz-math7 -- found version 7.5.1
[0.407s] -- Searching for dependencies of gz-math7
[0.408s] -- Looking for gz-utils2 -- found version 2.2.0
[0.409s] -- Searching for dependencies of gz-utils2
[0.414s] -- Looking for gz-utils2 -- found version 2.2.0
[0.414s] -- Searching for dependencies of gz-utils2
[0.414s] -- Searching for <gz-utils2> component [cli]
[0.416s] -- Looking for gz-utils2-cli -- found version 2.2.0
[0.416s] -- Searching for dependencies of gz-utils2-cli
[0.419s] -- Looking for gz-plugin2 -- found version 2.0.3
[0.419s] -- Searching for dependencies of gz-plugin2
[0.420s] -- Looking for gz-utils2 -- found version 2.2.0
[0.421s] -- Searching for <gz-plugin2> component [loader]
[0.421s] -- Looking for gz-plugin2-loader -- found version 2.0.3
[0.422s] -- Searching for dependencies of gz-plugin2-loader
[0.422s] -- Searching for <gz-plugin2> component [register]
[0.423s] -- Looking for gz-plugin2-register -- found version 2.0.3
[0.423s] -- Searching for dependencies of gz-plugin2-register
[0.424s] -- Looking for gz-transport13 -- found version 13.4.0
[0.424s] -- Searching for dependencies of gz-transport13
[0.448s] -- Config-file not installed for ZeroMQ -- checking for pkg-config
[0.453s] -- Checking for module 'libzmq >= 4'
[0.468s] --   Found libzmq, version 4.3.5
[0.528s] -- Checking for module 'uuid'
[0.541s] --   Found uuid, version 2.39.3
[0.597s] -- Looking for gz-utils2 -- found version 2.2.0
[0.598s] -- Looking for gz-msgs10 -- found version 10.3.1
[0.598s] -- Searching for dependencies of gz-msgs10
[0.625s] -- Looking for gz-utils2 -- found version 2.2.0
[0.626s] -- Looking for gz-math7 -- found version 7.5.1
[0.808s] -- Searching for <gz-transport13> component [log]
[0.808s] -- Looking for gz-transport13-log -- found version 13.4.0
[0.809s] -- Searching for dependencies of gz-transport13-log
[0.809s] -- Searching for <gz-transport13> component [parameters]
[0.809s] -- Looking for gz-transport13-parameters -- found version 13.4.0
[0.809s] -- Searching for dependencies of gz-transport13-parameters
[0.810s] -- Looking for gz-msgs10 -- found version 10.3.1
[0.810s] -- Looking for gz-common5 -- found version 5.7.0
[0.810s] -- Searching for dependencies of gz-common5
[0.811s] -- Looking for gz-utils2 -- found version 2.2.0
[0.811s] -- Looking for dlfcn.h - found
[0.811s] -- Looking for libdl - found
[0.819s] -- Searching for <gz-common5> component [av]
[0.819s] -- Looking for gz-common5-av -- found version 5.7.0
[0.819s] -- Searching for dependencies of gz-common5-av
[0.825s] -- Checking for module 'libswscale'
[0.855s] --   Found libswscale, version 7.5.100
[0.970s] -- Checking for module 'libavdevice >= 56.4.100'
[1.015s] --   Found libavdevice, version 60.3.100
[1.169s] -- Checking for module 'libavformat'
[1.213s] --   Found libavformat, version 60.16.100
[1.339s] -- Checking for module 'libavcodec'
[1.381s] --   Found libavcodec, version 60.31.102
[1.509s] -- Checking for module 'libavutil'
[1.555s] --   Found libavutil, version 58.29.100
[1.658s] -- Searching for <gz-common5> component [events]
[1.659s] -- Looking for gz-common5-events -- found version 5.7.0
[1.660s] -- Searching for dependencies of gz-common5-events
[1.661s] -- Looking for gz-math7 -- found version 7.5.1
[1.662s] -- Searching for <gz-common5> component [graphics]
[1.663s] -- Looking for gz-common5-graphics -- found version 5.7.0
[1.664s] -- Searching for dependencies of gz-common5-graphics
[1.664s] -- Looking for gz-math7 -- found version 7.5.1
[1.670s] -- Searching for <gz-common5> component [io]
[1.671s] -- Looking for gz-common5-io -- found version 5.7.0
[1.671s] -- Searching for dependencies of gz-common5-io
[1.672s] -- Searching for <gz-common5> component [profiler]
[1.673s] -- Looking for gz-common5-profiler -- found version 5.7.0
[1.674s] -- Searching for dependencies of gz-common5-profiler
[1.675s] -- Looking for gz-fuel_tools9 -- found version 9.1.0
[1.676s] -- Searching for dependencies of gz-fuel_tools9
[1.735s] -- Checking for module 'jsoncpp'
[1.776s] --   Found jsoncpp, version 1.9.5
[1.900s] -- Checking for module 'yaml-0.1'
[1.926s] --   Found yaml-0.1, version 0.2.5
[2.032s] -- Checking for module 'libzip'
[2.076s] --   Found libzip, version 1.7.3
[2.179s] -- Looking for gz-utils2 -- found version 2.2.0
[2.180s] -- Looking for gz-common5 -- found version 5.7.0
[2.181s] -- Searching for dependencies of gz-common5
[2.182s] -- Looking for gz-utils2 -- found version 2.2.0
[2.182s] -- Looking for dlfcn.h - found
[2.183s] -- Looking for libdl - found
[2.207s] -- Searching for <gz-common5> component [testing]
[2.208s] -- Looking for gz-common5-testing -- found version 5.7.0
[2.209s] -- Searching for dependencies of gz-common5-testing
[2.212s] -- Looking for gz-math7 -- found version 7.5.1
[2.213s] -- Looking for gz-msgs10 -- found version 10.3.1
[2.217s] -- Looking for gz-gui8 -- found version 8.3.0
[2.217s] -- Searching for dependencies of gz-gui8
[2.245s] -- Looking for gz-utils2 -- found version 2.2.0
[2.245s] -- Looking for gz-math7 -- found version 7.5.1
[2.246s] -- Looking for gz-common5 -- found version 5.7.0
[2.246s] -- Looking for gz-plugin2 -- found version 2.0.3
[2.246s] -- Looking for gz-transport13 -- found version 13.4.0
[2.247s] -- Looking for gz-rendering8 -- found version 8.2.1
[2.247s] -- Searching for dependencies of gz-rendering8
[2.247s] -- Looking for gz-math7 -- found version 7.5.1
[2.247s] -- Searching for dependencies of gz-math7
[2.247s] -- Looking for gz-utils2 -- found version 2.2.0
[2.247s] -- Searching for <gz-math7> component [eigen3]
[2.248s] -- Looking for gz-math7-eigen3 -- found version 7.5.1
[2.248s] -- Searching for dependencies of gz-math7-eigen3
[2.249s] -- Looking for gz-common5 -- found version 5.7.0
[2.249s] -- Searching for dependencies of gz-common5
[2.249s] -- Looking for gz-utils2 -- found version 2.2.0
[2.249s] -- Looking for dlfcn.h - found
[2.250s] -- Looking for libdl - found
[2.256s] -- Searching for <gz-common5> component [graphics]
[2.256s] -- Searching for <gz-common5> component [events]
[2.256s] -- Searching for <gz-common5> component [geospatial]
[2.256s] -- Looking for gz-common5-geospatial -- found version 5.7.0
[2.256s] -- Searching for dependencies of gz-common5-geospatial
[2.256s] -- Looking for gz-math7 -- found version 7.5.1
[2.257s] -- Looking for gz-common5 -- found version 5.7.0
[2.258s] -- Looking for gz-plugin2 -- found version 2.0.3
[2.258s] -- Searching for dependencies of gz-plugin2
[2.258s] -- Looking for gz-utils2 -- found version 2.2.0
[2.258s] -- Searching for <gz-plugin2> component [all]
[2.258s] -- Looking for all libraries of gz-plugin2 -- found version 2.0.3
[2.259s] -- Looking for gz-plugin2 -- found version 2.0.3
[2.259s] -- Looking for gz-utils2 -- found version 2.2.0
[2.262s] -- Looking for gz-msgs10 -- found version 10.3.1
[2.275s] -- Looking for gz-physics7 -- found version 7.4.0
[2.275s] -- Searching for dependencies of gz-physics7
[2.275s] -- Looking for gz-common5 -- found version 5.7.0
[2.276s] -- Looking for gz-math7 -- found version 7.5.1
[2.276s] -- Looking for gz-plugin2 -- found version 2.0.3
[2.276s] -- Looking for gz-utils2 -- found version 2.2.0
[2.277s] -- Searching for <gz-physics7> component [heightmap]
[2.277s] -- Looking for gz-physics7-heightmap -- found version 7.4.0
[2.278s] -- Searching for dependencies of gz-physics7-heightmap
[2.278s] -- Looking for gz-common5 -- found version 5.7.0
[2.278s] -- Searching for <gz-physics7> component [mesh]
[2.278s] -- Looking for gz-physics7-mesh -- found version 7.4.0
[2.279s] -- Searching for dependencies of gz-physics7-mesh
[2.279s] -- Looking for gz-common5 -- found version 5.7.0
[2.279s] -- Searching for <gz-physics7> component [sdf]
[2.279s] -- Looking for gz-physics7-sdf -- found version 7.4.0
[2.280s] -- Searching for dependencies of gz-physics7-sdf
[2.280s] -- Looking for sdformat14 -- found version 14.6.0
[2.281s] -- Looking for gz-sensors8 -- found version 8.2.1
[2.281s] -- Searching for dependencies of gz-sensors8
[2.296s] -- Looking for gz-math7 -- found version 7.5.1
[2.297s] -- Looking for gz-common5 -- found version 5.7.0
[2.297s] -- Looking for gz-transport13 -- found version 13.4.0
[2.297s] -- Looking for gz-rendering8 -- found version 8.2.1
[2.297s] -- Looking for gz-msgs10 -- found version 10.3.1
[2.298s] -- Looking for sdformat14 -- found version 14.6.0
[2.298s] -- Searching for <gz-sensors8> component [air_pressure]
[2.299s] -- Looking for gz-sensors8-air_pressure -- found version 8.2.1
[2.299s] -- Searching for dependencies of gz-sensors8-air_pressure
[2.299s] -- Searching for <gz-sensors8> component [air_speed]
[2.299s] -- Looking for gz-sensors8-air_speed -- found version 8.2.1
[2.299s] -- Searching for dependencies of gz-sensors8-air_speed
[2.300s] -- Searching for <gz-sensors8> component [altimeter]
[2.300s] -- Looking for gz-sensors8-altimeter -- found version 8.2.1
[2.300s] -- Searching for dependencies of gz-sensors8-altimeter
[2.301s] -- Searching for <gz-sensors8> component [imu]
[2.301s] -- Looking for gz-sensors8-imu -- found version 8.2.1
[2.301s] -- Searching for dependencies of gz-sensors8-imu
[2.301s] -- Searching for <gz-sensors8> component [force_torque]
[2.301s] -- Looking for gz-sensors8-force_torque -- found version 8.2.1
[2.302s] -- Searching for dependencies of gz-sensors8-force_torque
[2.302s] -- Searching for <gz-sensors8> component [logical_camera]
[2.302s] -- Looking for gz-sensors8-logical_camera -- found version 8.2.1
[2.302s] -- Searching for dependencies of gz-sensors8-logical_camera
[2.303s] -- Searching for <gz-sensors8> component [magnetometer]
[2.303s] -- Looking for gz-sensors8-magnetometer -- found version 8.2.1
[2.303s] -- Searching for dependencies of gz-sensors8-magnetometer
[2.304s] -- Searching for <gz-sensors8> component [navsat]
[2.304s] -- Looking for gz-sensors8-navsat -- found version 8.2.1
[2.304s] -- Searching for dependencies of gz-sensors8-navsat
[2.305s] -- Searching for <gz-sensors8> component [dvl]
[2.305s] -- Looking for gz-sensors8-dvl -- found version 8.2.1
[2.305s] -- Searching for dependencies of gz-sensors8-dvl
[2.305s] -- Looking for gz-sensors8 -- found version 8.2.1
[2.305s] -- Searching for dependencies of gz-sensors8
[2.325s] -- Looking for gz-math7 -- found version 7.5.1
[2.325s] -- Looking for gz-common5 -- found version 5.7.0
[2.326s] -- Looking for gz-transport13 -- found version 13.4.0
[2.326s] -- Looking for gz-rendering8 -- found version 8.2.1
[2.327s] -- Looking for gz-msgs10 -- found version 10.3.1
[2.328s] -- Looking for sdformat14 -- found version 14.6.0
[2.328s] -- Searching for <gz-sensors8> component [rendering]
[2.328s] -- Looking for gz-sensors8-rendering -- found version 8.2.1
[2.328s] -- Searching for dependencies of gz-sensors8-rendering
[2.330s] -- Searching for <gz-sensors8> component [rendering]
[2.330s] -- Searching for <gz-sensors8> component [lidar]
[2.331s] -- Looking for gz-sensors8-lidar -- found version 8.2.1
[2.331s] -- Searching for dependencies of gz-sensors8-lidar
[2.332s] -- Looking for gz-sensors8 -- found version 8.2.1
[2.333s] -- Searching for <gz-sensors8> component [gpu_lidar]
[2.333s] -- Looking for gz-sensors8-gpu_lidar -- found version 8.2.1
[2.333s] -- Searching for dependencies of gz-sensors8-gpu_lidar
[2.334s] -- Looking for gz-sensors8 -- found version 8.2.1
[2.335s] -- Searching for <gz-sensors8> component [camera]
[2.335s] -- Looking for gz-sensors8-camera -- found version 8.2.1
[2.335s] -- Searching for dependencies of gz-sensors8-camera
[2.336s] -- Looking for gz-sensors8 -- found version 8.2.1
[2.337s] -- Searching for <gz-sensors8> component [boundingbox_camera]
[2.337s] -- Looking for gz-sensors8-boundingbox_camera -- found version 8.2.1
[2.337s] -- Searching for dependencies of gz-sensors8-boundingbox_camera
[2.338s] -- Searching for <gz-sensors8> component [segmentation_camera]
[2.338s] -- Looking for gz-sensors8-segmentation_camera -- found version 8.2.1
[2.338s] -- Searching for dependencies of gz-sensors8-segmentation_camera
[2.339s] -- Searching for <gz-sensors8> component [depth_camera]
[2.339s] -- Looking for gz-sensors8-depth_camera -- found version 8.2.1
[2.339s] -- Searching for dependencies of gz-sensors8-depth_camera
[2.340s] -- Looking for gz-sensors8 -- found version 8.2.1
[2.340s] -- Searching for <gz-sensors8> component [rgbd_camera]
[2.340s] -- Looking for gz-sensors8-rgbd_camera -- found version 8.2.1
[2.340s] -- Searching for dependencies of gz-sensors8-rgbd_camera
[2.341s] -- Looking for gz-sensors8 -- found version 8.2.1
[2.341s] -- Searching for <gz-sensors8> component [thermal_camera]
[2.342s] -- Looking for gz-sensors8-thermal_camera -- found version 8.2.1
[2.342s] -- Searching for dependencies of gz-sensors8-thermal_camera
[2.342s] -- Looking for gz-sensors8 -- found version 8.2.1
[2.342s] -- Searching for <gz-sensors8> component [wide_angle_camera]
[2.343s] -- Looking for gz-sensors8-wide_angle_camera -- found version 8.2.1
[2.343s] -- Searching for dependencies of gz-sensors8-wide_angle_camera
[2.343s] -- Looking for gz-rendering8 -- found version 8.2.1
[2.344s] -- Looking for gz-math7 -- found version 7.5.1
[2.344s] -- Looking for gz-utils2 -- found version 2.2.0
[2.361s] -- Found trajectory_msgs: 5.3.5 (/opt/ros/jazzy/share/trajectory_msgs/cmake)
[2.446s] -- Configuring done (2.4s)
[2.450s] -- Generating done (0.0s)
[2.452s] -- Build files have been written to: /home/pablo_kevin/ProyectoTecnologo_RoboticHandDRL/Desarrollo/simulation/ros2_robotic_hand_ws/build/robotic_hand
[2.460s] Invoked command in '/home/pablo_kevin/ProyectoTecnologo_RoboticHandDRL/Desarrollo/simulation/ros2_robotic_hand_ws/build/robotic_hand' returned '0': CMAKE_PREFIX_PATH=${CMAKE_PREFIX_PATH}:/opt/ros/jazzy CONDA_PROMPT_MODIFIER=(base) DEBUGINFOD_URLS=https://debuginfod.ubuntu.com /usr/bin/cmake /home/pablo_kevin/ProyectoTecnologo_RoboticHandDRL/Desarrollo/simulation/ros2_robotic_hand_ws/src/robotic_hand -DAMENT_CMAKE_SYMLINK_INSTALL=1 -DCMAKE_INSTALL_PREFIX=/home/pablo_kevin/ProyectoTecnologo_RoboticHandDRL/Desarrollo/simulation/ros2_robotic_hand_ws/install/robotic_hand
[2.461s] Invoking command in '/home/pablo_kevin/ProyectoTecnologo_RoboticHandDRL/Desarrollo/simulation/ros2_robotic_hand_ws/build/robotic_hand': CMAKE_PREFIX_PATH=${CMAKE_PREFIX_PATH}:/opt/ros/jazzy CONDA_PROMPT_MODIFIER=(base) DEBUGINFOD_URLS=https://debuginfod.ubuntu.com /usr/bin/cmake --build /home/pablo_kevin/ProyectoTecnologo_RoboticHandDRL/Desarrollo/simulation/ros2_robotic_hand_ws/build/robotic_hand -- -j20 -l20
[2.527s] Invoked command in '/home/pablo_kevin/ProyectoTecnologo_RoboticHandDRL/Desarrollo/simulation/ros2_robotic_hand_ws/build/robotic_hand' returned '0': CMAKE_PREFIX_PATH=${CMAKE_PREFIX_PATH}:/opt/ros/jazzy CONDA_PROMPT_MODIFIER=(base) DEBUGINFOD_URLS=https://debuginfod.ubuntu.com /usr/bin/cmake --build /home/pablo_kevin/ProyectoTecnologo_RoboticHandDRL/Desarrollo/simulation/ros2_robotic_hand_ws/build/robotic_hand -- -j20 -l20
[2.547s] Invoking command in '/home/pablo_kevin/ProyectoTecnologo_RoboticHandDRL/Desarrollo/simulation/ros2_robotic_hand_ws/build/robotic_hand': CMAKE_PREFIX_PATH=${CMAKE_PREFIX_PATH}:/opt/ros/jazzy CONDA_PROMPT_MODIFIER=(base) DEBUGINFOD_URLS=https://debuginfod.ubuntu.com /usr/bin/cmake --install /home/pablo_kevin/ProyectoTecnologo_RoboticHandDRL/Desarrollo/simulation/ros2_robotic_hand_ws/build/robotic_hand
[2.562s] -- Install configuration: ""
[2.563s] -- Execute custom install script
[2.563s] -- Up-to-date symlink: /home/pablo_kevin/ProyectoTecnologo_RoboticHandDRL/Desarrollo/simulation/ros2_robotic_hand_ws/install/robotic_hand/share/robotic_hand//urdf/robotic_hand.sdf
[2.564s] -- Up-to-date symlink: /home/pablo_kevin/ProyectoTecnologo_RoboticHandDRL/Desarrollo/simulation/ros2_robotic_hand_ws/install/robotic_hand/share/robotic_hand//urdf/ros2_control/gazebo/robotic_hand.urdf.xacro
[2.564s] -- Up-to-date symlink: /home/pablo_kevin/ProyectoTecnologo_RoboticHandDRL/Desarrollo/simulation/ros2_robotic_hand_ws/install/robotic_hand/share/robotic_hand//urdf/ros2_control/gazebo/robotic_hand_ros2_control.xacro
[2.565s] -- Up-to-date symlink: /home/pablo_kevin/ProyectoTecnologo_RoboticHandDRL/Desarrollo/simulation/ros2_robotic_hand_ws/install/robotic_hand/share/robotic_hand//meshes/anular_link0.STL
[2.565s] -- Up-to-date symlink: /home/pablo_kevin/ProyectoTecnologo_RoboticHandDRL/Desarrollo/simulation/ros2_robotic_hand_ws/install/robotic_hand/share/robotic_hand//meshes/anular_link1.STL
[2.565s] -- Up-to-date symlink: /home/pablo_kevin/ProyectoTecnologo_RoboticHandDRL/Desarrollo/simulation/ros2_robotic_hand_ws/install/robotic_hand/share/robotic_hand//meshes/anular_link2.STL
[2.566s] -- Up-to-date symlink: /home/pablo_kevin/ProyectoTecnologo_RoboticHandDRL/Desarrollo/simulation/ros2_robotic_hand_ws/install/robotic_hand/share/robotic_hand//meshes/conectores_links.STL
[2.566s] -- Up-to-date symlink: /home/pablo_kevin/ProyectoTecnologo_RoboticHandDRL/Desarrollo/simulation/ros2_robotic_hand_ws/install/robotic_hand/share/robotic_hand//meshes/indice_link0.STL
[2.566s] -- Up-to-date symlink: /home/pablo_kevin/ProyectoTecnologo_RoboticHandDRL/Desarrollo/simulation/ros2_robotic_hand_ws/install/robotic_hand/share/robotic_hand//meshes/indice_link1.STL
[2.566s] -- Up-to-date symlink: /home/pablo_kevin/ProyectoTecnologo_RoboticHandDRL/Desarrollo/simulation/ros2_robotic_hand_ws/install/robotic_hand/share/robotic_hand//meshes/indice_link2.STL
[2.566s] -- Up-to-date symlink: /home/pablo_kevin/ProyectoTecnologo_RoboticHandDRL/Desarrollo/simulation/ros2_robotic_hand_ws/install/robotic_hand/share/robotic_hand//meshes/medio_link0.STL
[2.566s] -- Up-to-date symlink: /home/pablo_kevin/ProyectoTecnologo_RoboticHandDRL/Desarrollo/simulation/ros2_robotic_hand_ws/install/robotic_hand/share/robotic_hand//meshes/medio_link1.STL
[2.567s] -- Up-to-date symlink: /home/pablo_kevin/ProyectoTecnologo_RoboticHandDRL/Desarrollo/simulation/ros2_robotic_hand_ws/install/robotic_hand/share/robotic_hand//meshes/medio_link2.STL
[2.567s] -- Up-to-date symlink: /home/pablo_kevin/ProyectoTecnologo_RoboticHandDRL/Desarrollo/simulation/ros2_robotic_hand_ws/install/robotic_hand/share/robotic_hand//meshes/menique_link0.STL
[2.567s] -- Up-to-date symlink: /home/pablo_kevin/ProyectoTecnologo_RoboticHandDRL/Desarrollo/simulation/ros2_robotic_hand_ws/install/robotic_hand/share/robotic_hand//meshes/menique_link1.STL
[2.567s] -- Up-to-date symlink: /home/pablo_kevin/ProyectoTecnologo_RoboticHandDRL/Desarrollo/simulation/ros2_robotic_hand_ws/install/robotic_hand/share/robotic_hand//meshes/menique_link2.STL
[2.567s] -- Up-to-date symlink: /home/pablo_kevin/ProyectoTecnologo_RoboticHandDRL/Desarrollo/simulation/ros2_robotic_hand_ws/install/robotic_hand/share/robotic_hand//meshes/palma_dorso_link.STL
[2.568s] -- Up-to-date symlink: /home/pablo_kevin/ProyectoTecnologo_RoboticHandDRL/Desarrollo/simulation/ros2_robotic_hand_ws/install/robotic_hand/share/robotic_hand//meshes/pulgar_link0.STL
[2.568s] -- Up-to-date symlink: /home/pablo_kevin/ProyectoTecnologo_RoboticHandDRL/Desarrollo/simulation/ros2_robotic_hand_ws/install/robotic_hand/share/robotic_hand//meshes/pulgar_link1.STL
[2.568s] -- Up-to-date symlink: /home/pablo_kevin/ProyectoTecnologo_RoboticHandDRL/Desarrollo/simulation/ros2_robotic_hand_ws/install/robotic_hand/share/robotic_hand//launch/robotic_hand_gazebo.launch.py
[2.568s] -- Up-to-date symlink: /home/pablo_kevin/ProyectoTecnologo_RoboticHandDRL/Desarrollo/simulation/ros2_robotic_hand_ws/install/robotic_hand/share/robotic_hand//launch/ros_gazebo.launch.py
[2.569s] -- Up-to-date symlink: /home/pablo_kevin/ProyectoTecnologo_RoboticHandDRL/Desarrollo/simulation/ros2_robotic_hand_ws/install/robotic_hand/lib/robotic_hand/finger_control.py
[2.569s] -- Up-to-date symlink: /home/pablo_kevin/ProyectoTecnologo_RoboticHandDRL/Desarrollo/simulation/ros2_robotic_hand_ws/install/robotic_hand/share/robotic_hand//config/hand_controllers.yaml
[2.570s] -- Up-to-date symlink: /home/pablo_kevin/ProyectoTecnologo_RoboticHandDRL/Desarrollo/simulation/ros2_robotic_hand_ws/install/robotic_hand/share/robotic_hand/worlds/empty.sdf
[2.570s] -- Up-to-date symlink: /home/pablo_kevin/ProyectoTecnologo_RoboticHandDRL/Desarrollo/simulation/ros2_robotic_hand_ws/install/robotic_hand/share/robotic_hand/description/robotic_hand.urdf.xacro
[2.570s] -- Up-to-date symlink: /home/pablo_kevin/ProyectoTecnologo_RoboticHandDRL/Desarrollo/simulation/ros2_robotic_hand_ws/install/robotic_hand/share/ament_index/resource_index/package_run_dependencies/robotic_hand
[2.570s] -- Up-to-date symlink: /home/pablo_kevin/ProyectoTecnologo_RoboticHandDRL/Desarrollo/simulation/ros2_robotic_hand_ws/install/robotic_hand/share/ament_index/resource_index/parent_prefix_path/robotic_hand
[2.571s] -- Up-to-date symlink: /home/pablo_kevin/ProyectoTecnologo_RoboticHandDRL/Desarrollo/simulation/ros2_robotic_hand_ws/install/robotic_hand/share/robotic_hand/environment/ament_prefix_path.sh
[2.571s] -- Up-to-date symlink: /home/pablo_kevin/ProyectoTecnologo_RoboticHandDRL/Desarrollo/simulation/ros2_robotic_hand_ws/install/robotic_hand/share/robotic_hand/environment/ament_prefix_path.dsv
[2.571s] -- Up-to-date symlink: /home/pablo_kevin/ProyectoTecnologo_RoboticHandDRL/Desarrollo/simulation/ros2_robotic_hand_ws/install/robotic_hand/share/robotic_hand/environment/path.sh
[2.571s] -- Up-to-date symlink: /home/pablo_kevin/ProyectoTecnologo_RoboticHandDRL/Desarrollo/simulation/ros2_robotic_hand_ws/install/robotic_hand/share/robotic_hand/environment/path.dsv
[2.572s] -- Up-to-date symlink: /home/pablo_kevin/ProyectoTecnologo_RoboticHandDRL/Desarrollo/simulation/ros2_robotic_hand_ws/install/robotic_hand/share/robotic_hand/local_setup.bash
[2.572s] -- Up-to-date symlink: /home/pablo_kevin/ProyectoTecnologo_RoboticHandDRL/Desarrollo/simulation/ros2_robotic_hand_ws/install/robotic_hand/share/robotic_hand/local_setup.sh
[2.572s] -- Up-to-date symlink: /home/pablo_kevin/ProyectoTecnologo_RoboticHandDRL/Desarrollo/simulation/ros2_robotic_hand_ws/install/robotic_hand/share/robotic_hand/local_setup.zsh
[2.572s] -- Up-to-date symlink: /home/pablo_kevin/ProyectoTecnologo_RoboticHandDRL/Desarrollo/simulation/ros2_robotic_hand_ws/install/robotic_hand/share/robotic_hand/local_setup.dsv
[2.572s] -- Symlinking: /home/pablo_kevin/ProyectoTecnologo_RoboticHandDRL/Desarrollo/simulation/ros2_robotic_hand_ws/install/robotic_hand/share/robotic_hand/package.dsv
[2.582s] -- Up-to-date symlink: /home/pablo_kevin/ProyectoTecnologo_RoboticHandDRL/Desarrollo/simulation/ros2_robotic_hand_ws/install/robotic_hand/share/ament_index/resource_index/packages/robotic_hand
[2.582s] -- Up-to-date symlink: /home/pablo_kevin/ProyectoTecnologo_RoboticHandDRL/Desarrollo/simulation/ros2_robotic_hand_ws/install/robotic_hand/share/robotic_hand/cmake/robotic_handConfig.cmake
[2.582s] -- Up-to-date symlink: /home/pablo_kevin/ProyectoTecnologo_RoboticHandDRL/Desarrollo/simulation/ros2_robotic_hand_ws/install/robotic_hand/share/robotic_hand/cmake/robotic_handConfig-version.cmake
[2.582s] -- Up-to-date symlink: /home/pablo_kevin/ProyectoTecnologo_RoboticHandDRL/Desarrollo/simulation/ros2_robotic_hand_ws/install/robotic_hand/share/robotic_hand/package.xml
[2.583s] Invoked command in '/home/pablo_kevin/ProyectoTecnologo_RoboticHandDRL/Desarrollo/simulation/ros2_robotic_hand_ws/build/robotic_hand' returned '0': CMAKE_PREFIX_PATH=${CMAKE_PREFIX_PATH}:/opt/ros/jazzy CONDA_PROMPT_MODIFIER=(base) DEBUGINFOD_URLS=https://debuginfod.ubuntu.com /usr/bin/cmake --install /home/pablo_kevin/ProyectoTecnologo_RoboticHandDRL/Desarrollo/simulation/ros2_robotic_hand_ws/build/robotic_hand
