[0.007s] Invoking command in '/home/pablo_kevin/ros2_robotic_hand_ws/build/robotic_hand': CMAKE_PREFIX_PATH=${CMAKE_PREFIX_PATH}:/opt/ros/jazzy DEBUGINFOD_URLS=https://debuginfod.ubuntu.com /usr/bin/cmake /home/pablo_kevin/ros2_robotic_hand_ws/src/robotic_hand -DCMAKE_INSTALL_PREFIX=/home/pablo_kevin/ros2_robotic_hand_ws/install/robotic_hand
[0.059s] -- The C compiler identification is GNU 13.2.0
[0.118s] -- The CXX compiler identification is GNU 13.2.0
[0.138s] -- Detecting C compiler ABI info
[0.252s] -- Detecting C compiler ABI info - done
[0.263s] -- Check for working C compiler: /usr/bin/cc - skipped
[0.264s] -- Detecting C compile features
[0.264s] -- Detecting C compile features - done
[0.276s] -- Detecting CXX compiler ABI info
[0.393s] -- Detecting CXX compiler ABI info - done
[0.406s] -- Check for working CXX compiler: /usr/bin/c++ - skipped
[0.406s] -- Detecting CXX compile features
[0.407s] -- Detecting CXX compile features - done
[0.539s] -- Found Python3: /usr/bin/python3 (found version "3.12.3") found components: Interpreter 
[0.542s] -- Found ament_cmake: 2.5.2 (/opt/ros/jazzy/share/ament_cmake/cmake)
[0.625s] -- Found rclpy: 7.1.2 (/opt/ros/jazzy/share/rclpy/cmake)
[0.627s] -- Found std_msgs: 5.3.5 (/opt/ros/jazzy/share/std_msgs/cmake)
[0.659s] -- Found rosidl_generator_c: 4.6.4 (/opt/ros/jazzy/share/rosidl_generator_c/cmake)
[0.670s] -- Found rosidl_generator_cpp: 4.6.4 (/opt/ros/jazzy/share/rosidl_generator_cpp/cmake)
[0.682s] -- Using all available rosidl_typesupport_c: rosidl_typesupport_fastrtps_c;rosidl_typesupport_introspection_c
[0.696s] -- Using all available rosidl_typesupport_cpp: rosidl_typesupport_fastrtps_cpp;rosidl_typesupport_introspection_cpp
[0.721s] -- Found sensor_msgs: 5.3.5 (/opt/ros/jazzy/share/sensor_msgs/cmake)
[0.760s] -- Found urdf: 2.10.0 (/opt/ros/jazzy/share/urdf/cmake)
[0.777s] -- Found TinyXML2 via Config file: /usr/lib/x86_64-linux-gnu/cmake/tinyxml2
[0.785s] -- Looking for gz-sim8 -- found version 8.6.0
[0.790s] -- Searching for dependencies of gz-sim8
[0.791s] -- Looking for sdformat14 -- found version 14.5.0
[0.791s] -- Searching for dependencies of sdformat14
[0.796s] -- Checking for module 'tinyxml2'
[0.811s] --   Found tinyxml2, version 10.0.0
[0.855s] -- Looking for gz-math7 -- found version 7.5.0
[0.856s] -- Searching for dependencies of gz-math7
[0.858s] -- Looking for gz-utils2 -- found version 2.2.0
[0.858s] -- Searching for dependencies of gz-utils2
[0.859s] -- Looking for gz-utils2 -- found version 2.2.0
[0.859s] -- Searching for dependencies of gz-utils2
[0.859s] -- Searching for <gz-utils2> component [cli]
[0.861s] -- Looking for gz-utils2-cli -- found version 2.2.0
[0.861s] -- Searching for dependencies of gz-utils2-cli
[0.862s] -- Looking for gz-plugin2 -- found version 2.0.3
[0.862s] -- Searching for dependencies of gz-plugin2
[0.862s] -- Looking for gz-utils2 -- found version 2.2.0
[0.863s] -- Searching for <gz-plugin2> component [loader]
[0.864s] -- Looking for gz-plugin2-loader -- found version 2.0.3
[0.864s] -- Searching for dependencies of gz-plugin2-loader
[0.864s] -- Searching for <gz-plugin2> component [register]
[0.865s] -- Looking for gz-plugin2-register -- found version 2.0.3
[0.865s] -- Searching for dependencies of gz-plugin2-register
[0.866s] -- Looking for gz-transport13 -- found version 13.4.0
[0.866s] -- Searching for dependencies of gz-transport13
[1.002s] -- Found Protobuf: /usr/lib/x86_64-linux-gnu/libprotobuf.so (found version "3.21.12") 
[1.010s] -- Config-file not installed for ZeroMQ -- checking for pkg-config
[1.015s] -- Checking for module 'libzmq >= 4'
[1.034s] --   Found libzmq, version 4.3.5
[1.090s] -- Found ZeroMQ: TRUE (Required is at least version "4") 
[1.098s] -- Checking for module 'uuid'
[1.118s] --   Found uuid, version 2.39.3
[1.163s] -- Found UUID: TRUE  
[1.163s] -- Looking for gz-utils2 -- found version 2.2.0
[1.165s] -- Looking for gz-msgs10 -- found version 10.3.0
[1.165s] -- Searching for dependencies of gz-msgs10
[1.186s] -- Looking for gz-utils2 -- found version 2.2.0
[1.187s] -- Looking for gz-math7 -- found version 7.5.0
[1.329s] -- Searching for <gz-transport13> component [log]
[1.330s] -- Looking for gz-transport13-log -- found version 13.4.0
[1.330s] -- Searching for dependencies of gz-transport13-log
[1.331s] -- Searching for <gz-transport13> component [parameters]
[1.333s] -- Looking for gz-transport13-parameters -- found version 13.4.0
[1.333s] -- Searching for dependencies of gz-transport13-parameters
[1.334s] -- Looking for gz-msgs10 -- found version 10.3.0
[1.335s] -- Looking for gz-common5 -- found version 5.6.0
[1.335s] -- Searching for dependencies of gz-common5
[1.335s] -- Looking for gz-utils2 -- found version 2.2.0
[1.335s] -- Looking for dlfcn.h - found
[1.336s] -- Looking for libdl - found
[1.337s] -- Found DL: TRUE  
[1.343s] -- Searching for <gz-common5> component [av]
[1.344s] -- Looking for gz-common5-av -- found version 5.6.0
[1.344s] -- Searching for dependencies of gz-common5-av
[1.350s] -- Checking for module 'libswscale'
[1.370s] --   Found libswscale, version 7.5.100
[1.420s] -- Found SWSCALE: TRUE  
[1.427s] -- Checking for module 'libavdevice >= 56.4.100'
[1.449s] --   Found libavdevice, version 60.3.100
[1.511s] -- Found AVDEVICE: TRUE (Required is at least version "56.4.100") 
[1.518s] -- Checking for module 'libavformat'
[1.540s] --   Found libavformat, version 60.16.100
[1.592s] -- Found AVFORMAT: TRUE  
[1.599s] -- Checking for module 'libavcodec'
[1.622s] --   Found libavcodec, version 60.31.102
[1.672s] -- Found AVCODEC: TRUE  
[1.679s] -- Checking for module 'libavutil'
[1.698s] --   Found libavutil, version 58.29.100
[1.746s] -- Found AVUTIL: TRUE  
[1.747s] -- Searching for <gz-common5> component [events]
[1.750s] -- Looking for gz-common5-events -- found version 5.6.0
[1.750s] -- Searching for dependencies of gz-common5-events
[1.750s] -- Looking for gz-math7 -- found version 7.5.0
[1.751s] -- Searching for <gz-common5> component [graphics]
[1.753s] -- Looking for gz-common5-graphics -- found version 5.6.0
[1.753s] -- Searching for dependencies of gz-common5-graphics
[1.754s] -- Looking for gz-math7 -- found version 7.5.0
[1.759s] -- Found GzAssimp: TRUE (found version "5.3.0") 
[1.760s] -- Searching for <gz-common5> component [io]
[1.762s] -- Looking for gz-common5-io -- found version 5.6.0
[1.762s] -- Searching for dependencies of gz-common5-io
[1.763s] -- Searching for <gz-common5> component [profiler]
[1.764s] -- Looking for gz-common5-profiler -- found version 5.6.0
[1.764s] -- Searching for dependencies of gz-common5-profiler
[1.766s] -- Looking for gz-fuel_tools9 -- found version 9.1.0
[1.766s] -- Searching for dependencies of gz-fuel_tools9
[1.874s] -- Found CURL: /usr/lib/x86_64-linux-gnu/libcurl.so (found version "8.5.0")  
[1.883s] -- Checking for module 'jsoncpp'
[1.902s] --   Found jsoncpp, version 1.9.5
[1.949s] -- Found JSONCPP: TRUE  
[1.966s] -- Checking for module 'yaml-0.1'
[1.984s] --   Found yaml-0.1, version 0.2.5
[2.030s] -- Found YAML: TRUE  
[2.038s] -- Checking for module 'libzip'
[2.058s] --   Found libzip, version 1.7.3
[2.103s] -- Found ZIP: TRUE  
[2.103s] -- Looking for gz-utils2 -- found version 2.2.0
[2.104s] -- Looking for gz-common5 -- found version 5.6.0
[2.104s] -- Searching for dependencies of gz-common5
[2.105s] -- Looking for gz-utils2 -- found version 2.2.0
[2.105s] -- Looking for dlfcn.h - found
[2.105s] -- Looking for libdl - found
[2.116s] -- Searching for <gz-common5> component [testing]
[2.118s] -- Looking for gz-common5-testing -- found version 5.6.0
[2.119s] -- Searching for dependencies of gz-common5-testing
[2.120s] -- Looking for gz-math7 -- found version 7.5.0
[2.120s] -- Looking for gz-msgs10 -- found version 10.3.0
[2.121s] -- Looking for gz-gui8 -- found version 8.3.0
[2.122s] -- Searching for dependencies of gz-gui8
[2.146s] -- Looking for gz-utils2 -- found version 2.2.0
[2.146s] -- Looking for gz-math7 -- found version 7.5.0
[2.147s] -- Looking for gz-common5 -- found version 5.6.0
[2.148s] -- Looking for gz-plugin2 -- found version 2.0.3
[2.149s] -- Looking for gz-transport13 -- found version 13.4.0
[2.150s] -- Looking for gz-rendering8 -- found version 8.2.0
[2.150s] -- Searching for dependencies of gz-rendering8
[2.151s] -- Looking for gz-math7 -- found version 7.5.0
[2.151s] -- Searching for dependencies of gz-math7
[2.152s] -- Looking for gz-utils2 -- found version 2.2.0
[2.152s] -- Searching for <gz-math7> component [eigen3]
[2.154s] -- Looking for gz-math7-eigen3 -- found version 7.5.0
[2.154s] -- Searching for dependencies of gz-math7-eigen3
[2.162s] -- Looking for gz-common5 -- found version 5.6.0
[2.163s] -- Searching for dependencies of gz-common5
[2.163s] -- Looking for gz-utils2 -- found version 2.2.0
[2.163s] -- Looking for dlfcn.h - found
[2.163s] -- Looking for libdl - found
[2.169s] -- Searching for <gz-common5> component [graphics]
[2.169s] -- Searching for <gz-common5> component [events]
[2.169s] -- Searching for <gz-common5> component [geospatial]
[2.170s] -- Looking for gz-common5-geospatial -- found version 5.6.0
[2.170s] -- Searching for dependencies of gz-common5-geospatial
[2.170s] -- Looking for gz-math7 -- found version 7.5.0
[2.171s] -- Looking for gz-common5 -- found version 5.6.0
[2.172s] -- Looking for gz-plugin2 -- found version 2.0.3
[2.172s] -- Searching for dependencies of gz-plugin2
[2.172s] -- Looking for gz-utils2 -- found version 2.2.0
[2.172s] -- Searching for <gz-plugin2> component [all]
[2.173s] -- Looking for all libraries of gz-plugin2 -- found version 2.0.3
[2.174s] -- Looking for gz-plugin2 -- found version 2.0.3
[2.175s] -- Looking for gz-utils2 -- found version 2.2.0
[2.184s] -- Found OpenGL: /usr/lib/x86_64-linux-gnu/libOpenGL.so  found components: OpenGL 
[2.185s] -- Looking for gz-msgs10 -- found version 10.3.0
[2.199s] -- Looking for gz-physics7 -- found version 7.3.0
[2.199s] -- Searching for dependencies of gz-physics7
[2.199s] -- Looking for gz-common5 -- found version 5.6.0
[2.199s] -- Looking for gz-math7 -- found version 7.5.0
[2.200s] -- Looking for gz-plugin2 -- found version 2.0.3
[2.200s] -- Looking for gz-utils2 -- found version 2.2.0
[2.201s] -- Searching for <gz-physics7> component [heightmap]
[2.201s] -- Looking for gz-physics7-heightmap -- found version 7.3.0
[2.201s] -- Searching for dependencies of gz-physics7-heightmap
[2.202s] -- Looking for gz-common5 -- found version 5.6.0
[2.202s] -- Searching for <gz-physics7> component [mesh]
[2.203s] -- Looking for gz-physics7-mesh -- found version 7.3.0
[2.203s] -- Searching for dependencies of gz-physics7-mesh
[2.203s] -- Looking for gz-common5 -- found version 5.6.0
[2.204s] -- Searching for <gz-physics7> component [sdf]
[2.204s] -- Looking for gz-physics7-sdf -- found version 7.3.0
[2.204s] -- Searching for dependencies of gz-physics7-sdf
[2.205s] -- Looking for sdformat14 -- found version 14.5.0
[2.206s] -- Looking for gz-sensors8 -- found version 8.2.0
[2.206s] -- Searching for dependencies of gz-sensors8
[2.219s] -- Looking for gz-math7 -- found version 7.5.0
[2.219s] -- Looking for gz-common5 -- found version 5.6.0
[2.220s] -- Looking for gz-transport13 -- found version 13.4.0
[2.220s] -- Looking for gz-rendering8 -- found version 8.2.0
[2.220s] -- Looking for gz-msgs10 -- found version 10.3.0
[2.220s] -- Looking for sdformat14 -- found version 14.5.0
[2.221s] -- Searching for <gz-sensors8> component [air_pressure]
[2.222s] -- Looking for gz-sensors8-air_pressure -- found version 8.2.0
[2.222s] -- Searching for dependencies of gz-sensors8-air_pressure
[2.222s] -- Searching for <gz-sensors8> component [air_speed]
[2.223s] -- Looking for gz-sensors8-air_speed -- found version 8.2.0
[2.223s] -- Searching for dependencies of gz-sensors8-air_speed
[2.223s] -- Searching for <gz-sensors8> component [altimeter]
[2.224s] -- Looking for gz-sensors8-altimeter -- found version 8.2.0
[2.224s] -- Searching for dependencies of gz-sensors8-altimeter
[2.224s] -- Searching for <gz-sensors8> component [imu]
[2.225s] -- Looking for gz-sensors8-imu -- found version 8.2.0
[2.225s] -- Searching for dependencies of gz-sensors8-imu
[2.225s] -- Searching for <gz-sensors8> component [force_torque]
[2.226s] -- Looking for gz-sensors8-force_torque -- found version 8.2.0
[2.226s] -- Searching for dependencies of gz-sensors8-force_torque
[2.226s] -- Searching for <gz-sensors8> component [logical_camera]
[2.227s] -- Looking for gz-sensors8-logical_camera -- found version 8.2.0
[2.227s] -- Searching for dependencies of gz-sensors8-logical_camera
[2.227s] -- Searching for <gz-sensors8> component [magnetometer]
[2.228s] -- Looking for gz-sensors8-magnetometer -- found version 8.2.0
[2.228s] -- Searching for dependencies of gz-sensors8-magnetometer
[2.228s] -- Searching for <gz-sensors8> component [navsat]
[2.229s] -- Looking for gz-sensors8-navsat -- found version 8.2.0
[2.229s] -- Searching for dependencies of gz-sensors8-navsat
[2.229s] -- Searching for <gz-sensors8> component [dvl]
[2.230s] -- Looking for gz-sensors8-dvl -- found version 8.2.0
[2.230s] -- Searching for dependencies of gz-sensors8-dvl
[2.230s] -- Looking for gz-sensors8 -- found version 8.2.0
[2.231s] -- Searching for dependencies of gz-sensors8
[2.243s] -- Looking for gz-math7 -- found version 7.5.0
[2.243s] -- Looking for gz-common5 -- found version 5.6.0
[2.244s] -- Looking for gz-transport13 -- found version 13.4.0
[2.244s] -- Looking for gz-rendering8 -- found version 8.2.0
[2.244s] -- Looking for gz-msgs10 -- found version 10.3.0
[2.244s] -- Looking for sdformat14 -- found version 14.5.0
[2.245s] -- Searching for <gz-sensors8> component [rendering]
[2.245s] -- Looking for gz-sensors8-rendering -- found version 8.2.0
[2.245s] -- Searching for dependencies of gz-sensors8-rendering
[2.246s] -- Searching for <gz-sensors8> component [rendering]
[2.246s] -- Searching for <gz-sensors8> component [lidar]
[2.247s] -- Looking for gz-sensors8-lidar -- found version 8.2.0
[2.247s] -- Searching for dependencies of gz-sensors8-lidar
[2.247s] -- Looking for gz-sensors8 -- found version 8.2.0
[2.248s] -- Searching for <gz-sensors8> component [gpu_lidar]
[2.248s] -- Looking for gz-sensors8-gpu_lidar -- found version 8.2.0
[2.248s] -- Searching for dependencies of gz-sensors8-gpu_lidar
[2.249s] -- Looking for gz-sensors8 -- found version 8.2.0
[2.249s] -- Searching for <gz-sensors8> component [camera]
[2.250s] -- Looking for gz-sensors8-camera -- found version 8.2.0
[2.250s] -- Searching for dependencies of gz-sensors8-camera
[2.250s] -- Looking for gz-sensors8 -- found version 8.2.0
[2.250s] -- Searching for <gz-sensors8> component [boundingbox_camera]
[2.251s] -- Looking for gz-sensors8-boundingbox_camera -- found version 8.2.0
[2.251s] -- Searching for dependencies of gz-sensors8-boundingbox_camera
[2.251s] -- Searching for <gz-sensors8> component [segmentation_camera]
[2.252s] -- Looking for gz-sensors8-segmentation_camera -- found version 8.2.0
[2.252s] -- Searching for dependencies of gz-sensors8-segmentation_camera
[2.253s] -- Searching for <gz-sensors8> component [depth_camera]
[2.253s] -- Looking for gz-sensors8-depth_camera -- found version 8.2.0
[2.253s] -- Searching for dependencies of gz-sensors8-depth_camera
[2.254s] -- Looking for gz-sensors8 -- found version 8.2.0
[2.254s] -- Searching for <gz-sensors8> component [rgbd_camera]
[2.255s] -- Looking for gz-sensors8-rgbd_camera -- found version 8.2.0
[2.255s] -- Searching for dependencies of gz-sensors8-rgbd_camera
[2.255s] -- Looking for gz-sensors8 -- found version 8.2.0
[2.255s] -- Searching for <gz-sensors8> component [thermal_camera]
[2.256s] -- Looking for gz-sensors8-thermal_camera -- found version 8.2.0
[2.256s] -- Searching for dependencies of gz-sensors8-thermal_camera
[2.256s] -- Looking for gz-sensors8 -- found version 8.2.0
[2.257s] -- Searching for <gz-sensors8> component [wide_angle_camera]
[2.257s] -- Looking for gz-sensors8-wide_angle_camera -- found version 8.2.0
[2.258s] -- Searching for dependencies of gz-sensors8-wide_angle_camera
[2.258s] -- Looking for gz-rendering8 -- found version 8.2.0
[2.258s] -- Looking for gz-math7 -- found version 7.5.0
[2.259s] -- Looking for gz-utils2 -- found version 2.2.0
[2.275s] -- Found trajectory_msgs: 5.3.5 (/opt/ros/jazzy/share/trajectory_msgs/cmake)
[2.354s] -- Configuring done (2.3s)
[2.357s] -- Generating done (0.0s)
[2.359s] -- Build files have been written to: /home/pablo_kevin/ros2_robotic_hand_ws/build/robotic_hand
[2.368s] Invoked command in '/home/pablo_kevin/ros2_robotic_hand_ws/build/robotic_hand' returned '0': CMAKE_PREFIX_PATH=${CMAKE_PREFIX_PATH}:/opt/ros/jazzy DEBUGINFOD_URLS=https://debuginfod.ubuntu.com /usr/bin/cmake /home/pablo_kevin/ros2_robotic_hand_ws/src/robotic_hand -DCMAKE_INSTALL_PREFIX=/home/pablo_kevin/ros2_robotic_hand_ws/install/robotic_hand
[2.368s] Invoking command in '/home/pablo_kevin/ros2_robotic_hand_ws/build/robotic_hand': CMAKE_PREFIX_PATH=${CMAKE_PREFIX_PATH}:/opt/ros/jazzy DEBUGINFOD_URLS=https://debuginfod.ubuntu.com /usr/bin/cmake --build /home/pablo_kevin/ros2_robotic_hand_ws/build/robotic_hand -- -j20 -l20
[2.412s] Invoked command in '/home/pablo_kevin/ros2_robotic_hand_ws/build/robotic_hand' returned '0': CMAKE_PREFIX_PATH=${CMAKE_PREFIX_PATH}:/opt/ros/jazzy DEBUGINFOD_URLS=https://debuginfod.ubuntu.com /usr/bin/cmake --build /home/pablo_kevin/ros2_robotic_hand_ws/build/robotic_hand -- -j20 -l20
[2.449s] Invoking command in '/home/pablo_kevin/ros2_robotic_hand_ws/build/robotic_hand': CMAKE_PREFIX_PATH=${CMAKE_PREFIX_PATH}:/opt/ros/jazzy DEBUGINFOD_URLS=https://debuginfod.ubuntu.com /usr/bin/cmake --install /home/pablo_kevin/ros2_robotic_hand_ws/build/robotic_hand
[2.460s] -- Install configuration: ""
[2.460s] -- Installing: /home/pablo_kevin/ros2_robotic_hand_ws/install/robotic_hand/share/robotic_hand//urdf
[2.460s] -- Installing: /home/pablo_kevin/ros2_robotic_hand_ws/install/robotic_hand/share/robotic_hand//urdf/robotic_hand.sdf
[2.460s] -- Installing: /home/pablo_kevin/ros2_robotic_hand_ws/install/robotic_hand/share/robotic_hand//meshes
[2.461s] -- Installing: /home/pablo_kevin/ros2_robotic_hand_ws/install/robotic_hand/share/robotic_hand//meshes/medio_link1.STL
[2.461s] -- Installing: /home/pablo_kevin/ros2_robotic_hand_ws/install/robotic_hand/share/robotic_hand//meshes/conectores_links.STL
[2.461s] -- Installing: /home/pablo_kevin/ros2_robotic_hand_ws/install/robotic_hand/share/robotic_hand//meshes/anular_link1.STL
[2.461s] -- Installing: /home/pablo_kevin/ros2_robotic_hand_ws/install/robotic_hand/share/robotic_hand//meshes/indice_link1.STL
[2.461s] -- Installing: /home/pablo_kevin/ros2_robotic_hand_ws/install/robotic_hand/share/robotic_hand//meshes/anular_link2.STL
[2.461s] -- Installing: /home/pablo_kevin/ros2_robotic_hand_ws/install/robotic_hand/share/robotic_hand//meshes/menique_link2.STL
[2.462s] -- Installing: /home/pablo_kevin/ros2_robotic_hand_ws/install/robotic_hand/share/robotic_hand//meshes/indice_link2.STL
[2.462s] -- Installing: /home/pablo_kevin/ros2_robotic_hand_ws/install/robotic_hand/share/robotic_hand//meshes/pulgar_link0.STL
[2.462s] -- Installing: /home/pablo_kevin/ros2_robotic_hand_ws/install/robotic_hand/share/robotic_hand//meshes/medio_link0.STL
[2.462s] -- Installing: /home/pablo_kevin/ros2_robotic_hand_ws/install/robotic_hand/share/robotic_hand//meshes/menique_link0.STL
[2.462s] -- Installing: /home/pablo_kevin/ros2_robotic_hand_ws/install/robotic_hand/share/robotic_hand//meshes/palma_dorso_link.STL
[2.463s] -- Installing: /home/pablo_kevin/ros2_robotic_hand_ws/install/robotic_hand/share/robotic_hand//meshes/anular_link0.STL
[2.463s] -- Installing: /home/pablo_kevin/ros2_robotic_hand_ws/install/robotic_hand/share/robotic_hand//meshes/menique_link1.STL
[2.463s] -- Installing: /home/pablo_kevin/ros2_robotic_hand_ws/install/robotic_hand/share/robotic_hand//meshes/medio_link2.STL
[2.463s] -- Installing: /home/pablo_kevin/ros2_robotic_hand_ws/install/robotic_hand/share/robotic_hand//meshes/pulgar_link1.STL
[2.463s] -- Installing: /home/pablo_kevin/ros2_robotic_hand_ws/install/robotic_hand/share/robotic_hand//meshes/indice_link0.STL
[2.463s] -- Installing: /home/pablo_kevin/ros2_robotic_hand_ws/install/robotic_hand/share/robotic_hand//launch
[2.463s] -- Installing: /home/pablo_kevin/ros2_robotic_hand_ws/install/robotic_hand/share/robotic_hand//launch/robotic_hand_gazebo.launch.py
[2.463s] -- Installing: /home/pablo_kevin/ros2_robotic_hand_ws/install/robotic_hand/lib/robotic_hand/finger_control.py
[2.463s] -- Installing: /home/pablo_kevin/ros2_robotic_hand_ws/install/robotic_hand/share/robotic_hand//config
[2.463s] -- Installing: /home/pablo_kevin/ros2_robotic_hand_ws/install/robotic_hand/share/robotic_hand//config/hand_controllers.yaml
[2.463s] -- Installing: /home/pablo_kevin/ros2_robotic_hand_ws/install/robotic_hand/share/ament_index/resource_index/package_run_dependencies/robotic_hand
[2.463s] -- Installing: /home/pablo_kevin/ros2_robotic_hand_ws/install/robotic_hand/share/ament_index/resource_index/parent_prefix_path/robotic_hand
[2.463s] -- Installing: /home/pablo_kevin/ros2_robotic_hand_ws/install/robotic_hand/share/robotic_hand/environment/ament_prefix_path.sh
[2.464s] -- Installing: /home/pablo_kevin/ros2_robotic_hand_ws/install/robotic_hand/share/robotic_hand/environment/ament_prefix_path.dsv
[2.464s] -- Installing: /home/pablo_kevin/ros2_robotic_hand_ws/install/robotic_hand/share/robotic_hand/environment/path.sh
[2.464s] -- Installing: /home/pablo_kevin/ros2_robotic_hand_ws/install/robotic_hand/share/robotic_hand/environment/path.dsv
[2.464s] -- Installing: /home/pablo_kevin/ros2_robotic_hand_ws/install/robotic_hand/share/robotic_hand/local_setup.bash
[2.464s] -- Installing: /home/pablo_kevin/ros2_robotic_hand_ws/install/robotic_hand/share/robotic_hand/local_setup.sh
[2.464s] -- Installing: /home/pablo_kevin/ros2_robotic_hand_ws/install/robotic_hand/share/robotic_hand/local_setup.zsh
[2.464s] -- Installing: /home/pablo_kevin/ros2_robotic_hand_ws/install/robotic_hand/share/robotic_hand/local_setup.dsv
[2.464s] -- Installing: /home/pablo_kevin/ros2_robotic_hand_ws/install/robotic_hand/share/robotic_hand/package.dsv
[2.464s] -- Installing: /home/pablo_kevin/ros2_robotic_hand_ws/install/robotic_hand/share/ament_index/resource_index/packages/robotic_hand
[2.464s] -- Installing: /home/pablo_kevin/ros2_robotic_hand_ws/install/robotic_hand/share/robotic_hand/cmake/robotic_handConfig.cmake
[2.464s] -- Installing: /home/pablo_kevin/ros2_robotic_hand_ws/install/robotic_hand/share/robotic_hand/cmake/robotic_handConfig-version.cmake
[2.464s] -- Installing: /home/pablo_kevin/ros2_robotic_hand_ws/install/robotic_hand/share/robotic_hand/package.xml
[2.465s] Invoked command in '/home/pablo_kevin/ros2_robotic_hand_ws/build/robotic_hand' returned '0': CMAKE_PREFIX_PATH=${CMAKE_PREFIX_PATH}:/opt/ros/jazzy DEBUGINFOD_URLS=https://debuginfod.ubuntu.com /usr/bin/cmake --install /home/pablo_kevin/ros2_robotic_hand_ws/build/robotic_hand
